#    1 | steps:    42 | steps_t:     0 | t: 0.047878 | r:  -365.000000 | e:   1.000000 | Q:        nan | won: False 
#    2 | steps:    60 | steps_t:     0 | t: 0.065797 | r:  -462.000000 | e:   1.000000 | Q:        nan | won: False 
#    3 | steps:   100 | steps_t:     0 | t: 0.103720 | r:  -440.000000 | e:   1.000000 | Q:        nan | won: False 
#    4 | steps:   122 | steps_t:     0 | t: 0.124670 | r:  -422.000000 | e:   1.000000 | Q:        nan | won: False 
#    5 | steps:   153 | steps_t:     0 | t: 0.152565 | r:  -464.000000 | e:   1.000000 | Q:        nan | won: False 
#    6 | steps:   196 | steps_t:     0 | t: 0.194020 | r:  -476.000000 | e:   1.000000 | Q:        nan | won: False 
#    7 | steps:   223 | steps_t:     0 | t: 0.219950 | r:  -471.000000 | e:   1.000000 | Q:        nan | won: False 
#    8 | steps:   234 | steps_t:     0 | t: 0.230950 | r:  -466.000000 | e:   1.000000 | Q:        nan | won: False 
#    9 | steps:   319 | steps_t:     0 | t: 0.307260 | r:  -518.000000 | e:   1.000000 | Q:        nan | won: False 
#   10 | steps:   408 | steps_t:     0 | t: 0.385646 | r:  -379.000000 | e:   1.000000 | Q:        nan | won: False 
#   11 | steps:   423 | steps_t:     0 | t: 0.399581 | r:  -492.000000 | e:   1.000000 | Q:        nan | won: False 
#   12 | steps:   443 | steps_t:     0 | t: 0.419528 | r:  -442.000000 | e:   1.000000 | Q:        nan | won: False 
#   13 | steps:   514 | steps_t:     0 | t: 0.485380 | r:  -438.000000 | e:   1.000000 | Q:        nan | won: False 
#   14 | steps:   595 | steps_t:     0 | t: 0.559184 | r:  -503.000000 | e:   1.000000 | Q:        nan | won: False 
#   15 | steps:   632 | steps_t:     0 | t: 0.592098 | r:  -437.000000 | e:   1.000000 | Q:        nan | won: False 
#   16 | steps:   641 | steps_t:     0 | t: 0.601072 | r:  -486.000000 | e:   1.000000 | Q:        nan | won: False 
#   17 | steps:   731 | steps_t:     0 | t: 0.681828 | r:  -413.000000 | e:   1.000000 | Q:        nan | won: False 
#   18 | steps:   750 | steps_t:     0 | t: 0.699780 | r:  -463.000000 | e:   1.000000 | Q:        nan | won: False 
#   19 | steps:   763 | steps_t:     0 | t: 0.711749 | r:  -479.000000 | e:   1.000000 | Q:        nan | won: False 
#   20 | steps:   783 | steps_t:     0 | t: 0.733691 | r:  -409.000000 | e:   1.000000 | Q:        nan | won: False 
#   21 | steps:   799 | steps_t:     0 | t: 0.749648 | r:  -438.000000 | e:   1.000000 | Q:        nan | won: False 
#   22 | steps:   812 | steps_t:     0 | t: 0.762612 | r:  -457.000000 | e:   1.000000 | Q:        nan | won: False 
#   23 | steps:   829 | steps_t:     0 | t: 0.778570 | r:  -450.000000 | e:   1.000000 | Q:        nan | won: False 
#   24 | steps:   844 | steps_t:     0 | t: 0.792533 | r:  -470.000000 | e:   1.000000 | Q:        nan | won: False 
#   25 | steps:  1103 | steps_t:     0 | t: 1.017932 | r:  -549.000000 | e:   1.000000 | Q:        nan | won: False 
#   26 | steps:  1131 | steps_t:     0 | t: 1.042866 | r:  -505.000000 | e:   1.000000 | Q:        nan | won: False 
#   27 | steps:  1144 | steps_t:     0 | t: 1.061816 | r:  -468.000000 | e:   1.000000 | Q:        nan | won: False 
#   28 | steps:  1189 | steps_t:     0 | t: 1.115673 | r:  -489.000000 | e:   1.000000 | Q:        nan | won: False 
#   29 | steps:  1210 | steps_t:     0 | t: 1.135619 | r:  -421.000000 | e:   1.000000 | Q:        nan | won: False 
#   30 | steps:  1224 | steps_t:     0 | t: 1.149581 | r:  -436.000000 | e:   1.000000 | Q:        nan | won: False 
#   31 | steps:  1258 | steps_t:     0 | t: 1.269263 | r:  -412.000000 | e:   1.000000 | Q:        nan | won: False 
#   32 | steps:  1285 | steps_t:     0 | t: 1.296191 | r:  -482.000000 | e:   1.000000 | Q:        nan | won: False 
#   33 | steps:  1297 | steps_t:     0 | t: 1.312148 | r:  -500.000000 | e:   1.000000 | Q:        nan | won: False 
#   34 | steps:  1307 | steps_t:     0 | t: 1.322122 | r:  -476.000000 | e:   1.000000 | Q:        nan | won: False 
#   35 | steps:  1336 | steps_t:     0 | t: 1.352042 | r:  -462.000000 | e:   1.000000 | Q:        nan | won: False 
#   36 | steps:  1348 | steps_t:     0 | t: 1.365008 | r:  -489.000000 | e:   1.000000 | Q:        nan | won: False 
#   37 | steps:  1378 | steps_t:     0 | t: 1.394929 | r:  -430.000000 | e:   1.000000 | Q:        nan | won: False 
#   38 | steps:  1423 | steps_t:     0 | t: 1.437814 | r:  -445.000000 | e:   1.000000 | Q:        nan | won: False 
#   39 | steps:  1438 | steps_t:     0 | t: 1.457762 | r:  -481.000000 | e:   1.000000 | Q:        nan | won: False 
#   40 | steps:  1475 | steps_t:     0 | t: 1.493665 | r:  -459.000000 | e:   1.000000 | Q:        nan | won: False 
#   41 | steps:  1517 | steps_t:     0 | t: 1.532561 | r:  -475.000000 | e:   1.000000 | Q:        nan | won: False 
#   42 | steps:  1541 | steps_t:     0 | t: 1.557495 | r:  -446.000000 | e:   1.000000 | Q:        nan | won: False 
#   43 | steps:  1555 | steps_t:     0 | t: 1.572456 | r:  -491.000000 | e:   1.000000 | Q:        nan | won: False 
#   44 | steps:  1596 | steps_t:     0 | t: 1.616338 | r:  -507.000000 | e:   1.000000 | Q:        nan | won: False 
#   45 | steps:  1616 | steps_t:     0 | t: 1.634291 | r:  -486.000000 | e:   1.000000 | Q:        nan | won: False 
#   46 | steps:  1630 | steps_t:     0 | t: 1.647255 | r:  -491.000000 | e:   1.000000 | Q:        nan | won: False 
#   47 | steps:  1657 | steps_t:     0 | t: 1.675961 | r:  -416.000000 | e:   1.000000 | Q:        nan | won: False 
#   48 | steps:  1681 | steps_t:     0 | t: 1.700895 | r:  -490.000000 | e:   1.000000 | Q:        nan | won: False 
#   49 | steps:  1700 | steps_t:     0 | t: 1.717849 | r:  -441.000000 | e:   1.000000 | Q:        nan | won: False 
#   50 | steps:  1730 | steps_t:     0 | t: 1.744778 | r:  -463.000000 | e:   1.000000 | Q:        nan | won: False 
#   51 | steps:  1953 | steps_t:     0 | t: 1.948236 | r:  -425.000000 | e:   1.000000 | Q:        nan | won: False 
#   52 | steps:  1966 | steps_t:     0 | t: 1.961202 | r:  -501.000000 | e:   1.000000 | Q:        nan | won: False 
#   53 | steps:  1993 | steps_t:     0 | t: 1.985137 | r:  -482.000000 | e:   1.000000 | Q:        nan | won: False 
#   54 | steps:  2129 | steps_t:     0 | t: 2.111799 | r:  -448.000000 | e:   1.000000 | Q:        nan | won: False 
#   55 | steps:  2143 | steps_t:     0 | t: 2.124765 | r:  -491.000000 | e:   1.000000 | Q:        nan | won: False 
#   56 | steps:  2175 | steps_t:     0 | t: 2.152690 | r:  -498.000000 | e:   1.000000 | Q:        nan | won: False 
#   57 | steps:  2200 | steps_t:     0 | t: 2.180617 | r:  -447.000000 | e:   1.000000 | Q:        nan | won: False 
#   58 | steps:  2291 | steps_t:     0 | t: 2.267385 | r:  -480.000000 | e:   1.000000 | Q:        nan | won: False 
#   59 | steps:  2305 | steps_t:     0 | t: 2.283343 | r:  -436.000000 | e:   1.000000 | Q:        nan | won: False 
#   60 | steps:  2329 | steps_t:     0 | t: 2.307280 | r:  -468.000000 | e:   1.000000 | Q:        nan | won: False 
#   61 | steps:  2367 | steps_t:     0 | t: 2.345179 | r:  -493.000000 | e:   1.000000 | Q:        nan | won: False 
#   62 | steps:  2401 | steps_t:     0 | t: 2.378091 | r:  -467.000000 | e:   1.000000 | Q:        nan | won: False 
#   63 | steps:  2487 | steps_t:     0 | t: 2.498769 | r:  -453.000000 | e:   1.000000 | Q:        nan | won: False 
#   64 | steps:  2522 | steps_t:     0 | t: 2.531681 | r:  -424.000000 | e:   1.000000 | Q:        nan | won: False 
#   65 | steps:  2572 | steps_t:     0 | t: 2.581549 | r:  -483.000000 | e:   1.000000 | Q:        nan | won: False 
#   66 | steps:  2587 | steps_t:     0 | t: 2.596509 | r:  -481.000000 | e:   1.000000 | Q:        nan | won: False 
#   67 | steps:  2640 | steps_t:     0 | t: 2.645378 | r:  -475.000000 | e:   1.000000 | Q:        nan | won: False 
#   68 | steps:  2671 | steps_t:     0 | t: 2.673305 | r:  -497.000000 | e:   1.000000 | Q:        nan | won: False 
#   69 | steps:  2716 | steps_t:     0 | t: 2.716698 | r:  -478.000000 | e:   1.000000 | Q:        nan | won: False 
#   70 | steps:  2729 | steps_t:     0 | t: 2.728666 | r:  -457.000000 | e:   1.000000 | Q:        nan | won: False 
#   71 | steps:  2802 | steps_t:     0 | t: 2.793494 | r:  -396.000000 | e:   1.000000 | Q:        nan | won: False 
#   72 | steps:  2816 | steps_t:     0 | t: 2.807457 | r:  -480.000000 | e:   1.000000 | Q:        nan | won: False 
#   73 | steps:  2839 | steps_t:     0 | t: 2.828400 | r:  -489.000000 | e:   1.000000 | Q:        nan | won: False 
#   74 | steps:  2855 | steps_t:     0 | t: 2.844357 | r:  -482.000000 | e:   1.000000 | Q:        nan | won: False 
#   75 | steps:  2931 | steps_t:     0 | t: 2.912177 | r:  -432.000000 | e:   1.000000 | Q:        nan | won: False 
#   76 | steps:  2949 | steps_t:     0 | t: 2.930129 | r:  -473.000000 | e:   1.000000 | Q:        nan | won: False 
#   77 | steps:  2967 | steps_t:     0 | t: 2.948081 | r:  -495.000000 | e:   1.000000 | Q:        nan | won: False 
#   78 | steps:  2983 | steps_t:     0 | t: 2.963042 | r:  -482.000000 | e:   1.000000 | Q:        nan | won: False 
#   79 | steps:  2996 | steps_t:     0 | t: 2.975010 | r:  -468.000000 | e:   1.000000 | Q:        nan | won: False 
#   80 | steps:  3012 | steps_t:     0 | t: 2.988972 | r:  -482.000000 | e:   1.000000 | Q:        nan | won: False 
#   81 | steps:  3060 | steps_t:     0 | t: 3.033853 | r:  -459.000000 | e:   1.000000 | Q:        nan | won: False 
#   82 | steps:  3072 | steps_t:     0 | t: 3.134585 | r:  -489.000000 | e:   1.000000 | Q:        nan | won: False 
#   83 | steps:  3094 | steps_t:     0 | t: 3.154531 | r:  -488.000000 | e:   1.000000 | Q:        nan | won: False 
#   84 | steps:  3120 | steps_t:     0 | t: 3.178467 | r:  -481.000000 | e:   1.000000 | Q:        nan | won: False 
#   85 | steps:  3135 | steps_t:     0 | t: 3.192937 | r:  -470.000000 | e:   1.000000 | Q:        nan | won: False 
#   86 | steps:  3182 | steps_t:     0 | t: 3.234825 | r:  -447.000000 | e:   1.000000 | Q:        nan | won: False 
#   87 | steps:  3205 | steps_t:     0 | t: 3.256767 | r:  -489.000000 | e:   1.000000 | Q:        nan | won: False 
#   88 | steps:  3351 | steps_t:     0 | t: 3.385438 | r:  -378.000000 | e:   1.000000 | Q:        nan | won: False 
#   89 | steps:  3374 | steps_t:     0 | t: 3.406383 | r:  -478.000000 | e:   1.000000 | Q:        nan | won: False 
#   90 | steps:  3394 | steps_t:     0 | t: 3.426329 | r:  -486.000000 | e:   1.000000 | Q:        nan | won: False 
#   91 | steps:  3412 | steps_t:     0 | t: 3.448272 | r:  -462.000000 | e:   1.000000 | Q:        nan | won: False 
#   92 | steps:  3432 | steps_t:     0 | t: 3.469216 | r:  -486.000000 | e:   1.000000 | Q:        nan | won: False 
#   93 | steps:  3441 | steps_t:     0 | t: 3.479189 | r:  -431.000000 | e:   1.000000 | Q:        nan | won: False 
#   94 | steps:  3526 | steps_t:     0 | t: 3.558488 | r:  -364.000000 | e:   1.000000 | Q:        nan | won: False 
#   95 | steps:  3558 | steps_t:     0 | t: 3.591401 | r:  -498.000000 | e:   1.000000 | Q:        nan | won: False 
#   96 | steps:  3568 | steps_t:     0 | t: 3.600377 | r:  -443.000000 | e:   1.000000 | Q:        nan | won: False 
#   97 | steps:  3597 | steps_t:     0 | t: 3.630297 | r:  -451.000000 | e:   1.000000 | Q:        nan | won: False 
#   98 | steps:  3612 | steps_t:     0 | t: 3.644259 | r:  -481.000000 | e:   1.000000 | Q:        nan | won: False 
#   99 | steps:  3632 | steps_t:     0 | t: 3.665204 | r:  -486.000000 | e:   1.000000 | Q:        nan | won: False 
#  100 | steps:  3705 | steps_t:     0 | t: 3.742000 | r:  -506.000000 | e:   1.000000 | Q:        nan | won: False 
#  101 | steps:  3783 | steps_t:     0 | t: 3.819792 | r:  -456.000000 | e:   1.000000 | Q:        nan | won: False 
#  102 | steps:  3827 | steps_t:     0 | t: 3.859686 | r:  -488.000000 | e:   1.000000 | Q:        nan | won: False 
#  103 | steps:  3845 | steps_t:     0 | t: 3.879633 | r:  -495.000000 | e:   1.000000 | Q:        nan | won: False 
#  104 | steps:  3886 | steps_t:     0 | t: 3.920523 | r:  -463.000000 | e:   1.000000 | Q:        nan | won: False 
#  105 | steps:  3921 | steps_t:     0 | t: 3.954433 | r:  -446.000000 | e:   1.000000 | Q:        nan | won: False 
#  106 | steps:  3968 | steps_t:     0 | t: 4.005297 | r:  -491.000000 | e:   1.000000 | Q:        nan | won: False 
#  107 | steps:  4008 | steps_t:     0 | t: 4.050178 | r:  -451.000000 | e:   1.000000 | Q:        nan | won: False 
#  108 | steps:  4027 | steps_t:     0 | t: 4.068130 | r:  -485.000000 | e:   1.000000 | Q:        nan | won: False 
#  109 | steps:  4037 | steps_t:     0 | t: 4.078104 | r:  -476.000000 | e:   1.000000 | Q:        nan | won: False 
#  110 | steps:  4050 | steps_t:     0 | t: 4.091070 | r:  -479.000000 | e:   1.000000 | Q:        nan | won: False 
#  111 | steps:  4063 | steps_t:     0 | t: 4.105032 | r:  -457.000000 | e:   1.000000 | Q:        nan | won: False 
#  112 | steps:  4090 | steps_t:     0 | t: 4.133955 | r:  -405.000000 | e:   1.000000 | Q:        nan | won: False 
#  113 | steps:  4110 | steps_t:     0 | t: 4.156894 | r:  -464.000000 | e:   1.000000 | Q:        nan | won: False 
#  114 | steps:  4125 | steps_t:     0 | t: 4.171854 | r:  -481.000000 | e:   1.000000 | Q:        nan | won: False 
#  115 | steps:  4173 | steps_t:     0 | t: 4.221721 | r:  -503.000000 | e:   1.000000 | Q:        nan | won: False 
#  116 | steps:  4218 | steps_t:     0 | t: 4.282559 | r:  -489.000000 | e:   1.000000 | Q:        nan | won: False 
#  117 | steps:  4302 | steps_t:     0 | t: 4.379304 | r:  -429.000000 | e:   1.000000 | Q:        nan | won: False 
#  118 | steps:  4370 | steps_t:     0 | t: 4.446630 | r:  -468.000000 | e:   1.000000 | Q:        nan | won: False 
#  119 | steps:  4515 | steps_t:     0 | t: 4.601221 | r:  -402.000000 | e:   1.000000 | Q:        nan | won: False 
#  120 | steps:  4532 | steps_t:     0 | t: 4.618176 | r:  -472.000000 | e:   1.000000 | Q:        nan | won: False 
#  121 | steps:  4593 | steps_t:     0 | t: 4.698960 | r:  -428.000000 | e:   1.000000 | Q:        nan | won: False 
#  122 | steps:  4608 | steps_t:     0 | t: 4.715915 | r:  -459.000000 | e:   1.000000 | Q:        nan | won: False 
#  123 | steps:  4624 | steps_t:     0 | t: 4.732870 | r:  -449.000000 | e:   1.000000 | Q:        nan | won: False 
#  124 | steps:  4657 | steps_t:     0 | t: 4.764785 | r:  -488.000000 | e:   1.000000 | Q:        nan | won: False 
#  125 | steps:  4671 | steps_t:     0 | t: 4.777751 | r:  -469.000000 | e:   1.000000 | Q:        nan | won: False 
#  126 | steps:  4762 | steps_t:     0 | t: 4.858017 | r:  -315.000000 | e:   1.000000 | Q:        nan | won: False 
#  127 | steps:  4816 | steps_t:     0 | t: 4.905162 | r:  -410.000000 | e:   1.000000 | Q:        nan | won: False 
#  128 | steps:  4927 | steps_t:     0 | t: 5.005433 | r:  -423.000000 | e:   1.000000 | Q:        nan | won: False 
#  129 | steps:  4961 | steps_t:     0 | t: 5.035353 | r:  -445.000000 | e:   1.000000 | Q:        nan | won: False 
#  130 | steps:  4970 | steps_t:     0 | t: 5.044330 | r:  -464.000000 | e:   1.000000 | Q:        nan | won: False 
#  131 | steps:  4988 | steps_t:     0 | t: 5.061255 | r:  -484.000000 | e:   1.000000 | Q:        nan | won: False 
#  132 | steps:  5006 | steps_t:     4 | t: 5.224821 | r:  -484.000000 | e:   0.999600 | Q:        nan | won: False 
#  133 | steps:  5033 | steps_t:    30 | t: 5.515047 | r:  -493.000000 | e:   0.997000 | Q:        nan | won: False 
#  134 | steps:  5063 | steps_t:    59 | t: 5.850154 | r:  -441.000000 | e:   0.994100 | Q:        nan | won: False 
#  135 | steps:  5114 | steps_t:   109 | t: 6.433224 | r:  -440.000000 | e:   0.989100 | Q:  -9.378751 | won: False 
#  136 | steps:  5141 | steps_t:   135 | t: 6.742400 | r:  -493.000000 | e:   0.986500 | Q:        nan | won: False 
#  137 | steps:  5172 | steps_t:   165 | t: 7.114409 | r:  -475.000000 | e:   0.983500 | Q: -37.021751 | won: False 
#  138 | steps:  5198 | steps_t:   190 | t: 7.445527 | r:  -426.000000 | e:   0.981000 | Q:        nan | won: False 
#  139 | steps:  5222 | steps_t:   213 | t: 7.889856 | r:  -468.000000 | e:   0.978700 | Q:        nan | won: False 
#  140 | steps:  5239 | steps_t:   229 | t: 8.151688 | r:  -472.000000 | e:   0.977100 | Q:        nan | won: False 
#  141 | steps:  5252 | steps_t:   241 | t: 8.325225 | r:  -479.000000 | e:   0.975900 | Q: -83.739548 | won: False 
#  142 | steps:  5278 | steps_t:   266 | t: 8.665319 | r:  -459.000000 | e:   0.973400 | Q: -73.217529 | won: False 
#  143 | steps:  5496 | steps_t:   483 | t: 11.307646 | r:  -530.000000 | e:   0.951700 | Q: -91.818901 | won: False 
#  144 | steps:  5524 | steps_t:   510 | t: 11.643749 | r:  -494.000000 | e:   0.949000 | Q:        nan | won: False 
#  145 | steps:  5538 | steps_t:   523 | t: 11.811303 | r:  -491.000000 | e:   0.947700 | Q:        nan | won: False 
#  146 | steps:  5662 | steps_t:   646 | t: 13.140438 | r:  -348.000000 | e:   0.935400 | Q: -98.078972 | won: False 
#  147 | steps:  5727 | steps_t:   710 | t: 14.073912 | r:  -476.000000 | e:   0.929000 | Q: -115.817749 | won: False 
#  148 | steps:  5789 | steps_t:   771 | t: 14.808954 | r:  -440.000000 | e:   0.922900 | Q: -75.197037 | won: False 
#  149 | steps:  5826 | steps_t:   807 | t: 15.242033 | r:  -470.000000 | e:   0.919300 | Q: -73.931213 | won: False 
#  150 | steps:  5876 | steps_t:   856 | t: 15.955642 | r:  -483.000000 | e:   0.914400 | Q: -89.277313 | won: False 
#  151 | steps:  5893 | steps_t:   872 | t: 16.157105 | r:  -472.000000 | e:   0.912800 | Q: -110.775848 | won: False 
#  152 | steps:  5948 | steps_t:   926 | t: 16.915612 | r:  -499.000000 | e:   0.907400 | Q: -107.289597 | won: False 
#  153 | steps:  5984 | steps_t:   961 | t: 17.408804 | r:  -447.000000 | e:   0.903900 | Q: -110.398010 | won: False 
#  154 | steps:  6003 | steps_t:   979 | t: 17.652157 | r:  -430.000000 | e:   0.902100 | Q: -111.387871 | won: False 
#  155 | steps:  6017 | steps_t:   992 | t: 17.813727 | r:  -491.000000 | e:   0.900800 | Q:        nan | won: False 
#  156 | steps:  6039 | steps_t:  1013 | t: 18.092983 | r:  -466.000000 | e:   0.898700 | Q: -109.785194 | won: False 
#  157 | steps:  6073 | steps_t:  1046 | t: 18.505547 | r:  -478.000000 | e:   0.895400 | Q: -105.376396 | won: False 
#  158 | steps:  6140 | steps_t:  1112 | t: 19.293950 | r:  -445.000000 | e:   0.888800 | Q: -106.844711 | won: False 
#  159 | steps:  6160 | steps_t:  1131 | t: 19.524336 | r:  -475.000000 | e:   0.886900 | Q: -108.715469 | won: False 
#  160 | steps:  6202 | steps_t:  1172 | t: 20.018344 | r:  -464.000000 | e:   0.882800 | Q: -107.277145 | won: False 
#  161 | steps:  6275 | steps_t:  1244 | t: 20.868079 | r:  -363.000000 | e:   0.875600 | Q: -87.793533 | won: False 
#  162 | steps:  6288 | steps_t:  1256 | t: 21.023665 | r:  -490.000000 | e:   0.874400 | Q: -101.801109 | won: False 
#  163 | steps:  6382 | steps_t:  1349 | t: 22.280851 | r:  -388.000000 | e:   0.865100 | Q: -77.523056 | won: False 
#  164 | steps:  6396 | steps_t:  1362 | t: 22.483818 | r:  -502.000000 | e:   0.863800 | Q: -86.898232 | won: False 
#  165 | steps:  6407 | steps_t:  1372 | t: 22.625441 | r:  -466.000000 | e:   0.862800 | Q: -89.614876 | won: False 
#  166 | steps:  6420 | steps_t:  1384 | t: 22.793992 | r:  -490.000000 | e:   0.861600 | Q:        nan | won: False 
#  167 | steps:  6434 | steps_t:  1397 | t: 22.972026 | r:  -480.000000 | e:   0.860300 | Q: -91.664398 | won: False 
#  168 | steps:  6465 | steps_t:  1427 | t: 23.400414 | r:  -453.000000 | e:   0.857300 | Q: -90.788223 | won: False 
#  169 | steps:  6477 | steps_t:  1438 | t: 23.572953 | r:  -489.000000 | e:   0.856200 | Q: -93.885101 | won: False 
#  170 | steps:  6488 | steps_t:  1448 | t: 23.713579 | r:  -466.000000 | e:   0.855200 | Q: -98.061493 | won: False 
#  171 | steps:  6513 | steps_t:  1472 | t: 24.031732 | r:  -480.000000 | e:   0.852800 | Q: -99.436951 | won: False 
#  172 | steps:  6544 | steps_t:  1502 | t: 24.414221 | r:  -497.000000 | e:   0.849800 | Q: -100.017426 | won: False 
#  173 | steps:  6631 | steps_t:  1588 | t: 25.415477 | r:  -388.000000 | e:   0.841200 | Q: -79.145050 | won: False 
#  174 | steps:  6657 | steps_t:  1613 | t: 25.684756 | r:  -426.000000 | e:   0.838700 | Q: -92.303291 | won: False 
#  175 | steps:  6680 | steps_t:  1635 | t: 25.944064 | r:  -412.000000 | e:   0.836500 | Q: -79.248520 | won: False 
#  176 | steps:  6825 | steps_t:  1779 | t: 27.530907 | r:  -413.000000 | e:   0.822100 | Q: -80.695389 | won: False 
#  177 | steps:  6856 | steps_t:  1809 | t: 27.879995 | r:  -453.000000 | e:   0.819100 | Q: -105.203766 | won: False 
#  178 | steps:  6869 | steps_t:  1821 | t: 28.029596 | r:  -490.000000 | e:   0.817900 | Q: -122.097214 | won: False 
#  179 | steps:  6908 | steps_t:  1859 | t: 28.479398 | r:  -439.000000 | e:   0.814100 | Q: -101.651619 | won: False 
#  180 | steps:  6925 | steps_t:  1875 | t: 28.710801 | r:  -472.000000 | e:   0.812500 | Q: -114.646027 | won: False 
#  181 | steps:  6935 | steps_t:  1884 | t: 28.862396 | r:  -454.000000 | e:   0.811600 | Q: -113.151566 | won: False 
#  182 | steps:  6950 | steps_t:  1898 | t: 29.059871 | r:  -437.000000 | e:   0.810200 | Q: -94.657921 | won: False 
#  183 | steps:  6988 | steps_t:  1935 | t: 29.540589 | r:  -460.000000 | e:   0.806500 | Q: -97.189209 | won: False 
#  184 | steps:  7089 | steps_t:  2035 | t: 30.761875 | r:  -369.000000 | e:   0.796500 | Q: -88.942238 | won: False 
#  185 | steps:  7241 | steps_t:  2186 | t: 32.571705 | r:  -402.000000 | e:   0.781400 | Q: -88.801369 | won: False 
#  186 | steps:  7254 | steps_t:  2198 | t: 32.715322 | r:  -490.000000 | e:   0.780200 | Q: -108.676086 | won: False 
#  187 | steps:  7346 | steps_t:  2289 | t: 33.764632 | r:  -309.000000 | e:   0.771100 | Q: -95.476318 | won: False 
#  188 | steps:  7358 | steps_t:  2300 | t: 33.895281 | r:  -489.000000 | e:   0.770000 | Q: -132.111084 | won: False 
#  189 | steps:  7383 | steps_t:  2324 | t: 34.177532 | r:  -491.000000 | e:   0.767600 | Q: -102.897034 | won: False 
#  190 | steps:  7412 | steps_t:  2352 | t: 34.501664 | r:  -495.000000 | e:   0.764800 | Q: -102.153603 | won: False 
#  191 | steps:  7429 | steps_t:  2368 | t: 34.685176 | r:  -461.000000 | e:   0.763200 | Q: -113.041069 | won: False 
#  192 | steps:  7456 | steps_t:  2394 | t: 34.996347 | r:  -427.000000 | e:   0.760600 | Q: -87.891045 | won: False 
#  193 | steps:  7466 | steps_t:  2403 | t: 35.116028 | r:  -487.000000 | e:   0.759700 | Q: -100.356300 | won: False 
#  194 | steps:  7484 | steps_t:  2420 | t: 35.345437 | r:  -451.000000 | e:   0.758000 | Q: -102.012589 | won: False 
#  195 | steps:  7496 | steps_t:  2431 | t: 35.487569 | r:  -489.000000 | e:   0.756900 | Q: -112.903694 | won: False 
#  196 | steps:  7505 | steps_t:  2439 | t: 35.590296 | r:  -475.000000 | e:   0.756100 | Q: -112.374756 | won: False 
#  197 | steps:  7517 | steps_t:  2450 | t: 35.735908 | r:  -456.000000 | e:   0.755000 | Q:        nan | won: False 
#  198 | steps:  7603 | steps_t:  2535 | t: 36.778149 | r:  -431.000000 | e:   0.746500 | Q: -109.502060 | won: False 
#  199 | steps:  7612 | steps_t:  2543 | t: 36.891052 | r:  -464.000000 | e:   0.745700 | Q: -135.703522 | won: False 
#  200 | steps:  7624 | steps_t:  2554 | t: 37.035690 | r:  -478.000000 | e:   0.744600 | Q: -132.263580 | won: False 
#  201 | steps:  7649 | steps_t:  2578 | t: 37.340388 | r:  -458.000000 | e:   0.742200 | Q: -134.289169 | won: False 
#  202 | steps:  7683 | steps_t:  2611 | t: 37.772852 | r:  -423.000000 | e:   0.738900 | Q: -93.526421 | won: False 
#  203 | steps:  7721 | steps_t:  2648 | t: 38.346852 | r:  -449.000000 | e:   0.735200 | Q: -91.821884 | won: False 
#  204 | steps:  7775 | steps_t:  2701 | t: 39.079917 | r:  -443.000000 | e:   0.729900 | Q: -94.298744 | won: False 
#  205 | steps:  7806 | steps_t:  2731 | t: 39.436965 | r:  -442.000000 | e:   0.726900 | Q: -105.740341 | won: False 
#  206 | steps:  7820 | steps_t:  2744 | t: 39.699268 | r:  -469.000000 | e:   0.725600 | Q: -106.455048 | won: False 
#  207 | steps:  7897 | steps_t:  2820 | t: 40.654422 | r:  -433.000000 | e:   0.718000 | Q: -87.335228 | won: False 
#  208 | steps:  7912 | steps_t:  2834 | t: 40.844915 | r:  -448.000000 | e:   0.716600 | Q: -96.637115 | won: False 
#  209 | steps:  7944 | steps_t:  2865 | t: 41.202960 | r:  -421.000000 | e:   0.713500 | Q: -100.191795 | won: False 
#  210 | steps:  8028 | steps_t:  2948 | t: 42.212833 | r:  -374.000000 | e:   0.705200 | Q: -98.338097 | won: False 
#  211 | steps:  8188 | steps_t:  3107 | t: 44.379083 | r:  -494.000000 | e:   0.689300 | Q: -77.518005 | won: False 
#  212 | steps:  8209 | steps_t:  3127 | t: 44.683782 | r:  -498.000000 | e:   0.687300 | Q: -120.541298 | won: False 
#  213 | steps:  8230 | steps_t:  3147 | t: 44.982985 | r:  -399.000000 | e:   0.685300 | Q: -116.044495 | won: False 
#  214 | steps:  8368 | steps_t:  3284 | t: 46.615209 | r:  -344.000000 | e:   0.671600 | Q: -66.954109 | won: False 
#  215 | steps:  8427 | steps_t:  3342 | t: 47.242951 | r:  -459.000000 | e:   0.665800 | Q: -81.227592 | won: False 
#  216 | steps:  8449 | steps_t:  3363 | t: 47.481316 | r:  -466.000000 | e:   0.663700 | Q: -117.687080 | won: False 
#  217 | steps:  8541 | steps_t:  3454 | t: 48.573497 | r:  -404.000000 | e:   0.654600 | Q: -89.022278 | won: False 
#  218 | steps:  8552 | steps_t:  3464 | t: 48.730587 | r:  -444.000000 | e:   0.653600 | Q: -95.357086 | won: False 
#  219 | steps:  8565 | steps_t:  3476 | t: 48.912128 | r:  -490.000000 | e:   0.652400 | Q: -100.215881 | won: False 
#  220 | steps:  8637 | steps_t:  3547 | t: 49.845152 | r:  -417.000000 | e:   0.645300 | Q: -88.687164 | won: False 
#  221 | steps:  8652 | steps_t:  3561 | t: 50.020776 | r:  -492.000000 | e:   0.643900 | Q: -102.843224 | won: False 
#  222 | steps:  8664 | steps_t:  3572 | t: 50.172373 | r:  -456.000000 | e:   0.642800 | Q: -111.931511 | won: False 
#  223 | steps:  8747 | steps_t:  3654 | t: 51.222514 | r:  -483.000000 | e:   0.634600 | Q: -73.560623 | won: False 
#  224 | steps:  8775 | steps_t:  3681 | t: 51.585054 | r:  -428.000000 | e:   0.631900 | Q: -70.631752 | won: False 
#  225 | steps:  8824 | steps_t:  3729 | t: 52.211311 | r:  -383.000000 | e:   0.627100 | Q: -81.017677 | won: False 
#  226 | steps:  8854 | steps_t:  3758 | t: 52.553349 | r:  -496.000000 | e:   0.624200 | Q: -86.542267 | won: False 
#  227 | steps:  8887 | steps_t:  3790 | t: 52.924361 | r:  -411.000000 | e:   0.621000 | Q: -93.537346 | won: False 
#  228 | steps:  8920 | steps_t:  3822 | t: 53.278418 | r:  -466.000000 | e:   0.617800 | Q: -93.375816 | won: False 
#  229 | steps:  8967 | steps_t:  3868 | t: 53.798674 | r:  -458.000000 | e:   0.613200 | Q: -96.743515 | won: False 
#  230 | steps:  9063 | steps_t:  3963 | t: 54.882421 | r:  -386.000000 | e:   0.603700 | Q: -93.640221 | won: False 
#  231 | steps:  9194 | steps_t:  4093 | t: 56.424374 | r:  -388.000000 | e:   0.590700 | Q: -68.837219 | won: False 
#  232 | steps:  9240 | steps_t:  4138 | t: 56.929573 | r:  -391.000000 | e:   0.586200 | Q: -57.690872 | won: False 
#  233 | steps:  9267 | steps_t:  4164 | t: 57.222791 | r:  -416.000000 | e:   0.583600 | Q: -100.775131 | won: False 
#  234 | steps:  9288 | steps_t:  4184 | t: 57.462154 | r:  -410.000000 | e:   0.581600 | Q: -72.183655 | won: False 
#  235 | steps:  9334 | steps_t:  4229 | t: 57.991744 | r:  -446.000000 | e:   0.577100 | Q: -54.299561 | won: False 
#  236 | steps:  9427 | steps_t:  4321 | t: 59.128224 | r:  -372.000000 | e:   0.567900 | Q: -61.253624 | won: False 
#  237 | steps:  9439 | steps_t:  4332 | t: 59.309741 | r:  -489.000000 | e:   0.566800 | Q: -76.093460 | won: False 
#  238 | steps:  9490 | steps_t:  4382 | t: 59.935191 | r:  -429.000000 | e:   0.561800 | Q: -72.122116 | won: False 
#  239 | steps:  9554 | steps_t:  4445 | t: 60.644880 | r:  -398.000000 | e:   0.555500 | Q: -69.757599 | won: False 
#  240 | steps:  9636 | steps_t:  4526 | t: 61.543951 | r:  -449.000000 | e:   0.547400 | Q: -46.952057 | won: False 
#  241 | steps:  9644 | steps_t:  4533 | t: 61.629723 | r:  -441.000000 | e:   0.546700 | Q: -46.432560 | won: False 
#  242 | steps:  9823 | steps_t:  4711 | t: 63.763523 | r:  -469.000000 | e:   0.528900 | Q: -62.030956 | won: False 
#  243 | steps:  9883 | steps_t:  4770 | t: 64.661638 | r:  -405.000000 | e:   0.523000 | Q: -39.820663 | won: False 
#  244 | steps:  9893 | steps_t:  4779 | t: 64.792291 | r:  -454.000000 | e:   0.522100 | Q: -54.228119 | won: False 
#  245 | steps:  9949 | steps_t:  4834 | t: 65.555298 | r:  -372.000000 | e:   0.516600 | Q: -56.636135 | won: False 
#  246 | steps:  9961 | steps_t:  4845 | t: 65.721855 | r:  -478.000000 | e:   0.515500 | Q: -35.892170 | won: False 
#  247 | steps:  9984 | steps_t:  4867 | t: 66.016070 | r:  -434.000000 | e:   0.513300 | Q: -36.378151 | won: False 
#  248 | steps: 10008 | steps_t:  4890 | t: 66.302820 | r:  -413.000000 | e:   0.511000 | Q: -52.064171 | won: False 
#  249 | steps: 10134 | steps_t:  5015 | t: 67.723295 | r:  -354.000000 | e:   0.498500 | Q: -37.232101 | won: False 
#  250 | steps: 10166 | steps_t:  5046 | t: 68.075982 | r:  -432.000000 | e:   0.495400 | Q: -91.275528 | won: False 
#  251 | steps: 10195 | steps_t:  5074 | t: 68.399233 | r:  -374.000000 | e:   0.492600 | Q: -48.165112 | won: False 
#  252 | steps: 10219 | steps_t:  5097 | t: 68.693958 | r:  -468.000000 | e:   0.490300 | Q: -33.163742 | won: False 
#  253 | steps: 10242 | steps_t:  5119 | t: 68.974211 | r:  -390.000000 | e:   0.488100 | Q: -48.291973 | won: False 
#  254 | steps: 10282 | steps_t:  5158 | t: 69.444959 | r:  -429.000000 | e:   0.484200 | Q: -33.367931 | won: False 
#  255 | steps: 10295 | steps_t:  5170 | t: 69.606527 | r:  -490.000000 | e:   0.483000 | Q: -41.064476 | won: False 
#  256 | steps: 10328 | steps_t:  5202 | t: 70.032425 | r:  -444.000000 | e:   0.479800 | Q: -55.655239 | won: False 
#  257 | steps: 10466 | steps_t:  5339 | t: 71.654288 | r:  -384.000000 | e:   0.466100 | Q: -57.559391 | won: False 
#  258 | steps: 10501 | steps_t:  5373 | t: 72.039262 | r:  -402.000000 | e:   0.462700 | Q: -19.662819 | won: False 
#  259 | steps: 10560 | steps_t:  5431 | t: 72.759023 | r:  -393.000000 | e:   0.456900 | Q: -36.405766 | won: False 
#  260 | steps: 10599 | steps_t:  5469 | t: 73.237837 | r:  -450.000000 | e:   0.453100 | Q: -65.868721 | won: False 
#  261 | steps: 10608 | steps_t:  5477 | t: 73.364010 | r:  -453.000000 | e:   0.452300 | Q: -60.045177 | won: False 
#  262 | steps: 10626 | steps_t:  5494 | t: 73.627820 | r:  -440.000000 | e:   0.450600 | Q: -49.814400 | won: False 
#  263 | steps: 10651 | steps_t:  5518 | t: 73.919045 | r:  -403.000000 | e:   0.448200 | Q: -43.689610 | won: False 
#  264 | steps: 10671 | steps_t:  5537 | t: 74.146439 | r:  -453.000000 | e:   0.446300 | Q: -32.468063 | won: False 
#  265 | steps: 10703 | steps_t:  5568 | t: 74.500023 | r:  -487.000000 | e:   0.443200 | Q: -30.910213 | won: False 
#  266 | steps: 10732 | steps_t:  5596 | t: 74.826416 | r:  -429.000000 | e:   0.440400 | Q: -38.357189 | won: False 
#  267 | steps: 10749 | steps_t:  5612 | t: 75.014222 | r:  -406.000000 | e:   0.438800 | Q: -44.300510 | won: False 
#  268 | steps: 10763 | steps_t:  5625 | t: 75.202230 | r:  -436.000000 | e:   0.437500 | Q: -31.972214 | won: False 
#  269 | steps: 10820 | steps_t:  5681 | t: 75.863468 | r:  -435.000000 | e:   0.431900 | Q: -30.999372 | won: False 
#  270 | steps: 10836 | steps_t:  5696 | t: 76.058947 | r:  -438.000000 | e:   0.430400 | Q: -49.096390 | won: False 
#  271 | steps: 10851 | steps_t:  5710 | t: 76.233483 | r:  -470.000000 | e:   0.429000 | Q: -60.741493 | won: False 
#  272 | steps: 10863 | steps_t:  5721 | t: 76.378097 | r:  -456.000000 | e:   0.427900 | Q: -66.466629 | won: False 
#  273 | steps: 10880 | steps_t:  5737 | t: 76.583550 | r:  -450.000000 | e:   0.426300 | Q: -61.030315 | won: False 
#  274 | steps: 10959 | steps_t:  5815 | t: 77.534018 | r:  -307.000000 | e:   0.418500 | Q: -36.302250 | won: False 
#  275 | steps: 10973 | steps_t:  5828 | t: 77.706558 | r:  -469.000000 | e:   0.417200 | Q: -56.609325 | won: False 
#  276 | steps: 10995 | steps_t:  5849 | t: 78.128631 | r:  -477.000000 | e:   0.415100 | Q: -54.374695 | won: False 
#  277 | steps: 11025 | steps_t:  5878 | t: 78.495653 | r:  -408.000000 | e:   0.412200 | Q: -29.917982 | won: False 
#  278 | steps: 11036 | steps_t:  5888 | t: 78.630296 | r:  -444.000000 | e:   0.411200 | Q: -35.913425 | won: False 
#  279 | steps: 11049 | steps_t:  5900 | t: 78.797850 | r:  -490.000000 | e:   0.410000 | Q: -44.936203 | won: False 
#  280 | steps: 11098 | steps_t:  5948 | t: 79.396164 | r:  -416.000000 | e:   0.405200 | Q: -62.021358 | won: False 
#  281 | steps: 11124 | steps_t:  5973 | t: 79.692543 | r:  -437.000000 | e:   0.402700 | Q: -47.406246 | won: False 
#  282 | steps: 11161 | steps_t:  6009 | t: 80.099458 | r:  -393.000000 | e:   0.399100 | Q: -43.761974 | won: False 
#  283 | steps: 11184 | steps_t:  6031 | t: 80.363755 | r:  -368.000000 | e:   0.396900 | Q: -51.400639 | won: False 
#  284 | steps: 11211 | steps_t:  6057 | t: 80.703848 | r:  -460.000000 | e:   0.394300 | Q: -67.752602 | won: False 
#  285 | steps: 11274 | steps_t:  6119 | t: 81.428918 | r:  -419.000000 | e:   0.388100 | Q: -45.621723 | won: False 
#  286 | steps: 11306 | steps_t:  6150 | t: 81.800925 | r:  -432.000000 | e:   0.385000 | Q: -53.853493 | won: False 
#  287 | steps: 11342 | steps_t:  6185 | t: 82.246121 | r:  -381.000000 | e:   0.381500 | Q: -41.537766 | won: False 
#  288 | steps: 11396 | steps_t:  6238 | t: 82.922319 | r:  -432.000000 | e:   0.376200 | Q: -89.017555 | won: False 
#  289 | steps: 11425 | steps_t:  6266 | t: 83.286350 | r:  -374.000000 | e:   0.373400 | Q: -59.147148 | won: False 
#  290 | steps: 11443 | steps_t:  6283 | t: 83.508757 | r:  -462.000000 | e:   0.371700 | Q: -57.919315 | won: False 
#  291 | steps: 11478 | steps_t:  6317 | t: 83.958070 | r:  -402.000000 | e:   0.368300 | Q: -53.385002 | won: False 
#  292 | steps: 11513 | steps_t:  6351 | t: 84.418843 | r:  -402.000000 | e:   0.364900 | Q: -46.543430 | won: False 
#  293 | steps: 11549 | steps_t:  6386 | t: 84.866162 | r:  -359.000000 | e:   0.361400 | Q: -64.854927 | won: False 
#  294 | steps: 11595 | steps_t:  6431 | t: 85.512042 | r:  -391.000000 | e:   0.356900 | Q: -49.373436 | won: False 
#  295 | steps: 11659 | steps_t:  6494 | t: 86.310929 | r:  -453.000000 | e:   0.350600 | Q: -35.490967 | won: False 
#  296 | steps: 11789 | steps_t:  6623 | t: 87.993668 | r:  -277.000000 | e:   0.337700 | Q: -76.259949 | won: False 
#  297 | steps: 11803 | steps_t:  6636 | t: 88.175184 | r:  -458.000000 | e:   0.336400 | Q: -74.590439 | won: False 
#  298 | steps: 11813 | steps_t:  6645 | t: 88.326780 | r:  -454.000000 | e:   0.335500 | Q: -76.662033 | won: False 
#  299 | steps: 11830 | steps_t:  6661 | t: 88.576116 | r:  -395.000000 | e:   0.333900 | Q: -71.634125 | won: False 
#  300 | steps: 11903 | steps_t:  6733 | t: 89.587446 | r:  -462.000000 | e:   0.326700 | Q: -46.663822 | won: False 
#  301 | steps: 11926 | steps_t:  6755 | t: 89.884132 | r:  -368.000000 | e:   0.324500 | Q: -43.775780 | won: False 
#  302 | steps: 11939 | steps_t:  6767 | t: 90.060662 | r:  -490.000000 | e:   0.323300 | Q: -52.396160 | won: False 
#  303 | steps: 12032 | steps_t:  6859 | t: 91.200781 | r:  -460.000000 | e:   0.314100 | Q: -41.864899 | won: False 
#  304 | steps: 12134 | steps_t:  6960 | t: 92.617529 | r:  -304.000000 | e:   0.304000 | Q: -70.488609 | won: False 
#  305 | steps: 12143 | steps_t:  6968 | t: 92.729231 | r:  -453.000000 | e:   0.303200 | Q: -76.450455 | won: False 
#  306 | steps: 12177 | steps_t:  7001 | t: 93.229604 | r:  -500.000000 | e:   0.299900 | Q: -68.642738 | won: False 
#  307 | steps: 12252 | steps_t:  7075 | t: 94.115627 | r:  -420.000000 | e:   0.292500 | Q: -43.500149 | won: False 
#  308 | steps: 12352 | steps_t:  7174 | t: 95.286030 | r:  -225.000000 | e:   0.282600 | Q: -62.914677 | won: False 
#  309 | steps: 12385 | steps_t:  7206 | t: 95.672999 | r:  -411.000000 | e:   0.279400 | Q: -76.272270 | won: False 
#  310 | steps: 12409 | steps_t:  7229 | t: 95.971204 | r:  -479.000000 | e:   0.277100 | Q: -91.642700 | won: False 
#  311 | steps: 12457 | steps_t:  7276 | t: 96.642415 | r:  -415.000000 | e:   0.272400 | Q: -76.714172 | won: False 
#  312 | steps: 12472 | steps_t:  7290 | t: 96.921200 | r:  -492.000000 | e:   0.271000 | Q: -96.399712 | won: False 
#  313 | steps: 12526 | steps_t:  7343 | t: 97.563997 | r:  -366.000000 | e:   0.265700 | Q: -65.192955 | won: False 
#  314 | steps: 12552 | steps_t:  7368 | t: 97.859211 | r:  -426.000000 | e:   0.263200 | Q: -76.779678 | won: False 
#  315 | steps: 12574 | steps_t:  7389 | t: 98.113268 | r:  -433.000000 | e:   0.261100 | Q: -71.796959 | won: False 
#  316 | steps: 12625 | steps_t:  7439 | t: 98.720965 | r:  -374.000000 | e:   0.256100 | Q: -85.430588 | won: False 
#  317 | steps: 12646 | steps_t:  7459 | t: 99.023161 | r:  -399.000000 | e:   0.254100 | Q: -89.844849 | won: False 
#  318 | steps: 12672 | steps_t:  7484 | t: 99.363255 | r:  -426.000000 | e:   0.251600 | Q: -74.831429 | won: False 
#  319 | steps: 12789 | steps_t:  7600 | t: 100.917908 | r:  -352.000000 | e:   0.240000 | Q: -60.279922 | won: False 
#  320 | steps: 12810 | steps_t:  7620 | t: 101.195170 | r:  -443.000000 | e:   0.238000 | Q: -86.678886 | won: False 
#  321 | steps: 12820 | steps_t:  7629 | t: 101.325330 | r:  -465.000000 | e:   0.237100 | Q: -67.809570 | won: False 
#  322 | steps: 12877 | steps_t:  7685 | t: 102.109279 | r:  -457.000000 | e:   0.231500 | Q: -68.589867 | won: False 
#  323 | steps: 13038 | steps_t:  7845 | t: 104.173777 | r:  -484.000000 | e:   0.215500 | Q: -53.998627 | won: False 
#  324 | steps: 13095 | steps_t:  7901 | t: 104.853487 | r:  -402.000000 | e:   0.209900 | Q: -64.185402 | won: False 
#  325 | steps: 13134 | steps_t:  7939 | t: 105.321492 | r:  -428.000000 | e:   0.206100 | Q: -31.183918 | won: False 
#  326 | steps: 13173 | steps_t:  7977 | t: 105.810190 | r:  -417.000000 | e:   0.202300 | Q: -48.444378 | won: False 
#  327 | steps: 13182 | steps_t:  7985 | t: 105.931866 | r:  -453.000000 | e:   0.201500 | Q: -56.896187 | won: False 
#  328 | steps: 13278 | steps_t:  8080 | t: 107.299292 | r:  -430.000000 | e:   0.192000 | Q: -45.159554 | won: False 
#  329 | steps: 13349 | steps_t:  8150 | t: 108.320083 | r:  -405.000000 | e:   0.185000 | Q: -38.107239 | won: False 
#  330 | steps: 13383 | steps_t:  8183 | t: 108.861169 | r:  -368.000000 | e:   0.181700 | Q: -55.498661 | won: False 
#  331 | steps: 13427 | steps_t:  8226 | t: 109.483510 | r:  -389.000000 | e:   0.177400 | Q: -37.007256 | won: False 
#  332 | steps: 13484 | steps_t:  8282 | t: 110.234926 | r:  -413.000000 | e:   0.171800 | Q: -58.812893 | won: False 
#  333 | steps: 13517 | steps_t:  8314 | t: 110.620918 | r:  -455.000000 | e:   0.168600 | Q: -54.684998 | won: False 
#  334 | steps: 13619 | steps_t:  8415 | t: 111.971343 | r:  -436.000000 | e:   0.158500 | Q: -44.969952 | won: False 
#  335 | steps: 13772 | steps_t:  8567 | t: 114.728555 | r:  -487.000000 | e:   0.143300 | Q: -44.189007 | won: False 
#  336 | steps: 13875 | steps_t:  8669 | t: 116.135846 | r:  -404.000000 | e:   0.133100 | Q: -23.243181 | won: False 
#  337 | steps: 13890 | steps_t:  8683 | t: 116.325341 | r:  -415.000000 | e:   0.131700 | Q: -44.547699 | won: False 
#  338 | steps: 13940 | steps_t:  8732 | t: 116.927533 | r:  -450.000000 | e:   0.126800 | Q: -21.579706 | won: False 
#  339 | steps: 13980 | steps_t:  8771 | t: 117.471085 | r:  -440.000000 | e:   0.122900 | Q: -44.065350 | won: False 
#  340 | steps: 13999 | steps_t:  8789 | t: 117.705460 | r:  -430.000000 | e:   0.121100 | Q: -28.638315 | won: False 
#  341 | steps: 14009 | steps_t:  8798 | t: 117.823148 | r:  -443.000000 | e:   0.120200 | Q: -24.698183 | won: False 
