#    1 | steps:     9 | steps_t:     0 | t: 0.003993 | r:  -508.000000 | e:   1.000000 | Q:        nan | won: False 
#    2 | steps:    20 | steps_t:     0 | t: 0.008977 | r:  -510.000000 | e:   1.000000 | Q:        nan | won: False 
#    3 | steps:    29 | steps_t:     0 | t: 0.012961 | r:  -508.000000 | e:   1.000000 | Q:        nan | won: False 
#    4 | steps:    36 | steps_t:     0 | t: 0.016953 | r:  -506.000000 | e:   1.000000 | Q:        nan | won: False 
#    5 | steps:    55 | steps_t:     0 | t: 0.025931 | r:  -518.000000 | e:   1.000000 | Q:        nan | won: False 
#    6 | steps:    62 | steps_t:     0 | t: 0.029892 | r:  -506.000000 | e:   1.000000 | Q:        nan | won: False 
#    7 | steps:    68 | steps_t:     0 | t: 0.032912 | r:  -505.000000 | e:   1.000000 | Q:        nan | won: False 
#    8 | steps:    78 | steps_t:     0 | t: 0.037899 | r:  -509.000000 | e:   1.000000 | Q:        nan | won: False 
#    9 | steps:    93 | steps_t:     0 | t: 0.044880 | r:  -514.000000 | e:   1.000000 | Q:        nan | won: False 
#   10 | steps:   101 | steps_t:     0 | t: 0.049839 | r:  -507.000000 | e:   1.000000 | Q:        nan | won: False 
#   11 | steps:   112 | steps_t:     0 | t: 0.054827 | r:  -510.000000 | e:   1.000000 | Q:        nan | won: False 
#   12 | steps:   120 | steps_t:     0 | t: 0.058843 | r:  -507.000000 | e:   1.000000 | Q:        nan | won: False 
#   13 | steps:   130 | steps_t:     0 | t: 0.062832 | r:  -509.000000 | e:   1.000000 | Q:        nan | won: False 
#   14 | steps:   148 | steps_t:     0 | t: 0.070784 | r:  -517.000000 | e:   1.000000 | Q:        nan | won: False 
#   15 | steps:   155 | steps_t:     0 | t: 0.074802 | r:  -506.000000 | e:   1.000000 | Q:        nan | won: False 
#   16 | steps:   160 | steps_t:     0 | t: 0.077794 | r:  -504.000000 | e:   1.000000 | Q:        nan | won: False 
#   17 | steps:   188 | steps_t:     0 | t: 0.088765 | r:  -527.000000 | e:   1.000000 | Q:        nan | won: False 
#   18 | steps:   195 | steps_t:     0 | t: 0.092753 | r:  -506.000000 | e:   1.000000 | Q:        nan | won: False 
#   19 | steps:   205 | steps_t:     0 | t: 0.096714 | r:  -509.000000 | e:   1.000000 | Q:        nan | won: False 
#   20 | steps:   229 | steps_t:     0 | t: 0.108711 | r:  -523.000000 | e:   1.000000 | Q:        nan | won: False 
#   21 | steps:   241 | steps_t:     0 | t: 0.114667 | r:  -511.000000 | e:   1.000000 | Q:        nan | won: False 
#   22 | steps:   253 | steps_t:     0 | t: 0.120652 | r:  -511.000000 | e:   1.000000 | Q:        nan | won: False 
#   23 | steps:   261 | steps_t:     0 | t: 0.124669 | r:  -507.000000 | e:   1.000000 | Q:        nan | won: False 
#   24 | steps:   270 | steps_t:     0 | t: 0.129628 | r:  -508.000000 | e:   1.000000 | Q:        nan | won: False 
#   25 | steps:   280 | steps_t:     0 | t: 0.134615 | r:  -509.000000 | e:   1.000000 | Q:        nan | won: False 
#   26 | steps:   289 | steps_t:     0 | t: 0.139601 | r:  -508.000000 | e:   1.000000 | Q:        nan | won: False 
#   27 | steps:   303 | steps_t:     0 | t: 0.146583 | r:  -513.000000 | e:   1.000000 | Q:        nan | won: False 
#   28 | steps:   324 | steps_t:     0 | t: 0.156556 | r:  -520.000000 | e:   1.000000 | Q:        nan | won: False 
#   29 | steps:   332 | steps_t:     0 | t: 0.160574 | r:  -507.000000 | e:   1.000000 | Q:        nan | won: False 
#   30 | steps:   344 | steps_t:     0 | t: 0.166530 | r:  -511.000000 | e:   1.000000 | Q:        nan | won: False 
#   31 | steps:   355 | steps_t:     0 | t: 0.172513 | r:  -510.000000 | e:   1.000000 | Q:        nan | won: False 
#   32 | steps:   362 | steps_t:     0 | t: 0.176534 | r:  -506.000000 | e:   1.000000 | Q:        nan | won: False 
#   33 | steps:   383 | steps_t:     0 | t: 0.185480 | r:  -520.000000 | e:   1.000000 | Q:        nan | won: False 
#   34 | steps:   395 | steps_t:     0 | t: 0.190493 | r:  -511.000000 | e:   1.000000 | Q:        nan | won: False 
#   35 | steps:   416 | steps_t:     0 | t: 0.199473 | r:  -520.000000 | e:   1.000000 | Q:        nan | won: False 
#   36 | steps:   423 | steps_t:     0 | t: 0.203463 | r:  -506.000000 | e:   1.000000 | Q:        nan | won: False 
#   37 | steps:   433 | steps_t:     0 | t: 0.207450 | r:  -509.000000 | e:   1.000000 | Q:        nan | won: False 
#   38 | steps:   451 | steps_t:     0 | t: 0.215400 | r:  -506.000000 | e:   1.000000 | Q:        nan | won: False 
#   39 | steps:   466 | steps_t:     0 | t: 0.222410 | r:  -514.000000 | e:   1.000000 | Q:        nan | won: False 
#   40 | steps:   471 | steps_t:     0 | t: 0.224377 | r:  -504.000000 | e:   1.000000 | Q:        nan | won: False 
#   41 | steps:   480 | steps_t:     0 | t: 0.229363 | r:  -508.000000 | e:   1.000000 | Q:        nan | won: False 
#   42 | steps:   488 | steps_t:     0 | t: 0.233382 | r:  -507.000000 | e:   1.000000 | Q:        nan | won: False 
#   43 | steps:   509 | steps_t:     0 | t: 0.241360 | r:  -520.000000 | e:   1.000000 | Q:        nan | won: False 
#   44 | steps:   528 | steps_t:     0 | t: 0.249310 | r:  -507.000000 | e:   1.000000 | Q:        nan | won: False 
#   45 | steps:   534 | steps_t:     0 | t: 0.253301 | r:  -505.000000 | e:   1.000000 | Q:        nan | won: False 
#   46 | steps:   546 | steps_t:     0 | t: 0.259315 | r:  -511.000000 | e:   1.000000 | Q:        nan | won: False 
#   47 | steps:   556 | steps_t:     0 | t: 0.263273 | r:  -509.000000 | e:   1.000000 | Q:        nan | won: False 
#   48 | steps:   565 | steps_t:     0 | t: 0.268289 | r:  -508.000000 | e:   1.000000 | Q:        nan | won: False 
#   49 | steps:   579 | steps_t:     0 | t: 0.274272 | r:  -513.000000 | e:   1.000000 | Q:        nan | won: False 
#   50 | steps:   586 | steps_t:     0 | t: 0.278266 | r:  -506.000000 | e:   1.000000 | Q:        nan | won: False 
#   51 | steps:   592 | steps_t:     0 | t: 0.281254 | r:  -505.000000 | e:   1.000000 | Q:        nan | won: False 
#   52 | steps:   604 | steps_t:     0 | t: 0.286213 | r:  -511.000000 | e:   1.000000 | Q:        nan | won: False 
#   53 | steps:   629 | steps_t:     0 | t: 0.296217 | r:  -524.000000 | e:   1.000000 | Q:        nan | won: False 
#   54 | steps:   638 | steps_t:     0 | t: 0.300176 | r:  -508.000000 | e:   1.000000 | Q:        nan | won: False 
#   55 | steps:   646 | steps_t:     0 | t: 0.305164 | r:  -507.000000 | e:   1.000000 | Q:        nan | won: False 
#   56 | steps:   658 | steps_t:     0 | t: 0.310149 | r:  -511.000000 | e:   1.000000 | Q:        nan | won: False 
#   57 | steps:   673 | steps_t:     0 | t: 0.317159 | r:  -503.000000 | e:   1.000000 | Q:        nan | won: False 
#   58 | steps:   683 | steps_t:     0 | t: 0.322118 | r:  -509.000000 | e:   1.000000 | Q:        nan | won: False 
#   59 | steps:   694 | steps_t:     0 | t: 0.327133 | r:  -510.000000 | e:   1.000000 | Q:        nan | won: False 
#   60 | steps:   708 | steps_t:     0 | t: 0.333089 | r:  -491.000000 | e:   1.000000 | Q:        nan | won: False 
#   61 | steps:   719 | steps_t:     0 | t: 0.338076 | r:  -510.000000 | e:   1.000000 | Q:        nan | won: False 
#   62 | steps:   725 | steps_t:     0 | t: 0.341095 | r:  -505.000000 | e:   1.000000 | Q:        nan | won: False 
#   63 | steps:   748 | steps_t:     0 | t: 0.350044 | r:  -522.000000 | e:   1.000000 | Q:        nan | won: False 
#   64 | steps:   754 | steps_t:     0 | t: 0.354062 | r:  -505.000000 | e:   1.000000 | Q:        nan | won: False 
#   65 | steps:   761 | steps_t:     0 | t: 0.357026 | r:  -506.000000 | e:   1.000000 | Q:        nan | won: False 
#   66 | steps:   772 | steps_t:     0 | t: 0.362040 | r:  -510.000000 | e:   1.000000 | Q:        nan | won: False 
#   67 | steps:   780 | steps_t:     0 | t: 0.366034 | r:  -507.000000 | e:   1.000000 | Q:        nan | won: False 
#   68 | steps:   791 | steps_t:     0 | t: 0.370990 | r:  -510.000000 | e:   1.000000 | Q:        nan | won: False 
#   69 | steps:   801 | steps_t:     0 | t: 0.376003 | r:  -509.000000 | e:   1.000000 | Q:        nan | won: False 
#   70 | steps:   816 | steps_t:     0 | t: 0.381959 | r:  -514.000000 | e:   1.000000 | Q:        nan | won: False 
#   71 | steps:   823 | steps_t:     0 | t: 0.385979 | r:  -506.000000 | e:   1.000000 | Q:        nan | won: False 
#   72 | steps:   836 | steps_t:     0 | t: 0.391963 | r:  -512.000000 | e:   1.000000 | Q:        nan | won: False 
#   73 | steps:   847 | steps_t:     0 | t: 0.396920 | r:  -510.000000 | e:   1.000000 | Q:        nan | won: False 
#   74 | steps:   853 | steps_t:     0 | t: 0.399944 | r:  -505.000000 | e:   1.000000 | Q:        nan | won: False 
#   75 | steps:   862 | steps_t:     0 | t: 0.404927 | r:  -508.000000 | e:   1.000000 | Q:        nan | won: False 
#   76 | steps:   870 | steps_t:     0 | t: 0.408912 | r:  -507.000000 | e:   1.000000 | Q:        nan | won: False 
#   77 | steps:   879 | steps_t:     0 | t: 0.412906 | r:  -508.000000 | e:   1.000000 | Q:        nan | won: False 
#   78 | steps:   896 | steps_t:     0 | t: 0.419860 | r:  -516.000000 | e:   1.000000 | Q:        nan | won: False 
#   79 | steps:   904 | steps_t:     0 | t: 0.423879 | r:  -507.000000 | e:   1.000000 | Q:        nan | won: False 
#   80 | steps:   910 | steps_t:     0 | t: 0.426841 | r:  -505.000000 | e:   1.000000 | Q:        nan | won: False 
#   81 | steps:   919 | steps_t:     0 | t: 0.430856 | r:  -508.000000 | e:   1.000000 | Q:        nan | won: False 
#   82 | steps:   936 | steps_t:     0 | t: 0.438838 | r:  -516.000000 | e:   1.000000 | Q:        nan | won: False 
#   83 | steps:   948 | steps_t:     0 | t: 0.443820 | r:  -511.000000 | e:   1.000000 | Q:        nan | won: False 
#   84 | steps:   962 | steps_t:     0 | t: 0.449808 | r:  -513.000000 | e:   1.000000 | Q:        nan | won: False 
#   85 | steps:   972 | steps_t:     0 | t: 0.455790 | r:  -509.000000 | e:   1.000000 | Q:        nan | won: False 
#   86 | steps:   988 | steps_t:     0 | t: 0.462769 | r:  -515.000000 | e:   1.000000 | Q:        nan | won: False 
#   87 | steps:  1009 | steps_t:     0 | t: 0.470737 | r:  -520.000000 | e:   1.000000 | Q:        nan | won: False 
#   88 | steps:  1016 | steps_t:     0 | t: 0.474740 | r:  -506.000000 | e:   1.000000 | Q:        nan | won: False 
#   89 | steps:  1025 | steps_t:     0 | t: 0.478732 | r:  -508.000000 | e:   1.000000 | Q:        nan | won: False 
#   90 | steps:  1044 | steps_t:     0 | t: 0.486683 | r:  -518.000000 | e:   1.000000 | Q:        nan | won: False 
#   91 | steps:  1052 | steps_t:     0 | t: 0.490700 | r:  -507.000000 | e:   1.000000 | Q:        nan | won: False 
#   92 | steps:  1066 | steps_t:     0 | t: 0.496684 | r:  -513.000000 | e:   1.000000 | Q:        nan | won: False 
#   93 | steps:  1079 | steps_t:     0 | t: 0.502669 | r:  -512.000000 | e:   1.000000 | Q:        nan | won: False 
#   94 | steps:  1090 | steps_t:     0 | t: 0.507654 | r:  -510.000000 | e:   1.000000 | Q:        nan | won: False 
#   95 | steps:  1101 | steps_t:     0 | t: 0.512641 | r:  -510.000000 | e:   1.000000 | Q:        nan | won: False 
#   96 | steps:  1117 | steps_t:     0 | t: 0.519627 | r:  -515.000000 | e:   1.000000 | Q:        nan | won: False 
#   97 | steps:  1125 | steps_t:     0 | t: 0.523585 | r:  -507.000000 | e:   1.000000 | Q:        nan | won: False 
#   98 | steps:  1138 | steps_t:     0 | t: 0.529601 | r:  -512.000000 | e:   1.000000 | Q:        nan | won: False 
#   99 | steps:  1147 | steps_t:     0 | t: 0.533590 | r:  -508.000000 | e:   1.000000 | Q:        nan | won: False 
#  100 | steps:  1155 | steps_t:     0 | t: 0.538545 | r:  -507.000000 | e:   1.000000 | Q:        nan | won: False 
#  101 | steps:  1165 | steps_t:     0 | t: 0.542534 | r:  -509.000000 | e:   1.000000 | Q:        nan | won: False 
#  102 | steps:  1177 | steps_t:     0 | t: 0.548518 | r:  -511.000000 | e:   1.000000 | Q:        nan | won: False 
#  103 | steps:  1193 | steps_t:     0 | t: 0.555530 | r:  -504.000000 | e:   1.000000 | Q:        nan | won: False 
#  104 | steps:  1202 | steps_t:     0 | t: 0.559522 | r:  -508.000000 | e:   1.000000 | Q:        nan | won: False 
#  105 | steps:  1207 | steps_t:     0 | t: 0.562482 | r:  -504.000000 | e:   1.000000 | Q:        nan | won: False 
#  106 | steps:  1216 | steps_t:     0 | t: 0.566471 | r:  -508.000000 | e:   1.000000 | Q:        nan | won: False 
#  107 | steps:  1225 | steps_t:     0 | t: 0.571458 | r:  -508.000000 | e:   1.000000 | Q:        nan | won: False 
#  108 | steps:  1235 | steps_t:     0 | t: 0.575475 | r:  -509.000000 | e:   1.000000 | Q:        nan | won: False 
#  109 | steps:  1254 | steps_t:     0 | t: 0.583456 | r:  -518.000000 | e:   1.000000 | Q:        nan | won: False 
#  110 | steps:  1263 | steps_t:     0 | t: 0.588412 | r:  -508.000000 | e:   1.000000 | Q:        nan | won: False 
#  111 | steps:  1277 | steps_t:     0 | t: 0.594426 | r:  -513.000000 | e:   1.000000 | Q:        nan | won: False 
#  112 | steps:  1288 | steps_t:     0 | t: 0.599412 | r:  -510.000000 | e:   1.000000 | Q:        nan | won: False 
#  113 | steps:  1296 | steps_t:     0 | t: 0.603373 | r:  -507.000000 | e:   1.000000 | Q:        nan | won: False 
#  114 | steps:  1315 | steps_t:     0 | t: 0.611380 | r:  -518.000000 | e:   1.000000 | Q:        nan | won: False 
#  115 | steps:  1328 | steps_t:     0 | t: 0.617359 | r:  -512.000000 | e:   1.000000 | Q:        nan | won: False 
#  116 | steps:  1338 | steps_t:     0 | t: 0.621326 | r:  -509.000000 | e:   1.000000 | Q:        nan | won: False 
#  117 | steps:  1349 | steps_t:     0 | t: 0.627334 | r:  -510.000000 | e:   1.000000 | Q:        nan | won: False 
#  118 | steps:  1356 | steps_t:     0 | t: 0.630302 | r:  -506.000000 | e:   1.000000 | Q:        nan | won: False 
#  119 | steps:  1364 | steps_t:     0 | t: 0.635288 | r:  -507.000000 | e:   1.000000 | Q:        nan | won: False 
#  120 | steps:  1369 | steps_t:     0 | t: 0.638281 | r:  -504.000000 | e:   1.000000 | Q:        nan | won: False 
#  121 | steps:  1379 | steps_t:     0 | t: 0.643267 | r:  -509.000000 | e:   1.000000 | Q:        nan | won: False 
#  122 | steps:  1385 | steps_t:     0 | t: 0.646260 | r:  -505.000000 | e:   1.000000 | Q:        nan | won: False 
#  123 | steps:  1393 | steps_t:     0 | t: 0.650249 | r:  -507.000000 | e:   1.000000 | Q:        nan | won: False 
#  124 | steps:  1401 | steps_t:     0 | t: 0.656235 | r:  -507.000000 | e:   1.000000 | Q:        nan | won: False 
#  125 | steps:  1412 | steps_t:     0 | t: 0.661252 | r:  -510.000000 | e:   1.000000 | Q:        nan | won: False 
#  126 | steps:  1422 | steps_t:     0 | t: 0.666235 | r:  -509.000000 | e:   1.000000 | Q:        nan | won: False 
#  127 | steps:  1429 | steps_t:     0 | t: 0.669199 | r:  -506.000000 | e:   1.000000 | Q:        nan | won: False 
#  128 | steps:  1439 | steps_t:     0 | t: 0.675213 | r:  -509.000000 | e:   1.000000 | Q:        nan | won: False 
#  129 | steps:  1450 | steps_t:     0 | t: 0.680198 | r:  -510.000000 | e:   1.000000 | Q:        nan | won: False 
#  130 | steps:  1456 | steps_t:     0 | t: 0.684188 | r:  -505.000000 | e:   1.000000 | Q:        nan | won: False 
#  131 | steps:  1465 | steps_t:     0 | t: 0.688186 | r:  -508.000000 | e:   1.000000 | Q:        nan | won: False 
#  132 | steps:  1475 | steps_t:     0 | t: 0.693162 | r:  -509.000000 | e:   1.000000 | Q:        nan | won: False 
#  133 | steps:  1485 | steps_t:     0 | t: 0.698122 | r:  -509.000000 | e:   1.000000 | Q:        nan | won: False 
#  134 | steps:  1494 | steps_t:     0 | t: 0.703138 | r:  -508.000000 | e:   1.000000 | Q:        nan | won: False 
#  135 | steps:  1504 | steps_t:     0 | t: 0.708124 | r:  -509.000000 | e:   1.000000 | Q:        nan | won: False 
#  136 | steps:  1509 | steps_t:     0 | t: 0.710090 | r:  -504.000000 | e:   1.000000 | Q:        nan | won: False 
#  137 | steps:  1518 | steps_t:     0 | t: 0.715098 | r:  -508.000000 | e:   1.000000 | Q:        nan | won: False 
#  138 | steps:  1530 | steps_t:     0 | t: 0.721061 | r:  -511.000000 | e:   1.000000 | Q:        nan | won: False 
#  139 | steps:  1540 | steps_t:     0 | t: 0.726048 | r:  -509.000000 | e:   1.000000 | Q:        nan | won: False 
#  140 | steps:  1550 | steps_t:     0 | t: 0.730078 | r:  -509.000000 | e:   1.000000 | Q:        nan | won: False 
#  141 | steps:  1561 | steps_t:     0 | t: 0.736050 | r:  -510.000000 | e:   1.000000 | Q:        nan | won: False 
#  142 | steps:  1569 | steps_t:     0 | t: 0.741037 | r:  -507.000000 | e:   1.000000 | Q:        nan | won: False 
#  143 | steps:  1577 | steps_t:     0 | t: 0.744998 | r:  -507.000000 | e:   1.000000 | Q:        nan | won: False 
#  144 | steps:  1586 | steps_t:     0 | t: 0.748987 | r:  -508.000000 | e:   1.000000 | Q:        nan | won: False 
#  145 | steps:  1591 | steps_t:     0 | t: 0.751979 | r:  -504.000000 | e:   1.000000 | Q:        nan | won: False 
#  146 | steps:  1601 | steps_t:     0 | t: 0.756966 | r:  -509.000000 | e:   1.000000 | Q:        nan | won: False 
#  147 | steps:  1610 | steps_t:     0 | t: 0.760984 | r:  -508.000000 | e:   1.000000 | Q:        nan | won: False 
#  148 | steps:  1621 | steps_t:     0 | t: 0.766940 | r:  -510.000000 | e:   1.000000 | Q:        nan | won: False 
#  149 | steps:  1629 | steps_t:     0 | t: 0.769962 | r:  -507.000000 | e:   1.000000 | Q:        nan | won: False 
#  150 | steps:  1635 | steps_t:     0 | t: 0.773921 | r:  -505.000000 | e:   1.000000 | Q:        nan | won: False 
#  151 | steps:  1656 | steps_t:     0 | t: 0.782897 | r:  -520.000000 | e:   1.000000 | Q:        nan | won: False 
#  152 | steps:  1667 | steps_t:     0 | t: 0.787885 | r:  -510.000000 | e:   1.000000 | Q:        nan | won: False 
#  153 | steps:  1679 | steps_t:     0 | t: 0.792899 | r:  -511.000000 | e:   1.000000 | Q:        nan | won: False 
#  154 | steps:  1700 | steps_t:     0 | t: 0.801878 | r:  -520.000000 | e:   1.000000 | Q:        nan | won: False 
#  155 | steps:  1720 | steps_t:     0 | t: 0.809854 | r:  -519.000000 | e:   1.000000 | Q:        nan | won: False 
#  156 | steps:  1728 | steps_t:     0 | t: 0.812850 | r:  -507.000000 | e:   1.000000 | Q:        nan | won: False 
#  157 | steps:  1743 | steps_t:     0 | t: 0.819828 | r:  -514.000000 | e:   1.000000 | Q:        nan | won: False 
#  158 | steps:  1754 | steps_t:     0 | t: 0.824814 | r:  -510.000000 | e:   1.000000 | Q:        nan | won: False 
#  159 | steps:  1761 | steps_t:     0 | t: 0.827779 | r:  -506.000000 | e:   1.000000 | Q:        nan | won: False 
#  160 | steps:  1770 | steps_t:     0 | t: 0.832765 | r:  -508.000000 | e:   1.000000 | Q:        nan | won: False 
#  161 | steps:  1780 | steps_t:     0 | t: 0.836756 | r:  -509.000000 | e:   1.000000 | Q:        nan | won: False 
#  162 | steps:  1791 | steps_t:     0 | t: 0.842739 | r:  -510.000000 | e:   1.000000 | Q:        nan | won: False 
#  163 | steps:  1807 | steps_t:     0 | t: 0.848751 | r:  -515.000000 | e:   1.000000 | Q:        nan | won: False 
#  164 | steps:  1814 | steps_t:     0 | t: 0.852742 | r:  -506.000000 | e:   1.000000 | Q:        nan | won: False 
#  165 | steps:  1828 | steps_t:     0 | t: 0.858697 | r:  -502.000000 | e:   1.000000 | Q:        nan | won: False 
#  166 | steps:  1835 | steps_t:     0 | t: 0.862715 | r:  -506.000000 | e:   1.000000 | Q:        nan | won: False 
#  167 | steps:  1843 | steps_t:     0 | t: 0.865678 | r:  -507.000000 | e:   1.000000 | Q:        nan | won: False 
#  168 | steps:  1853 | steps_t:     0 | t: 0.870696 | r:  -509.000000 | e:   1.000000 | Q:        nan | won: False 
#  169 | steps:  1873 | steps_t:     0 | t: 0.878675 | r:  -519.000000 | e:   1.000000 | Q:        nan | won: False 
#  170 | steps:  1884 | steps_t:     0 | t: 0.884628 | r:  -510.000000 | e:   1.000000 | Q:        nan | won: False 
#  171 | steps:  1895 | steps_t:     0 | t: 0.890613 | r:  -510.000000 | e:   1.000000 | Q:        nan | won: False 
#  172 | steps:  1903 | steps_t:     0 | t: 0.893633 | r:  -507.000000 | e:   1.000000 | Q:        nan | won: False 
#  173 | steps:  1912 | steps_t:     0 | t: 0.898619 | r:  -508.000000 | e:   1.000000 | Q:        nan | won: False 
#  174 | steps:  1925 | steps_t:     0 | t: 0.903606 | r:  -512.000000 | e:   1.000000 | Q:        nan | won: False 
#  175 | steps:  1942 | steps_t:     0 | t: 0.911556 | r:  -516.000000 | e:   1.000000 | Q:        nan | won: False 
#  176 | steps:  1952 | steps_t:     0 | t: 0.916576 | r:  -509.000000 | e:   1.000000 | Q:        nan | won: False 
#  177 | steps:  1963 | steps_t:     0 | t: 0.921561 | r:  -510.000000 | e:   1.000000 | Q:        nan | won: False 
#  178 | steps:  1971 | steps_t:     0 | t: 0.925519 | r:  -507.000000 | e:   1.000000 | Q:        nan | won: False 
#  179 | steps:  1987 | steps_t:     0 | t: 0.932502 | r:  -515.000000 | e:   1.000000 | Q:        nan | won: False 
#  180 | steps:  1994 | steps_t:     0 | t: 0.935522 | r:  -506.000000 | e:   1.000000 | Q:        nan | won: False 
#  181 | steps:  2000 | steps_t:     0 | t: 0.938515 | r:  -505.000000 | e:   1.000000 | Q:        nan | won: False 
#  182 | steps:  2015 | steps_t:     0 | t: 0.945467 | r:  -514.000000 | e:   1.000000 | Q:        nan | won: False 
#  183 | steps:  2034 | steps_t:     0 | t: 0.953478 | r:  -518.000000 | e:   1.000000 | Q:        nan | won: False 
#  184 | steps:  2058 | steps_t:     0 | t: 0.963450 | r:  -523.000000 | e:   1.000000 | Q:        nan | won: False 
#  185 | steps:  2066 | steps_t:     0 | t: 0.967437 | r:  -507.000000 | e:   1.000000 | Q:        nan | won: False 
#  186 | steps:  2078 | steps_t:     0 | t: 0.972396 | r:  -511.000000 | e:   1.000000 | Q:        nan | won: False 
#  187 | steps:  2085 | steps_t:     0 | t: 0.976386 | r:  -506.000000 | e:   1.000000 | Q:        nan | won: False 
#  188 | steps:  2093 | steps_t:     0 | t: 0.980402 | r:  -507.000000 | e:   1.000000 | Q:        nan | won: False 
#  189 | steps:  2103 | steps_t:     0 | t: 0.984392 | r:  -509.000000 | e:   1.000000 | Q:        nan | won: False 
#  190 | steps:  2112 | steps_t:     0 | t: 0.988382 | r:  -508.000000 | e:   1.000000 | Q:        nan | won: False 
#  191 | steps:  2132 | steps_t:     0 | t: 0.997358 | r:  -519.000000 | e:   1.000000 | Q:        nan | won: False 
#  192 | steps:  2144 | steps_t:     0 | t: 1.003314 | r:  -511.000000 | e:   1.000000 | Q:        nan | won: False 
#  193 | steps:  2151 | steps_t:     0 | t: 1.006306 | r:  -506.000000 | e:   1.000000 | Q:        nan | won: False 
#  194 | steps:  2159 | steps_t:     0 | t: 1.010319 | r:  -507.000000 | e:   1.000000 | Q:        nan | won: False 
#  195 | steps:  2173 | steps_t:     0 | t: 1.016304 | r:  -513.000000 | e:   1.000000 | Q:        nan | won: False 
#  196 | steps:  2185 | steps_t:     0 | t: 1.022288 | r:  -511.000000 | e:   1.000000 | Q:        nan | won: False 
#  197 | steps:  2194 | steps_t:     0 | t: 1.026253 | r:  -508.000000 | e:   1.000000 | Q:        nan | won: False 
#  198 | steps:  2204 | steps_t:     0 | t: 1.031267 | r:  -509.000000 | e:   1.000000 | Q:        nan | won: False 
#  199 | steps:  2220 | steps_t:     0 | t: 1.038221 | r:  -504.000000 | e:   1.000000 | Q:        nan | won: False 
#  200 | steps:  2233 | steps_t:     0 | t: 1.044234 | r:  -501.000000 | e:   1.000000 | Q:        nan | won: False 
#  201 | steps:  2240 | steps_t:     0 | t: 1.048195 | r:  -506.000000 | e:   1.000000 | Q:        nan | won: False 
#  202 | steps:  2250 | steps_t:     0 | t: 1.053181 | r:  -509.000000 | e:   1.000000 | Q:        nan | won: False 
#  203 | steps:  2257 | steps_t:     0 | t: 1.057171 | r:  -506.000000 | e:   1.000000 | Q:        nan | won: False 
#  204 | steps:  2271 | steps_t:     0 | t: 1.063184 | r:  -502.000000 | e:   1.000000 | Q:        nan | won: False 
#  205 | steps:  2286 | steps_t:     0 | t: 1.070136 | r:  -503.000000 | e:   1.000000 | Q:        nan | won: False 
#  206 | steps:  2294 | steps_t:     0 | t: 1.074126 | r:  -507.000000 | e:   1.000000 | Q:        nan | won: False 
#  207 | steps:  2307 | steps_t:     0 | t: 1.080138 | r:  -512.000000 | e:   1.000000 | Q:        nan | won: False 
#  208 | steps:  2316 | steps_t:     0 | t: 1.084099 | r:  -508.000000 | e:   1.000000 | Q:        nan | won: False 
#  209 | steps:  2326 | steps_t:     0 | t: 1.088118 | r:  -509.000000 | e:   1.000000 | Q:        nan | won: False 
#  210 | steps:  2338 | steps_t:     0 | t: 1.094104 | r:  -511.000000 | e:   1.000000 | Q:        nan | won: False 
#  211 | steps:  2370 | steps_t:     0 | t: 1.106070 | r:  -531.000000 | e:   1.000000 | Q:        nan | won: False 
#  212 | steps:  2380 | steps_t:     0 | t: 1.111056 | r:  -509.000000 | e:   1.000000 | Q:        nan | won: False 
#  213 | steps:  2398 | steps_t:     0 | t: 1.118038 | r:  -517.000000 | e:   1.000000 | Q:        nan | won: False 
#  214 | steps:  2405 | steps_t:     0 | t: 1.122028 | r:  -506.000000 | e:   1.000000 | Q:        nan | won: False 
#  215 | steps:  2412 | steps_t:     0 | t: 1.125989 | r:  -506.000000 | e:   1.000000 | Q:        nan | won: False 
#  216 | steps:  2436 | steps_t:     0 | t: 1.134993 | r:  -523.000000 | e:   1.000000 | Q:        nan | won: False 
#  217 | steps:  2446 | steps_t:     0 | t: 1.138983 | r:  -509.000000 | e:   1.000000 | Q:        nan | won: False 
#  218 | steps:  2453 | steps_t:     0 | t: 1.143942 | r:  -506.000000 | e:   1.000000 | Q:        nan | won: False 
#  219 | steps:  2461 | steps_t:     0 | t: 1.147955 | r:  -507.000000 | e:   1.000000 | Q:        nan | won: False 
#  220 | steps:  2470 | steps_t:     0 | t: 1.151921 | r:  -508.000000 | e:   1.000000 | Q:        nan | won: False 
#  221 | steps:  2485 | steps_t:     0 | t: 1.157904 | r:  -514.000000 | e:   1.000000 | Q:        nan | won: False 
#  222 | steps:  2490 | steps_t:     0 | t: 1.160925 | r:  -504.000000 | e:   1.000000 | Q:        nan | won: False 
#  223 | steps:  2508 | steps_t:     0 | t: 1.168875 | r:  -517.000000 | e:   1.000000 | Q:        nan | won: False 
#  224 | steps:  2530 | steps_t:     0 | t: 1.176881 | r:  -521.000000 | e:   1.000000 | Q:        nan | won: False 
#  225 | steps:  2538 | steps_t:     0 | t: 1.180868 | r:  -507.000000 | e:   1.000000 | Q:        nan | won: False 
#  226 | steps:  2547 | steps_t:     0 | t: 1.185859 | r:  -508.000000 | e:   1.000000 | Q:        nan | won: False 
#  227 | steps:  2566 | steps_t:     0 | t: 1.193838 | r:  -518.000000 | e:   1.000000 | Q:        nan | won: False 
#  228 | steps:  2586 | steps_t:     0 | t: 1.201816 | r:  -508.000000 | e:   1.000000 | Q:        nan | won: False 
#  229 | steps:  2607 | steps_t:     0 | t: 1.210793 | r:  -520.000000 | e:   1.000000 | Q:        nan | won: False 
#  230 | steps:  2614 | steps_t:     0 | t: 1.214782 | r:  -506.000000 | e:   1.000000 | Q:        nan | won: False 
#  231 | steps:  2624 | steps_t:     0 | t: 1.218771 | r:  -509.000000 | e:   1.000000 | Q:        nan | won: False 
#  232 | steps:  2632 | steps_t:     0 | t: 1.222762 | r:  -507.000000 | e:   1.000000 | Q:        nan | won: False 
#  233 | steps:  2642 | steps_t:     0 | t: 1.227751 | r:  -509.000000 | e:   1.000000 | Q:        nan | won: False 
#  234 | steps:  2651 | steps_t:     0 | t: 1.231737 | r:  -508.000000 | e:   1.000000 | Q:        nan | won: False 
#  235 | steps:  2673 | steps_t:     0 | t: 1.240685 | r:  -521.000000 | e:   1.000000 | Q:        nan | won: False 
#  236 | steps:  2688 | steps_t:     0 | t: 1.248664 | r:  -514.000000 | e:   1.000000 | Q:        nan | won: False 
#  237 | steps:  2699 | steps_t:     0 | t: 1.254647 | r:  -510.000000 | e:   1.000000 | Q:        nan | won: False 
#  238 | steps:  2706 | steps_t:     0 | t: 1.258637 | r:  -506.000000 | e:   1.000000 | Q:        nan | won: False 
#  239 | steps:  2714 | steps_t:     0 | t: 1.262627 | r:  -507.000000 | e:   1.000000 | Q:        nan | won: False 
#  240 | steps:  2737 | steps_t:     0 | t: 1.273598 | r:  -522.000000 | e:   1.000000 | Q:        nan | won: False 
#  241 | steps:  2748 | steps_t:     0 | t: 1.279610 | r:  -510.000000 | e:   1.000000 | Q:        nan | won: False 
#  242 | steps:  2758 | steps_t:     0 | t: 1.285598 | r:  -509.000000 | e:   1.000000 | Q:        nan | won: False 
#  243 | steps:  2768 | steps_t:     0 | t: 1.290581 | r:  -509.000000 | e:   1.000000 | Q:        nan | won: False 
#  244 | steps:  2779 | steps_t:     0 | t: 1.295540 | r:  -510.000000 | e:   1.000000 | Q:        nan | won: False 
#  245 | steps:  2791 | steps_t:     0 | t: 1.301524 | r:  -511.000000 | e:   1.000000 | Q:        nan | won: False 
#  246 | steps:  2799 | steps_t:     0 | t: 1.305513 | r:  -507.000000 | e:   1.000000 | Q:        nan | won: False 
#  247 | steps:  2808 | steps_t:     0 | t: 1.309531 | r:  -508.000000 | e:   1.000000 | Q:        nan | won: False 
#  248 | steps:  2815 | steps_t:     0 | t: 1.313492 | r:  -506.000000 | e:   1.000000 | Q:        nan | won: False 
#  249 | steps:  2828 | steps_t:     0 | t: 1.319477 | r:  -512.000000 | e:   1.000000 | Q:        nan | won: False 
#  250 | steps:  2838 | steps_t:     0 | t: 1.324463 | r:  -509.000000 | e:   1.000000 | Q:        nan | won: False 
#  251 | steps:  2847 | steps_t:     0 | t: 1.328452 | r:  -508.000000 | e:   1.000000 | Q:        nan | won: False 
#  252 | steps:  2854 | steps_t:     0 | t: 1.332443 | r:  -506.000000 | e:   1.000000 | Q:        nan | won: False 
#  253 | steps:  2861 | steps_t:     0 | t: 1.336431 | r:  -506.000000 | e:   1.000000 | Q:        nan | won: False 
#  254 | steps:  2880 | steps_t:     0 | t: 1.343413 | r:  -507.000000 | e:   1.000000 | Q:        nan | won: False 
#  255 | steps:  2900 | steps_t:     0 | t: 1.351392 | r:  -519.000000 | e:   1.000000 | Q:        nan | won: False 
#  256 | steps:  2910 | steps_t:     0 | t: 1.356379 | r:  -509.000000 | e:   1.000000 | Q:        nan | won: False 
#  257 | steps:  2918 | steps_t:     0 | t: 1.360368 | r:  -507.000000 | e:   1.000000 | Q:        nan | won: False 
#  258 | steps:  2937 | steps_t:     0 | t: 1.369344 | r:  -518.000000 | e:   1.000000 | Q:        nan | won: False 
#  259 | steps:  2950 | steps_t:     0 | t: 1.374331 | r:  -512.000000 | e:   1.000000 | Q:        nan | won: False 
#  260 | steps:  2970 | steps_t:     0 | t: 1.383307 | r:  -519.000000 | e:   1.000000 | Q:        nan | won: False 
#  261 | steps:  2991 | steps_t:     0 | t: 1.392284 | r:  -520.000000 | e:   1.000000 | Q:        nan | won: False 
#  262 | steps:  3001 | steps_t:     0 | t: 1.397270 | r:  -509.000000 | e:   1.000000 | Q:        nan | won: False 
#  263 | steps:  3010 | steps_t:     0 | t: 1.402257 | r:  -508.000000 | e:   1.000000 | Q:        nan | won: False 
#  264 | steps:  3018 | steps_t:     0 | t: 1.406247 | r:  -507.000000 | e:   1.000000 | Q:        nan | won: False 
#  265 | steps:  3027 | steps_t:     0 | t: 1.410236 | r:  -508.000000 | e:   1.000000 | Q:        nan | won: False 
#  266 | steps:  3039 | steps_t:     0 | t: 1.416220 | r:  -511.000000 | e:   1.000000 | Q:        nan | won: False 
#  267 | steps:  3047 | steps_t:     0 | t: 1.420209 | r:  -507.000000 | e:   1.000000 | Q:        nan | won: False 
#  268 | steps:  3054 | steps_t:     0 | t: 1.423202 | r:  -506.000000 | e:   1.000000 | Q:        nan | won: False 
#  269 | steps:  3074 | steps_t:     0 | t: 1.431180 | r:  -519.000000 | e:   1.000000 | Q:        nan | won: False 
#  270 | steps:  3083 | steps_t:     0 | t: 1.436167 | r:  -508.000000 | e:   1.000000 | Q:        nan | won: False 
#  271 | steps:  3099 | steps_t:     0 | t: 1.442152 | r:  -515.000000 | e:   1.000000 | Q:        nan | won: False 
#  272 | steps:  3108 | steps_t:     0 | t: 1.447169 | r:  -508.000000 | e:   1.000000 | Q:        nan | won: False 
#  273 | steps:  3115 | steps_t:     0 | t: 1.450131 | r:  -506.000000 | e:   1.000000 | Q:        nan | won: False 
#  274 | steps:  3124 | steps_t:     0 | t: 1.454148 | r:  -508.000000 | e:   1.000000 | Q:        nan | won: False 
#  275 | steps:  3136 | steps_t:     0 | t: 1.459107 | r:  -511.000000 | e:   1.000000 | Q:        nan | won: False 
#  276 | steps:  3144 | steps_t:     0 | t: 1.463096 | r:  -507.000000 | e:   1.000000 | Q:        nan | won: False 
#  277 | steps:  3150 | steps_t:     0 | t: 1.466089 | r:  -505.000000 | e:   1.000000 | Q:        nan | won: False 
#  278 | steps:  3165 | steps_t:     0 | t: 1.473069 | r:  -514.000000 | e:   1.000000 | Q:        nan | won: False 
#  279 | steps:  3182 | steps_t:     0 | t: 1.480079 | r:  -516.000000 | e:   1.000000 | Q:        nan | won: False 
#  280 | steps:  3190 | steps_t:     0 | t: 1.484040 | r:  -507.000000 | e:   1.000000 | Q:        nan | won: False 
#  281 | steps:  3198 | steps_t:     0 | t: 1.488058 | r:  -507.000000 | e:   1.000000 | Q:        nan | won: False 
#  282 | steps:  3209 | steps_t:     0 | t: 1.493017 | r:  -510.000000 | e:   1.000000 | Q:        nan | won: False 
#  283 | steps:  3224 | steps_t:     0 | t: 1.499998 | r:  -503.000000 | e:   1.000000 | Q:        nan | won: False 
#  284 | steps:  3234 | steps_t:     0 | t: 1.503988 | r:  -509.000000 | e:   1.000000 | Q:        nan | won: False 
#  285 | steps:  3245 | steps_t:     0 | t: 1.510001 | r:  -510.000000 | e:   1.000000 | Q:        nan | won: False 
#  286 | steps:  3255 | steps_t:     0 | t: 1.513990 | r:  -509.000000 | e:   1.000000 | Q:        nan | won: False 
#  287 | steps:  3269 | steps_t:     0 | t: 1.519974 | r:  -513.000000 | e:   1.000000 | Q:        nan | won: False 
#  288 | steps:  3283 | steps_t:     0 | t: 1.525958 | r:  -513.000000 | e:   1.000000 | Q:        nan | won: False 
#  289 | steps:  3294 | steps_t:     0 | t: 1.530946 | r:  -510.000000 | e:   1.000000 | Q:        nan | won: False 
#  290 | steps:  3301 | steps_t:     0 | t: 1.534905 | r:  -506.000000 | e:   1.000000 | Q:        nan | won: False 
#  291 | steps:  3316 | steps_t:     0 | t: 1.540921 | r:  -503.000000 | e:   1.000000 | Q:        nan | won: False 
#  292 | steps:  3323 | steps_t:     0 | t: 1.544908 | r:  -506.000000 | e:   1.000000 | Q:        nan | won: False 
#  293 | steps:  3332 | steps_t:     0 | t: 1.548899 | r:  -508.000000 | e:   1.000000 | Q:        nan | won: False 
#  294 | steps:  3341 | steps_t:     0 | t: 1.552886 | r:  -508.000000 | e:   1.000000 | Q:        nan | won: False 
#  295 | steps:  3349 | steps_t:     0 | t: 1.556878 | r:  -507.000000 | e:   1.000000 | Q:        nan | won: False 
#  296 | steps:  3354 | steps_t:     0 | t: 1.559841 | r:  -504.000000 | e:   1.000000 | Q:        nan | won: False 
#  297 | steps:  3364 | steps_t:     0 | t: 1.563829 | r:  -509.000000 | e:   1.000000 | Q:        nan | won: False 
#  298 | steps:  3386 | steps_t:     0 | t: 1.573804 | r:  -521.000000 | e:   1.000000 | Q:        nan | won: False 
#  299 | steps:  3399 | steps_t:     0 | t: 1.579787 | r:  -512.000000 | e:   1.000000 | Q:        nan | won: False 
#  300 | steps:  3407 | steps_t:     0 | t: 1.583797 | r:  -507.000000 | e:   1.000000 | Q:        nan | won: False 
#  301 | steps:  3413 | steps_t:     0 | t: 1.587765 | r:  -505.000000 | e:   1.000000 | Q:        nan | won: False 
#  302 | steps:  3420 | steps_t:     0 | t: 1.590787 | r:  -506.000000 | e:   1.000000 | Q:        nan | won: False 
#  303 | steps:  3433 | steps_t:     0 | t: 1.596742 | r:  -512.000000 | e:   1.000000 | Q:        nan | won: False 
#  304 | steps:  3440 | steps_t:     0 | t: 1.599735 | r:  -506.000000 | e:   1.000000 | Q:        nan | won: False 
#  305 | steps:  3446 | steps_t:     0 | t: 1.602726 | r:  -505.000000 | e:   1.000000 | Q:        nan | won: False 
#  306 | steps:  3455 | steps_t:     0 | t: 1.606744 | r:  -508.000000 | e:   1.000000 | Q:        nan | won: False 
#  307 | steps:  3477 | steps_t:     0 | t: 1.615721 | r:  -521.000000 | e:   1.000000 | Q:        nan | won: False 
#  308 | steps:  3485 | steps_t:     0 | t: 1.619709 | r:  -507.000000 | e:   1.000000 | Q:        nan | won: False 
#  309 | steps:  3501 | steps_t:     0 | t: 1.626663 | r:  -515.000000 | e:   1.000000 | Q:        nan | won: False 
#  310 | steps:  3508 | steps_t:     0 | t: 1.630681 | r:  -506.000000 | e:   1.000000 | Q:        nan | won: False 
#  311 | steps:  3519 | steps_t:     0 | t: 1.635639 | r:  -510.000000 | e:   1.000000 | Q:        nan | won: False 
#  312 | steps:  3529 | steps_t:     0 | t: 1.639656 | r:  -509.000000 | e:   1.000000 | Q:        nan | won: False 
#  313 | steps:  3542 | steps_t:     0 | t: 1.645638 | r:  -512.000000 | e:   1.000000 | Q:        nan | won: False 
#  314 | steps:  3556 | steps_t:     0 | t: 1.652594 | r:  -513.000000 | e:   1.000000 | Q:        nan | won: False 
#  315 | steps:  3567 | steps_t:     0 | t: 1.657609 | r:  -510.000000 | e:   1.000000 | Q:        nan | won: False 
#  316 | steps:  3575 | steps_t:     0 | t: 1.661571 | r:  -507.000000 | e:   1.000000 | Q:        nan | won: False 
#  317 | steps:  3582 | steps_t:     0 | t: 1.664562 | r:  -506.000000 | e:   1.000000 | Q:        nan | won: False 
#  318 | steps:  3594 | steps_t:     0 | t: 1.670575 | r:  -511.000000 | e:   1.000000 | Q:        nan | won: False 
#  319 | steps:  3603 | steps_t:     0 | t: 1.674568 | r:  -508.000000 | e:   1.000000 | Q:        nan | won: False 
#  320 | steps:  3617 | steps_t:     0 | t: 1.680548 | r:  -513.000000 | e:   1.000000 | Q:        nan | won: False 
#  321 | steps:  3635 | steps_t:     0 | t: 1.688499 | r:  -517.000000 | e:   1.000000 | Q:        nan | won: False 
#  322 | steps:  3654 | steps_t:     0 | t: 1.696507 | r:  -518.000000 | e:   1.000000 | Q:        nan | won: False 
#  323 | steps:  3671 | steps_t:     0 | t: 1.703486 | r:  -516.000000 | e:   1.000000 | Q:        nan | won: False 
#  324 | steps:  3681 | steps_t:     0 | t: 1.707449 | r:  -509.000000 | e:   1.000000 | Q:        nan | won: False 
#  325 | steps:  3690 | steps_t:     0 | t: 1.712465 | r:  -508.000000 | e:   1.000000 | Q:        nan | won: False 
#  326 | steps:  3707 | steps_t:     0 | t: 1.719417 | r:  -516.000000 | e:   1.000000 | Q:        nan | won: False 
#  327 | steps:  3714 | steps_t:     0 | t: 1.723435 | r:  -506.000000 | e:   1.000000 | Q:        nan | won: False 
#  328 | steps:  3721 | steps_t:     0 | t: 1.727396 | r:  -506.000000 | e:   1.000000 | Q:        nan | won: False 
#  329 | steps:  3741 | steps_t:     0 | t: 1.735407 | r:  -519.000000 | e:   1.000000 | Q:        nan | won: False 
#  330 | steps:  3750 | steps_t:     0 | t: 1.739393 | r:  -508.000000 | e:   1.000000 | Q:        nan | won: False 
#  331 | steps:  3759 | steps_t:     0 | t: 1.744391 | r:  -508.000000 | e:   1.000000 | Q:        nan | won: False 
#  332 | steps:  3770 | steps_t:     0 | t: 1.749337 | r:  -510.000000 | e:   1.000000 | Q:        nan | won: False 
#  333 | steps:  3779 | steps_t:     0 | t: 1.753356 | r:  -508.000000 | e:   1.000000 | Q:        nan | won: False 
#  334 | steps:  3787 | steps_t:     0 | t: 1.757317 | r:  -507.000000 | e:   1.000000 | Q:        nan | won: False 
#  335 | steps:  3796 | steps_t:     0 | t: 1.762304 | r:  -508.000000 | e:   1.000000 | Q:        nan | won: False 
#  336 | steps:  3810 | steps_t:     0 | t: 1.768288 | r:  -502.000000 | e:   1.000000 | Q:        nan | won: False 
#  337 | steps:  3817 | steps_t:     0 | t: 1.771309 | r:  -506.000000 | e:   1.000000 | Q:        nan | won: False 
#  338 | steps:  3825 | steps_t:     0 | t: 1.775297 | r:  -507.000000 | e:   1.000000 | Q:        nan | won: False 
#  339 | steps:  3836 | steps_t:     0 | t: 1.780284 | r:  -510.000000 | e:   1.000000 | Q:        nan | won: False 
#  340 | steps:  3851 | steps_t:     0 | t: 1.787266 | r:  -492.000000 | e:   1.000000 | Q:        nan | won: False 
#  341 | steps:  3858 | steps_t:     0 | t: 1.790229 | r:  -506.000000 | e:   1.000000 | Q:        nan | won: False 
#  342 | steps:  3871 | steps_t:     0 | t: 1.796215 | r:  -512.000000 | e:   1.000000 | Q:        nan | won: False 
#  343 | steps:  3880 | steps_t:     0 | t: 1.801225 | r:  -508.000000 | e:   1.000000 | Q:        nan | won: False 
#  344 | steps:  3924 | steps_t:     0 | t: 1.818156 | r:  -532.000000 | e:   1.000000 | Q:        nan | won: False 
#  345 | steps:  3932 | steps_t:     0 | t: 1.822146 | r:  -507.000000 | e:   1.000000 | Q:        nan | won: False 
#  346 | steps:  3942 | steps_t:     0 | t: 1.827159 | r:  -509.000000 | e:   1.000000 | Q:        nan | won: False 
#  347 | steps:  3950 | steps_t:     0 | t: 1.831145 | r:  -507.000000 | e:   1.000000 | Q:        nan | won: False 
#  348 | steps:  3959 | steps_t:     0 | t: 1.836142 | r:  -508.000000 | e:   1.000000 | Q:        nan | won: False 
#  349 | steps:  3966 | steps_t:     0 | t: 1.840097 | r:  -506.000000 | e:   1.000000 | Q:        nan | won: False 
#  350 | steps:  3978 | steps_t:     0 | t: 1.846083 | r:  -511.000000 | e:   1.000000 | Q:        nan | won: False 
#  351 | steps:  3984 | steps_t:     0 | t: 1.849099 | r:  -505.000000 | e:   1.000000 | Q:        nan | won: False 
#  352 | steps:  4000 | steps_t:     0 | t: 1.856055 | r:  -515.000000 | e:   1.000000 | Q:        nan | won: False 
#  353 | steps:  4007 | steps_t:     0 | t: 1.860044 | r:  -506.000000 | e:   1.000000 | Q:        nan | won: False 
#  354 | steps:  4025 | steps_t:     0 | t: 1.868024 | r:  -517.000000 | e:   1.000000 | Q:        nan | won: False 
#  355 | steps:  4036 | steps_t:     0 | t: 1.873039 | r:  -510.000000 | e:   1.000000 | Q:        nan | won: False 
#  356 | steps:  4046 | steps_t:     0 | t: 1.877998 | r:  -509.000000 | e:   1.000000 | Q:        nan | won: False 
#  357 | steps:  4054 | steps_t:     0 | t: 1.882984 | r:  -507.000000 | e:   1.000000 | Q:        nan | won: False 
#  358 | steps:  4062 | steps_t:     0 | t: 1.886973 | r:  -507.000000 | e:   1.000000 | Q:        nan | won: False 
#  359 | steps:  4071 | steps_t:     0 | t: 1.890991 | r:  -508.000000 | e:   1.000000 | Q:        nan | won: False 
#  360 | steps:  4081 | steps_t:     0 | t: 1.896947 | r:  -509.000000 | e:   1.000000 | Q:        nan | won: False 
#  361 | steps:  4087 | steps_t:     0 | t: 1.899940 | r:  -505.000000 | e:   1.000000 | Q:        nan | won: False 
#  362 | steps:  4105 | steps_t:     0 | t: 1.906949 | r:  -517.000000 | e:   1.000000 | Q:        nan | won: False 
#  363 | steps:  4113 | steps_t:     0 | t: 1.910911 | r:  -507.000000 | e:   1.000000 | Q:        nan | won: False 
#  364 | steps:  4123 | steps_t:     0 | t: 1.916895 | r:  -509.000000 | e:   1.000000 | Q:        nan | won: False 
#  365 | steps:  4130 | steps_t:     0 | t: 1.920883 | r:  -506.000000 | e:   1.000000 | Q:        nan | won: False 
#  366 | steps:  4150 | steps_t:     0 | t: 1.928863 | r:  -519.000000 | e:   1.000000 | Q:        nan | won: False 
#  367 | steps:  4159 | steps_t:     0 | t: 1.933849 | r:  -508.000000 | e:   1.000000 | Q:        nan | won: False 
#  368 | steps:  4165 | steps_t:     0 | t: 1.936841 | r:  -505.000000 | e:   1.000000 | Q:        nan | won: False 
#  369 | steps:  4180 | steps_t:     0 | t: 1.943823 | r:  -503.000000 | e:   1.000000 | Q:        nan | won: False 
#  370 | steps:  4197 | steps_t:     0 | t: 1.950813 | r:  -516.000000 | e:   1.000000 | Q:        nan | won: False 
#  371 | steps:  4205 | steps_t:     0 | t: 1.954818 | r:  -507.000000 | e:   1.000000 | Q:        nan | won: False 
#  372 | steps:  4224 | steps_t:     0 | t: 1.962772 | r:  -518.000000 | e:   1.000000 | Q:        nan | won: False 
#  373 | steps:  4245 | steps_t:     0 | t: 1.970779 | r:  -520.000000 | e:   1.000000 | Q:        nan | won: False 
#  374 | steps:  4259 | steps_t:     0 | t: 1.977765 | r:  -513.000000 | e:   1.000000 | Q:        nan | won: False 
#  375 | steps:  4268 | steps_t:     0 | t: 1.981751 | r:  -508.000000 | e:   1.000000 | Q:        nan | won: False 
#  376 | steps:  4276 | steps_t:     0 | t: 1.985712 | r:  -507.000000 | e:   1.000000 | Q:        nan | won: False 
#  377 | steps:  4281 | steps_t:     0 | t: 1.988733 | r:  -504.000000 | e:   1.000000 | Q:        nan | won: False 
#  378 | steps:  4288 | steps_t:     0 | t: 1.991724 | r:  -506.000000 | e:   1.000000 | Q:        nan | won: False 
#  379 | steps:  4296 | steps_t:     0 | t: 1.995716 | r:  -507.000000 | e:   1.000000 | Q:        nan | won: False 
#  380 | steps:  4304 | steps_t:     0 | t: 1.999676 | r:  -507.000000 | e:   1.000000 | Q:        nan | won: False 
#  381 | steps:  4313 | steps_t:     0 | t: 2.003695 | r:  -508.000000 | e:   1.000000 | Q:        nan | won: False 
#  382 | steps:  4326 | steps_t:     0 | t: 2.009648 | r:  -512.000000 | e:   1.000000 | Q:        nan | won: False 
#  383 | steps:  4332 | steps_t:     0 | t: 2.011671 | r:  -505.000000 | e:   1.000000 | Q:        nan | won: False 
#  384 | steps:  4341 | steps_t:     0 | t: 2.015661 | r:  -508.000000 | e:   1.000000 | Q:        nan | won: False 
#  385 | steps:  4356 | steps_t:     0 | t: 2.022614 | r:  -492.000000 | e:   1.000000 | Q:        nan | won: False 
#  386 | steps:  4364 | steps_t:     0 | t: 2.026633 | r:  -507.000000 | e:   1.000000 | Q:        nan | won: False 
#  387 | steps:  4380 | steps_t:     0 | t: 2.033586 | r:  -515.000000 | e:   1.000000 | Q:        nan | won: False 
#  388 | steps:  4400 | steps_t:     0 | t: 2.041591 | r:  -519.000000 | e:   1.000000 | Q:        nan | won: False 
#  389 | steps:  4406 | steps_t:     0 | t: 2.044580 | r:  -505.000000 | e:   1.000000 | Q:        nan | won: False 
#  390 | steps:  4415 | steps_t:     0 | t: 2.049543 | r:  -508.000000 | e:   1.000000 | Q:        nan | won: False 
#  391 | steps:  4423 | steps_t:     0 | t: 2.053562 | r:  -507.000000 | e:   1.000000 | Q:        nan | won: False 
#  392 | steps:  4431 | steps_t:     0 | t: 2.057554 | r:  -507.000000 | e:   1.000000 | Q:        nan | won: False 
#  393 | steps:  4439 | steps_t:     0 | t: 2.060543 | r:  -507.000000 | e:   1.000000 | Q:        nan | won: False 
#  394 | steps:  4453 | steps_t:     0 | t: 2.066528 | r:  -513.000000 | e:   1.000000 | Q:        nan | won: False 
#  395 | steps:  4472 | steps_t:     0 | t: 2.074507 | r:  -507.000000 | e:   1.000000 | Q:        nan | won: False 
#  396 | steps:  4480 | steps_t:     0 | t: 2.079493 | r:  -507.000000 | e:   1.000000 | Q:        nan | won: False 
#  397 | steps:  4489 | steps_t:     0 | t: 2.083484 | r:  -508.000000 | e:   1.000000 | Q:        nan | won: False 
#  398 | steps:  4497 | steps_t:     0 | t: 2.087470 | r:  -507.000000 | e:   1.000000 | Q:        nan | won: False 
#  399 | steps:  4506 | steps_t:     0 | t: 2.091463 | r:  -508.000000 | e:   1.000000 | Q:        nan | won: False 
#  400 | steps:  4515 | steps_t:     0 | t: 2.095421 | r:  -508.000000 | e:   1.000000 | Q:        nan | won: False 
#  401 | steps:  4522 | steps_t:     0 | t: 2.099439 | r:  -506.000000 | e:   1.000000 | Q:        nan | won: False 
#  402 | steps:  4535 | steps_t:     0 | t: 2.105396 | r:  -512.000000 | e:   1.000000 | Q:        nan | won: False 
#  403 | steps:  4544 | steps_t:     0 | t: 2.109416 | r:  -508.000000 | e:   1.000000 | Q:        nan | won: False 
#  404 | steps:  4552 | steps_t:     0 | t: 2.113402 | r:  -507.000000 | e:   1.000000 | Q:        nan | won: False 
#  405 | steps:  4562 | steps_t:     0 | t: 2.118389 | r:  -509.000000 | e:   1.000000 | Q:        nan | won: False 
#  406 | steps:  4581 | steps_t:     0 | t: 2.126339 | r:  -518.000000 | e:   1.000000 | Q:        nan | won: False 
#  407 | steps:  4596 | steps_t:     0 | t: 2.133322 | r:  -514.000000 | e:   1.000000 | Q:        nan | won: False 
#  408 | steps:  4615 | steps_t:     0 | t: 2.141328 | r:  -507.000000 | e:   1.000000 | Q:        nan | won: False 
#  409 | steps:  4622 | steps_t:     0 | t: 2.145289 | r:  -506.000000 | e:   1.000000 | Q:        nan | won: False 
#  410 | steps:  4637 | steps_t:     0 | t: 2.152271 | r:  -492.000000 | e:   1.000000 | Q:        nan | won: False 
#  411 | steps:  4646 | steps_t:     0 | t: 2.156260 | r:  -508.000000 | e:   1.000000 | Q:        nan | won: False 
#  412 | steps:  4657 | steps_t:     0 | t: 2.161247 | r:  -510.000000 | e:   1.000000 | Q:        nan | won: False 
#  413 | steps:  4666 | steps_t:     0 | t: 2.165238 | r:  -508.000000 | e:   1.000000 | Q:        nan | won: False 
#  414 | steps:  4673 | steps_t:     0 | t: 2.169254 | r:  -506.000000 | e:   1.000000 | Q:        nan | won: False 
#  415 | steps:  4682 | steps_t:     0 | t: 2.173244 | r:  -508.000000 | e:   1.000000 | Q:        nan | won: False 
#  416 | steps:  4691 | steps_t:     0 | t: 2.177228 | r:  -508.000000 | e:   1.000000 | Q:        nan | won: False 
#  417 | steps:  4699 | steps_t:     0 | t: 2.181220 | r:  -507.000000 | e:   1.000000 | Q:        nan | won: False 
#  418 | steps:  4709 | steps_t:     0 | t: 2.187205 | r:  -509.000000 | e:   1.000000 | Q:        nan | won: False 
#  419 | steps:  4730 | steps_t:     0 | t: 2.195181 | r:  -520.000000 | e:   1.000000 | Q:        nan | won: False 
#  420 | steps:  4738 | steps_t:     0 | t: 2.200144 | r:  -507.000000 | e:   1.000000 | Q:        nan | won: False 
#  421 | steps:  4748 | steps_t:     0 | t: 2.205131 | r:  -509.000000 | e:   1.000000 | Q:        nan | won: False 
#  422 | steps:  4759 | steps_t:     0 | t: 2.211115 | r:  -510.000000 | e:   1.000000 | Q:        nan | won: False 
#  423 | steps:  4766 | steps_t:     0 | t: 2.215105 | r:  -506.000000 | e:   1.000000 | Q:        nan | won: False 
#  424 | steps:  4774 | steps_t:     0 | t: 2.220091 | r:  -507.000000 | e:   1.000000 | Q:        nan | won: False 
#  425 | steps:  4781 | steps_t:     0 | t: 2.224082 | r:  -506.000000 | e:   1.000000 | Q:        nan | won: False 
#  426 | steps:  4790 | steps_t:     0 | t: 2.229068 | r:  -508.000000 | e:   1.000000 | Q:        nan | won: False 
#  427 | steps:  4796 | steps_t:     0 | t: 2.233057 | r:  -505.000000 | e:   1.000000 | Q:        nan | won: False 
#  428 | steps:  4805 | steps_t:     0 | t: 2.238044 | r:  -508.000000 | e:   1.000000 | Q:        nan | won: False 
#  429 | steps:  4815 | steps_t:     0 | t: 2.244057 | r:  -509.000000 | e:   1.000000 | Q:        nan | won: False 
#  430 | steps:  4824 | steps_t:     0 | t: 2.248048 | r:  -508.000000 | e:   1.000000 | Q:        nan | won: False 
#  431 | steps:  4832 | steps_t:     0 | t: 2.253004 | r:  -507.000000 | e:   1.000000 | Q:        nan | won: False 
#  432 | steps:  4839 | steps_t:     0 | t: 2.256994 | r:  -506.000000 | e:   1.000000 | Q:        nan | won: False 
#  433 | steps:  4848 | steps_t:     0 | t: 2.261981 | r:  -508.000000 | e:   1.000000 | Q:        nan | won: False 
#  434 | steps:  4856 | steps_t:     0 | t: 2.266967 | r:  -507.000000 | e:   1.000000 | Q:        nan | won: False 
#  435 | steps:  4870 | steps_t:     0 | t: 2.273949 | r:  -513.000000 | e:   1.000000 | Q:        nan | won: False 
#  436 | steps:  4877 | steps_t:     0 | t: 2.278935 | r:  -506.000000 | e:   1.000000 | Q:        nan | won: False 
#  437 | steps:  4891 | steps_t:     0 | t: 2.303870 | r:  -513.000000 | e:   1.000000 | Q:        nan | won: False 
#  438 | steps:  4910 | steps_t:     0 | t: 2.312846 | r:  -518.000000 | e:   1.000000 | Q:        nan | won: False 
#  439 | steps:  4916 | steps_t:     0 | t: 2.316835 | r:  -505.000000 | e:   1.000000 | Q:        nan | won: False 
#  440 | steps:  4927 | steps_t:     0 | t: 2.321822 | r:  -510.000000 | e:   1.000000 | Q:        nan | won: False 
#  441 | steps:  4939 | steps_t:     0 | t: 2.327806 | r:  -511.000000 | e:   1.000000 | Q:        nan | won: False 
#  442 | steps:  4948 | steps_t:     0 | t: 2.331796 | r:  -508.000000 | e:   1.000000 | Q:        nan | won: False 
#  443 | steps:  4960 | steps_t:     0 | t: 2.337780 | r:  -511.000000 | e:   1.000000 | Q:        nan | won: False 
#  444 | steps:  4970 | steps_t:     0 | t: 2.341769 | r:  -509.000000 | e:   1.000000 | Q:        nan | won: False 
#  445 | steps:  4984 | steps_t:     0 | t: 2.348751 | r:  -513.000000 | e:   1.000000 | Q:        nan | won: False 
#  446 | steps:  4999 | steps_t:     0 | t: 2.354734 | r:  -514.000000 | e:   1.000000 | Q:        nan | won: False 
#  447 | steps:  5008 | steps_t:     6 | t: 2.538347 | r:  -508.000000 | e:   0.999400 | Q:        nan | won: False 
#  448 | steps:  5022 | steps_t:    19 | t: 2.619133 | r:  -513.000000 | e:   0.998100 | Q:  -0.107584 | won: False 
#  449 | steps:  5030 | steps_t:    26 | t: 2.659028 | r:  -507.000000 | e:   0.997400 | Q:        nan | won: False 
#  450 | steps:  5037 | steps_t:    32 | t: 2.693935 | r:  -506.000000 | e:   0.996800 | Q:        nan | won: False 
#  451 | steps:  5044 | steps_t:    38 | t: 2.728846 | r:  -506.000000 | e:   0.996200 | Q:        nan | won: False 
#  452 | steps:  5061 | steps_t:    54 | t: 2.817607 | r:  -516.000000 | e:   0.994600 | Q:        nan | won: False 
#  453 | steps:  5083 | steps_t:    75 | t: 2.934299 | r:  -521.000000 | e:   0.992500 | Q:        nan | won: False 
#  454 | steps:  5093 | steps_t:    84 | t: 2.984167 | r:  -509.000000 | e:   0.991600 | Q:        nan | won: False 
#  455 | steps:  5108 | steps_t:    98 | t: 3.063955 | r:  -514.000000 | e:   0.990200 | Q:        nan | won: False 
#  456 | steps:  5120 | steps_t:   109 | t: 3.125791 | r:  -511.000000 | e:   0.989100 | Q:        nan | won: False 
#  457 | steps:  5142 | steps_t:   130 | t: 3.242482 | r:  -510.000000 | e:   0.987000 | Q:        nan | won: False 
#  458 | steps:  5149 | steps_t:   136 | t: 3.277393 | r:  -506.000000 | e:   0.986400 | Q:        nan | won: False 
#  459 | steps:  5155 | steps_t:   141 | t: 3.307311 | r:  -505.000000 | e:   0.985900 | Q:        nan | won: False 
#  460 | steps:  5172 | steps_t:   157 | t: 3.400065 | r:  -516.000000 | e:   0.984300 | Q: -281.863220 | won: False 
#  461 | steps:  5198 | steps_t:   182 | t: 3.542687 | r:  -525.000000 | e:   0.981800 | Q: -308.981110 | won: False 
#  462 | steps:  5209 | steps_t:   192 | t: 3.600534 | r:  -510.000000 | e:   0.980800 | Q:        nan | won: False 
#  463 | steps:  5231 | steps_t:   213 | t: 3.724207 | r:  -521.000000 | e:   0.978700 | Q:        nan | won: False 
#  464 | steps:  5241 | steps_t:   222 | t: 3.778064 | r:  -509.000000 | e:   0.977800 | Q:        nan | won: False 
#  465 | steps:  5251 | steps_t:   231 | t: 3.831922 | r:  -509.000000 | e:   0.976900 | Q: -265.951996 | won: False 
#  466 | steps:  5259 | steps_t:   238 | t: 3.876804 | r:  -507.000000 | e:   0.976200 | Q: -264.683258 | won: False 
#  467 | steps:  5270 | steps_t:   248 | t: 3.945621 | r:  -510.000000 | e:   0.975200 | Q: -282.761902 | won: False 
#  468 | steps:  5279 | steps_t:   256 | t: 3.996486 | r:  -508.000000 | e:   0.974400 | Q:        nan | won: False 
#  469 | steps:  5291 | steps_t:   267 | t: 4.062312 | r:  -511.000000 | e:   0.973300 | Q:        nan | won: False 
#  470 | steps:  5313 | steps_t:   288 | t: 4.181994 | r:  -521.000000 | e:   0.971200 | Q:        nan | won: False 
#  471 | steps:  5323 | steps_t:   297 | t: 4.232860 | r:  -509.000000 | e:   0.970300 | Q:        nan | won: False 
#  472 | steps:  5340 | steps_t:   313 | t: 4.324617 | r:  -516.000000 | e:   0.968700 | Q:        nan | won: False 
#  473 | steps:  5356 | steps_t:   328 | t: 4.409392 | r:  -504.000000 | e:   0.967200 | Q:        nan | won: False 
#  474 | steps:  5366 | steps_t:   337 | t: 4.460259 | r:  -509.000000 | e:   0.966300 | Q: -322.961853 | won: False 
#  475 | steps:  5372 | steps_t:   342 | t: 4.491175 | r:  -505.000000 | e:   0.965800 | Q:        nan | won: False 
#  476 | steps:  5380 | steps_t:   349 | t: 4.532068 | r:  -507.000000 | e:   0.965100 | Q:        nan | won: False 
#  477 | steps:  5391 | steps_t:   359 | t: 4.589914 | r:  -510.000000 | e:   0.964100 | Q: -299.639557 | won: False 
#  478 | steps:  5404 | steps_t:   371 | t: 4.660727 | r:  -512.000000 | e:   0.962900 | Q: -275.913452 | won: False 
#  479 | steps:  5419 | steps_t:   385 | t: 4.750489 | r:  -514.000000 | e:   0.961500 | Q:        nan | won: False 
#  480 | steps:  5426 | steps_t:   391 | t: 4.788388 | r:  -506.000000 | e:   0.960900 | Q: -311.285858 | won: False 
#  481 | steps:  5446 | steps_t:   410 | t: 4.893111 | r:  -519.000000 | e:   0.959000 | Q: -348.966827 | won: False 
#  482 | steps:  5460 | steps_t:   423 | t: 4.964921 | r:  -502.000000 | e:   0.957700 | Q: -349.504425 | won: False 
#  483 | steps:  5470 | steps_t:   432 | t: 5.014789 | r:  -509.000000 | e:   0.956800 | Q:        nan | won: False 
#  484 | steps:  5476 | steps_t:   437 | t: 5.043713 | r:  -505.000000 | e:   0.956300 | Q:        nan | won: False 
#  485 | steps:  5486 | steps_t:   446 | t: 5.097573 | r:  -509.000000 | e:   0.955400 | Q: -296.680023 | won: False 
#  486 | steps:  5496 | steps_t:   455 | t: 5.148435 | r:  -509.000000 | e:   0.954500 | Q: -302.165039 | won: False 
#  487 | steps:  5513 | steps_t:   471 | t: 5.241189 | r:  -505.000000 | e:   0.952900 | Q:        nan | won: False 
#  488 | steps:  5520 | steps_t:   477 | t: 5.282081 | r:  -506.000000 | e:   0.952300 | Q: -268.199646 | won: False 
#  489 | steps:  5528 | steps_t:   484 | t: 5.321975 | r:  -507.000000 | e:   0.951600 | Q:        nan | won: False 
#  490 | steps:  5538 | steps_t:   493 | t: 5.372841 | r:  -509.000000 | e:   0.950700 | Q:        nan | won: False 
#  491 | steps:  5553 | steps_t:   507 | t: 5.447643 | r:  -503.000000 | e:   0.949300 | Q: -309.484528 | won: False 
#  492 | steps:  5563 | steps_t:   516 | t: 5.498509 | r:  -509.000000 | e:   0.948400 | Q:        nan | won: False 
#  493 | steps:  5578 | steps_t:   530 | t: 5.576302 | r:  -514.000000 | e:   0.947000 | Q:        nan | won: False 
#  494 | steps:  5586 | steps_t:   537 | t: 5.616197 | r:  -507.000000 | e:   0.946300 | Q:        nan | won: False 
#  495 | steps:  5598 | steps_t:   548 | t: 5.677037 | r:  -511.000000 | e:   0.945200 | Q:        nan | won: False 
#  496 | steps:  5605 | steps_t:   554 | t: 5.711943 | r:  -506.000000 | e:   0.944600 | Q:        nan | won: False 
#  497 | steps:  5620 | steps_t:   568 | t: 5.789736 | r:  -514.000000 | e:   0.943200 | Q:        nan | won: False 
#  498 | steps:  5629 | steps_t:   576 | t: 5.835615 | r:  -508.000000 | e:   0.942400 | Q:        nan | won: False 
#  499 | steps:  5638 | steps_t:   584 | t: 5.879519 | r:  -508.000000 | e:   0.941600 | Q:        nan | won: False 
