#    1 | steps:     8 | steps_t:     0 | t: 0.004981 | r:  -507.000000 | e:   1.000000 | Q:        nan | won: False 
#    2 | steps:    14 | steps_t:     0 | t: 0.007975 | r:  -505.000000 | e:   1.000000 | Q:        nan | won: False 
#    3 | steps:    26 | steps_t:     0 | t: 0.012964 | r:  -511.000000 | e:   1.000000 | Q:        nan | won: False 
#    4 | steps:    32 | steps_t:     0 | t: 0.015926 | r:  -505.000000 | e:   1.000000 | Q:        nan | won: False 
#    5 | steps:    40 | steps_t:     0 | t: 0.019944 | r:  -507.000000 | e:   1.000000 | Q:        nan | won: False 
#    6 | steps:    49 | steps_t:     0 | t: 0.024935 | r:  -508.000000 | e:   1.000000 | Q:        nan | won: False 
#    7 | steps:    61 | steps_t:     0 | t: 0.030919 | r:  -511.000000 | e:   1.000000 | Q:        nan | won: False 
#    8 | steps:    70 | steps_t:     0 | t: 0.034875 | r:  -508.000000 | e:   1.000000 | Q:        nan | won: False 
#    9 | steps:    80 | steps_t:     0 | t: 0.039864 | r:  -509.000000 | e:   1.000000 | Q:        nan | won: False 
#   10 | steps:    92 | steps_t:     0 | t: 0.044878 | r:  -511.000000 | e:   1.000000 | Q:        nan | won: False 
#   11 | steps:   110 | steps_t:     0 | t: 0.052856 | r:  -517.000000 | e:   1.000000 | Q:        nan | won: False 
#   12 | steps:   118 | steps_t:     0 | t: 0.056846 | r:  -507.000000 | e:   1.000000 | Q:        nan | won: False 
#   13 | steps:   124 | steps_t:     0 | t: 0.059838 | r:  -505.000000 | e:   1.000000 | Q:        nan | won: False 
#   14 | steps:   133 | steps_t:     0 | t: 0.064796 | r:  -508.000000 | e:   1.000000 | Q:        nan | won: False 
#   15 | steps:   143 | steps_t:     0 | t: 0.068814 | r:  -509.000000 | e:   1.000000 | Q:        nan | won: False 
#   16 | steps:   164 | steps_t:     0 | t: 0.077795 | r:  -520.000000 | e:   1.000000 | Q:        nan | won: False 
#   17 | steps:   172 | steps_t:     0 | t: 0.081780 | r:  -507.000000 | e:   1.000000 | Q:        nan | won: False 
#   18 | steps:   191 | steps_t:     0 | t: 0.088733 | r:  -518.000000 | e:   1.000000 | Q:        nan | won: False 
#   19 | steps:   197 | steps_t:     0 | t: 0.092753 | r:  -505.000000 | e:   1.000000 | Q:        nan | won: False 
#   20 | steps:   203 | steps_t:     0 | t: 0.095715 | r:  -505.000000 | e:   1.000000 | Q:        nan | won: False 
#   21 | steps:   209 | steps_t:     0 | t: 0.099733 | r:  -505.000000 | e:   1.000000 | Q:        nan | won: False 
#   22 | steps:   217 | steps_t:     0 | t: 0.102724 | r:  -507.000000 | e:   1.000000 | Q:        nan | won: False 
#   23 | steps:   231 | steps_t:     0 | t: 0.109710 | r:  -513.000000 | e:   1.000000 | Q:        nan | won: False 
#   24 | steps:   240 | steps_t:     0 | t: 0.113695 | r:  -508.000000 | e:   1.000000 | Q:        nan | won: False 
#   25 | steps:   251 | steps_t:     0 | t: 0.117685 | r:  -510.000000 | e:   1.000000 | Q:        nan | won: False 
#   26 | steps:   258 | steps_t:     0 | t: 0.121646 | r:  -506.000000 | e:   1.000000 | Q:        nan | won: False 
#   27 | steps:   277 | steps_t:     0 | t: 0.129654 | r:  -507.000000 | e:   1.000000 | Q:        nan | won: False 
#   28 | steps:   292 | steps_t:     0 | t: 0.135640 | r:  -514.000000 | e:   1.000000 | Q:        nan | won: False 
#   29 | steps:   311 | steps_t:     0 | t: 0.143616 | r:  -518.000000 | e:   1.000000 | Q:        nan | won: False 
#   30 | steps:   319 | steps_t:     0 | t: 0.147605 | r:  -507.000000 | e:   1.000000 | Q:        nan | won: False 
#   31 | steps:   329 | steps_t:     0 | t: 0.151595 | r:  -509.000000 | e:   1.000000 | Q:        nan | won: False 
#   32 | steps:   343 | steps_t:     0 | t: 0.157551 | r:  -513.000000 | e:   1.000000 | Q:        nan | won: False 
#   33 | steps:   365 | steps_t:     0 | t: 0.166556 | r:  -521.000000 | e:   1.000000 | Q:        nan | won: False 
#   34 | steps:   377 | steps_t:     0 | t: 0.171514 | r:  -511.000000 | e:   1.000000 | Q:        nan | won: False 
#   35 | steps:   385 | steps_t:     0 | t: 0.176529 | r:  -507.000000 | e:   1.000000 | Q:        nan | won: False 
#   36 | steps:   392 | steps_t:     0 | t: 0.180518 | r:  -506.000000 | e:   1.000000 | Q:        nan | won: False 
#   37 | steps:   404 | steps_t:     0 | t: 0.185507 | r:  -511.000000 | e:   1.000000 | Q:        nan | won: False 
#   38 | steps:   424 | steps_t:     0 | t: 0.193484 | r:  -508.000000 | e:   1.000000 | Q:        nan | won: False 
#   39 | steps:   436 | steps_t:     0 | t: 0.198442 | r:  -511.000000 | e:   1.000000 | Q:        nan | won: False 
#   40 | steps:   446 | steps_t:     0 | t: 0.202433 | r:  -509.000000 | e:   1.000000 | Q:        nan | won: False 
#   41 | steps:   456 | steps_t:     0 | t: 0.207452 | r:  -509.000000 | e:   1.000000 | Q:        nan | won: False 
#   42 | steps:   473 | steps_t:     0 | t: 0.215397 | r:  -516.000000 | e:   1.000000 | Q:        nan | won: False 
#   43 | steps:   484 | steps_t:     0 | t: 0.220413 | r:  -510.000000 | e:   1.000000 | Q:        nan | won: False 
#   44 | steps:   492 | steps_t:     0 | t: 0.224374 | r:  -507.000000 | e:   1.000000 | Q:        nan | won: False 
#   45 | steps:   503 | steps_t:     0 | t: 0.229393 | r:  -510.000000 | e:   1.000000 | Q:        nan | won: False 
#   46 | steps:   512 | steps_t:     0 | t: 0.233379 | r:  -508.000000 | e:   1.000000 | Q:        nan | won: False 
#   47 | steps:   520 | steps_t:     0 | t: 0.237372 | r:  -507.000000 | e:   1.000000 | Q:        nan | won: False 
#   48 | steps:   528 | steps_t:     0 | t: 0.241360 | r:  -507.000000 | e:   1.000000 | Q:        nan | won: False 
#   49 | steps:   551 | steps_t:     0 | t: 0.250336 | r:  -522.000000 | e:   1.000000 | Q:        nan | won: False 
#   50 | steps:   560 | steps_t:     0 | t: 0.255323 | r:  -508.000000 | e:   1.000000 | Q:        nan | won: False 
#   51 | steps:   576 | steps_t:     0 | t: 0.262302 | r:  -515.000000 | e:   1.000000 | Q:        nan | won: False 
#   52 | steps:   590 | steps_t:     0 | t: 0.268286 | r:  -513.000000 | e:   1.000000 | Q:        nan | won: False 
#   53 | steps:   601 | steps_t:     0 | t: 0.273244 | r:  -510.000000 | e:   1.000000 | Q:        nan | won: False 
#   54 | steps:   621 | steps_t:     0 | t: 0.282224 | r:  -519.000000 | e:   1.000000 | Q:        nan | won: False 
#   55 | steps:   640 | steps_t:     0 | t: 0.290229 | r:  -518.000000 | e:   1.000000 | Q:        nan | won: False 
#   56 | steps:   650 | steps_t:     0 | t: 0.294217 | r:  -509.000000 | e:   1.000000 | Q:        nan | won: False 
#   57 | steps:   671 | steps_t:     0 | t: 0.303193 | r:  -520.000000 | e:   1.000000 | Q:        nan | won: False 
#   58 | steps:   681 | steps_t:     0 | t: 0.308152 | r:  -509.000000 | e:   1.000000 | Q:        nan | won: False 
#   59 | steps:   689 | steps_t:     0 | t: 0.312165 | r:  -507.000000 | e:   1.000000 | Q:        nan | won: False 
#   60 | steps:   697 | steps_t:     0 | t: 0.316159 | r:  -507.000000 | e:   1.000000 | Q:        nan | won: False 
#   61 | steps:   706 | steps_t:     0 | t: 0.320145 | r:  -508.000000 | e:   1.000000 | Q:        nan | won: False 
#   62 | steps:   715 | steps_t:     0 | t: 0.325107 | r:  -508.000000 | e:   1.000000 | Q:        nan | won: False 
#   63 | steps:   722 | steps_t:     0 | t: 0.328129 | r:  -506.000000 | e:   1.000000 | Q:        nan | won: False 
#   64 | steps:   732 | steps_t:     0 | t: 0.333086 | r:  -509.000000 | e:   1.000000 | Q:        nan | won: False 
#   65 | steps:   739 | steps_t:     0 | t: 0.336106 | r:  -506.000000 | e:   1.000000 | Q:        nan | won: False 
#   66 | steps:   748 | steps_t:     0 | t: 0.340067 | r:  -508.000000 | e:   1.000000 | Q:        nan | won: False 
#   67 | steps:   760 | steps_t:     0 | t: 0.346082 | r:  -511.000000 | e:   1.000000 | Q:        nan | won: False 
#   68 | steps:   767 | steps_t:     0 | t: 0.350069 | r:  -506.000000 | e:   1.000000 | Q:        nan | won: False 
#   69 | steps:   786 | steps_t:     0 | t: 0.358056 | r:  -518.000000 | e:   1.000000 | Q:        nan | won: False 
#   70 | steps:   792 | steps_t:     0 | t: 0.362039 | r:  -505.000000 | e:   1.000000 | Q:        nan | won: False 
#   71 | steps:   808 | steps_t:     0 | t: 0.368022 | r:  -515.000000 | e:   1.000000 | Q:        nan | won: False 
#   72 | steps:   825 | steps_t:     0 | t: 0.375975 | r:  -516.000000 | e:   1.000000 | Q:        nan | won: False 
#   73 | steps:   832 | steps_t:     0 | t: 0.379962 | r:  -506.000000 | e:   1.000000 | Q:        nan | won: False 
#   74 | steps:   849 | steps_t:     0 | t: 0.386972 | r:  -505.000000 | e:   1.000000 | Q:        nan | won: False 
#   75 | steps:   855 | steps_t:     0 | t: 0.389936 | r:  -505.000000 | e:   1.000000 | Q:        nan | won: False 
#   76 | steps:   863 | steps_t:     0 | t: 0.393926 | r:  -507.000000 | e:   1.000000 | Q:        nan | won: False 
#   77 | steps:   874 | steps_t:     0 | t: 0.398940 | r:  -510.000000 | e:   1.000000 | Q:        nan | won: False 
#   78 | steps:   882 | steps_t:     0 | t: 0.402929 | r:  -507.000000 | e:   1.000000 | Q:        nan | won: False 
#   79 | steps:   889 | steps_t:     0 | t: 0.405894 | r:  -506.000000 | e:   1.000000 | Q:        nan | won: False 
#   80 | steps:   897 | steps_t:     0 | t: 0.409883 | r:  -507.000000 | e:   1.000000 | Q:        nan | won: False 
#   81 | steps:   905 | steps_t:     0 | t: 0.413901 | r:  -507.000000 | e:   1.000000 | Q:        nan | won: False 
#   82 | steps:   914 | steps_t:     0 | t: 0.417890 | r:  -508.000000 | e:   1.000000 | Q:        nan | won: False 
#   83 | steps:   927 | steps_t:     0 | t: 0.423846 | r:  -512.000000 | e:   1.000000 | Q:        nan | won: False 
#   84 | steps:   940 | steps_t:     0 | t: 0.430827 | r:  -512.000000 | e:   1.000000 | Q:        nan | won: False 
#   85 | steps:   962 | steps_t:     0 | t: 0.439804 | r:  -521.000000 | e:   1.000000 | Q:        nan | won: False 
#   86 | steps:   979 | steps_t:     0 | t: 0.446827 | r:  -516.000000 | e:   1.000000 | Q:        nan | won: False 
#   87 | steps:   984 | steps_t:     0 | t: 0.449805 | r:  -504.000000 | e:   1.000000 | Q:        nan | won: False 
#   88 | steps:   994 | steps_t:     0 | t: 0.453794 | r:  -509.000000 | e:   1.000000 | Q:        nan | won: False 
#   89 | steps:  1015 | steps_t:     0 | t: 0.462771 | r:  -520.000000 | e:   1.000000 | Q:        nan | won: False 
#   90 | steps:  1034 | steps_t:     0 | t: 0.471719 | r:  -518.000000 | e:   1.000000 | Q:        nan | won: False 
#   91 | steps:  1051 | steps_t:     0 | t: 0.479726 | r:  -516.000000 | e:   1.000000 | Q:        nan | won: False 
#   92 | steps:  1060 | steps_t:     0 | t: 0.483687 | r:  -508.000000 | e:   1.000000 | Q:        nan | won: False 
#   93 | steps:  1068 | steps_t:     0 | t: 0.486725 | r:  -507.000000 | e:   1.000000 | Q:        nan | won: False 
#   94 | steps:  1086 | steps_t:     0 | t: 0.494687 | r:  -517.000000 | e:   1.000000 | Q:        nan | won: False 
#   95 | steps:  1099 | steps_t:     0 | t: 0.500670 | r:  -512.000000 | e:   1.000000 | Q:        nan | won: False 
#   96 | steps:  1107 | steps_t:     0 | t: 0.504632 | r:  -507.000000 | e:   1.000000 | Q:        nan | won: False 
#   97 | steps:  1115 | steps_t:     0 | t: 0.508646 | r:  -507.000000 | e:   1.000000 | Q:        nan | won: False 
#   98 | steps:  1136 | steps_t:     0 | t: 0.517626 | r:  -520.000000 | e:   1.000000 | Q:        nan | won: False 
#   99 | steps:  1141 | steps_t:     0 | t: 0.520589 | r:  -504.000000 | e:   1.000000 | Q:        nan | won: False 
#  100 | steps:  1149 | steps_t:     0 | t: 0.524611 | r:  -507.000000 | e:   1.000000 | Q:        nan | won: False 
#  101 | steps:  1156 | steps_t:     0 | t: 0.528597 | r:  -506.000000 | e:   1.000000 | Q:        nan | won: False 
#  102 | steps:  1161 | steps_t:     0 | t: 0.531562 | r:  -504.000000 | e:   1.000000 | Q:        nan | won: False 
#  103 | steps:  1168 | steps_t:     0 | t: 0.535574 | r:  -506.000000 | e:   1.000000 | Q:        nan | won: False 
#  104 | steps:  1178 | steps_t:     0 | t: 0.540565 | r:  -509.000000 | e:   1.000000 | Q:        nan | won: False 
#  105 | steps:  1196 | steps_t:     0 | t: 0.547518 | r:  -517.000000 | e:   1.000000 | Q:        nan | won: False 
#  106 | steps:  1209 | steps_t:     0 | t: 0.552534 | r:  -512.000000 | e:   1.000000 | Q:        nan | won: False 
#  107 | steps:  1216 | steps_t:     0 | t: 0.556527 | r:  -506.000000 | e:   1.000000 | Q:        nan | won: False 
#  108 | steps:  1226 | steps_t:     0 | t: 0.561482 | r:  -509.000000 | e:   1.000000 | Q:        nan | won: False 
#  109 | steps:  1232 | steps_t:     0 | t: 0.564473 | r:  -505.000000 | e:   1.000000 | Q:        nan | won: False 
#  110 | steps:  1242 | steps_t:     0 | t: 0.569490 | r:  -509.000000 | e:   1.000000 | Q:        nan | won: False 
#  111 | steps:  1251 | steps_t:     0 | t: 0.574446 | r:  -508.000000 | e:   1.000000 | Q:        nan | won: False 
#  112 | steps:  1259 | steps_t:     0 | t: 0.577440 | r:  -507.000000 | e:   1.000000 | Q:        nan | won: False 
#  113 | steps:  1268 | steps_t:     0 | t: 0.582458 | r:  -508.000000 | e:   1.000000 | Q:        nan | won: False 
#  114 | steps:  1297 | steps_t:     0 | t: 0.593397 | r:  -517.000000 | e:   1.000000 | Q:        nan | won: False 
#  115 | steps:  1304 | steps_t:     0 | t: 0.596419 | r:  -506.000000 | e:   1.000000 | Q:        nan | won: False 
#  116 | steps:  1312 | steps_t:     0 | t: 0.600409 | r:  -507.000000 | e:   1.000000 | Q:        nan | won: False 
#  117 | steps:  1322 | steps_t:     0 | t: 0.605365 | r:  -509.000000 | e:   1.000000 | Q:        nan | won: False 
#  118 | steps:  1330 | steps_t:     0 | t: 0.609354 | r:  -507.000000 | e:   1.000000 | Q:        nan | won: False 
#  119 | steps:  1352 | steps_t:     0 | t: 0.618359 | r:  -521.000000 | e:   1.000000 | Q:        nan | won: False 
#  120 | steps:  1371 | steps_t:     0 | t: 0.626338 | r:  -518.000000 | e:   1.000000 | Q:        nan | won: False 
#  121 | steps:  1394 | steps_t:     0 | t: 0.636283 | r:  -522.000000 | e:   1.000000 | Q:        nan | won: False 
#  122 | steps:  1401 | steps_t:     0 | t: 0.639275 | r:  -506.000000 | e:   1.000000 | Q:        nan | won: False 
#  123 | steps:  1409 | steps_t:     0 | t: 0.643292 | r:  -507.000000 | e:   1.000000 | Q:        nan | won: False 
#  124 | steps:  1417 | steps_t:     0 | t: 0.647283 | r:  -507.000000 | e:   1.000000 | Q:        nan | won: False 
#  125 | steps:  1424 | steps_t:     0 | t: 0.651271 | r:  -506.000000 | e:   1.000000 | Q:        nan | won: False 
#  126 | steps:  1431 | steps_t:     0 | t: 0.654264 | r:  -506.000000 | e:   1.000000 | Q:        nan | won: False 
#  127 | steps:  1439 | steps_t:     0 | t: 0.659222 | r:  -507.000000 | e:   1.000000 | Q:        nan | won: False 
#  128 | steps:  1446 | steps_t:     0 | t: 0.663240 | r:  -506.000000 | e:   1.000000 | Q:        nan | won: False 
#  129 | steps:  1454 | steps_t:     0 | t: 0.667231 | r:  -507.000000 | e:   1.000000 | Q:        nan | won: False 
#  130 | steps:  1462 | steps_t:     0 | t: 0.671219 | r:  -507.000000 | e:   1.000000 | Q:        nan | won: False 
#  131 | steps:  1477 | steps_t:     0 | t: 0.677176 | r:  -492.000000 | e:   1.000000 | Q:        nan | won: False 
#  132 | steps:  1490 | steps_t:     0 | t: 0.686151 | r:  -512.000000 | e:   1.000000 | Q:        nan | won: False 
#  133 | steps:  1496 | steps_t:     0 | t: 0.699117 | r:  -505.000000 | e:   1.000000 | Q:        nan | won: False 
#  134 | steps:  1506 | steps_t:     0 | t: 0.704103 | r:  -509.000000 | e:   1.000000 | Q:        nan | won: False 
#  135 | steps:  1514 | steps_t:     0 | t: 0.708093 | r:  -507.000000 | e:   1.000000 | Q:        nan | won: False 
#  136 | steps:  1521 | steps_t:     0 | t: 0.712082 | r:  -506.000000 | e:   1.000000 | Q:        nan | won: False 
#  137 | steps:  1531 | steps_t:     0 | t: 0.717069 | r:  -509.000000 | e:   1.000000 | Q:        nan | won: False 
#  138 | steps:  1550 | steps_t:     0 | t: 0.726045 | r:  -518.000000 | e:   1.000000 | Q:        nan | won: False 
#  139 | steps:  1571 | steps_t:     0 | t: 0.735050 | r:  -520.000000 | e:   1.000000 | Q:        nan | won: False 
#  140 | steps:  1592 | steps_t:     0 | t: 0.743998 | r:  -520.000000 | e:   1.000000 | Q:        nan | won: False 
#  141 | steps:  1600 | steps_t:     0 | t: 0.748019 | r:  -507.000000 | e:   1.000000 | Q:        nan | won: False 
#  142 | steps:  1614 | steps_t:     0 | t: 0.754000 | r:  -513.000000 | e:   1.000000 | Q:        nan | won: False 
#  143 | steps:  1624 | steps_t:     0 | t: 0.759985 | r:  -509.000000 | e:   1.000000 | Q:        nan | won: False 
#  144 | steps:  1634 | steps_t:     0 | t: 0.764942 | r:  -509.000000 | e:   1.000000 | Q:        nan | won: False 
#  145 | steps:  1642 | steps_t:     0 | t: 0.768932 | r:  -507.000000 | e:   1.000000 | Q:        nan | won: False 
#  146 | steps:  1650 | steps_t:     0 | t: 0.772921 | r:  -507.000000 | e:   1.000000 | Q:        nan | won: False 
#  147 | steps:  1657 | steps_t:     0 | t: 0.775913 | r:  -506.000000 | e:   1.000000 | Q:        nan | won: False 
#  148 | steps:  1663 | steps_t:     0 | t: 0.779903 | r:  -505.000000 | e:   1.000000 | Q:        nan | won: False 
#  149 | steps:  1669 | steps_t:     0 | t: 0.782896 | r:  -505.000000 | e:   1.000000 | Q:        nan | won: False 
#  150 | steps:  1675 | steps_t:     0 | t: 0.786884 | r:  -505.000000 | e:   1.000000 | Q:        nan | won: False 
#  151 | steps:  1699 | steps_t:     0 | t: 0.795860 | r:  -523.000000 | e:   1.000000 | Q:        nan | won: False 
#  152 | steps:  1710 | steps_t:     0 | t: 0.801845 | r:  -510.000000 | e:   1.000000 | Q:        nan | won: False 
#  153 | steps:  1720 | steps_t:     0 | t: 0.805835 | r:  -509.000000 | e:   1.000000 | Q:        nan | won: False 
#  154 | steps:  1728 | steps_t:     0 | t: 0.809824 | r:  -507.000000 | e:   1.000000 | Q:        nan | won: False 
#  155 | steps:  1742 | steps_t:     0 | t: 0.817803 | r:  -502.000000 | e:   1.000000 | Q:        nan | won: False 
#  156 | steps:  1753 | steps_t:     0 | t: 0.822789 | r:  -510.000000 | e:   1.000000 | Q:        nan | won: False 
#  157 | steps:  1761 | steps_t:     0 | t: 0.825781 | r:  -507.000000 | e:   1.000000 | Q:        nan | won: False 
#  158 | steps:  1780 | steps_t:     0 | t: 0.834757 | r:  -518.000000 | e:   1.000000 | Q:        nan | won: False 
#  159 | steps:  1788 | steps_t:     0 | t: 0.837750 | r:  -507.000000 | e:   1.000000 | Q:        nan | won: False 
#  160 | steps:  1798 | steps_t:     0 | t: 0.842736 | r:  -509.000000 | e:   1.000000 | Q:        nan | won: False 
#  161 | steps:  1806 | steps_t:     0 | t: 0.846726 | r:  -507.000000 | e:   1.000000 | Q:        nan | won: False 
#  162 | steps:  1813 | steps_t:     0 | t: 0.850715 | r:  -506.000000 | e:   1.000000 | Q:        nan | won: False 
#  163 | steps:  1823 | steps_t:     0 | t: 0.854704 | r:  -509.000000 | e:   1.000000 | Q:        nan | won: False 
#  164 | steps:  1829 | steps_t:     0 | t: 0.858694 | r:  -505.000000 | e:   1.000000 | Q:        nan | won: False 
#  165 | steps:  1837 | steps_t:     0 | t: 0.862684 | r:  -507.000000 | e:   1.000000 | Q:        nan | won: False 
#  166 | steps:  1845 | steps_t:     0 | t: 0.866673 | r:  -507.000000 | e:   1.000000 | Q:        nan | won: False 
#  167 | steps:  1866 | steps_t:     0 | t: 0.874651 | r:  -520.000000 | e:   1.000000 | Q:        nan | won: False 
#  168 | steps:  1876 | steps_t:     0 | t: 0.879640 | r:  -509.000000 | e:   1.000000 | Q:        nan | won: False 
#  169 | steps:  1886 | steps_t:     0 | t: 0.883628 | r:  -509.000000 | e:   1.000000 | Q:        nan | won: False 
#  170 | steps:  1904 | steps_t:     0 | t: 0.891607 | r:  -517.000000 | e:   1.000000 | Q:        nan | won: False 
#  171 | steps:  1913 | steps_t:     0 | t: 0.895597 | r:  -508.000000 | e:   1.000000 | Q:        nan | won: False 
#  172 | steps:  1921 | steps_t:     0 | t: 0.899585 | r:  -507.000000 | e:   1.000000 | Q:        nan | won: False 
#  173 | steps:  1929 | steps_t:     0 | t: 0.903575 | r:  -507.000000 | e:   1.000000 | Q:        nan | won: False 
#  174 | steps:  1942 | steps_t:     0 | t: 0.909559 | r:  -512.000000 | e:   1.000000 | Q:        nan | won: False 
#  175 | steps:  1955 | steps_t:     0 | t: 0.916540 | r:  -512.000000 | e:   1.000000 | Q:        nan | won: False 
#  176 | steps:  1972 | steps_t:     0 | t: 0.923522 | r:  -516.000000 | e:   1.000000 | Q:        nan | won: False 
#  177 | steps:  1977 | steps_t:     0 | t: 0.926515 | r:  -504.000000 | e:   1.000000 | Q:        nan | won: False 
#  178 | steps:  1988 | steps_t:     0 | t: 0.931533 | r:  -510.000000 | e:   1.000000 | Q:        nan | won: False 
#  179 | steps:  2009 | steps_t:     0 | t: 0.940486 | r:  -520.000000 | e:   1.000000 | Q:        nan | won: False 
#  180 | steps:  2015 | steps_t:     0 | t: 0.943500 | r:  -505.000000 | e:   1.000000 | Q:        nan | won: False 
#  181 | steps:  2023 | steps_t:     0 | t: 0.947459 | r:  -507.000000 | e:   1.000000 | Q:        nan | won: False 
#  182 | steps:  2030 | steps_t:     0 | t: 0.951478 | r:  -506.000000 | e:   1.000000 | Q:        nan | won: False 
#  183 | steps:  2038 | steps_t:     0 | t: 0.955438 | r:  -507.000000 | e:   1.000000 | Q:        nan | won: False 
#  184 | steps:  2045 | steps_t:     0 | t: 0.958430 | r:  -506.000000 | e:   1.000000 | Q:        nan | won: False 
#  185 | steps:  2060 | steps_t:     0 | t: 0.965444 | r:  -514.000000 | e:   1.000000 | Q:        nan | won: False 
#  186 | steps:  2068 | steps_t:     0 | t: 0.969402 | r:  -507.000000 | e:   1.000000 | Q:        nan | won: False 
#  187 | steps:  2075 | steps_t:     0 | t: 0.973421 | r:  -506.000000 | e:   1.000000 | Q:        nan | won: False 
#  188 | steps:  2084 | steps_t:     0 | t: 0.978377 | r:  -508.000000 | e:   1.000000 | Q:        nan | won: False 
#  189 | steps:  2103 | steps_t:     0 | t: 0.986356 | r:  -507.000000 | e:   1.000000 | Q:        nan | won: False 
#  190 | steps:  2112 | steps_t:     0 | t: 0.990346 | r:  -508.000000 | e:   1.000000 | Q:        nan | won: False 
#  191 | steps:  2121 | steps_t:     0 | t: 0.995369 | r:  -508.000000 | e:   1.000000 | Q:        nan | won: False 
#  192 | steps:  2129 | steps_t:     0 | t: 0.999350 | r:  -507.000000 | e:   1.000000 | Q:        nan | won: False 
#  193 | steps:  2145 | steps_t:     0 | t: 1.006303 | r:  -515.000000 | e:   1.000000 | Q:        nan | won: False 
#  194 | steps:  2164 | steps_t:     0 | t: 1.014306 | r:  -507.000000 | e:   1.000000 | Q:        nan | won: False 
#  195 | steps:  2175 | steps_t:     0 | t: 1.019297 | r:  -510.000000 | e:   1.000000 | Q:        nan | won: False 
#  196 | steps:  2188 | steps_t:     0 | t: 1.025254 | r:  -512.000000 | e:   1.000000 | Q:        nan | won: False 
#  197 | steps:  2196 | steps_t:     0 | t: 1.029273 | r:  -507.000000 | e:   1.000000 | Q:        nan | won: False 
#  198 | steps:  2207 | steps_t:     0 | t: 1.034254 | r:  -510.000000 | e:   1.000000 | Q:        nan | won: False 
#  199 | steps:  2214 | steps_t:     0 | t: 1.038256 | r:  -506.000000 | e:   1.000000 | Q:        nan | won: False 
#  200 | steps:  2233 | steps_t:     0 | t: 1.045201 | r:  -518.000000 | e:   1.000000 | Q:        nan | won: False 
#  201 | steps:  2241 | steps_t:     0 | t: 1.050187 | r:  -507.000000 | e:   1.000000 | Q:        nan | won: False 
#  202 | steps:  2253 | steps_t:     0 | t: 1.055174 | r:  -511.000000 | e:   1.000000 | Q:        nan | won: False 
#  203 | steps:  2266 | steps_t:     0 | t: 1.062165 | r:  -512.000000 | e:   1.000000 | Q:        nan | won: False 
#  204 | steps:  2274 | steps_t:     0 | t: 1.067142 | r:  -507.000000 | e:   1.000000 | Q:        nan | won: False 
#  205 | steps:  2287 | steps_t:     0 | t: 1.073155 | r:  -512.000000 | e:   1.000000 | Q:        nan | won: False 
#  206 | steps:  2296 | steps_t:     0 | t: 1.078113 | r:  -508.000000 | e:   1.000000 | Q:        nan | won: False 
#  207 | steps:  2311 | steps_t:     0 | t: 1.084125 | r:  -514.000000 | e:   1.000000 | Q:        nan | won: False 
#  208 | steps:  2324 | steps_t:     0 | t: 1.090081 | r:  -512.000000 | e:   1.000000 | Q:        nan | won: False 
#  209 | steps:  2330 | steps_t:     0 | t: 1.093104 | r:  -505.000000 | e:   1.000000 | Q:        nan | won: False 
#  210 | steps:  2347 | steps_t:     0 | t: 1.101082 | r:  -516.000000 | e:   1.000000 | Q:        nan | won: False 
#  211 | steps:  2363 | steps_t:     0 | t: 1.108062 | r:  -515.000000 | e:   1.000000 | Q:        nan | won: False 
#  212 | steps:  2373 | steps_t:     0 | t: 1.113021 | r:  -509.000000 | e:   1.000000 | Q:        nan | won: False 
#  213 | steps:  2386 | steps_t:     0 | t: 1.119033 | r:  -512.000000 | e:   1.000000 | Q:        nan | won: False 
#  214 | steps:  2393 | steps_t:     0 | t: 1.122994 | r:  -506.000000 | e:   1.000000 | Q:        nan | won: False 
#  215 | steps:  2407 | steps_t:     0 | t: 1.129977 | r:  -513.000000 | e:   1.000000 | Q:        nan | won: False 
#  216 | steps:  2426 | steps_t:     0 | t: 1.136957 | r:  -507.000000 | e:   1.000000 | Q:        nan | won: False 
#  217 | steps:  2437 | steps_t:     0 | t: 1.142970 | r:  -510.000000 | e:   1.000000 | Q:        nan | won: False 
#  218 | steps:  2449 | steps_t:     0 | t: 1.148926 | r:  -511.000000 | e:   1.000000 | Q:        nan | won: False 
#  219 | steps:  2455 | steps_t:     0 | t: 1.151917 | r:  -505.000000 | e:   1.000000 | Q:        nan | won: False 
#  220 | steps:  2465 | steps_t:     0 | t: 1.156905 | r:  -509.000000 | e:   1.000000 | Q:        nan | won: False 
#  221 | steps:  2475 | steps_t:     0 | t: 1.161891 | r:  -509.000000 | e:   1.000000 | Q:        nan | won: False 
#  222 | steps:  2490 | steps_t:     0 | t: 1.169870 | r:  -503.000000 | e:   1.000000 | Q:        nan | won: False 
#  223 | steps:  2509 | steps_t:     0 | t: 1.177848 | r:  -518.000000 | e:   1.000000 | Q:        nan | won: False 
#  224 | steps:  2522 | steps_t:     0 | t: 1.184858 | r:  -512.000000 | e:   1.000000 | Q:        nan | won: False 
#  225 | steps:  2528 | steps_t:     0 | t: 1.188820 | r:  -505.000000 | e:   1.000000 | Q:        nan | won: False 
#  226 | steps:  2541 | steps_t:     0 | t: 1.194810 | r:  -512.000000 | e:   1.000000 | Q:        nan | won: False 
#  227 | steps:  2553 | steps_t:     0 | t: 1.200788 | r:  -511.000000 | e:   1.000000 | Q:        nan | won: False 
#  228 | steps:  2564 | steps_t:     0 | t: 1.206773 | r:  -510.000000 | e:   1.000000 | Q:        nan | won: False 
#  229 | steps:  2571 | steps_t:     0 | t: 1.209764 | r:  -506.000000 | e:   1.000000 | Q:        nan | won: False 
#  230 | steps:  2580 | steps_t:     0 | t: 1.214751 | r:  -508.000000 | e:   1.000000 | Q:        nan | won: False 
#  231 | steps:  2586 | steps_t:     0 | t: 1.218773 | r:  -505.000000 | e:   1.000000 | Q:        nan | won: False 
#  232 | steps:  2601 | steps_t:     0 | t: 1.226719 | r:  -514.000000 | e:   1.000000 | Q:        nan | won: False 
#  233 | steps:  2617 | steps_t:     0 | t: 1.233701 | r:  -515.000000 | e:   1.000000 | Q:        nan | won: False 
#  234 | steps:  2628 | steps_t:     0 | t: 1.239685 | r:  -510.000000 | e:   1.000000 | Q:        nan | won: False 
#  235 | steps:  2638 | steps_t:     0 | t: 1.243700 | r:  -509.000000 | e:   1.000000 | Q:        nan | won: False 
#  236 | steps:  2649 | steps_t:     0 | t: 1.249658 | r:  -510.000000 | e:   1.000000 | Q:        nan | won: False 
#  237 | steps:  2657 | steps_t:     0 | t: 1.253648 | r:  -507.000000 | e:   1.000000 | Q:        nan | won: False 
#  238 | steps:  2678 | steps_t:     0 | t: 1.261627 | r:  -509.000000 | e:   1.000000 | Q:        nan | won: False 
#  239 | steps:  2684 | steps_t:     0 | t: 1.265647 | r:  -505.000000 | e:   1.000000 | Q:        nan | won: False 
#  240 | steps:  2691 | steps_t:     0 | t: 1.269634 | r:  -506.000000 | e:   1.000000 | Q:        nan | won: False 
#  241 | steps:  2704 | steps_t:     0 | t: 1.275590 | r:  -512.000000 | e:   1.000000 | Q:        nan | won: False 
#  242 | steps:  2713 | steps_t:     0 | t: 1.279607 | r:  -508.000000 | e:   1.000000 | Q:        nan | won: False 
#  243 | steps:  2721 | steps_t:     0 | t: 1.283569 | r:  -507.000000 | e:   1.000000 | Q:        nan | won: False 
#  244 | steps:  2742 | steps_t:     0 | t: 1.292574 | r:  -520.000000 | e:   1.000000 | Q:        nan | won: False 
#  245 | steps:  2757 | steps_t:     0 | t: 1.299556 | r:  -514.000000 | e:   1.000000 | Q:        nan | won: False 
#  246 | steps:  2763 | steps_t:     0 | t: 1.303547 | r:  -505.000000 | e:   1.000000 | Q:        nan | won: False 
#  247 | steps:  2771 | steps_t:     0 | t: 1.307505 | r:  -507.000000 | e:   1.000000 | Q:        nan | won: False 
#  248 | steps:  2779 | steps_t:     0 | t: 1.310497 | r:  -507.000000 | e:   1.000000 | Q:        nan | won: False 
#  249 | steps:  2788 | steps_t:     0 | t: 1.314488 | r:  -508.000000 | e:   1.000000 | Q:        nan | won: False 
#  250 | steps:  2797 | steps_t:     0 | t: 1.319502 | r:  -508.000000 | e:   1.000000 | Q:        nan | won: False 
#  251 | steps:  2804 | steps_t:     0 | t: 1.323464 | r:  -506.000000 | e:   1.000000 | Q:        nan | won: False 
#  252 | steps:  2812 | steps_t:     0 | t: 1.326486 | r:  -507.000000 | e:   1.000000 | Q:        nan | won: False 
#  253 | steps:  2821 | steps_t:     0 | t: 1.331474 | r:  -508.000000 | e:   1.000000 | Q:        nan | won: False 
#  254 | steps:  2832 | steps_t:     0 | t: 1.335464 | r:  -510.000000 | e:   1.000000 | Q:        nan | won: False 
#  255 | steps:  2841 | steps_t:     0 | t: 1.340452 | r:  -508.000000 | e:   1.000000 | Q:        nan | won: False 
#  256 | steps:  2857 | steps_t:     0 | t: 1.346435 | r:  -515.000000 | e:   1.000000 | Q:        nan | won: False 
#  257 | steps:  2867 | steps_t:     0 | t: 1.351417 | r:  -509.000000 | e:   1.000000 | Q:        nan | won: False 
#  258 | steps:  2883 | steps_t:     0 | t: 1.358399 | r:  -515.000000 | e:   1.000000 | Q:        nan | won: False 
#  259 | steps:  2902 | steps_t:     0 | t: 1.366350 | r:  -507.000000 | e:   1.000000 | Q:        nan | won: False 
#  260 | steps:  2924 | steps_t:     0 | t: 1.375326 | r:  -521.000000 | e:   1.000000 | Q:        nan | won: False 
#  261 | steps:  2932 | steps_t:     0 | t: 1.379315 | r:  -507.000000 | e:   1.000000 | Q:        nan | won: False 
#  262 | steps:  2941 | steps_t:     0 | t: 1.384302 | r:  -508.000000 | e:   1.000000 | Q:        nan | won: False 
#  263 | steps:  2949 | steps_t:     0 | t: 1.388291 | r:  -507.000000 | e:   1.000000 | Q:        nan | won: False 
#  264 | steps:  2956 | steps_t:     0 | t: 1.392310 | r:  -506.000000 | e:   1.000000 | Q:        nan | won: False 
#  265 | steps:  2963 | steps_t:     0 | t: 1.395302 | r:  -506.000000 | e:   1.000000 | Q:        nan | won: False 
#  266 | steps:  2981 | steps_t:     0 | t: 1.403280 | r:  -517.000000 | e:   1.000000 | Q:        nan | won: False 
#  267 | steps:  2987 | steps_t:     0 | t: 1.407242 | r:  -505.000000 | e:   1.000000 | Q:        nan | won: False 
#  268 | steps:  3000 | steps_t:     0 | t: 1.412259 | r:  -512.000000 | e:   1.000000 | Q:        nan | won: False 
#  269 | steps:  3005 | steps_t:     0 | t: 1.416246 | r:  -504.000000 | e:   1.000000 | Q:        nan | won: False 
#  270 | steps:  3014 | steps_t:     0 | t: 1.420236 | r:  -508.000000 | e:   1.000000 | Q:        nan | won: False 
#  271 | steps:  3025 | steps_t:     0 | t: 1.425194 | r:  -510.000000 | e:   1.000000 | Q:        nan | won: False 
#  272 | steps:  3032 | steps_t:     0 | t: 1.428214 | r:  -506.000000 | e:   1.000000 | Q:        nan | won: False 
#  273 | steps:  3042 | steps_t:     0 | t: 1.433202 | r:  -509.000000 | e:   1.000000 | Q:        nan | won: False 
#  274 | steps:  3063 | steps_t:     0 | t: 1.442149 | r:  -520.000000 | e:   1.000000 | Q:        nan | won: False 
#  275 | steps:  3072 | steps_t:     0 | t: 1.446167 | r:  -508.000000 | e:   1.000000 | Q:        nan | won: False 
#  276 | steps:  3090 | steps_t:     0 | t: 1.453152 | r:  -517.000000 | e:   1.000000 | Q:        nan | won: False 
#  277 | steps:  3105 | steps_t:     0 | t: 1.460130 | r:  -492.000000 | e:   1.000000 | Q:        nan | won: False 
#  278 | steps:  3113 | steps_t:     0 | t: 1.464091 | r:  -507.000000 | e:   1.000000 | Q:        nan | won: False 
#  279 | steps:  3119 | steps_t:     0 | t: 1.468080 | r:  -505.000000 | e:   1.000000 | Q:        nan | won: False 
#  280 | steps:  3126 | steps_t:     0 | t: 1.472070 | r:  -506.000000 | e:   1.000000 | Q:        nan | won: False 
#  281 | steps:  3146 | steps_t:     0 | t: 1.480079 | r:  -519.000000 | e:   1.000000 | Q:        nan | won: False 
#  282 | steps:  3159 | steps_t:     0 | t: 1.486062 | r:  -512.000000 | e:   1.000000 | Q:        nan | won: False 
#  283 | steps:  3172 | steps_t:     0 | t: 1.493043 | r:  -512.000000 | e:   1.000000 | Q:        nan | won: False 
#  284 | steps:  3187 | steps_t:     0 | t: 1.500994 | r:  -514.000000 | e:   1.000000 | Q:        nan | won: False 
#  285 | steps:  3202 | steps_t:     0 | t: 1.508973 | r:  -514.000000 | e:   1.000000 | Q:        nan | won: False 
#  286 | steps:  3212 | steps_t:     0 | t: 1.513959 | r:  -509.000000 | e:   1.000000 | Q:        nan | won: False 
#  287 | steps:  3230 | steps_t:     0 | t: 1.522965 | r:  -506.000000 | e:   1.000000 | Q:        nan | won: False 
#  288 | steps:  3247 | steps_t:     0 | t: 1.530914 | r:  -516.000000 | e:   1.000000 | Q:        nan | won: False 
#  289 | steps:  3257 | steps_t:     0 | t: 1.535900 | r:  -509.000000 | e:   1.000000 | Q:        nan | won: False 
#  290 | steps:  3272 | steps_t:     0 | t: 1.542882 | r:  -492.000000 | e:   1.000000 | Q:        nan | won: False 
#  291 | steps:  3277 | steps_t:     0 | t: 1.545874 | r:  -504.000000 | e:   1.000000 | Q:        nan | won: False 
#  292 | steps:  3292 | steps_t:     0 | t: 1.552855 | r:  -514.000000 | e:   1.000000 | Q:        nan | won: False 
#  293 | steps:  3301 | steps_t:     0 | t: 1.557878 | r:  -508.000000 | e:   1.000000 | Q:        nan | won: False 
#  294 | steps:  3308 | steps_t:     0 | t: 1.560864 | r:  -506.000000 | e:   1.000000 | Q:        nan | won: False 
#  295 | steps:  3325 | steps_t:     0 | t: 1.568842 | r:  -516.000000 | e:   1.000000 | Q:        nan | won: False 
#  296 | steps:  3347 | steps_t:     0 | t: 1.577822 | r:  -521.000000 | e:   1.000000 | Q:        nan | won: False 
#  297 | steps:  3366 | steps_t:     0 | t: 1.584799 | r:  -518.000000 | e:   1.000000 | Q:        nan | won: False 
#  298 | steps:  3375 | steps_t:     0 | t: 1.589758 | r:  -508.000000 | e:   1.000000 | Q:        nan | won: False 
#  299 | steps:  3382 | steps_t:     0 | t: 1.592750 | r:  -506.000000 | e:   1.000000 | Q:        nan | won: False 
#  300 | steps:  3390 | steps_t:     0 | t: 1.596768 | r:  -507.000000 | e:   1.000000 | Q:        nan | won: False 
#  301 | steps:  3413 | steps_t:     0 | t: 1.606713 | r:  -522.000000 | e:   1.000000 | Q:        nan | won: False 
#  302 | steps:  3424 | steps_t:     0 | t: 1.611700 | r:  -510.000000 | e:   1.000000 | Q:        nan | won: False 
#  303 | steps:  3434 | steps_t:     0 | t: 1.615689 | r:  -509.000000 | e:   1.000000 | Q:        nan | won: False 
#  304 | steps:  3443 | steps_t:     0 | t: 1.620676 | r:  -508.000000 | e:   1.000000 | Q:        nan | won: False 
#  305 | steps:  3452 | steps_t:     0 | t: 1.625663 | r:  -508.000000 | e:   1.000000 | Q:        nan | won: False 
#  306 | steps:  3473 | steps_t:     0 | t: 1.633674 | r:  -520.000000 | e:   1.000000 | Q:        nan | won: False 
#  307 | steps:  3483 | steps_t:     0 | t: 1.638628 | r:  -509.000000 | e:   1.000000 | Q:        nan | won: False 
#  308 | steps:  3496 | steps_t:     0 | t: 1.644612 | r:  -512.000000 | e:   1.000000 | Q:        nan | won: False 
#  309 | steps:  3505 | steps_t:     0 | t: 1.648602 | r:  -508.000000 | e:   1.000000 | Q:        nan | won: False 
#  310 | steps:  3515 | steps_t:     0 | t: 1.653617 | r:  -509.000000 | e:   1.000000 | Q:        nan | won: False 
#  311 | steps:  3525 | steps_t:     0 | t: 1.658604 | r:  -509.000000 | e:   1.000000 | Q:        nan | won: False 
#  312 | steps:  3532 | steps_t:     0 | t: 1.661567 | r:  -506.000000 | e:   1.000000 | Q:        nan | won: False 
#  313 | steps:  3542 | steps_t:     0 | t: 1.665557 | r:  -509.000000 | e:   1.000000 | Q:        nan | won: False 
#  314 | steps:  3551 | steps_t:     0 | t: 1.670544 | r:  -508.000000 | e:   1.000000 | Q:        nan | won: False 
#  315 | steps:  3571 | steps_t:     0 | t: 1.678553 | r:  -519.000000 | e:   1.000000 | Q:        nan | won: False 
#  316 | steps:  3578 | steps_t:     0 | t: 1.682512 | r:  -506.000000 | e:   1.000000 | Q:        nan | won: False 
#  317 | steps:  3598 | steps_t:     0 | t: 1.691519 | r:  -519.000000 | e:   1.000000 | Q:        nan | won: False 
#  318 | steps:  3605 | steps_t:     0 | t: 1.695506 | r:  -506.000000 | e:   1.000000 | Q:        nan | won: False 
