#    1 | steps:    13 | steps_t:     0 | t: 0.012965 | r:  -501.000000 | e:   1.000000 | Q:        nan | won: False 
#    2 | steps:    24 | steps_t:     0 | t: 0.023937 | r:  -466.000000 | e:   1.000000 | Q:        nan | won: False 
#    3 | steps:    38 | steps_t:     0 | t: 0.037899 | r:  -491.000000 | e:   1.000000 | Q:        nan | won: False 
#    4 | steps:    47 | steps_t:     0 | t: 0.049868 | r:  -486.000000 | e:   1.000000 | Q:        nan | won: False 
#    5 | steps:    57 | steps_t:     0 | t: 0.059841 | r:  -465.000000 | e:   1.000000 | Q:        nan | won: False 
#    6 | steps:    71 | steps_t:     0 | t: 0.075799 | r:  -491.000000 | e:   1.000000 | Q:        nan | won: False 
#    7 | steps:    83 | steps_t:     0 | t: 0.088764 | r:  -489.000000 | e:   1.000000 | Q:        nan | won: False 
#    8 | steps:    96 | steps_t:     0 | t: 0.101730 | r:  -490.000000 | e:   1.000000 | Q:        nan | won: False 
#    9 | steps:   115 | steps_t:     0 | t: 0.120679 | r:  -485.000000 | e:   1.000000 | Q:        nan | won: False 
#   10 | steps:   128 | steps_t:     0 | t: 0.142621 | r:  -435.000000 | e:   1.000000 | Q:        nan | won: False 
#   11 | steps:   139 | steps_t:     0 | t: 0.154588 | r:  -499.000000 | e:   1.000000 | Q:        nan | won: False 
#   12 | steps:   152 | steps_t:     0 | t: 0.167554 | r:  -490.000000 | e:   1.000000 | Q:        nan | won: False 
#   13 | steps:   169 | steps_t:     0 | t: 0.185508 | r:  -494.000000 | e:   1.000000 | Q:        nan | won: False 
#   14 | steps:   181 | steps_t:     0 | t: 0.198472 | r:  -489.000000 | e:   1.000000 | Q:        nan | won: False 
#   15 | steps:   192 | steps_t:     0 | t: 0.209442 | r:  -455.000000 | e:   1.000000 | Q:        nan | won: False 
#   16 | steps:   200 | steps_t:     0 | t: 0.220413 | r:  -452.000000 | e:   1.000000 | Q:        nan | won: False 
#   17 | steps:   213 | steps_t:     0 | t: 0.234376 | r:  -490.000000 | e:   1.000000 | Q:        nan | won: False 
#   18 | steps:   226 | steps_t:     0 | t: 0.251331 | r:  -490.000000 | e:   1.000000 | Q:        nan | won: False 
#   19 | steps:   240 | steps_t:     0 | t: 0.266804 | r:  -502.000000 | e:   1.000000 | Q:        nan | won: False 
#   20 | steps:   252 | steps_t:     0 | t: 0.279769 | r:  -478.000000 | e:   1.000000 | Q:        nan | won: False 
#   21 | steps:   262 | steps_t:     0 | t: 0.291737 | r:  -465.000000 | e:   1.000000 | Q:        nan | won: False 
#   22 | steps:   276 | steps_t:     0 | t: 0.308692 | r:  -491.000000 | e:   1.000000 | Q:        nan | won: False 
#   23 | steps:   291 | steps_t:     0 | t: 0.324650 | r:  -481.000000 | e:   1.000000 | Q:        nan | won: False 
#   24 | steps:   303 | steps_t:     0 | t: 0.336617 | r:  -500.000000 | e:   1.000000 | Q:        nan | won: False 
#   25 | steps:   314 | steps_t:     0 | t: 0.348585 | r:  -433.000000 | e:   1.000000 | Q:        nan | won: False 
#   26 | steps:   326 | steps_t:     0 | t: 0.360554 | r:  -445.000000 | e:   1.000000 | Q:        nan | won: False 
#   27 | steps:   342 | steps_t:     0 | t: 0.378016 | r:  -482.000000 | e:   1.000000 | Q:        nan | won: False 
#   28 | steps:   354 | steps_t:     0 | t: 0.389985 | r:  -489.000000 | e:   1.000000 | Q:        nan | won: False 
#   29 | steps:   366 | steps_t:     0 | t: 0.402950 | r:  -489.000000 | e:   1.000000 | Q:        nan | won: False 
#   30 | steps:   390 | steps_t:     0 | t: 0.426887 | r:  -490.000000 | e:   1.000000 | Q:        nan | won: False 
#   31 | steps:   407 | steps_t:     0 | t: 0.447831 | r:  -483.000000 | e:   1.000000 | Q:        nan | won: False 
#   32 | steps:   425 | steps_t:     0 | t: 0.468775 | r:  -473.000000 | e:   1.000000 | Q:        nan | won: False 
#   33 | steps:   435 | steps_t:     0 | t: 0.481740 | r:  -487.000000 | e:   1.000000 | Q:        nan | won: False 
#   34 | steps:   446 | steps_t:     0 | t: 0.493709 | r:  -488.000000 | e:   1.000000 | Q:        nan | won: False 
#   35 | steps:   456 | steps_t:     0 | t: 0.503681 | r:  -465.000000 | e:   1.000000 | Q:        nan | won: False 
#   36 | steps:   468 | steps_t:     0 | t: 0.515651 | r:  -500.000000 | e:   1.000000 | Q:        nan | won: False 
#   37 | steps:   480 | steps_t:     0 | t: 0.529613 | r:  -500.000000 | e:   1.000000 | Q:        nan | won: False 
#   38 | steps:   502 | steps_t:     0 | t: 0.555545 | r:  -455.000000 | e:   1.000000 | Q:        nan | won: False 
#   39 | steps:   516 | steps_t:     0 | t: 0.576488 | r:  -502.000000 | e:   1.000000 | Q:        nan | won: False 
#   40 | steps:   529 | steps_t:     0 | t: 0.590451 | r:  -446.000000 | e:   1.000000 | Q:        nan | won: False 
#   41 | steps:   541 | steps_t:     0 | t: 0.608404 | r:  -489.000000 | e:   1.000000 | Q:        nan | won: False 
#   42 | steps:   553 | steps_t:     0 | t: 0.621369 | r:  -478.000000 | e:   1.000000 | Q:        nan | won: False 
#   43 | steps:   567 | steps_t:     0 | t: 0.637326 | r:  -491.000000 | e:   1.000000 | Q:        nan | won: False 
#   44 | steps:   582 | steps_t:     0 | t: 0.657273 | r:  -481.000000 | e:   1.000000 | Q:        nan | won: False 
#   45 | steps:   591 | steps_t:     0 | t: 0.668244 | r:  -475.000000 | e:   1.000000 | Q:        nan | won: False 
#   46 | steps:   604 | steps_t:     0 | t: 0.690185 | r:  -490.000000 | e:   1.000000 | Q:        nan | won: False 
#   47 | steps:   615 | steps_t:     0 | t: 0.704148 | r:  -488.000000 | e:   1.000000 | Q:        nan | won: False 
#   48 | steps:   630 | steps_t:     0 | t: 0.722100 | r:  -481.000000 | e:   1.000000 | Q:        nan | won: False 
#   49 | steps:   642 | steps_t:     0 | t: 0.739055 | r:  -489.000000 | e:   1.000000 | Q:        nan | won: False 
#   50 | steps:   662 | steps_t:     0 | t: 0.762991 | r:  -464.000000 | e:   1.000000 | Q:        nan | won: False 
#   51 | steps:   672 | steps_t:     0 | t: 0.772965 | r:  -476.000000 | e:   1.000000 | Q:        nan | won: False 
#   52 | steps:   687 | steps_t:     0 | t: 0.795904 | r:  -448.000000 | e:   1.000000 | Q:        nan | won: False 
#   53 | steps:   700 | steps_t:     0 | t: 0.808869 | r:  -479.000000 | e:   1.000000 | Q:        nan | won: False 
#   54 | steps:   713 | steps_t:     0 | t: 0.821835 | r:  -501.000000 | e:   1.000000 | Q:        nan | won: False 
#   55 | steps:   728 | steps_t:     0 | t: 0.842779 | r:  -503.000000 | e:   1.000000 | Q:        nan | won: False 
#   56 | steps:   745 | steps_t:     0 | t: 0.860731 | r:  -483.000000 | e:   1.000000 | Q:        nan | won: False 
#   57 | steps:   759 | steps_t:     0 | t: 0.876688 | r:  -502.000000 | e:   1.000000 | Q:        nan | won: False 
#   58 | steps:   771 | steps_t:     0 | t: 0.890651 | r:  -489.000000 | e:   1.000000 | Q:        nan | won: False 
#   59 | steps:   781 | steps_t:     0 | t: 0.901623 | r:  -476.000000 | e:   1.000000 | Q:        nan | won: False 
#   60 | steps:   794 | steps_t:     0 | t: 0.917580 | r:  -479.000000 | e:   1.000000 | Q:        nan | won: False 
#   61 | steps:   806 | steps_t:     0 | t: 0.930546 | r:  -500.000000 | e:   1.000000 | Q:        nan | won: False 
#   62 | steps:   820 | steps_t:     0 | t: 0.947500 | r:  -469.000000 | e:   1.000000 | Q:        nan | won: False 
#   63 | steps:   833 | steps_t:     0 | t: 0.961463 | r:  -490.000000 | e:   1.000000 | Q:        nan | won: False 
#   64 | steps:   851 | steps_t:     0 | t: 0.987394 | r:  -440.000000 | e:   1.000000 | Q:        nan | won: False 
#   65 | steps:   864 | steps_t:     0 | t: 1.002353 | r:  -490.000000 | e:   1.000000 | Q:        nan | won: False 
#   66 | steps:   878 | steps_t:     0 | t: 1.018311 | r:  -480.000000 | e:   1.000000 | Q:        nan | won: False 
#   67 | steps:   898 | steps_t:     0 | t: 1.045239 | r:  -409.000000 | e:   1.000000 | Q:        nan | won: False 
#   68 | steps:   908 | steps_t:     0 | t: 1.055213 | r:  -476.000000 | e:   1.000000 | Q:        nan | won: False 
#   69 | steps:   918 | steps_t:     0 | t: 1.067181 | r:  -465.000000 | e:   1.000000 | Q:        nan | won: False 
#   70 | steps:   930 | steps_t:     0 | t: 1.080149 | r:  -489.000000 | e:   1.000000 | Q:        nan | won: False 
#   71 | steps:   939 | steps_t:     0 | t: 1.090120 | r:  -453.000000 | e:   1.000000 | Q:        nan | won: False 
#   72 | steps:   949 | steps_t:     0 | t: 1.100094 | r:  -476.000000 | e:   1.000000 | Q:        nan | won: False 
#   73 | steps:   960 | steps_t:     0 | t: 1.113059 | r:  -477.000000 | e:   1.000000 | Q:        nan | won: False 
#   74 | steps:   976 | steps_t:     0 | t: 1.128020 | r:  -493.000000 | e:   1.000000 | Q:        nan | won: False 
#   75 | steps:   991 | steps_t:     0 | t: 1.145972 | r:  -470.000000 | e:   1.000000 | Q:        nan | won: False 
#   76 | steps:  1002 | steps_t:     0 | t: 1.157939 | r:  -477.000000 | e:   1.000000 | Q:        nan | won: False 
#   77 | steps:  1010 | steps_t:     0 | t: 1.169908 | r:  -452.000000 | e:   1.000000 | Q:        nan | won: False 
#   78 | steps:  1020 | steps_t:     0 | t: 1.182874 | r:  -465.000000 | e:   1.000000 | Q:        nan | won: False 
#   79 | steps:  1030 | steps_t:     0 | t: 1.192846 | r:  -476.000000 | e:   1.000000 | Q:        nan | won: False 
#   80 | steps:  1038 | steps_t:     0 | t: 1.201822 | r:  -452.000000 | e:   1.000000 | Q:        nan | won: False 
#   81 | steps:  1056 | steps_t:     0 | t: 1.218779 | r:  -484.000000 | e:   1.000000 | Q:        nan | won: False 
#   82 | steps:  1069 | steps_t:     0 | t: 1.232740 | r:  -490.000000 | e:   1.000000 | Q:        nan | won: False 
#   83 | steps:  1085 | steps_t:     0 | t: 1.248698 | r:  -493.000000 | e:   1.000000 | Q:        nan | won: False 
#   84 | steps:  1093 | steps_t:     0 | t: 1.256676 | r:  -463.000000 | e:   1.000000 | Q:        nan | won: False 
#   85 | steps:  1104 | steps_t:     0 | t: 1.268644 | r:  -499.000000 | e:   1.000000 | Q:        nan | won: False 
#   86 | steps:  1116 | steps_t:     0 | t: 1.280613 | r:  -500.000000 | e:   1.000000 | Q:        nan | won: False 
#   87 | steps:  1126 | steps_t:     0 | t: 1.291585 | r:  -476.000000 | e:   1.000000 | Q:        nan | won: False 
#   88 | steps:  1143 | steps_t:     0 | t: 1.309537 | r:  -461.000000 | e:   1.000000 | Q:        nan | won: False 
#   89 | steps:  1155 | steps_t:     0 | t: 1.322501 | r:  -489.000000 | e:   1.000000 | Q:        nan | won: False 
#   90 | steps:  1166 | steps_t:     0 | t: 1.334470 | r:  -499.000000 | e:   1.000000 | Q:        nan | won: False 
#   91 | steps:  1176 | steps_t:     0 | t: 1.370374 | r:  -487.000000 | e:   1.000000 | Q:        nan | won: False 
#   92 | steps:  1184 | steps_t:     0 | t: 1.378352 | r:  -452.000000 | e:   1.000000 | Q:        nan | won: False 
#   93 | steps:  1196 | steps_t:     0 | t: 1.391318 | r:  -489.000000 | e:   1.000000 | Q:        nan | won: False 
#   94 | steps:  1219 | steps_t:     0 | t: 1.414257 | r:  -456.000000 | e:   1.000000 | Q:        nan | won: False 
#   95 | steps:  1250 | steps_t:     0 | t: 1.442183 | r:  -497.000000 | e:   1.000000 | Q:        nan | won: False 
#   96 | steps:  1261 | steps_t:     0 | t: 1.455148 | r:  -488.000000 | e:   1.000000 | Q:        nan | won: False 
#   97 | steps:  1272 | steps_t:     0 | t: 1.467116 | r:  -488.000000 | e:   1.000000 | Q:        nan | won: False 
#   98 | steps:  1283 | steps_t:     0 | t: 1.478087 | r:  -466.000000 | e:   1.000000 | Q:        nan | won: False 
#   99 | steps:  1293 | steps_t:     0 | t: 1.491052 | r:  -476.000000 | e:   1.000000 | Q:        nan | won: False 
#  100 | steps:  1313 | steps_t:     0 | t: 1.511997 | r:  -464.000000 | e:   1.000000 | Q:        nan | won: False 
#  101 | steps:  1324 | steps_t:     0 | t: 1.522967 | r:  -477.000000 | e:   1.000000 | Q:        nan | won: False 
#  102 | steps:  1336 | steps_t:     0 | t: 1.535933 | r:  -478.000000 | e:   1.000000 | Q:        nan | won: False 
#  103 | steps:  1346 | steps_t:     0 | t: 1.546904 | r:  -465.000000 | e:   1.000000 | Q:        nan | won: False 
#  104 | steps:  1360 | steps_t:     0 | t: 1.562862 | r:  -491.000000 | e:   1.000000 | Q:        nan | won: False 
#  105 | steps:  1372 | steps_t:     0 | t: 1.574829 | r:  -489.000000 | e:   1.000000 | Q:        nan | won: False 
#  106 | steps:  1383 | steps_t:     0 | t: 1.585800 | r:  -488.000000 | e:   1.000000 | Q:        nan | won: False 
#  107 | steps:  1392 | steps_t:     0 | t: 1.595773 | r:  -486.000000 | e:   1.000000 | Q:        nan | won: False 
#  108 | steps:  1407 | steps_t:     0 | t: 1.609737 | r:  -470.000000 | e:   1.000000 | Q:        nan | won: False 
#  109 | steps:  1417 | steps_t:     0 | t: 1.619709 | r:  -443.000000 | e:   1.000000 | Q:        nan | won: False 
#  110 | steps:  1429 | steps_t:     0 | t: 1.632676 | r:  -489.000000 | e:   1.000000 | Q:        nan | won: False 
#  111 | steps:  1442 | steps_t:     0 | t: 1.645640 | r:  -490.000000 | e:   1.000000 | Q:        nan | won: False 
#  112 | steps:  1454 | steps_t:     0 | t: 1.657608 | r:  -456.000000 | e:   1.000000 | Q:        nan | won: False 
#  113 | steps:  1470 | steps_t:     0 | t: 1.673567 | r:  -482.000000 | e:   1.000000 | Q:        nan | won: False 
#  114 | steps:  1486 | steps_t:     0 | t: 1.712462 | r:  -482.000000 | e:   1.000000 | Q:        nan | won: False 
#  115 | steps:  1495 | steps_t:     0 | t: 1.723433 | r:  -475.000000 | e:   1.000000 | Q:        nan | won: False 
#  116 | steps:  1505 | steps_t:     0 | t: 1.735402 | r:  -487.000000 | e:   1.000000 | Q:        nan | won: False 
#  117 | steps:  1517 | steps_t:     0 | t: 1.748367 | r:  -478.000000 | e:   1.000000 | Q:        nan | won: False 
#  118 | steps:  1528 | steps_t:     0 | t: 1.758341 | r:  -488.000000 | e:   1.000000 | Q:        nan | won: False 
#  119 | steps:  1542 | steps_t:     0 | t: 1.772807 | r:  -480.000000 | e:   1.000000 | Q:        nan | won: False 
#  120 | steps:  1553 | steps_t:     0 | t: 1.783780 | r:  -477.000000 | e:   1.000000 | Q:        nan | won: False 
#  121 | steps:  1566 | steps_t:     0 | t: 1.796746 | r:  -490.000000 | e:   1.000000 | Q:        nan | won: False 
#  122 | steps:  1577 | steps_t:     0 | t: 1.807717 | r:  -488.000000 | e:   1.000000 | Q:        nan | won: False 
#  123 | steps:  1590 | steps_t:     0 | t: 1.820682 | r:  -479.000000 | e:   1.000000 | Q:        nan | won: False 
#  124 | steps:  1599 | steps_t:     0 | t: 1.829658 | r:  -486.000000 | e:   1.000000 | Q:        nan | won: False 
#  125 | steps:  1611 | steps_t:     0 | t: 1.844619 | r:  -478.000000 | e:   1.000000 | Q:        nan | won: False 
#  126 | steps:  1627 | steps_t:     0 | t: 1.861574 | r:  -471.000000 | e:   1.000000 | Q:        nan | won: False 
#  127 | steps:  1640 | steps_t:     0 | t: 1.874049 | r:  -501.000000 | e:   1.000000 | Q:        nan | won: False 
#  128 | steps:  1654 | steps_t:     0 | t: 1.889010 | r:  -480.000000 | e:   1.000000 | Q:        nan | won: False 
#  129 | steps:  1671 | steps_t:     0 | t: 1.905964 | r:  -494.000000 | e:   1.000000 | Q:        nan | won: False 
#  130 | steps:  1680 | steps_t:     0 | t: 1.915938 | r:  -475.000000 | e:   1.000000 | Q:        nan | won: False 
#  131 | steps:  1692 | steps_t:     0 | t: 1.928904 | r:  -478.000000 | e:   1.000000 | Q:        nan | won: False 
#  132 | steps:  1704 | steps_t:     0 | t: 1.940871 | r:  -478.000000 | e:   1.000000 | Q:        nan | won: False 
#  133 | steps:  1715 | steps_t:     0 | t: 1.951842 | r:  -488.000000 | e:   1.000000 | Q:        nan | won: False 
#  134 | steps:  1733 | steps_t:     0 | t: 1.968797 | r:  -484.000000 | e:   1.000000 | Q:        nan | won: False 
#  135 | steps:  1746 | steps_t:     0 | t: 1.982759 | r:  -490.000000 | e:   1.000000 | Q:        nan | won: False 
#  136 | steps:  1756 | steps_t:     0 | t: 1.993730 | r:  -465.000000 | e:   1.000000 | Q:        nan | won: False 
#  137 | steps:  1768 | steps_t:     0 | t: 2.004701 | r:  -478.000000 | e:   1.000000 | Q:        nan | won: False 
#  138 | steps:  1786 | steps_t:     0 | t: 2.022653 | r:  -484.000000 | e:   1.000000 | Q:        nan | won: False 
#  139 | steps:  1797 | steps_t:     0 | t: 2.034621 | r:  -488.000000 | e:   1.000000 | Q:        nan | won: False 
#  140 | steps:  1807 | steps_t:     0 | t: 2.045593 | r:  -498.000000 | e:   1.000000 | Q:        nan | won: False 
#  141 | steps:  1820 | steps_t:     0 | t: 2.058558 | r:  -479.000000 | e:   1.000000 | Q:        nan | won: False 
#  142 | steps:  1831 | steps_t:     0 | t: 2.070526 | r:  -488.000000 | e:   1.000000 | Q:        nan | won: False 
#  143 | steps:  1844 | steps_t:     0 | t: 2.085487 | r:  -479.000000 | e:   1.000000 | Q:        nan | won: False 
#  144 | steps:  1856 | steps_t:     0 | t: 2.099449 | r:  -478.000000 | e:   1.000000 | Q:        nan | won: False 
#  145 | steps:  1870 | steps_t:     0 | t: 2.116404 | r:  -502.000000 | e:   1.000000 | Q:        nan | won: False 
#  146 | steps:  1882 | steps_t:     0 | t: 2.129369 | r:  -467.000000 | e:   1.000000 | Q:        nan | won: False 
#  147 | steps:  1892 | steps_t:     0 | t: 2.140340 | r:  -476.000000 | e:   1.000000 | Q:        nan | won: False 
#  148 | steps:  1900 | steps_t:     0 | t: 2.148319 | r:  -452.000000 | e:   1.000000 | Q:        nan | won: False 
#  149 | steps:  1911 | steps_t:     0 | t: 2.159290 | r:  -477.000000 | e:   1.000000 | Q:        nan | won: False 
#  150 | steps:  1922 | steps_t:     0 | t: 2.172255 | r:  -477.000000 | e:   1.000000 | Q:        nan | won: False 
#  151 | steps:  1932 | steps_t:     0 | t: 2.184223 | r:  -476.000000 | e:   1.000000 | Q:        nan | won: False 
#  152 | steps:  1948 | steps_t:     0 | t: 2.297921 | r:  -460.000000 | e:   1.000000 | Q:        nan | won: False 
#  153 | steps:  1959 | steps_t:     0 | t: 2.308891 | r:  -477.000000 | e:   1.000000 | Q:        nan | won: False 
#  154 | steps:  1971 | steps_t:     0 | t: 2.326844 | r:  -489.000000 | e:   1.000000 | Q:        nan | won: False 
#  155 | steps:  1983 | steps_t:     0 | t: 2.338812 | r:  -500.000000 | e:   1.000000 | Q:        nan | won: False 
#  156 | steps:  1999 | steps_t:     0 | t: 2.374717 | r:  -482.000000 | e:   1.000000 | Q:        nan | won: False 
#  157 | steps:  2012 | steps_t:     0 | t: 2.388680 | r:  -490.000000 | e:   1.000000 | Q:        nan | won: False 
#  158 | steps:  2026 | steps_t:     0 | t: 2.408626 | r:  -469.000000 | e:   1.000000 | Q:        nan | won: False 
#  159 | steps:  2042 | steps_t:     0 | t: 2.424583 | r:  -471.000000 | e:   1.000000 | Q:        nan | won: False 
#  160 | steps:  2057 | steps_t:     0 | t: 2.440541 | r:  -481.000000 | e:   1.000000 | Q:        nan | won: False 
#  161 | steps:  2066 | steps_t:     0 | t: 2.450514 | r:  -464.000000 | e:   1.000000 | Q:        nan | won: False 
#  162 | steps:  2077 | steps_t:     0 | t: 2.462482 | r:  -488.000000 | e:   1.000000 | Q:        nan | won: False 
#  163 | steps:  2091 | steps_t:     0 | t: 2.478440 | r:  -480.000000 | e:   1.000000 | Q:        nan | won: False 
#  164 | steps:  2105 | steps_t:     0 | t: 2.496392 | r:  -480.000000 | e:   1.000000 | Q:        nan | won: False 
#  165 | steps:  2120 | steps_t:     0 | t: 2.512350 | r:  -503.000000 | e:   1.000000 | Q:        nan | won: False 
#  166 | steps:  2130 | steps_t:     0 | t: 2.523320 | r:  -465.000000 | e:   1.000000 | Q:        nan | won: False 
#  167 | steps:  2142 | steps_t:     0 | t: 2.536287 | r:  -489.000000 | e:   1.000000 | Q:        nan | won: False 
#  168 | steps:  2151 | steps_t:     0 | t: 2.546259 | r:  -464.000000 | e:   1.000000 | Q:        nan | won: False 
#  169 | steps:  2163 | steps_t:     0 | t: 2.557230 | r:  -489.000000 | e:   1.000000 | Q:        nan | won: False 
#  170 | steps:  2173 | steps_t:     0 | t: 2.567204 | r:  -476.000000 | e:   1.000000 | Q:        nan | won: False 
#  171 | steps:  2184 | steps_t:     0 | t: 2.578174 | r:  -477.000000 | e:   1.000000 | Q:        nan | won: False 
#  172 | steps:  2201 | steps_t:     0 | t: 2.596126 | r:  -406.000000 | e:   1.000000 | Q:        nan | won: False 
#  173 | steps:  2214 | steps_t:     0 | t: 2.608094 | r:  -490.000000 | e:   1.000000 | Q:        nan | won: False 
#  174 | steps:  2223 | steps_t:     0 | t: 2.618068 | r:  -453.000000 | e:   1.000000 | Q:        nan | won: False 
#  175 | steps:  2233 | steps_t:     0 | t: 2.628042 | r:  -454.000000 | e:   1.000000 | Q:        nan | won: False 
#  176 | steps:  2244 | steps_t:     0 | t: 2.639012 | r:  -499.000000 | e:   1.000000 | Q:        nan | won: False 
#  177 | steps:  2257 | steps_t:     0 | t: 2.652975 | r:  -501.000000 | e:   1.000000 | Q:        nan | won: False 
#  178 | steps:  2268 | steps_t:     0 | t: 2.664943 | r:  -477.000000 | e:   1.000000 | Q:        nan | won: False 
#  179 | steps:  2283 | steps_t:     0 | t: 2.680900 | r:  -492.000000 | e:   1.000000 | Q:        nan | won: False 
#  180 | steps:  2293 | steps_t:     0 | t: 2.692869 | r:  -487.000000 | e:   1.000000 | Q:        nan | won: False 
#  181 | steps:  2307 | steps_t:     0 | t: 2.707829 | r:  -491.000000 | e:   1.000000 | Q:        nan | won: False 
#  182 | steps:  2316 | steps_t:     0 | t: 2.717802 | r:  -453.000000 | e:   1.000000 | Q:        nan | won: False 
#  183 | steps:  2344 | steps_t:     0 | t: 2.746725 | r:  -483.000000 | e:   1.000000 | Q:        nan | won: False 
#  184 | steps:  2356 | steps_t:     0 | t: 2.759691 | r:  -445.000000 | e:   1.000000 | Q:        nan | won: False 
#  185 | steps:  2366 | steps_t:     0 | t: 2.770662 | r:  -443.000000 | e:   1.000000 | Q:        nan | won: False 
#  186 | steps:  2376 | steps_t:     0 | t: 2.782138 | r:  -487.000000 | e:   1.000000 | Q:        nan | won: False 
#  187 | steps:  2390 | steps_t:     0 | t: 2.796104 | r:  -480.000000 | e:   1.000000 | Q:        nan | won: False 
#  188 | steps:  2407 | steps_t:     0 | t: 2.813057 | r:  -483.000000 | e:   1.000000 | Q:        nan | won: False 
#  189 | steps:  2416 | steps_t:     0 | t: 2.823030 | r:  -475.000000 | e:   1.000000 | Q:        nan | won: False 
#  190 | steps:  2428 | steps_t:     0 | t: 2.836993 | r:  -500.000000 | e:   1.000000 | Q:        nan | won: False 
#  191 | steps:  2438 | steps_t:     0 | t: 2.850956 | r:  -465.000000 | e:   1.000000 | Q:        nan | won: False 
#  192 | steps:  2452 | steps_t:     0 | t: 2.867911 | r:  -480.000000 | e:   1.000000 | Q:        nan | won: False 
#  193 | steps:  2464 | steps_t:     0 | t: 2.880877 | r:  -467.000000 | e:   1.000000 | Q:        nan | won: False 
#  194 | steps:  2479 | steps_t:     0 | t: 2.897831 | r:  -481.000000 | e:   1.000000 | Q:        nan | won: False 
#  195 | steps:  2493 | steps_t:     0 | t: 2.914786 | r:  -469.000000 | e:   1.000000 | Q:        nan | won: False 
#  196 | steps:  2505 | steps_t:     0 | t: 2.926753 | r:  -478.000000 | e:   1.000000 | Q:        nan | won: False 
#  197 | steps:  2522 | steps_t:     0 | t: 2.943708 | r:  -494.000000 | e:   1.000000 | Q:        nan | won: False 
#  198 | steps:  2538 | steps_t:     0 | t: 2.963655 | r:  -460.000000 | e:   1.000000 | Q:        nan | won: False 
#  199 | steps:  2549 | steps_t:     0 | t: 2.975623 | r:  -477.000000 | e:   1.000000 | Q:        nan | won: False 
#  200 | steps:  2560 | steps_t:     0 | t: 2.989586 | r:  -499.000000 | e:   1.000000 | Q:        nan | won: False 
#  201 | steps:  2572 | steps_t:     0 | t: 3.002552 | r:  -489.000000 | e:   1.000000 | Q:        nan | won: False 
#  202 | steps:  2588 | steps_t:     0 | t: 3.020504 | r:  -460.000000 | e:   1.000000 | Q:        nan | won: False 
#  203 | steps:  2599 | steps_t:     0 | t: 3.033470 | r:  -488.000000 | e:   1.000000 | Q:        nan | won: False 
#  204 | steps:  2610 | steps_t:     0 | t: 3.044440 | r:  -488.000000 | e:   1.000000 | Q:        nan | won: False 
#  205 | steps:  2633 | steps_t:     0 | t: 3.074361 | r:  -434.000000 | e:   1.000000 | Q:        nan | won: False 
#  206 | steps:  2643 | steps_t:     0 | t: 3.088323 | r:  -476.000000 | e:   1.000000 | Q:        nan | won: False 
#  207 | steps:  2657 | steps_t:     0 | t: 3.103284 | r:  -491.000000 | e:   1.000000 | Q:        nan | won: False 
#  208 | steps:  2669 | steps_t:     0 | t: 3.116249 | r:  -489.000000 | e:   1.000000 | Q:        nan | won: False 
#  209 | steps:  2685 | steps_t:     0 | t: 3.132206 | r:  -449.000000 | e:   1.000000 | Q:        nan | won: False 
#  210 | steps:  2696 | steps_t:     0 | t: 3.147167 | r:  -466.000000 | e:   1.000000 | Q:        nan | won: False 
#  211 | steps:  2722 | steps_t:     0 | t: 3.175092 | r:  -415.000000 | e:   1.000000 | Q:        nan | won: False 
#  212 | steps:  2735 | steps_t:     0 | t: 3.190053 | r:  -490.000000 | e:   1.000000 | Q:        nan | won: False 
#  213 | steps:  2746 | steps_t:     0 | t: 3.203018 | r:  -477.000000 | e:   1.000000 | Q:        nan | won: False 
#  214 | steps:  2760 | steps_t:     0 | t: 3.218976 | r:  -436.000000 | e:   1.000000 | Q:        nan | won: False 
#  215 | steps:  2772 | steps_t:     0 | t: 3.230944 | r:  -500.000000 | e:   1.000000 | Q:        nan | won: False 
#  216 | steps:  2784 | steps_t:     0 | t: 3.246901 | r:  -489.000000 | e:   1.000000 | Q:        nan | won: False 
#  217 | steps:  2796 | steps_t:     0 | t: 3.259867 | r:  -500.000000 | e:   1.000000 | Q:        nan | won: False 
#  218 | steps:  2811 | steps_t:     0 | t: 3.277818 | r:  -492.000000 | e:   1.000000 | Q:        nan | won: False 
#  219 | steps:  2821 | steps_t:     0 | t: 3.290293 | r:  -465.000000 | e:   1.000000 | Q:        nan | won: False 
#  220 | steps:  2834 | steps_t:     0 | t: 3.304257 | r:  -479.000000 | e:   1.000000 | Q:        nan | won: False 
#  221 | steps:  2844 | steps_t:     0 | t: 3.315227 | r:  -465.000000 | e:   1.000000 | Q:        nan | won: False 
#  222 | steps:  2853 | steps_t:     0 | t: 3.324204 | r:  -453.000000 | e:   1.000000 | Q:        nan | won: False 
#  223 | steps:  2862 | steps_t:     0 | t: 3.333179 | r:  -464.000000 | e:   1.000000 | Q:        nan | won: False 
#  224 | steps:  2874 | steps_t:     0 | t: 3.347143 | r:  -489.000000 | e:   1.000000 | Q:        nan | won: False 
#  225 | steps:  2888 | steps_t:     0 | t: 3.361105 | r:  -491.000000 | e:   1.000000 | Q:        nan | won: False 
#  226 | steps:  2902 | steps_t:     0 | t: 3.376065 | r:  -480.000000 | e:   1.000000 | Q:        nan | won: False 
#  227 | steps:  2912 | steps_t:     0 | t: 3.387548 | r:  -476.000000 | e:   1.000000 | Q:        nan | won: False 
#  228 | steps:  2927 | steps_t:     0 | t: 3.401510 | r:  -492.000000 | e:   1.000000 | Q:        nan | won: False 
#  229 | steps:  2941 | steps_t:     0 | t: 3.416472 | r:  -480.000000 | e:   1.000000 | Q:        nan | won: False 
#  230 | steps:  2956 | steps_t:     0 | t: 3.433426 | r:  -459.000000 | e:   1.000000 | Q:        nan | won: False 
#  231 | steps:  2972 | steps_t:     0 | t: 3.449383 | r:  -493.000000 | e:   1.000000 | Q:        nan | won: False 
#  232 | steps:  2984 | steps_t:     0 | t: 3.462349 | r:  -489.000000 | e:   1.000000 | Q:        nan | won: False 
#  233 | steps:  3001 | steps_t:     0 | t: 3.478306 | r:  -483.000000 | e:   1.000000 | Q:        nan | won: False 
#  234 | steps:  3012 | steps_t:     0 | t: 3.492778 | r:  -499.000000 | e:   1.000000 | Q:        nan | won: False 
#  235 | steps:  3021 | steps_t:     0 | t: 3.502750 | r:  -453.000000 | e:   1.000000 | Q:        nan | won: False 
#  236 | steps:  3033 | steps_t:     0 | t: 3.513721 | r:  -489.000000 | e:   1.000000 | Q:        nan | won: False 
#  237 | steps:  3043 | steps_t:     0 | t: 3.524692 | r:  -465.000000 | e:   1.000000 | Q:        nan | won: False 
#  238 | steps:  3053 | steps_t:     0 | t: 3.534665 | r:  -476.000000 | e:   1.000000 | Q:        nan | won: False 
#  239 | steps:  3071 | steps_t:     0 | t: 3.552617 | r:  -407.000000 | e:   1.000000 | Q:        nan | won: False 
#  240 | steps:  3086 | steps_t:     0 | t: 3.567578 | r:  -470.000000 | e:   1.000000 | Q:        nan | won: False 
#  241 | steps:  3098 | steps_t:     0 | t: 3.579546 | r:  -489.000000 | e:   1.000000 | Q:        nan | won: False 
#  242 | steps:  3113 | steps_t:     0 | t: 3.596011 | r:  -459.000000 | e:   1.000000 | Q:        nan | won: False 
#  243 | steps:  3125 | steps_t:     0 | t: 3.608977 | r:  -467.000000 | e:   1.000000 | Q:        nan | won: False 
#  244 | steps:  3136 | steps_t:     0 | t: 3.622939 | r:  -499.000000 | e:   1.000000 | Q:        nan | won: False 
#  245 | steps:  3146 | steps_t:     0 | t: 3.632913 | r:  -465.000000 | e:   1.000000 | Q:        nan | won: False 
#  246 | steps:  3163 | steps_t:     0 | t: 3.649868 | r:  -439.000000 | e:   1.000000 | Q:        nan | won: False 
#  247 | steps:  3175 | steps_t:     0 | t: 3.661836 | r:  -489.000000 | e:   1.000000 | Q:        nan | won: False 
#  248 | steps:  3189 | steps_t:     0 | t: 3.676796 | r:  -491.000000 | e:   1.000000 | Q:        nan | won: False 
#  249 | steps:  3206 | steps_t:     0 | t: 3.692754 | r:  -472.000000 | e:   1.000000 | Q:        nan | won: False 
#  250 | steps:  3215 | steps_t:     0 | t: 3.702727 | r:  -486.000000 | e:   1.000000 | Q:        nan | won: False 
#  251 | steps:  3230 | steps_t:     0 | t: 3.717687 | r:  -492.000000 | e:   1.000000 | Q:        nan | won: False 
#  252 | steps:  3242 | steps_t:     0 | t: 3.729656 | r:  -500.000000 | e:   1.000000 | Q:        nan | won: False 
#  253 | steps:  3254 | steps_t:     0 | t: 3.743618 | r:  -500.000000 | e:   1.000000 | Q:        nan | won: False 
#  254 | steps:  3266 | steps_t:     0 | t: 3.756584 | r:  -489.000000 | e:   1.000000 | Q:        nan | won: False 
#  255 | steps:  3276 | steps_t:     0 | t: 3.769059 | r:  -476.000000 | e:   1.000000 | Q:        nan | won: False 
#  256 | steps:  3291 | steps_t:     0 | t: 3.787011 | r:  -503.000000 | e:   1.000000 | Q:        nan | won: False 
#  257 | steps:  3301 | steps_t:     0 | t: 3.797982 | r:  -487.000000 | e:   1.000000 | Q:        nan | won: False 
#  258 | steps:  3312 | steps_t:     0 | t: 3.808953 | r:  -433.000000 | e:   1.000000 | Q:        nan | won: False 
#  259 | steps:  3327 | steps_t:     0 | t: 3.822916 | r:  -459.000000 | e:   1.000000 | Q:        nan | won: False 
#  260 | steps:  3334 | steps_t:     0 | t: 3.830894 | r:  -451.000000 | e:   1.000000 | Q:        nan | won: False 
#  261 | steps:  3345 | steps_t:     0 | t: 3.841865 | r:  -477.000000 | e:   1.000000 | Q:        nan | won: False 
#  262 | steps:  3356 | steps_t:     0 | t: 3.852836 | r:  -499.000000 | e:   1.000000 | Q:        nan | won: False 
#  263 | steps:  3372 | steps_t:     0 | t: 3.867796 | r:  -449.000000 | e:   1.000000 | Q:        nan | won: False 
#  264 | steps:  3385 | steps_t:     0 | t: 3.881758 | r:  -479.000000 | e:   1.000000 | Q:        nan | won: False 
#  265 | steps:  3397 | steps_t:     0 | t: 3.893727 | r:  -489.000000 | e:   1.000000 | Q:        nan | won: False 
#  266 | steps:  3410 | steps_t:     0 | t: 3.906693 | r:  -479.000000 | e:   1.000000 | Q:        nan | won: False 
#  267 | steps:  3420 | steps_t:     0 | t: 3.917663 | r:  -487.000000 | e:   1.000000 | Q:        nan | won: False 
#  268 | steps:  3443 | steps_t:     0 | t: 3.941600 | r:  -500.000000 | e:   1.000000 | Q:        nan | won: False 
#  269 | steps:  3452 | steps_t:     0 | t: 3.950575 | r:  -464.000000 | e:   1.000000 | Q:        nan | won: False 
#  270 | steps:  3465 | steps_t:     0 | t: 3.964538 | r:  -501.000000 | e:   1.000000 | Q:        nan | won: False 
#  271 | steps:  3487 | steps_t:     0 | t: 3.985482 | r:  -488.000000 | e:   1.000000 | Q:        nan | won: False 
#  272 | steps:  3500 | steps_t:     0 | t: 3.999445 | r:  -490.000000 | e:   1.000000 | Q:        nan | won: False 
#  273 | steps:  3521 | steps_t:     0 | t: 4.019393 | r:  -487.000000 | e:   1.000000 | Q:        nan | won: False 
#  274 | steps:  3541 | steps_t:     0 | t: 4.038342 | r:  -475.000000 | e:   1.000000 | Q:        nan | won: False 
#  275 | steps:  3552 | steps_t:     0 | t: 4.049313 | r:  -499.000000 | e:   1.000000 | Q:        nan | won: False 
#  276 | steps:  3569 | steps_t:     0 | t: 4.066268 | r:  -494.000000 | e:   1.000000 | Q:        nan | won: False 
#  277 | steps:  3581 | steps_t:     0 | t: 4.079234 | r:  -500.000000 | e:   1.000000 | Q:        nan | won: False 
#  278 | steps:  3593 | steps_t:     0 | t: 4.093196 | r:  -500.000000 | e:   1.000000 | Q:        nan | won: False 
#  279 | steps:  3601 | steps_t:     0 | t: 4.102172 | r:  -474.000000 | e:   1.000000 | Q:        nan | won: False 
#  280 | steps:  3618 | steps_t:     0 | t: 4.120125 | r:  -472.000000 | e:   1.000000 | Q:        nan | won: False 
#  281 | steps:  3627 | steps_t:     0 | t: 4.129101 | r:  -475.000000 | e:   1.000000 | Q:        nan | won: False 
#  282 | steps:  3638 | steps_t:     0 | t: 4.141068 | r:  -488.000000 | e:   1.000000 | Q:        nan | won: False 
#  283 | steps:  3650 | steps_t:     0 | t: 4.154034 | r:  -467.000000 | e:   1.000000 | Q:        nan | won: False 
#  284 | steps:  3660 | steps_t:     0 | t: 4.164007 | r:  -465.000000 | e:   1.000000 | Q:        nan | won: False 
#  285 | steps:  3671 | steps_t:     0 | t: 4.174978 | r:  -499.000000 | e:   1.000000 | Q:        nan | won: False 
#  286 | steps:  3685 | steps_t:     0 | t: 4.188941 | r:  -491.000000 | e:   1.000000 | Q:        nan | won: False 
#  287 | steps:  3698 | steps_t:     0 | t: 4.202904 | r:  -479.000000 | e:   1.000000 | Q:        nan | won: False 
#  288 | steps:  3709 | steps_t:     0 | t: 4.213875 | r:  -466.000000 | e:   1.000000 | Q:        nan | won: False 
#  289 | steps:  3719 | steps_t:     0 | t: 4.223848 | r:  -487.000000 | e:   1.000000 | Q:        nan | won: False 
#  290 | steps:  3742 | steps_t:     0 | t: 4.245790 | r:  -434.000000 | e:   1.000000 | Q:        nan | won: False 
#  291 | steps:  3754 | steps_t:     0 | t: 4.257758 | r:  -467.000000 | e:   1.000000 | Q:        nan | won: False 
#  292 | steps:  3766 | steps_t:     0 | t: 4.269726 | r:  -500.000000 | e:   1.000000 | Q:        nan | won: False 
#  293 | steps:  3783 | steps_t:     0 | t: 4.287678 | r:  -450.000000 | e:   1.000000 | Q:        nan | won: False 
#  294 | steps:  3793 | steps_t:     0 | t: 4.297652 | r:  -465.000000 | e:   1.000000 | Q:        nan | won: False 
#  295 | steps:  3806 | steps_t:     0 | t: 4.310616 | r:  -490.000000 | e:   1.000000 | Q:        nan | won: False 
#  296 | steps:  3817 | steps_t:     0 | t: 4.321588 | r:  -488.000000 | e:   1.000000 | Q:        nan | won: False 
#  297 | steps:  3828 | steps_t:     0 | t: 4.331561 | r:  -477.000000 | e:   1.000000 | Q:        nan | won: False 
#  298 | steps:  3840 | steps_t:     0 | t: 4.343529 | r:  -478.000000 | e:   1.000000 | Q:        nan | won: False 
#  299 | steps:  3852 | steps_t:     0 | t: 4.355497 | r:  -478.000000 | e:   1.000000 | Q:        nan | won: False 
#  300 | steps:  3873 | steps_t:     0 | t: 4.374447 | r:  -410.000000 | e:   1.000000 | Q:        nan | won: False 
#  301 | steps:  3885 | steps_t:     0 | t: 4.387412 | r:  -489.000000 | e:   1.000000 | Q:        nan | won: False 
#  302 | steps:  3897 | steps_t:     0 | t: 4.399381 | r:  -489.000000 | e:   1.000000 | Q:        nan | won: False 
#  303 | steps:  3909 | steps_t:     0 | t: 4.411349 | r:  -489.000000 | e:   1.000000 | Q:        nan | won: False 
#  304 | steps:  3922 | steps_t:     0 | t: 4.426309 | r:  -490.000000 | e:   1.000000 | Q:        nan | won: False 
#  305 | steps:  3936 | steps_t:     0 | t: 4.442266 | r:  -491.000000 | e:   1.000000 | Q:        nan | won: False 
#  306 | steps:  3948 | steps_t:     0 | t: 4.457226 | r:  -478.000000 | e:   1.000000 | Q:        nan | won: False 
#  307 | steps:  3959 | steps_t:     0 | t: 4.469198 | r:  -488.000000 | e:   1.000000 | Q:        nan | won: False 
#  308 | steps:  3970 | steps_t:     0 | t: 4.482160 | r:  -466.000000 | e:   1.000000 | Q:        nan | won: False 
#  309 | steps:  3980 | steps_t:     0 | t: 4.493131 | r:  -476.000000 | e:   1.000000 | Q:        nan | won: False 
#  310 | steps:  3992 | steps_t:     0 | t: 4.505099 | r:  -489.000000 | e:   1.000000 | Q:        nan | won: False 
#  311 | steps:  4006 | steps_t:     0 | t: 4.521057 | r:  -491.000000 | e:   1.000000 | Q:        nan | won: False 
#  312 | steps:  4016 | steps_t:     0 | t: 4.533024 | r:  -476.000000 | e:   1.000000 | Q:        nan | won: False 
#  313 | steps:  4033 | steps_t:     0 | t: 4.552971 | r:  -450.000000 | e:   1.000000 | Q:        nan | won: False 
#  314 | steps:  4043 | steps_t:     0 | t: 4.563942 | r:  -498.000000 | e:   1.000000 | Q:        nan | won: False 
#  315 | steps:  4053 | steps_t:     0 | t: 4.575911 | r:  -476.000000 | e:   1.000000 | Q:        nan | won: False 
#  316 | steps:  4065 | steps_t:     0 | t: 4.589874 | r:  -478.000000 | e:   1.000000 | Q:        nan | won: False 
#  317 | steps:  4079 | steps_t:     0 | t: 4.604833 | r:  -502.000000 | e:   1.000000 | Q:        nan | won: False 
#  318 | steps:  4090 | steps_t:     0 | t: 4.616802 | r:  -477.000000 | e:   1.000000 | Q:        nan | won: False 
#  319 | steps:  4104 | steps_t:     0 | t: 4.631762 | r:  -491.000000 | e:   1.000000 | Q:        nan | won: False 
#  320 | steps:  4114 | steps_t:     0 | t: 4.642732 | r:  -487.000000 | e:   1.000000 | Q:        nan | won: False 
#  321 | steps:  4125 | steps_t:     0 | t: 4.653703 | r:  -499.000000 | e:   1.000000 | Q:        nan | won: False 
#  322 | steps:  4136 | steps_t:     0 | t: 4.664674 | r:  -488.000000 | e:   1.000000 | Q:        nan | won: False 
#  323 | steps:  4148 | steps_t:     0 | t: 4.676642 | r:  -478.000000 | e:   1.000000 | Q:        nan | won: False 
#  324 | steps:  4164 | steps_t:     0 | t: 4.692600 | r:  -482.000000 | e:   1.000000 | Q:        nan | won: False 
#  325 | steps:  4180 | steps_t:     0 | t: 4.709554 | r:  -482.000000 | e:   1.000000 | Q:        nan | won: False 
#  326 | steps:  4192 | steps_t:     0 | t: 4.722520 | r:  -489.000000 | e:   1.000000 | Q:        nan | won: False 
#  327 | steps:  4202 | steps_t:     0 | t: 4.732494 | r:  -465.000000 | e:   1.000000 | Q:        nan | won: False 
#  328 | steps:  4213 | steps_t:     0 | t: 4.745460 | r:  -488.000000 | e:   1.000000 | Q:        nan | won: False 
#  329 | steps:  4224 | steps_t:     0 | t: 4.760419 | r:  -466.000000 | e:   1.000000 | Q:        nan | won: False 
#  330 | steps:  4234 | steps_t:     0 | t: 4.771390 | r:  -476.000000 | e:   1.000000 | Q:        nan | won: False 
#  331 | steps:  4244 | steps_t:     0 | t: 4.782361 | r:  -487.000000 | e:   1.000000 | Q:        nan | won: False 
#  332 | steps:  4253 | steps_t:     0 | t: 4.792334 | r:  -486.000000 | e:   1.000000 | Q:        nan | won: False 
#  333 | steps:  4269 | steps_t:     0 | t: 4.809289 | r:  -482.000000 | e:   1.000000 | Q:        nan | won: False 
#  334 | steps:  4280 | steps_t:     0 | t: 4.820259 | r:  -488.000000 | e:   1.000000 | Q:        nan | won: False 
#  335 | steps:  4292 | steps_t:     0 | t: 4.833225 | r:  -478.000000 | e:   1.000000 | Q:        nan | won: False 
#  336 | steps:  4302 | steps_t:     0 | t: 4.844196 | r:  -487.000000 | e:   1.000000 | Q:        nan | won: False 
#  337 | steps:  4313 | steps_t:     0 | t: 4.856165 | r:  -499.000000 | e:   1.000000 | Q:        nan | won: False 
#  338 | steps:  4325 | steps_t:     0 | t: 4.869129 | r:  -500.000000 | e:   1.000000 | Q:        nan | won: False 
#  339 | steps:  4340 | steps_t:     0 | t: 4.883092 | r:  -481.000000 | e:   1.000000 | Q:        nan | won: False 
#  340 | steps:  4357 | steps_t:     0 | t: 4.901045 | r:  -461.000000 | e:   1.000000 | Q:        nan | won: False 
#  341 | steps:  4368 | steps_t:     0 | t: 4.912015 | r:  -477.000000 | e:   1.000000 | Q:        nan | won: False 
#  342 | steps:  4391 | steps_t:     0 | t: 4.934955 | r:  -489.000000 | e:   1.000000 | Q:        nan | won: False 
#  343 | steps:  4403 | steps_t:     0 | t: 4.947920 | r:  -478.000000 | e:   1.000000 | Q:        nan | won: False 
#  344 | steps:  4418 | steps_t:     0 | t: 4.962881 | r:  -481.000000 | e:   1.000000 | Q:        nan | won: False 
#  345 | steps:  4447 | steps_t:     0 | t: 4.992307 | r:  -484.000000 | e:   1.000000 | Q:        nan | won: False 
#  346 | steps:  4458 | steps_t:     0 | t: 5.004278 | r:  -488.000000 | e:   1.000000 | Q:        nan | won: False 
#  347 | steps:  4469 | steps_t:     0 | t: 5.016245 | r:  -477.000000 | e:   1.000000 | Q:        nan | won: False 
#  348 | steps:  4479 | steps_t:     0 | t: 5.027216 | r:  -476.000000 | e:   1.000000 | Q:        nan | won: False 
#  349 | steps:  4491 | steps_t:     0 | t: 5.039185 | r:  -489.000000 | e:   1.000000 | Q:        nan | won: False 
#  350 | steps:  4505 | steps_t:     0 | t: 5.053147 | r:  -480.000000 | e:   1.000000 | Q:        nan | won: False 
#  351 | steps:  4521 | steps_t:     0 | t: 5.068107 | r:  -482.000000 | e:   1.000000 | Q:        nan | won: False 
#  352 | steps:  4535 | steps_t:     0 | t: 5.082070 | r:  -436.000000 | e:   1.000000 | Q:        nan | won: False 
#  353 | steps:  4548 | steps_t:     0 | t: 5.096544 | r:  -490.000000 | e:   1.000000 | Q:        nan | won: False 
#  354 | steps:  4560 | steps_t:     0 | t: 5.109509 | r:  -467.000000 | e:   1.000000 | Q:        nan | won: False 
#  355 | steps:  4574 | steps_t:     0 | t: 5.126464 | r:  -502.000000 | e:   1.000000 | Q:        nan | won: False 
#  356 | steps:  4584 | steps_t:     0 | t: 5.137434 | r:  -454.000000 | e:   1.000000 | Q:        nan | won: False 
#  357 | steps:  4597 | steps_t:     0 | t: 5.151397 | r:  -479.000000 | e:   1.000000 | Q:        nan | won: False 
#  358 | steps:  4607 | steps_t:     0 | t: 5.161371 | r:  -465.000000 | e:   1.000000 | Q:        nan | won: False 
#  359 | steps:  4619 | steps_t:     0 | t: 5.174336 | r:  -489.000000 | e:   1.000000 | Q:        nan | won: False 
#  360 | steps:  4634 | steps_t:     0 | t: 5.189296 | r:  -448.000000 | e:   1.000000 | Q:        nan | won: False 
#  361 | steps:  4653 | steps_t:     0 | t: 5.207755 | r:  -496.000000 | e:   1.000000 | Q:        nan | won: False 
#  362 | steps:  4664 | steps_t:     0 | t: 5.219725 | r:  -477.000000 | e:   1.000000 | Q:        nan | won: False 
#  363 | steps:  4677 | steps_t:     0 | t: 5.232689 | r:  -479.000000 | e:   1.000000 | Q:        nan | won: False 
#  364 | steps:  4686 | steps_t:     0 | t: 5.243661 | r:  -464.000000 | e:   1.000000 | Q:        nan | won: False 
#  365 | steps:  4697 | steps_t:     0 | t: 5.255628 | r:  -488.000000 | e:   1.000000 | Q:        nan | won: False 
#  366 | steps:  4707 | steps_t:     0 | t: 5.267597 | r:  -443.000000 | e:   1.000000 | Q:        nan | won: False 
#  367 | steps:  4727 | steps_t:     0 | t: 5.288541 | r:  -464.000000 | e:   1.000000 | Q:        nan | won: False 
#  368 | steps:  4740 | steps_t:     0 | t: 5.301507 | r:  -501.000000 | e:   1.000000 | Q:        nan | won: False 
#  369 | steps:  4750 | steps_t:     0 | t: 5.313476 | r:  -476.000000 | e:   1.000000 | Q:        nan | won: False 
#  370 | steps:  4761 | steps_t:     0 | t: 5.324445 | r:  -477.000000 | e:   1.000000 | Q:        nan | won: False 
#  371 | steps:  4772 | steps_t:     0 | t: 5.335415 | r:  -488.000000 | e:   1.000000 | Q:        nan | won: False 
#  372 | steps:  4781 | steps_t:     0 | t: 5.345389 | r:  -464.000000 | e:   1.000000 | Q:        nan | won: False 
#  373 | steps:  4796 | steps_t:     0 | t: 5.360349 | r:  -481.000000 | e:   1.000000 | Q:        nan | won: False 
#  374 | steps:  4806 | steps_t:     0 | t: 5.369325 | r:  -454.000000 | e:   1.000000 | Q:        nan | won: False 
#  375 | steps:  4816 | steps_t:     0 | t: 5.380296 | r:  -487.000000 | e:   1.000000 | Q:        nan | won: False 
#  376 | steps:  4834 | steps_t:     0 | t: 5.398249 | r:  -429.000000 | e:   1.000000 | Q:        nan | won: False 
#  377 | steps:  4854 | steps_t:     0 | t: 5.418197 | r:  -486.000000 | e:   1.000000 | Q:        nan | won: False 
#  378 | steps:  4862 | steps_t:     0 | t: 5.427172 | r:  -441.000000 | e:   1.000000 | Q:        nan | won: False 
#  379 | steps:  4877 | steps_t:     0 | t: 5.444127 | r:  -481.000000 | e:   1.000000 | Q:        nan | won: False 
#  380 | steps:  4889 | steps_t:     0 | t: 5.457092 | r:  -489.000000 | e:   1.000000 | Q:        nan | won: False 
#  381 | steps:  4901 | steps_t:     0 | t: 5.469060 | r:  -489.000000 | e:   1.000000 | Q:        nan | won: False 
#  382 | steps:  4914 | steps_t:     0 | t: 5.484020 | r:  -479.000000 | e:   1.000000 | Q:        nan | won: False 
#  383 | steps:  4925 | steps_t:     0 | t: 5.494991 | r:  -466.000000 | e:   1.000000 | Q:        nan | won: False 
#  384 | steps:  4941 | steps_t:     0 | t: 5.509951 | r:  -493.000000 | e:   1.000000 | Q:        nan | won: False 
#  385 | steps:  4951 | steps_t:     0 | t: 5.519924 | r:  -476.000000 | e:   1.000000 | Q:        nan | won: False 
#  386 | steps:  4963 | steps_t:     0 | t: 5.532890 | r:  -467.000000 | e:   1.000000 | Q:        nan | won: False 
#  387 | steps:  4976 | steps_t:     0 | t: 5.544858 | r:  -501.000000 | e:   1.000000 | Q:        nan | won: False 
#  388 | steps:  4994 | steps_t:     0 | t: 5.562810 | r:  -484.000000 | e:   1.000000 | Q:        nan | won: False 
#  389 | steps:  5004 | steps_t:     2 | t: 5.697452 | r:  -498.000000 | e:   0.999800 | Q:        nan | won: False 
#  390 | steps:  5012 | steps_t:     9 | t: 5.781229 | r:  -463.000000 | e:   0.999100 | Q:        nan | won: False 
#  391 | steps:  5024 | steps_t:    20 | t: 5.948783 | r:  -478.000000 | e:   0.998000 | Q:        nan | won: False 
#  392 | steps:  5035 | steps_t:    30 | t: 6.124822 | r:  -477.000000 | e:   0.997000 | Q:        nan | won: False 
#  393 | steps:  5046 | steps_t:    40 | t: 6.256984 | r:  -499.000000 | e:   0.996000 | Q:        nan | won: False 
#  394 | steps:  5056 | steps_t:    49 | t: 6.384644 | r:  -487.000000 | e:   0.995100 | Q:        nan | won: False 
#  395 | steps:  5066 | steps_t:    58 | t: 6.508314 | r:  -465.000000 | e:   0.994200 | Q:        nan | won: False 
#  396 | steps:  5083 | steps_t:    74 | t: 6.729237 | r:  -494.000000 | e:   0.992600 | Q:        nan | won: False 
#  397 | steps:  5096 | steps_t:    86 | t: 6.890319 | r:  -479.000000 | e:   0.991400 | Q:        nan | won: False 
#  398 | steps:  5108 | steps_t:    97 | t: 7.040935 | r:  -489.000000 | e:   0.990300 | Q:        nan | won: False 
#  399 | steps:  5117 | steps_t:   105 | t: 7.147659 | r:  -475.000000 | e:   0.989500 | Q:        nan | won: False 
#  400 | steps:  5128 | steps_t:   115 | t: 7.299248 | r:  -488.000000 | e:   0.988500 | Q:        nan | won: False 
#  401 | steps:  5142 | steps_t:   128 | t: 7.458822 | r:  -469.000000 | e:   0.987200 | Q:        nan | won: False 
#  402 | steps:  5153 | steps_t:   138 | t: 7.619394 | r:  -488.000000 | e:   0.986200 | Q:        nan | won: False 
#  403 | steps:  5165 | steps_t:   149 | t: 7.766004 | r:  -478.000000 | e:   0.985100 | Q:        nan | won: False 
#  404 | steps:  5178 | steps_t:   161 | t: 7.932071 | r:  -479.000000 | e:   0.983900 | Q:        nan | won: False 
