#    1 | steps:     9 | steps_t:     0 | t: 0.004017 | r:  -508.000000 | e:   1.000000 | Q:        nan | won: False 
#    2 | steps:    28 | steps_t:     0 | t: 0.011968 | r:  -518.000000 | e:   1.000000 | Q:        nan | won: False 
#    3 | steps:    47 | steps_t:     0 | t: 0.018971 | r:  -507.000000 | e:   1.000000 | Q:        nan | won: False 
#    4 | steps:    52 | steps_t:     0 | t: 0.021971 | r:  -504.000000 | e:   1.000000 | Q:        nan | won: False 
#    5 | steps:    63 | steps_t:     0 | t: 0.026961 | r:  -510.000000 | e:   1.000000 | Q:        nan | won: False 
#    6 | steps:    69 | steps_t:     0 | t: 0.029951 | r:  -505.000000 | e:   1.000000 | Q:        nan | won: False 
#    7 | steps:    85 | steps_t:     0 | t: 0.036902 | r:  -515.000000 | e:   1.000000 | Q:        nan | won: False 
#    8 | steps:    93 | steps_t:     0 | t: 0.042887 | r:  -507.000000 | e:   1.000000 | Q:        nan | won: False 
#    9 | steps:   107 | steps_t:     0 | t: 0.048871 | r:  -502.000000 | e:   1.000000 | Q:        nan | won: False 
#   10 | steps:   114 | steps_t:     0 | t: 0.052860 | r:  -506.000000 | e:   1.000000 | Q:        nan | won: False 
#   11 | steps:   123 | steps_t:     0 | t: 0.058845 | r:  -508.000000 | e:   1.000000 | Q:        nan | won: False 
#   12 | steps:   128 | steps_t:     0 | t: 0.061837 | r:  -504.000000 | e:   1.000000 | Q:        nan | won: False 
#   13 | steps:   150 | steps_t:     0 | t: 0.070812 | r:  -521.000000 | e:   1.000000 | Q:        nan | won: False 
#   14 | steps:   158 | steps_t:     0 | t: 0.075800 | r:  -507.000000 | e:   1.000000 | Q:        nan | won: False 
#   15 | steps:   164 | steps_t:     0 | t: 0.079789 | r:  -505.000000 | e:   1.000000 | Q:        nan | won: False 
#   16 | steps:   184 | steps_t:     0 | t: 0.087767 | r:  -519.000000 | e:   1.000000 | Q:        nan | won: False 
#   17 | steps:   192 | steps_t:     0 | t: 0.092756 | r:  -507.000000 | e:   1.000000 | Q:        nan | won: False 
#   18 | steps:   199 | steps_t:     0 | t: 0.097741 | r:  -506.000000 | e:   1.000000 | Q:        nan | won: False 
#   19 | steps:   212 | steps_t:     0 | t: 0.102728 | r:  -512.000000 | e:   1.000000 | Q:        nan | won: False 
#   20 | steps:   223 | steps_t:     0 | t: 0.109709 | r:  -510.000000 | e:   1.000000 | Q:        nan | won: False 
#   21 | steps:   238 | steps_t:     0 | t: 0.116690 | r:  -514.000000 | e:   1.000000 | Q:        nan | won: False 
#   22 | steps:   246 | steps_t:     0 | t: 0.120680 | r:  -507.000000 | e:   1.000000 | Q:        nan | won: False 
#   23 | steps:   252 | steps_t:     0 | t: 0.125667 | r:  -505.000000 | e:   1.000000 | Q:        nan | won: False 
#   24 | steps:   259 | steps_t:     0 | t: 0.129656 | r:  -506.000000 | e:   1.000000 | Q:        nan | won: False 
#   25 | steps:   270 | steps_t:     0 | t: 0.134643 | r:  -510.000000 | e:   1.000000 | Q:        nan | won: False 
#   26 | steps:   276 | steps_t:     0 | t: 0.137635 | r:  -505.000000 | e:   1.000000 | Q:        nan | won: False 
#   27 | steps:   289 | steps_t:     0 | t: 0.145614 | r:  -512.000000 | e:   1.000000 | Q:        nan | won: False 
#   28 | steps:   296 | steps_t:     0 | t: 0.148606 | r:  -506.000000 | e:   1.000000 | Q:        nan | won: False 
#   29 | steps:   304 | steps_t:     0 | t: 0.152595 | r:  -507.000000 | e:   1.000000 | Q:        nan | won: False 
#   30 | steps:   316 | steps_t:     0 | t: 0.158579 | r:  -511.000000 | e:   1.000000 | Q:        nan | won: False 
#   31 | steps:   326 | steps_t:     0 | t: 0.162572 | r:  -509.000000 | e:   1.000000 | Q:        nan | won: False 
#   32 | steps:   334 | steps_t:     0 | t: 0.166558 | r:  -507.000000 | e:   1.000000 | Q:        nan | won: False 
#   33 | steps:   345 | steps_t:     0 | t: 0.172543 | r:  -510.000000 | e:   1.000000 | Q:        nan | won: False 
#   34 | steps:   356 | steps_t:     0 | t: 0.177528 | r:  -510.000000 | e:   1.000000 | Q:        nan | won: False 
#   35 | steps:   368 | steps_t:     0 | t: 0.183512 | r:  -511.000000 | e:   1.000000 | Q:        nan | won: False 
#   36 | steps:   380 | steps_t:     0 | t: 0.188500 | r:  -511.000000 | e:   1.000000 | Q:        nan | won: False 
#   37 | steps:   389 | steps_t:     0 | t: 0.192489 | r:  -508.000000 | e:   1.000000 | Q:        nan | won: False 
#   38 | steps:   408 | steps_t:     0 | t: 0.200468 | r:  -518.000000 | e:   1.000000 | Q:        nan | won: False 
#   39 | steps:   428 | steps_t:     0 | t: 0.210442 | r:  -519.000000 | e:   1.000000 | Q:        nan | won: False 
#   40 | steps:   435 | steps_t:     0 | t: 0.215429 | r:  -506.000000 | e:   1.000000 | Q:        nan | won: False 
#   41 | steps:   451 | steps_t:     0 | t: 0.222410 | r:  -515.000000 | e:   1.000000 | Q:        nan | won: False 
#   42 | steps:   460 | steps_t:     0 | t: 0.227397 | r:  -508.000000 | e:   1.000000 | Q:        nan | won: False 
#   43 | steps:   484 | steps_t:     0 | t: 0.237370 | r:  -523.000000 | e:   1.000000 | Q:        nan | won: False 
#   44 | steps:   492 | steps_t:     0 | t: 0.243354 | r:  -507.000000 | e:   1.000000 | Q:        nan | won: False 
#   45 | steps:   503 | steps_t:     0 | t: 0.249338 | r:  -510.000000 | e:   1.000000 | Q:        nan | won: False 
#   46 | steps:   511 | steps_t:     0 | t: 0.253328 | r:  -507.000000 | e:   1.000000 | Q:        nan | won: False 
#   47 | steps:   521 | steps_t:     0 | t: 0.259313 | r:  -509.000000 | e:   1.000000 | Q:        nan | won: False 
#   48 | steps:   530 | steps_t:     0 | t: 0.264298 | r:  -508.000000 | e:   1.000000 | Q:        nan | won: False 
#   49 | steps:   545 | steps_t:     0 | t: 0.272278 | r:  -503.000000 | e:   1.000000 | Q:        nan | won: False 
#   50 | steps:   553 | steps_t:     0 | t: 0.276267 | r:  -507.000000 | e:   1.000000 | Q:        nan | won: False 
#   51 | steps:   568 | steps_t:     0 | t: 0.282251 | r:  -514.000000 | e:   1.000000 | Q:        nan | won: False 
#   52 | steps:   574 | steps_t:     0 | t: 0.286240 | r:  -505.000000 | e:   1.000000 | Q:        nan | won: False 
#   53 | steps:   597 | steps_t:     0 | t: 0.295216 | r:  -522.000000 | e:   1.000000 | Q:        nan | won: False 
#   54 | steps:   606 | steps_t:     0 | t: 0.300203 | r:  -508.000000 | e:   1.000000 | Q:        nan | won: False 
#   55 | steps:   615 | steps_t:     0 | t: 0.304193 | r:  -508.000000 | e:   1.000000 | Q:        nan | won: False 
#   56 | steps:   623 | steps_t:     0 | t: 0.309179 | r:  -507.000000 | e:   1.000000 | Q:        nan | won: False 
#   57 | steps:   631 | steps_t:     0 | t: 0.313169 | r:  -507.000000 | e:   1.000000 | Q:        nan | won: False 
#   58 | steps:   638 | steps_t:     0 | t: 0.316161 | r:  -506.000000 | e:   1.000000 | Q:        nan | won: False 
#   59 | steps:   655 | steps_t:     0 | t: 0.325137 | r:  -516.000000 | e:   1.000000 | Q:        nan | won: False 
#   60 | steps:   664 | steps_t:     0 | t: 0.329126 | r:  -508.000000 | e:   1.000000 | Q:        nan | won: False 
#   61 | steps:   685 | steps_t:     0 | t: 0.337104 | r:  -520.000000 | e:   1.000000 | Q:        nan | won: False 
#   62 | steps:   691 | steps_t:     0 | t: 0.341095 | r:  -505.000000 | e:   1.000000 | Q:        nan | won: False 
#   63 | steps:   714 | steps_t:     0 | t: 0.350070 | r:  -522.000000 | e:   1.000000 | Q:        nan | won: False 
#   64 | steps:   723 | steps_t:     0 | t: 0.354060 | r:  -508.000000 | e:   1.000000 | Q:        nan | won: False 
#   65 | steps:   765 | steps_t:     0 | t: 0.370017 | r:  -530.000000 | e:   1.000000 | Q:        nan | won: False 
#   66 | steps:   775 | steps_t:     0 | t: 0.376002 | r:  -509.000000 | e:   1.000000 | Q:        nan | won: False 
#   67 | steps:   784 | steps_t:     0 | t: 0.380989 | r:  -508.000000 | e:   1.000000 | Q:        nan | won: False 
#   68 | steps:   796 | steps_t:     0 | t: 0.385975 | r:  -511.000000 | e:   1.000000 | Q:        nan | won: False 
#   69 | steps:   806 | steps_t:     0 | t: 0.391959 | r:  -509.000000 | e:   1.000000 | Q:        nan | won: False 
#   70 | steps:   813 | steps_t:     0 | t: 0.394952 | r:  -506.000000 | e:   1.000000 | Q:        nan | won: False 
#   71 | steps:   821 | steps_t:     0 | t: 0.399939 | r:  -507.000000 | e:   1.000000 | Q:        nan | won: False 
#   72 | steps:   839 | steps_t:     0 | t: 0.407918 | r:  -517.000000 | e:   1.000000 | Q:        nan | won: False 
#   73 | steps:   852 | steps_t:     0 | t: 0.413902 | r:  -512.000000 | e:   1.000000 | Q:        nan | won: False 
#   74 | steps:   864 | steps_t:     0 | t: 0.419885 | r:  -511.000000 | e:   1.000000 | Q:        nan | won: False 
#   75 | steps:   875 | steps_t:     0 | t: 0.425869 | r:  -510.000000 | e:   1.000000 | Q:        nan | won: False 
#   76 | steps:   891 | steps_t:     0 | t: 0.432852 | r:  -515.000000 | e:   1.000000 | Q:        nan | won: False 
#   77 | steps:   910 | steps_t:     0 | t: 0.440830 | r:  -507.000000 | e:   1.000000 | Q:        nan | won: False 
#   78 | steps:   925 | steps_t:     0 | t: 0.447811 | r:  -503.000000 | e:   1.000000 | Q:        nan | won: False 
#   79 | steps:   947 | steps_t:     0 | t: 0.456788 | r:  -521.000000 | e:   1.000000 | Q:        nan | won: False 
#   80 | steps:   959 | steps_t:     0 | t: 0.462771 | r:  -511.000000 | e:   1.000000 | Q:        nan | won: False 
#   81 | steps:   965 | steps_t:     0 | t: 0.465764 | r:  -505.000000 | e:   1.000000 | Q:        nan | won: False 
#   82 | steps:   974 | steps_t:     0 | t: 0.469753 | r:  -508.000000 | e:   1.000000 | Q:        nan | won: False 
#   83 | steps:   984 | steps_t:     0 | t: 0.474740 | r:  -509.000000 | e:   1.000000 | Q:        nan | won: False 
#   84 | steps:   994 | steps_t:     0 | t: 0.478729 | r:  -509.000000 | e:   1.000000 | Q:        nan | won: False 
#   85 | steps:  1001 | steps_t:     0 | t: 0.482718 | r:  -506.000000 | e:   1.000000 | Q:        nan | won: False 
#   86 | steps:  1009 | steps_t:     0 | t: 0.486707 | r:  -507.000000 | e:   1.000000 | Q:        nan | won: False 
#   87 | steps:  1018 | steps_t:     0 | t: 0.491695 | r:  -508.000000 | e:   1.000000 | Q:        nan | won: False 
#   88 | steps:  1026 | steps_t:     0 | t: 0.495683 | r:  -507.000000 | e:   1.000000 | Q:        nan | won: False 
#   89 | steps:  1045 | steps_t:     0 | t: 0.504659 | r:  -496.000000 | e:   1.000000 | Q:        nan | won: False 
#   90 | steps:  1052 | steps_t:     0 | t: 0.508650 | r:  -506.000000 | e:   1.000000 | Q:        nan | won: False 
#   91 | steps:  1061 | steps_t:     0 | t: 0.512639 | r:  -508.000000 | e:   1.000000 | Q:        nan | won: False 
#   92 | steps:  1083 | steps_t:     0 | t: 0.522613 | r:  -521.000000 | e:   1.000000 | Q:        nan | won: False 
#   93 | steps:  1089 | steps_t:     0 | t: 0.525604 | r:  -505.000000 | e:   1.000000 | Q:        nan | won: False 
#   94 | steps:  1102 | steps_t:     0 | t: 0.531589 | r:  -512.000000 | e:   1.000000 | Q:        nan | won: False 
#   95 | steps:  1111 | steps_t:     0 | t: 0.536576 | r:  -508.000000 | e:   1.000000 | Q:        nan | won: False 
#   96 | steps:  1120 | steps_t:     0 | t: 0.541562 | r:  -508.000000 | e:   1.000000 | Q:        nan | won: False 
#   97 | steps:  1125 | steps_t:     0 | t: 0.544554 | r:  -504.000000 | e:   1.000000 | Q:        nan | won: False 
#   98 | steps:  1132 | steps_t:     0 | t: 0.550538 | r:  -506.000000 | e:   1.000000 | Q:        nan | won: False 
#   99 | steps:  1152 | steps_t:     0 | t: 0.561510 | r:  -519.000000 | e:   1.000000 | Q:        nan | won: False 
#  100 | steps:  1159 | steps_t:     0 | t: 0.565499 | r:  -506.000000 | e:   1.000000 | Q:        nan | won: False 
#  101 | steps:  1170 | steps_t:     0 | t: 2.126728 | r:  -510.000000 | e:   1.000000 | Q:        nan | won: False 
#  102 | steps:  1196 | steps_t:     0 | t: 6.797423 | r:  -525.000000 | e:   1.000000 | Q:        nan | won: False 
#  103 | steps:  1206 | steps_t:     0 | t: 9.204300 | r:  -509.000000 | e:   1.000000 | Q:        nan | won: False 
#  104 | steps:  1218 | steps_t:     0 | t: 11.867954 | r:  -511.000000 | e:   1.000000 | Q:        nan | won: False 
#  105 | steps:  1225 | steps_t:     0 | t: 13.821030 | r:  -506.000000 | e:   1.000000 | Q:        nan | won: False 
#  106 | steps:  1236 | steps_t:     0 | t: 16.417558 | r:  -510.000000 | e:   1.000000 | Q:        nan | won: False 
#  107 | steps:  1246 | steps_t:     0 | t: 18.854756 | r:  -509.000000 | e:   1.000000 | Q:        nan | won: False 
#  108 | steps:  1254 | steps_t:     0 | t: 20.956949 | r:  -507.000000 | e:   1.000000 | Q:        nan | won: False 
#  109 | steps:  1274 | steps_t:     0 | t: 24.789899 | r:  -519.000000 | e:   1.000000 | Q:        nan | won: False 
#  110 | steps:  1287 | steps_t:     0 | t: 27.622973 | r:  -512.000000 | e:   1.000000 | Q:        nan | won: False 
#  111 | steps:  1294 | steps_t:     0 | t: 29.582853 | r:  -506.000000 | e:   1.000000 | Q:        nan | won: False 
