#    1 | steps:     6 | steps_t:     0 | t: 0.013603 | r:  -505.000000 | e:   1.000000 | Q:        nan | won: False 
#    2 | steps:    17 | steps_t:     0 | t: 0.019587 | r:  -510.000000 | e:   1.000000 | Q:        nan | won: False 
#    3 | steps:    24 | steps_t:     0 | t: 0.022579 | r:  -506.000000 | e:   1.000000 | Q:        nan | won: False 
#    4 | steps:    34 | steps_t:     0 | t: 0.026569 | r:  -509.000000 | e:   1.000000 | Q:        nan | won: False 
#    5 | steps:    42 | steps_t:     0 | t: 0.030558 | r:  -507.000000 | e:   1.000000 | Q:        nan | won: False 
#    6 | steps:    56 | steps_t:     0 | t: 0.036542 | r:  -513.000000 | e:   1.000000 | Q:        nan | won: False 
#    7 | steps:    63 | steps_t:     0 | t: 0.040531 | r:  -506.000000 | e:   1.000000 | Q:        nan | won: False 
#    8 | steps:    73 | steps_t:     0 | t: 0.044521 | r:  -509.000000 | e:   1.000000 | Q:        nan | won: False 
#    9 | steps:    82 | steps_t:     0 | t: 0.049508 | r:  -508.000000 | e:   1.000000 | Q:        nan | won: False 
#   10 | steps:   100 | steps_t:     0 | t: 0.057486 | r:  -517.000000 | e:   1.000000 | Q:        nan | won: False 
#   11 | steps:   109 | steps_t:     0 | t: 0.061477 | r:  -508.000000 | e:   1.000000 | Q:        nan | won: False 
#   12 | steps:   116 | steps_t:     0 | t: 0.064469 | r:  -506.000000 | e:   1.000000 | Q:        nan | won: False 
#   13 | steps:   123 | steps_t:     0 | t: 0.068458 | r:  -506.000000 | e:   1.000000 | Q:        nan | won: False 
#   14 | steps:   130 | steps_t:     0 | t: 0.072447 | r:  -506.000000 | e:   1.000000 | Q:        nan | won: False 
#   15 | steps:   149 | steps_t:     0 | t: 0.081424 | r:  -518.000000 | e:   1.000000 | Q:        nan | won: False 
#   16 | steps:   158 | steps_t:     0 | t: 0.086410 | r:  -508.000000 | e:   1.000000 | Q:        nan | won: False 
#   17 | steps:   173 | steps_t:     0 | t: 0.093392 | r:  -514.000000 | e:   1.000000 | Q:        nan | won: False 
#   18 | steps:   181 | steps_t:     0 | t: 0.097381 | r:  -507.000000 | e:   1.000000 | Q:        nan | won: False 
#   19 | steps:   189 | steps_t:     0 | t: 0.102368 | r:  -507.000000 | e:   1.000000 | Q:        nan | won: False 
#   20 | steps:   196 | steps_t:     0 | t: 0.106357 | r:  -506.000000 | e:   1.000000 | Q:        nan | won: False 
#   21 | steps:   210 | steps_t:     0 | t: 0.112341 | r:  -513.000000 | e:   1.000000 | Q:        nan | won: False 
#   22 | steps:   216 | steps_t:     0 | t: 0.115334 | r:  -505.000000 | e:   1.000000 | Q:        nan | won: False 
#   23 | steps:   224 | steps_t:     0 | t: 0.120321 | r:  -507.000000 | e:   1.000000 | Q:        nan | won: False 
#   24 | steps:   234 | steps_t:     0 | t: 0.126304 | r:  -509.000000 | e:   1.000000 | Q:        nan | won: False 
#   25 | steps:   242 | steps_t:     0 | t: 0.130294 | r:  -507.000000 | e:   1.000000 | Q:        nan | won: False 
#   26 | steps:   250 | steps_t:     0 | t: 0.134283 | r:  -507.000000 | e:   1.000000 | Q:        nan | won: False 
#   27 | steps:   259 | steps_t:     0 | t: 0.139269 | r:  -508.000000 | e:   1.000000 | Q:        nan | won: False 
#   28 | steps:   268 | steps_t:     0 | t: 0.143259 | r:  -508.000000 | e:   1.000000 | Q:        nan | won: False 
#   29 | steps:   280 | steps_t:     0 | t: 0.148246 | r:  -511.000000 | e:   1.000000 | Q:        nan | won: False 
#   30 | steps:   289 | steps_t:     0 | t: 0.153233 | r:  -508.000000 | e:   1.000000 | Q:        nan | won: False 
#   31 | steps:   298 | steps_t:     0 | t: 0.158219 | r:  -508.000000 | e:   1.000000 | Q:        nan | won: False 
#   32 | steps:   306 | steps_t:     0 | t: 0.162208 | r:  -507.000000 | e:   1.000000 | Q:        nan | won: False 
#   33 | steps:   314 | steps_t:     0 | t: 0.166198 | r:  -507.000000 | e:   1.000000 | Q:        nan | won: False 
#   34 | steps:   327 | steps_t:     0 | t: 0.172184 | r:  -512.000000 | e:   1.000000 | Q:        nan | won: False 
#   35 | steps:   335 | steps_t:     0 | t: 0.176172 | r:  -507.000000 | e:   1.000000 | Q:        nan | won: False 
#   36 | steps:   343 | steps_t:     0 | t: 0.180161 | r:  -507.000000 | e:   1.000000 | Q:        nan | won: False 
#   37 | steps:   350 | steps_t:     0 | t: 0.183153 | r:  -506.000000 | e:   1.000000 | Q:        nan | won: False 
#   38 | steps:   360 | steps_t:     0 | t: 0.188141 | r:  -509.000000 | e:   1.000000 | Q:        nan | won: False 
#   39 | steps:   370 | steps_t:     0 | t: 0.193127 | r:  -509.000000 | e:   1.000000 | Q:        nan | won: False 
#   40 | steps:   375 | steps_t:     0 | t: 0.196119 | r:  -504.000000 | e:   1.000000 | Q:        nan | won: False 
#   41 | steps:   382 | steps_t:     0 | t: 0.199112 | r:  -506.000000 | e:   1.000000 | Q:        nan | won: False 
#   42 | steps:   397 | steps_t:     0 | t: 0.206092 | r:  -514.000000 | e:   1.000000 | Q:        nan | won: False 
#   43 | steps:   404 | steps_t:     0 | t: 0.210082 | r:  -506.000000 | e:   1.000000 | Q:        nan | won: False 
#   44 | steps:   416 | steps_t:     0 | t: 0.215068 | r:  -511.000000 | e:   1.000000 | Q:        nan | won: False 
#   45 | steps:   428 | steps_t:     0 | t: 0.221053 | r:  -511.000000 | e:   1.000000 | Q:        nan | won: False 
#   46 | steps:   448 | steps_t:     0 | t: 0.229031 | r:  -519.000000 | e:   1.000000 | Q:        nan | won: False 
#   47 | steps:   455 | steps_t:     0 | t: 0.232023 | r:  -506.000000 | e:   1.000000 | Q:        nan | won: False 
#   48 | steps:   470 | steps_t:     0 | t: 0.239005 | r:  -514.000000 | e:   1.000000 | Q:        nan | won: False 
#   49 | steps:   478 | steps_t:     0 | t: 0.242995 | r:  -507.000000 | e:   1.000000 | Q:        nan | won: False 
#   50 | steps:   497 | steps_t:     0 | t: 0.250973 | r:  -518.000000 | e:   1.000000 | Q:        nan | won: False 
#   51 | steps:   519 | steps_t:     0 | t: 0.260947 | r:  -521.000000 | e:   1.000000 | Q:        nan | won: False 
#   52 | steps:   524 | steps_t:     0 | t: 0.263939 | r:  -504.000000 | e:   1.000000 | Q:        nan | won: False 
#   53 | steps:   530 | steps_t:     0 | t: 0.267929 | r:  -505.000000 | e:   1.000000 | Q:        nan | won: False 
#   54 | steps:   538 | steps_t:     0 | t: 0.271918 | r:  -507.000000 | e:   1.000000 | Q:        nan | won: False 
#   55 | steps:   547 | steps_t:     0 | t: 0.276904 | r:  -508.000000 | e:   1.000000 | Q:        nan | won: False 
#   56 | steps:   557 | steps_t:     0 | t: 0.281891 | r:  -509.000000 | e:   1.000000 | Q:        nan | won: False 
#   57 | steps:   564 | steps_t:     0 | t: 0.285881 | r:  -506.000000 | e:   1.000000 | Q:        nan | won: False 
#   58 | steps:   570 | steps_t:     0 | t: 0.289870 | r:  -505.000000 | e:   1.000000 | Q:        nan | won: False 
#   59 | steps:   577 | steps_t:     0 | t: 0.293859 | r:  -506.000000 | e:   1.000000 | Q:        nan | won: False 
#   60 | steps:   584 | steps_t:     0 | t: 0.297848 | r:  -506.000000 | e:   1.000000 | Q:        nan | won: False 
#   61 | steps:   590 | steps_t:     0 | t: 0.300841 | r:  -505.000000 | e:   1.000000 | Q:        nan | won: False 
#   62 | steps:   600 | steps_t:     0 | t: 0.305828 | r:  -509.000000 | e:   1.000000 | Q:        nan | won: False 
#   63 | steps:   607 | steps_t:     0 | t: 0.309817 | r:  -506.000000 | e:   1.000000 | Q:        nan | won: False 
#   64 | steps:   622 | steps_t:     0 | t: 0.315801 | r:  -514.000000 | e:   1.000000 | Q:        nan | won: False 
#   65 | steps:   629 | steps_t:     0 | t: 0.319791 | r:  -506.000000 | e:   1.000000 | Q:        nan | won: False 
#   66 | steps:   645 | steps_t:     0 | t: 0.326772 | r:  -504.000000 | e:   1.000000 | Q:        nan | won: False 
#   67 | steps:   654 | steps_t:     0 | t: 0.330761 | r:  -508.000000 | e:   1.000000 | Q:        nan | won: False 
#   68 | steps:   664 | steps_t:     0 | t: 0.335748 | r:  -509.000000 | e:   1.000000 | Q:        nan | won: False 
#   69 | steps:   687 | steps_t:     0 | t: 0.344724 | r:  -522.000000 | e:   1.000000 | Q:        nan | won: False 
#   70 | steps:   699 | steps_t:     0 | t: 0.349711 | r:  -511.000000 | e:   1.000000 | Q:        nan | won: False 
#   71 | steps:   709 | steps_t:     0 | t: 0.355695 | r:  -509.000000 | e:   1.000000 | Q:        nan | won: False 
#   72 | steps:   724 | steps_t:     0 | t: 0.361679 | r:  -514.000000 | e:   1.000000 | Q:        nan | won: False 
#   73 | steps:   733 | steps_t:     0 | t: 0.366666 | r:  -508.000000 | e:   1.000000 | Q:        nan | won: False 
#   74 | steps:   739 | steps_t:     0 | t: 0.371653 | r:  -505.000000 | e:   1.000000 | Q:        nan | won: False 
#   75 | steps:   749 | steps_t:     0 | t: 0.376639 | r:  -509.000000 | e:   1.000000 | Q:        nan | won: False 
#   76 | steps:   758 | steps_t:     0 | t: 0.380628 | r:  -508.000000 | e:   1.000000 | Q:        nan | won: False 
#   77 | steps:   766 | steps_t:     0 | t: 0.386613 | r:  -507.000000 | e:   1.000000 | Q:        nan | won: False 
#   78 | steps:   788 | steps_t:     0 | t: 0.395589 | r:  -521.000000 | e:   1.000000 | Q:        nan | won: False 
#   79 | steps:   808 | steps_t:     0 | t: 0.404566 | r:  -519.000000 | e:   1.000000 | Q:        nan | won: False 
#   80 | steps:   825 | steps_t:     0 | t: 0.411547 | r:  -516.000000 | e:   1.000000 | Q:        nan | won: False 
#   81 | steps:   830 | steps_t:     0 | t: 0.414539 | r:  -504.000000 | e:   1.000000 | Q:        nan | won: False 
#   82 | steps:   838 | steps_t:     0 | t: 0.419526 | r:  -507.000000 | e:   1.000000 | Q:        nan | won: False 
#   83 | steps:   846 | steps_t:     0 | t: 0.423516 | r:  -507.000000 | e:   1.000000 | Q:        nan | won: False 
#   84 | steps:   858 | steps_t:     0 | t: 0.429499 | r:  -500.000000 | e:   1.000000 | Q:        nan | won: False 
#   85 | steps:   864 | steps_t:     0 | t: 0.433488 | r:  -505.000000 | e:   1.000000 | Q:        nan | won: False 
#   86 | steps:   873 | steps_t:     0 | t: 0.438475 | r:  -508.000000 | e:   1.000000 | Q:        nan | won: False 
#   87 | steps:   879 | steps_t:     0 | t: 0.441468 | r:  -505.000000 | e:   1.000000 | Q:        nan | won: False 
#   88 | steps:   890 | steps_t:     0 | t: 0.446454 | r:  -510.000000 | e:   1.000000 | Q:        nan | won: False 
#   89 | steps:   896 | steps_t:     0 | t: 0.450444 | r:  -505.000000 | e:   1.000000 | Q:        nan | won: False 
#   90 | steps:   903 | steps_t:     0 | t: 0.454433 | r:  -506.000000 | e:   1.000000 | Q:        nan | won: False 
#   91 | steps:   911 | steps_t:     0 | t: 0.458422 | r:  -507.000000 | e:   1.000000 | Q:        nan | won: False 
#   92 | steps:   918 | steps_t:     0 | t: 0.462412 | r:  -506.000000 | e:   1.000000 | Q:        nan | won: False 
#   93 | steps:   930 | steps_t:     0 | t: 0.467398 | r:  -511.000000 | e:   1.000000 | Q:        nan | won: False 
#   94 | steps:   939 | steps_t:     0 | t: 0.471388 | r:  -508.000000 | e:   1.000000 | Q:        nan | won: False 
#   95 | steps:   946 | steps_t:     0 | t: 0.475377 | r:  -506.000000 | e:   1.000000 | Q:        nan | won: False 
#   96 | steps:   953 | steps_t:     0 | t: 0.479366 | r:  -506.000000 | e:   1.000000 | Q:        nan | won: False 
#   97 | steps:   962 | steps_t:     0 | t: 0.483356 | r:  -508.000000 | e:   1.000000 | Q:        nan | won: False 
#   98 | steps:   972 | steps_t:     0 | t: 0.488343 | r:  -509.000000 | e:   1.000000 | Q:        nan | won: False 
#   99 | steps:   981 | steps_t:     0 | t: 0.493329 | r:  -508.000000 | e:   1.000000 | Q:        nan | won: False 
#  100 | steps:   989 | steps_t:     0 | t: 0.497319 | r:  -507.000000 | e:   1.000000 | Q:        nan | won: False 
#  101 | steps:   998 | steps_t:     0 | t: 0.502307 | r:  -508.000000 | e:   1.000000 | Q:        nan | won: False 
#  102 | steps:  1008 | steps_t:     0 | t: 0.507293 | r:  -509.000000 | e:   1.000000 | Q:        nan | won: False 
#  103 | steps:  1017 | steps_t:     0 | t: 0.511282 | r:  -508.000000 | e:   1.000000 | Q:        nan | won: False 
#  104 | steps:  1022 | steps_t:     0 | t: 0.514274 | r:  -504.000000 | e:   1.000000 | Q:        nan | won: False 
#  105 | steps:  1030 | steps_t:     0 | t: 0.518263 | r:  -507.000000 | e:   1.000000 | Q:        nan | won: False 
#  106 | steps:  1045 | steps_t:     0 | t: 0.525244 | r:  -514.000000 | e:   1.000000 | Q:        nan | won: False 
#  107 | steps:  1054 | steps_t:     0 | t: 0.530232 | r:  -508.000000 | e:   1.000000 | Q:        nan | won: False 
#  108 | steps:  1065 | steps_t:     0 | t: 0.535218 | r:  -510.000000 | e:   1.000000 | Q:        nan | won: False 
#  109 | steps:  1073 | steps_t:     0 | t: 0.539208 | r:  -507.000000 | e:   1.000000 | Q:        nan | won: False 
#  110 | steps:  1081 | steps_t:     0 | t: 0.543197 | r:  -507.000000 | e:   1.000000 | Q:        nan | won: False 
#  111 | steps:  1092 | steps_t:     0 | t: 0.548184 | r:  -510.000000 | e:   1.000000 | Q:        nan | won: False 
#  112 | steps:  1100 | steps_t:     0 | t: 0.553171 | r:  -507.000000 | e:   1.000000 | Q:        nan | won: False 
#  113 | steps:  1120 | steps_t:     0 | t: 0.561149 | r:  -519.000000 | e:   1.000000 | Q:        nan | won: False 
#  114 | steps:  1130 | steps_t:     0 | t: 0.566136 | r:  -509.000000 | e:   1.000000 | Q:        nan | won: False 
#  115 | steps:  1139 | steps_t:     0 | t: 0.570126 | r:  -508.000000 | e:   1.000000 | Q:        nan | won: False 
#  116 | steps:  1149 | steps_t:     0 | t: 0.575112 | r:  -509.000000 | e:   1.000000 | Q:        nan | won: False 
#  117 | steps:  1159 | steps_t:     0 | t: 0.580100 | r:  -509.000000 | e:   1.000000 | Q:        nan | won: False 
#  118 | steps:  1167 | steps_t:     0 | t: 0.584089 | r:  -507.000000 | e:   1.000000 | Q:        nan | won: False 
#  119 | steps:  1175 | steps_t:     0 | t: 0.589076 | r:  -507.000000 | e:   1.000000 | Q:        nan | won: False 
#  120 | steps:  1181 | steps_t:     0 | t: 0.593065 | r:  -505.000000 | e:   1.000000 | Q:        nan | won: False 
#  121 | steps:  1188 | steps_t:     0 | t: 0.597054 | r:  -506.000000 | e:   1.000000 | Q:        nan | won: False 
#  122 | steps:  1196 | steps_t:     0 | t: 0.601044 | r:  -507.000000 | e:   1.000000 | Q:        nan | won: False 
#  123 | steps:  1216 | steps_t:     0 | t: 0.610019 | r:  -519.000000 | e:   1.000000 | Q:        nan | won: False 
#  124 | steps:  1227 | steps_t:     0 | t: 0.616004 | r:  -510.000000 | e:   1.000000 | Q:        nan | won: False 
#  125 | steps:  1235 | steps_t:     0 | t: 0.621988 | r:  -507.000000 | e:   1.000000 | Q:        nan | won: False 
#  126 | steps:  1254 | steps_t:     0 | t: 0.629967 | r:  -518.000000 | e:   1.000000 | Q:        nan | won: False 
#  127 | steps:  1263 | steps_t:     0 | t: 0.634954 | r:  -508.000000 | e:   1.000000 | Q:        nan | won: False 
#  128 | steps:  1286 | steps_t:     0 | t: 0.643929 | r:  -522.000000 | e:   1.000000 | Q:        nan | won: False 
#  129 | steps:  1304 | steps_t:     0 | t: 0.651910 | r:  -495.000000 | e:   1.000000 | Q:        nan | won: False 
#  130 | steps:  1321 | steps_t:     0 | t: 0.659887 | r:  -516.000000 | e:   1.000000 | Q:        nan | won: False 
#  131 | steps:  1334 | steps_t:     0 | t: 0.665871 | r:  -512.000000 | e:   1.000000 | Q:        nan | won: False 
#  132 | steps:  1354 | steps_t:     0 | t: 0.674848 | r:  -508.000000 | e:   1.000000 | Q:        nan | won: False 
#  133 | steps:  1367 | steps_t:     0 | t: 0.680831 | r:  -512.000000 | e:   1.000000 | Q:        nan | won: False 
#  134 | steps:  1375 | steps_t:     0 | t: 0.684821 | r:  -507.000000 | e:   1.000000 | Q:        nan | won: False 
#  135 | steps:  1382 | steps_t:     0 | t: 0.688810 | r:  -506.000000 | e:   1.000000 | Q:        nan | won: False 
#  136 | steps:  1402 | steps_t:     0 | t: 0.696790 | r:  -519.000000 | e:   1.000000 | Q:        nan | won: False 
#  137 | steps:  1412 | steps_t:     0 | t: 0.701776 | r:  -509.000000 | e:   1.000000 | Q:        nan | won: False 
#  138 | steps:  1421 | steps_t:     0 | t: 0.706762 | r:  -508.000000 | e:   1.000000 | Q:        nan | won: False 
#  139 | steps:  1437 | steps_t:     0 | t: 0.713744 | r:  -515.000000 | e:   1.000000 | Q:        nan | won: False 
#  140 | steps:  1444 | steps_t:     0 | t: 0.717734 | r:  -506.000000 | e:   1.000000 | Q:        nan | won: False 
#  141 | steps:  1460 | steps_t:     0 | t: 0.724715 | r:  -515.000000 | e:   1.000000 | Q:        nan | won: False 
#  142 | steps:  1467 | steps_t:     0 | t: 0.728705 | r:  -506.000000 | e:   1.000000 | Q:        nan | won: False 
#  143 | steps:  1477 | steps_t:     0 | t: 0.732693 | r:  -509.000000 | e:   1.000000 | Q:        nan | won: False 
#  144 | steps:  1488 | steps_t:     0 | t: 0.737681 | r:  -510.000000 | e:   1.000000 | Q:        nan | won: False 
#  145 | steps:  1511 | steps_t:     0 | t: 0.747654 | r:  -522.000000 | e:   1.000000 | Q:        nan | won: False 
#  146 | steps:  1525 | steps_t:     0 | t: 0.754637 | r:  -513.000000 | e:   1.000000 | Q:        nan | won: False 
#  147 | steps:  1532 | steps_t:     0 | t: 0.758626 | r:  -506.000000 | e:   1.000000 | Q:        nan | won: False 
#  148 | steps:  1551 | steps_t:     0 | t: 0.766604 | r:  -518.000000 | e:   1.000000 | Q:        nan | won: False 
#  149 | steps:  1558 | steps_t:     0 | t: 0.772588 | r:  -506.000000 | e:   1.000000 | Q:        nan | won: False 
#  150 | steps:  1567 | steps_t:     0 | t: 0.777575 | r:  -508.000000 | e:   1.000000 | Q:        nan | won: False 
#  151 | steps:  1572 | steps_t:     0 | t: 0.779570 | r:  -504.000000 | e:   1.000000 | Q:        nan | won: False 
#  152 | steps:  1589 | steps_t:     0 | t: 0.787548 | r:  -516.000000 | e:   1.000000 | Q:        nan | won: False 
#  153 | steps:  1597 | steps_t:     0 | t: 0.792535 | r:  -507.000000 | e:   1.000000 | Q:        nan | won: False 
#  154 | steps:  1604 | steps_t:     0 | t: 0.795528 | r:  -506.000000 | e:   1.000000 | Q:        nan | won: False 
#  155 | steps:  1615 | steps_t:     0 | t: 0.801512 | r:  -510.000000 | e:   1.000000 | Q:        nan | won: False 
#  156 | steps:  1623 | steps_t:     0 | t: 0.805500 | r:  -507.000000 | e:   1.000000 | Q:        nan | won: False 
#  157 | steps:  1659 | steps_t:     0 | t: 0.819463 | r:    76.000000 | e:   1.000000 | Q:        nan | won: True 
#  158 | steps:  1675 | steps_t:     0 | t: 0.826445 | r:  -515.000000 | e:   1.000000 | Q:        nan | won: False 
#  159 | steps:  1686 | steps_t:     0 | t: 0.831431 | r:  -510.000000 | e:   1.000000 | Q:        nan | won: False 
#  160 | steps:  1708 | steps_t:     0 | t: 0.840408 | r:  -521.000000 | e:   1.000000 | Q:        nan | won: False 
#  161 | steps:  1767 | steps_t:     0 | t: 0.863347 | r:  -547.000000 | e:   1.000000 | Q:        nan | won: False 
#  162 | steps:  1783 | steps_t:     0 | t: 0.870328 | r:  -515.000000 | e:   1.000000 | Q:        nan | won: False 
#  163 | steps:  1793 | steps_t:     0 | t: 0.875315 | r:  -509.000000 | e:   1.000000 | Q:        nan | won: False 
#  164 | steps:  1804 | steps_t:     0 | t: 0.880301 | r:  -510.000000 | e:   1.000000 | Q:        nan | won: False 
#  165 | steps:  1816 | steps_t:     0 | t: 0.886286 | r:  -511.000000 | e:   1.000000 | Q:        nan | won: False 
#  166 | steps:  1823 | steps_t:     0 | t: 0.889278 | r:  -506.000000 | e:   1.000000 | Q:        nan | won: False 
#  167 | steps:  1831 | steps_t:     0 | t: 0.892270 | r:  -507.000000 | e:   1.000000 | Q:        nan | won: False 
#  168 | steps:  1840 | steps_t:     0 | t: 0.897256 | r:  -508.000000 | e:   1.000000 | Q:        nan | won: False 
#  169 | steps:  1854 | steps_t:     0 | t: 0.903241 | r:  -513.000000 | e:   1.000000 | Q:        nan | won: False 
#  170 | steps:  1867 | steps_t:     0 | t: 0.909225 | r:  -512.000000 | e:   1.000000 | Q:        nan | won: False 
#  171 | steps:  1886 | steps_t:     0 | t: 0.917204 | r:  -518.000000 | e:   1.000000 | Q:        nan | won: False 
#  172 | steps:  1893 | steps_t:     0 | t: 0.921193 | r:  -506.000000 | e:   1.000000 | Q:        nan | won: False 
#  173 | steps:  1906 | steps_t:     0 | t: 0.928175 | r:  -512.000000 | e:   1.000000 | Q:        nan | won: False 
#  174 | steps:  1947 | steps_t:     0 | t: 0.946127 | r:  -540.000000 | e:   1.000000 | Q:        nan | won: False 
#  175 | steps:  1955 | steps_t:     0 | t: 0.950117 | r:  -507.000000 | e:   1.000000 | Q:        nan | won: False 
#  176 | steps:  1967 | steps_t:     0 | t: 0.956100 | r:  -511.000000 | e:   1.000000 | Q:        nan | won: False 
#  177 | steps:  1974 | steps_t:     0 | t: 0.960090 | r:  -506.000000 | e:   1.000000 | Q:        nan | won: False 
#  178 | steps:  1985 | steps_t:     0 | t: 0.966074 | r:  -510.000000 | e:   1.000000 | Q:        nan | won: False 
#  179 | steps:  2006 | steps_t:     0 | t: 0.975050 | r:  -520.000000 | e:   1.000000 | Q:        nan | won: False 
#  180 | steps:  2014 | steps_t:     0 | t: 0.979040 | r:  -507.000000 | e:   1.000000 | Q:        nan | won: False 
#  181 | steps:  2024 | steps_t:     0 | t: 0.984026 | r:  -509.000000 | e:   1.000000 | Q:        nan | won: False 
#  182 | steps:  2035 | steps_t:     0 | t: 0.991008 | r:  -510.000000 | e:   1.000000 | Q:        nan | won: False 
#  183 | steps:  2041 | steps_t:     0 | t: 0.994001 | r:  -505.000000 | e:   1.000000 | Q:        nan | won: False 
#  184 | steps:  2051 | steps_t:     0 | t: 0.998986 | r:  -509.000000 | e:   1.000000 | Q:        nan | won: False 
#  185 | steps:  2060 | steps_t:     0 | t: 1.003973 | r:  -508.000000 | e:   1.000000 | Q:        nan | won: False 
#  186 | steps:  2073 | steps_t:     0 | t: 1.010955 | r:  -512.000000 | e:   1.000000 | Q:        nan | won: False 
#  187 | steps:  2081 | steps_t:     0 | t: 1.014944 | r:  -507.000000 | e:   1.000000 | Q:        nan | won: False 
#  188 | steps:  2099 | steps_t:     0 | t: 1.025916 | r:  -517.000000 | e:   1.000000 | Q:        nan | won: False 
#  189 | steps:  2116 | steps_t:     0 | t: 1.032897 | r:  -516.000000 | e:   1.000000 | Q:        nan | won: False 
#  190 | steps:  2124 | steps_t:     0 | t: 1.037884 | r:  -507.000000 | e:   1.000000 | Q:        nan | won: False 
#  191 | steps:  2135 | steps_t:     0 | t: 1.043868 | r:  -510.000000 | e:   1.000000 | Q:        nan | won: False 
#  192 | steps:  2156 | steps_t:     0 | t: 1.053841 | r:  -520.000000 | e:   1.000000 | Q:        nan | won: False 
#  193 | steps:  2172 | steps_t:     0 | t: 1.060822 | r:  -515.000000 | e:   1.000000 | Q:        nan | won: False 
#  194 | steps:  2178 | steps_t:     0 | t: 1.063814 | r:  -505.000000 | e:   1.000000 | Q:        nan | won: False 
#  195 | steps:  2186 | steps_t:     0 | t: 1.069799 | r:  -507.000000 | e:   1.000000 | Q:        nan | won: False 
#  196 | steps:  2193 | steps_t:     0 | t: 1.073787 | r:  -506.000000 | e:   1.000000 | Q:        nan | won: False 
#  197 | steps:  2198 | steps_t:     0 | t: 1.079772 | r:  -504.000000 | e:   1.000000 | Q:        nan | won: False 
#  198 | steps:  2210 | steps_t:     0 | t: 1.092737 | r:  -511.000000 | e:   1.000000 | Q:        nan | won: False 
#  199 | steps:  2218 | steps_t:     0 | t: 1.106700 | r:  -507.000000 | e:   1.000000 | Q:        nan | won: False 
#  200 | steps:  2226 | steps_t:     0 | t: 1.111687 | r:  -507.000000 | e:   1.000000 | Q:        nan | won: False 
