#    1 | steps:    10 | steps_t:     0 | t: 0.014961 | r:  -465.000000 | e:   1.000000 | Q:        nan | won: False 
#    2 | steps:    23 | steps_t:     0 | t: 0.027927 | r:  -501.000000 | e:   1.000000 | Q:        nan | won: False 
#    3 | steps:    46 | steps_t:     0 | t: 0.067820 | r:  -489.000000 | e:   1.000000 | Q:        nan | won: False 
#    4 | steps:    60 | steps_t:     0 | t: 0.094748 | r:  -491.000000 | e:   1.000000 | Q:        nan | won: False 
#    5 | steps:    72 | steps_t:     0 | t: 0.111703 | r:  -489.000000 | e:   1.000000 | Q:        nan | won: False 
#    6 | steps:    81 | steps_t:     0 | t: 0.124669 | r:  -475.000000 | e:   1.000000 | Q:        nan | won: False 
#    7 | steps:   104 | steps_t:     0 | t: 0.195480 | r:  -478.000000 | e:   1.000000 | Q:        nan | won: False 
#    8 | steps:   115 | steps_t:     0 | t: 0.226909 | r:  -488.000000 | e:   1.000000 | Q:        nan | won: False 
#    9 | steps:   127 | steps_t:     0 | t: 0.241868 | r:  -478.000000 | e:   1.000000 | Q:        nan | won: False 
#   10 | steps:   137 | steps_t:     0 | t: 0.253837 | r:  -498.000000 | e:   1.000000 | Q:        nan | won: False 
#   11 | steps:   149 | steps_t:     0 | t: 0.302707 | r:  -478.000000 | e:   1.000000 | Q:        nan | won: False 
#   12 | steps:   172 | steps_t:     0 | t: 0.338124 | r:  -434.000000 | e:   1.000000 | Q:        nan | won: False 
#   13 | steps:   184 | steps_t:     0 | t: 0.353086 | r:  -489.000000 | e:   1.000000 | Q:        nan | won: False 
#   14 | steps:   196 | steps_t:     0 | t: 0.367046 | r:  -500.000000 | e:   1.000000 | Q:        nan | won: False 
#   15 | steps:   210 | steps_t:     0 | t: 0.404947 | r:  -469.000000 | e:   1.000000 | Q:        nan | won: False 
#   16 | steps:   219 | steps_t:     0 | t: 0.413922 | r:  -464.000000 | e:   1.000000 | Q:        nan | won: False 
#   17 | steps:   230 | steps_t:     0 | t: 0.449338 | r:  -499.000000 | e:   1.000000 | Q:        nan | won: False 
#   18 | steps:   247 | steps_t:     0 | t: 0.467290 | r:  -461.000000 | e:   1.000000 | Q:        nan | won: False 
#   19 | steps:   257 | steps_t:     0 | t: 0.485242 | r:  -487.000000 | e:   1.000000 | Q:        nan | won: False 
#   20 | steps:   270 | steps_t:     0 | t: 0.501200 | r:  -501.000000 | e:   1.000000 | Q:        nan | won: False 
#   21 | steps:   281 | steps_t:     0 | t: 0.515671 | r:  -477.000000 | e:   1.000000 | Q:        nan | won: False 
#   22 | steps:   293 | steps_t:     0 | t: 0.544594 | r:  -478.000000 | e:   1.000000 | Q:        nan | won: False 
#   23 | steps:   305 | steps_t:     0 | t: 0.560551 | r:  -489.000000 | e:   1.000000 | Q:        nan | won: False 
#   24 | steps:   315 | steps_t:     0 | t: 0.588477 | r:  -476.000000 | e:   1.000000 | Q:        nan | won: False 
#   25 | steps:   328 | steps_t:     0 | t: 0.626884 | r:  -479.000000 | e:   1.000000 | Q:        nan | won: False 
#   26 | steps:   337 | steps_t:     0 | t: 0.639850 | r:  -486.000000 | e:   1.000000 | Q:        nan | won: False 
#   27 | steps:   348 | steps_t:     0 | t: 0.653813 | r:  -488.000000 | e:   1.000000 | Q:        nan | won: False 
#   28 | steps:   363 | steps_t:     0 | t: 0.673760 | r:  -503.000000 | e:   1.000000 | Q:        nan | won: False 
#   29 | steps:   374 | steps_t:     0 | t: 0.701685 | r:  -488.000000 | e:   1.000000 | Q:        nan | won: False 
#   30 | steps:   389 | steps_t:     0 | t: 0.721631 | r:  -481.000000 | e:   1.000000 | Q:        nan | won: False 
#   31 | steps:   403 | steps_t:     0 | t: 0.739584 | r:  -491.000000 | e:   1.000000 | Q:        nan | won: False 
#   32 | steps:   416 | steps_t:     0 | t: 0.755541 | r:  -490.000000 | e:   1.000000 | Q:        nan | won: False 
#   33 | steps:   424 | steps_t:     0 | t: 0.766512 | r:  -452.000000 | e:   1.000000 | Q:        nan | won: False 
#   34 | steps:   437 | steps_t:     0 | t: 0.786459 | r:  -457.000000 | e:   1.000000 | Q:        nan | won: False 
#   35 | steps:   447 | steps_t:     0 | t: 0.797431 | r:  -476.000000 | e:   1.000000 | Q:        nan | won: False 
#   36 | steps:   458 | steps_t:     0 | t: 0.824358 | r:  -444.000000 | e:   1.000000 | Q:        nan | won: False 
#   37 | steps:   470 | steps_t:     0 | t: 0.839319 | r:  -467.000000 | e:   1.000000 | Q:        nan | won: False 
#   38 | steps:   481 | steps_t:     0 | t: 0.858268 | r:  -477.000000 | e:   1.000000 | Q:        nan | won: False 
#   39 | steps:   493 | steps_t:     0 | t: 0.874226 | r:  -489.000000 | e:   1.000000 | Q:        nan | won: False 
#   40 | steps:   505 | steps_t:     0 | t: 0.889186 | r:  -489.000000 | e:   1.000000 | Q:        nan | won: False 
#   41 | steps:   516 | steps_t:     0 | t: 0.912125 | r:  -488.000000 | e:   1.000000 | Q:        nan | won: False 
#   42 | steps:   526 | steps_t:     0 | t: 0.923096 | r:  -454.000000 | e:   1.000000 | Q:        nan | won: False 
#   43 | steps:   541 | steps_t:     0 | t: 0.942045 | r:  -470.000000 | e:   1.000000 | Q:        nan | won: False 
#   44 | steps:   551 | steps_t:     0 | t: 0.969970 | r:  -487.000000 | e:   1.000000 | Q:        nan | won: False 
#   45 | steps:   564 | steps_t:     0 | t: 0.985928 | r:  -490.000000 | e:   1.000000 | Q:        nan | won: False 
#   46 | steps:   577 | steps_t:     0 | t: 1.008869 | r:  -468.000000 | e:   1.000000 | Q:        nan | won: False 
#   47 | steps:   589 | steps_t:     0 | t: 1.028815 | r:  -489.000000 | e:   1.000000 | Q:        nan | won: False 
#   48 | steps:   605 | steps_t:     0 | t: 1.061726 | r:  -460.000000 | e:   1.000000 | Q:        nan | won: False 
#   49 | steps:   618 | steps_t:     0 | t: 1.109599 | r:  -490.000000 | e:   1.000000 | Q:        nan | won: False 
#   50 | steps:   628 | steps_t:     0 | t: 1.146500 | r:  -476.000000 | e:   1.000000 | Q:        nan | won: False 
#   51 | steps:   641 | steps_t:     0 | t: 1.161462 | r:  -479.000000 | e:   1.000000 | Q:        nan | won: False 
#   52 | steps:   654 | steps_t:     0 | t: 1.185398 | r:  -490.000000 | e:   1.000000 | Q:        nan | won: False 
#   53 | steps:   666 | steps_t:     0 | t: 1.201355 | r:  -500.000000 | e:   1.000000 | Q:        nan | won: False 
#   54 | steps:   678 | steps_t:     0 | t: 1.216317 | r:  -489.000000 | e:   1.000000 | Q:        nan | won: False 
#   55 | steps:   691 | steps_t:     0 | t: 1.271168 | r:  -479.000000 | e:   1.000000 | Q:        nan | won: False 
#   56 | steps:   702 | steps_t:     0 | t: 1.289121 | r:  -477.000000 | e:   1.000000 | Q:        nan | won: False 
#   57 | steps:   717 | steps_t:     0 | t: 1.328018 | r:  -470.000000 | e:   1.000000 | Q:        nan | won: False 
#   58 | steps:   729 | steps_t:     0 | t: 1.342978 | r:  -489.000000 | e:   1.000000 | Q:        nan | won: False 
#   59 | steps:   739 | steps_t:     0 | t: 1.368908 | r:  -443.000000 | e:   1.000000 | Q:        nan | won: False 
#   60 | steps:   753 | steps_t:     0 | t: 1.384865 | r:  -480.000000 | e:   1.000000 | Q:        nan | won: False 
#   61 | steps:   765 | steps_t:     0 | t: 1.400823 | r:  -489.000000 | e:   1.000000 | Q:        nan | won: False 
#   62 | steps:   783 | steps_t:     0 | t: 1.420770 | r:  -484.000000 | e:   1.000000 | Q:        nan | won: False 
#   63 | steps:   797 | steps_t:     0 | t: 1.446701 | r:  -491.000000 | e:   1.000000 | Q:        nan | won: False 
#   64 | steps:   806 | steps_t:     0 | t: 1.456674 | r:  -486.000000 | e:   1.000000 | Q:        nan | won: False 
#   65 | steps:   817 | steps_t:     0 | t: 1.469640 | r:  -488.000000 | e:   1.000000 | Q:        nan | won: False 
#   66 | steps:   829 | steps_t:     0 | t: 1.500558 | r:  -500.000000 | e:   1.000000 | Q:        nan | won: False 
#   67 | steps:   845 | steps_t:     0 | t: 1.519507 | r:  -471.000000 | e:   1.000000 | Q:        nan | won: False 
#   68 | steps:   856 | steps_t:     0 | t: 1.554414 | r:  -433.000000 | e:   1.000000 | Q:        nan | won: False 
#   69 | steps:   871 | steps_t:     0 | t: 1.572366 | r:  -481.000000 | e:   1.000000 | Q:        nan | won: False 
#   70 | steps:   886 | steps_t:     0 | t: 1.600293 | r:  -481.000000 | e:   1.000000 | Q:        nan | won: False 
#   71 | steps:   896 | steps_t:     0 | t: 1.615253 | r:  -487.000000 | e:   1.000000 | Q:        nan | won: False 
#   72 | steps:   911 | steps_t:     0 | t: 1.641183 | r:  -492.000000 | e:   1.000000 | Q:        nan | won: False 
#   73 | steps:   930 | steps_t:     0 | t: 1.664122 | r:  -507.000000 | e:   1.000000 | Q:        nan | won: False 
#   74 | steps:   947 | steps_t:     0 | t: 1.716980 | r:  -461.000000 | e:   1.000000 | Q:        nan | won: False 
#   75 | steps:   959 | steps_t:     0 | t: 1.729947 | r:  -489.000000 | e:   1.000000 | Q:        nan | won: False 
#   76 | steps:   972 | steps_t:     0 | t: 1.766848 | r:  -479.000000 | e:   1.000000 | Q:        nan | won: False 
#   77 | steps:   983 | steps_t:     0 | t: 1.778816 | r:  -488.000000 | e:   1.000000 | Q:        nan | won: False 
#   78 | steps:  1003 | steps_t:     0 | t: 1.831676 | r:  -387.000000 | e:   1.000000 | Q:        nan | won: False 
#   79 | steps:  1013 | steps_t:     0 | t: 1.843646 | r:  -487.000000 | e:   1.000000 | Q:        nan | won: False 
#   80 | steps:  1026 | steps_t:     0 | t: 1.866583 | r:  -479.000000 | e:   1.000000 | Q:        nan | won: False 
#   81 | steps:  1039 | steps_t:     0 | t: 1.881543 | r:  -479.000000 | e:   1.000000 | Q:        nan | won: False 
#   82 | steps:  1053 | steps_t:     0 | t: 1.899496 | r:  -491.000000 | e:   1.000000 | Q:        nan | won: False 
#   83 | steps:  1067 | steps_t:     0 | t: 1.916450 | r:  -480.000000 | e:   1.000000 | Q:        nan | won: False 
#   84 | steps:  1078 | steps_t:     0 | t: 1.929415 | r:  -488.000000 | e:   1.000000 | Q:        nan | won: False 
#   85 | steps:  1093 | steps_t:     0 | t: 1.972301 | r:  -503.000000 | e:   1.000000 | Q:        nan | won: False 
#   86 | steps:  1105 | steps_t:     0 | t: 1.986264 | r:  -489.000000 | e:   1.000000 | Q:        nan | won: False 
#   87 | steps:  1116 | steps_t:     0 | t: 2.019176 | r:  -499.000000 | e:   1.000000 | Q:        nan | won: False 
#   88 | steps:  1125 | steps_t:     0 | t: 2.031654 | r:  -442.000000 | e:   1.000000 | Q:        nan | won: False 
#   89 | steps:  1137 | steps_t:     0 | t: 2.048609 | r:  -489.000000 | e:   1.000000 | Q:        nan | won: False 
#   90 | steps:  1150 | steps_t:     0 | t: 2.063571 | r:  -479.000000 | e:   1.000000 | Q:        nan | won: False 
#   91 | steps:  1160 | steps_t:     0 | t: 2.080525 | r:  -476.000000 | e:   1.000000 | Q:        nan | won: False 
#   92 | steps:  1173 | steps_t:     0 | t: 2.122411 | r:  -490.000000 | e:   1.000000 | Q:        nan | won: False 
#   93 | steps:  1185 | steps_t:     0 | t: 2.137880 | r:  -467.000000 | e:   1.000000 | Q:        nan | won: False 
#   94 | steps:  1197 | steps_t:     0 | t: 2.164808 | r:  -489.000000 | e:   1.000000 | Q:        nan | won: False 
#   95 | steps:  1218 | steps_t:     0 | t: 2.188745 | r:  -487.000000 | e:   1.000000 | Q:        nan | won: False 
#   96 | steps:  1228 | steps_t:     0 | t: 2.209689 | r:  -487.000000 | e:   1.000000 | Q:        nan | won: False 
#   97 | steps:  1243 | steps_t:     0 | t: 2.253572 | r:  -481.000000 | e:   1.000000 | Q:        nan | won: False 
#   98 | steps:  1253 | steps_t:     0 | t: 2.272523 | r:  -454.000000 | e:   1.000000 | Q:        nan | won: False 
#   99 | steps:  1262 | steps_t:     0 | t: 2.285488 | r:  -464.000000 | e:   1.000000 | Q:        nan | won: False 
#  100 | steps:  1278 | steps_t:     0 | t: 2.305435 | r:  -493.000000 | e:   1.000000 | Q:        nan | won: False 
#  101 | steps:  1295 | steps_t:     0 | t: 2.353307 | r:  -461.000000 | e:   1.000000 | Q:        nan | won: False 
#  102 | steps:  1305 | steps_t:     0 | t: 2.366272 | r:  -465.000000 | e:   1.000000 | Q:        nan | won: False 
#  103 | steps:  1318 | steps_t:     0 | t: 2.404171 | r:  -479.000000 | e:   1.000000 | Q:        nan | won: False 
#  104 | steps:  1330 | steps_t:     0 | t: 2.418135 | r:  -489.000000 | e:   1.000000 | Q:        nan | won: False 
#  105 | steps:  1342 | steps_t:     0 | t: 2.453042 | r:  -489.000000 | e:   1.000000 | Q:        nan | won: False 
#  106 | steps:  1354 | steps_t:     0 | t: 2.488945 | r:  -445.000000 | e:   1.000000 | Q:        nan | won: False 
#  107 | steps:  1367 | steps_t:     0 | t: 2.513879 | r:  -468.000000 | e:   1.000000 | Q:        nan | won: False 
#  108 | steps:  1381 | steps_t:     0 | t: 2.552775 | r:  -502.000000 | e:   1.000000 | Q:        nan | won: False 
#  109 | steps:  1393 | steps_t:     0 | t: 2.569731 | r:  -489.000000 | e:   1.000000 | Q:        nan | won: False 
#  110 | steps:  1405 | steps_t:     0 | t: 2.587684 | r:  -489.000000 | e:   1.000000 | Q:        nan | won: False 
#  111 | steps:  1420 | steps_t:     0 | t: 2.607630 | r:  -470.000000 | e:   1.000000 | Q:        nan | won: False 
#  112 | steps:  1435 | steps_t:     0 | t: 2.626580 | r:  -492.000000 | e:   1.000000 | Q:        nan | won: False 
#  113 | steps:  1445 | steps_t:     0 | t: 2.638548 | r:  -465.000000 | e:   1.000000 | Q:        nan | won: False 
#  114 | steps:  1458 | steps_t:     0 | t: 2.657497 | r:  -468.000000 | e:   1.000000 | Q:        nan | won: False 
#  115 | steps:  1471 | steps_t:     0 | t: 2.676446 | r:  -479.000000 | e:   1.000000 | Q:        nan | won: False 
#  116 | steps:  1482 | steps_t:     0 | t: 2.707364 | r:  -488.000000 | e:   1.000000 | Q:        nan | won: False 
#  117 | steps:  1505 | steps_t:     0 | t: 2.734292 | r:  -467.000000 | e:   1.000000 | Q:        nan | won: False 
#  118 | steps:  1518 | steps_t:     0 | t: 2.813083 | r:  -501.000000 | e:   1.000000 | Q:        nan | won: False 
#  119 | steps:  1533 | steps_t:     0 | t: 2.834026 | r:  -470.000000 | e:   1.000000 | Q:        nan | won: False 
#  120 | steps:  1545 | steps_t:     0 | t: 2.949718 | r:  -478.000000 | e:   1.000000 | Q:        nan | won: False 
#  121 | steps:  1559 | steps_t:     0 | t: 2.965675 | r:  -491.000000 | e:   1.000000 | Q:        nan | won: False 
#  122 | steps:  1570 | steps_t:     0 | t: 2.998588 | r:  -499.000000 | e:   1.000000 | Q:        nan | won: False 
#  123 | steps:  1585 | steps_t:     0 | t: 3.016540 | r:  -481.000000 | e:   1.000000 | Q:        nan | won: False 
#  124 | steps:  1594 | steps_t:     0 | t: 3.034005 | r:  -453.000000 | e:   1.000000 | Q:        nan | won: False 
#  125 | steps:  1610 | steps_t:     0 | t: 3.052954 | r:  -493.000000 | e:   1.000000 | Q:        nan | won: False 
#  126 | steps:  1621 | steps_t:     0 | t: 3.064923 | r:  -499.000000 | e:   1.000000 | Q:        nan | won: False 
#  127 | steps:  1649 | steps_t:     0 | t: 3.153686 | r:  -461.000000 | e:   1.000000 | Q:        nan | won: False 
#  128 | steps:  1659 | steps_t:     0 | t: 3.184603 | r:  -476.000000 | e:   1.000000 | Q:        nan | won: False 
#  129 | steps:  1671 | steps_t:     0 | t: 3.197570 | r:  -489.000000 | e:   1.000000 | Q:        nan | won: False 
#  130 | steps:  1682 | steps_t:     0 | t: 3.246440 | r:  -488.000000 | e:   1.000000 | Q:        nan | won: False 
#  131 | steps:  1698 | steps_t:     0 | t: 3.262397 | r:  -416.000000 | e:   1.000000 | Q:        nan | won: False 
#  132 | steps:  1710 | steps_t:     0 | t: 3.278354 | r:  -489.000000 | e:   1.000000 | Q:        nan | won: False 
#  133 | steps:  1721 | steps_t:     0 | t: 3.319246 | r:  -499.000000 | e:   1.000000 | Q:        nan | won: False 
#  134 | steps:  1736 | steps_t:     0 | t: 3.336200 | r:  -459.000000 | e:   1.000000 | Q:        nan | won: False 
#  135 | steps:  1747 | steps_t:     0 | t: 3.367119 | r:  -488.000000 | e:   1.000000 | Q:        nan | won: False 
#  136 | steps:  1788 | steps_t:     0 | t: 3.411001 | r:  -408.000000 | e:   1.000000 | Q:        nan | won: False 
#  137 | steps:  1808 | steps_t:     0 | t: 3.453887 | r:  -475.000000 | e:   1.000000 | Q:        nan | won: False 
#  138 | steps:  1821 | steps_t:     0 | t: 3.470841 | r:  -479.000000 | e:   1.000000 | Q:        nan | won: False 
#  139 | steps:  1845 | steps_t:     0 | t: 3.763591 | r:  -424.000000 | e:   1.000000 | Q:        nan | won: False 
#  140 | steps:  1872 | steps_t:     0 | t: 3.812461 | r:  -482.000000 | e:   1.000000 | Q:        nan | won: False 
#  141 | steps:  1885 | steps_t:     0 | t: 3.832408 | r:  -479.000000 | e:   1.000000 | Q:        nan | won: False 
#  142 | steps:  1900 | steps_t:     0 | t: 3.851868 | r:  -481.000000 | e:   1.000000 | Q:        nan | won: False 
#  143 | steps:  1914 | steps_t:     0 | t: 3.880790 | r:  -480.000000 | e:   1.000000 | Q:        nan | won: False 
#  144 | steps:  1929 | steps_t:     0 | t: 3.898742 | r:  -470.000000 | e:   1.000000 | Q:        nan | won: False 
#  145 | steps:  1943 | steps_t:     0 | t: 3.937639 | r:  -502.000000 | e:   1.000000 | Q:        nan | won: False 
#  146 | steps:  1957 | steps_t:     0 | t: 3.954594 | r:  -491.000000 | e:   1.000000 | Q:        nan | won: False 
#  147 | steps:  1972 | steps_t:     0 | t: 3.972546 | r:  -481.000000 | e:   1.000000 | Q:        nan | won: False 
#  148 | steps:  1985 | steps_t:     0 | t: 4.027400 | r:  -435.000000 | e:   1.000000 | Q:        nan | won: False 
#  149 | steps:  1997 | steps_t:     0 | t: 4.040366 | r:  -478.000000 | e:   1.000000 | Q:        nan | won: False 
#  150 | steps:  2011 | steps_t:     0 | t: 4.088238 | r:  -480.000000 | e:   1.000000 | Q:        nan | won: False 
#  151 | steps:  2023 | steps_t:     0 | t: 4.102202 | r:  -478.000000 | e:   1.000000 | Q:        nan | won: False 
#  152 | steps:  2033 | steps_t:     0 | t: 4.123146 | r:  -487.000000 | e:   1.000000 | Q:        nan | won: False 
#  153 | steps:  2050 | steps_t:     0 | t: 4.144089 | r:  -439.000000 | e:   1.000000 | Q:        nan | won: False 
#  154 | steps:  2063 | steps_t:     0 | t: 4.169024 | r:  -479.000000 | e:   1.000000 | Q:        nan | won: False 
#  155 | steps:  2074 | steps_t:     0 | t: 4.184980 | r:  -466.000000 | e:   1.000000 | Q:        nan | won: False 
#  156 | steps:  2084 | steps_t:     0 | t: 4.198944 | r:  -476.000000 | e:   1.000000 | Q:        nan | won: False 
#  157 | steps:  2094 | steps_t:     0 | t: 4.237840 | r:  -487.000000 | e:   1.000000 | Q:        nan | won: False 
#  158 | steps:  2111 | steps_t:     0 | t: 4.255792 | r:  -472.000000 | e:   1.000000 | Q:        nan | won: False 
#  159 | steps:  2124 | steps_t:     0 | t: 4.290699 | r:  -490.000000 | e:   1.000000 | Q:        nan | won: False 
#  160 | steps:  2131 | steps_t:     0 | t: 4.302667 | r:  -440.000000 | e:   1.000000 | Q:        nan | won: False 
#  161 | steps:  2143 | steps_t:     0 | t: 4.316630 | r:  -478.000000 | e:   1.000000 | Q:        nan | won: False 
#  162 | steps:  2153 | steps_t:     0 | t: 4.371484 | r:  -476.000000 | e:   1.000000 | Q:        nan | won: False 
#  163 | steps:  2167 | steps_t:     0 | t: 4.388439 | r:  -491.000000 | e:   1.000000 | Q:        nan | won: False 
#  164 | steps:  2178 | steps_t:     0 | t: 4.416364 | r:  -477.000000 | e:   1.000000 | Q:        nan | won: False 
#  165 | steps:  2194 | steps_t:     0 | t: 4.439303 | r:  -460.000000 | e:   1.000000 | Q:        nan | won: False 
#  166 | steps:  2206 | steps_t:     0 | t: 4.458254 | r:  -489.000000 | e:   1.000000 | Q:        nan | won: False 
#  167 | steps:  2213 | steps_t:     0 | t: 4.471219 | r:  -451.000000 | e:   1.000000 | Q:        nan | won: False 
#  168 | steps:  2227 | steps_t:     0 | t: 4.490168 | r:  -469.000000 | e:   1.000000 | Q:        nan | won: False 
#  169 | steps:  2238 | steps_t:     0 | t: 4.542029 | r:  -488.000000 | e:   1.000000 | Q:        nan | won: False 
#  170 | steps:  2255 | steps_t:     0 | t: 4.562974 | r:  -428.000000 | e:   1.000000 | Q:        nan | won: False 
#  171 | steps:  2269 | steps_t:     0 | t: 4.602867 | r:  -491.000000 | e:   1.000000 | Q:        nan | won: False 
#  172 | steps:  2281 | steps_t:     0 | t: 4.616830 | r:  -478.000000 | e:   1.000000 | Q:        nan | won: False 
#  173 | steps:  2296 | steps_t:     0 | t: 4.692628 | r:  -470.000000 | e:   1.000000 | Q:        nan | won: False 
#  174 | steps:  2304 | steps_t:     0 | t: 4.702601 | r:  -463.000000 | e:   1.000000 | Q:        nan | won: False 
#  175 | steps:  2314 | steps_t:     0 | t: 4.713572 | r:  -465.000000 | e:   1.000000 | Q:        nan | won: False 
#  176 | steps:  2374 | steps_t:     0 | t: 4.833253 | r:  -493.000000 | e:   1.000000 | Q:        nan | won: False 
#  177 | steps:  2387 | steps_t:     0 | t: 4.849211 | r:  -479.000000 | e:   1.000000 | Q:        nan | won: False 
#  178 | steps:  2398 | steps_t:     0 | t: 4.863174 | r:  -488.000000 | e:   1.000000 | Q:        nan | won: False 
#  179 | steps:  2415 | steps_t:     0 | t: 4.908055 | r:  -494.000000 | e:   1.000000 | Q:        nan | won: False 
#  180 | steps:  2426 | steps_t:     0 | t: 4.921021 | r:  -499.000000 | e:   1.000000 | Q:        nan | won: False 
#  181 | steps:  2437 | steps_t:     0 | t: 4.950940 | r:  -488.000000 | e:   1.000000 | Q:        nan | won: False 
#  182 | steps:  2457 | steps_t:     0 | t: 4.977869 | r:  -420.000000 | e:   1.000000 | Q:        nan | won: False 
#  183 | steps:  2469 | steps_t:     0 | t: 5.002803 | r:  -478.000000 | e:   1.000000 | Q:        nan | won: False 
#  184 | steps:  2486 | steps_t:     0 | t: 5.020755 | r:  -483.000000 | e:   1.000000 | Q:        nan | won: False 
#  185 | steps:  2502 | steps_t:     0 | t: 5.062644 | r:  -471.000000 | e:   1.000000 | Q:        nan | won: False 
#  186 | steps:  2517 | steps_t:     0 | t: 5.080595 | r:  -459.000000 | e:   1.000000 | Q:        nan | won: False 
#  187 | steps:  2528 | steps_t:     0 | t: 5.110517 | r:  -488.000000 | e:   1.000000 | Q:        nan | won: False 
#  188 | steps:  2540 | steps_t:     0 | t: 5.123481 | r:  -489.000000 | e:   1.000000 | Q:        nan | won: False 
#  189 | steps:  2551 | steps_t:     0 | t: 5.139439 | r:  -477.000000 | e:   1.000000 | Q:        nan | won: False 
#  190 | steps:  2568 | steps_t:     0 | t: 5.161380 | r:  -472.000000 | e:   1.000000 | Q:        nan | won: False 
#  191 | steps:  2583 | steps_t:     0 | t: 5.207258 | r:  -492.000000 | e:   1.000000 | Q:        nan | won: False 
#  192 | steps:  2595 | steps_t:     0 | t: 5.224214 | r:  -456.000000 | e:   1.000000 | Q:        nan | won: False 
#  193 | steps:  2605 | steps_t:     0 | t: 5.237178 | r:  -465.000000 | e:   1.000000 | Q:        nan | won: False 
#  194 | steps:  2620 | steps_t:     0 | t: 5.288550 | r:  -481.000000 | e:   1.000000 | Q:        nan | won: False 
#  195 | steps:  2631 | steps_t:     0 | t: 5.299520 | r:  -499.000000 | e:   1.000000 | Q:        nan | won: False 
#  196 | steps:  2639 | steps_t:     0 | t: 5.309494 | r:  -463.000000 | e:   1.000000 | Q:        nan | won: False 
#  197 | steps:  2652 | steps_t:     0 | t: 5.345907 | r:  -457.000000 | e:   1.000000 | Q:        nan | won: False 
#  198 | steps:  2665 | steps_t:     0 | t: 5.363859 | r:  -479.000000 | e:   1.000000 | Q:        nan | won: False 
#  199 | steps:  2681 | steps_t:     0 | t: 5.403753 | r:  -482.000000 | e:   1.000000 | Q:        nan | won: False 
#  200 | steps:  2693 | steps_t:     0 | t: 5.418714 | r:  -489.000000 | e:   1.000000 | Q:        nan | won: False 
#  201 | steps:  2703 | steps_t:     0 | t: 5.448634 | r:  -465.000000 | e:   1.000000 | Q:        nan | won: False 
#  202 | steps:  2719 | steps_t:     0 | t: 5.467582 | r:  -493.000000 | e:   1.000000 | Q:        nan | won: False 
#  203 | steps:  2731 | steps_t:     0 | t: 5.494511 | r:  -423.000000 | e:   1.000000 | Q:        nan | won: False 
#  204 | steps:  2740 | steps_t:     0 | t: 5.506479 | r:  -442.000000 | e:   1.000000 | Q:        nan | won: False 
#  205 | steps:  2749 | steps_t:     0 | t: 5.519445 | r:  -464.000000 | e:   1.000000 | Q:        nan | won: False 
#  206 | steps:  2761 | steps_t:     0 | t: 5.552357 | r:  -478.000000 | e:   1.000000 | Q:        nan | won: False 
#  207 | steps:  2778 | steps_t:     0 | t: 5.572305 | r:  -472.000000 | e:   1.000000 | Q:        nan | won: False 
#  208 | steps:  2788 | steps_t:     0 | t: 5.597239 | r:  -498.000000 | e:   1.000000 | Q:        nan | won: False 
#  209 | steps:  2798 | steps_t:     0 | t: 5.634139 | r:  -454.000000 | e:   1.000000 | Q:        nan | won: False 
#  210 | steps:  2811 | steps_t:     0 | t: 5.650096 | r:  -490.000000 | e:   1.000000 | Q:        nan | won: False 
#  211 | steps:  2824 | steps_t:     0 | t: 5.664059 | r:  -479.000000 | e:   1.000000 | Q:        nan | won: False 
#  212 | steps:  2836 | steps_t:     0 | t: 5.679019 | r:  -500.000000 | e:   1.000000 | Q:        nan | won: False 
#  213 | steps:  2846 | steps_t:     0 | t: 5.699964 | r:  -454.000000 | e:   1.000000 | Q:        nan | won: False 
#  214 | steps:  2859 | steps_t:     0 | t: 5.714924 | r:  -468.000000 | e:   1.000000 | Q:        nan | won: False 
#  215 | steps:  2871 | steps_t:     0 | t: 5.732876 | r:  -478.000000 | e:   1.000000 | Q:        nan | won: False 
#  216 | steps:  2884 | steps_t:     0 | t: 5.748835 | r:  -501.000000 | e:   1.000000 | Q:        nan | won: False 
#  217 | steps:  2896 | steps_t:     0 | t: 5.761800 | r:  -489.000000 | e:   1.000000 | Q:        nan | won: False 
#  218 | steps:  2905 | steps_t:     0 | t: 5.788728 | r:  -475.000000 | e:   1.000000 | Q:        nan | won: False 
#  219 | steps:  2919 | steps_t:     0 | t: 5.803688 | r:  -480.000000 | e:   1.000000 | Q:        nan | won: False 
#  220 | steps:  2931 | steps_t:     0 | t: 5.817652 | r:  -489.000000 | e:   1.000000 | Q:        nan | won: False 
#  221 | steps:  2942 | steps_t:     0 | t: 5.831614 | r:  -488.000000 | e:   1.000000 | Q:        nan | won: False 
#  222 | steps:  2972 | steps_t:     0 | t: 5.880483 | r:  -452.000000 | e:   1.000000 | Q:        nan | won: False 
#  223 | steps:  2984 | steps_t:     0 | t: 5.899433 | r:  -478.000000 | e:   1.000000 | Q:        nan | won: False 
#  224 | steps:  2997 | steps_t:     0 | t: 5.930350 | r:  -479.000000 | e:   1.000000 | Q:        nan | won: False 
#  225 | steps:  3010 | steps_t:     0 | t: 5.945312 | r:  -479.000000 | e:   1.000000 | Q:        nan | won: False 
#  226 | steps:  3021 | steps_t:     0 | t: 5.961268 | r:  -488.000000 | e:   1.000000 | Q:        nan | won: False 
#  227 | steps:  3034 | steps_t:     0 | t: 5.977226 | r:  -490.000000 | e:   1.000000 | Q:        nan | won: False 
#  228 | steps:  3048 | steps_t:     0 | t: 5.999167 | r:  -491.000000 | e:   1.000000 | Q:        nan | won: False 
#  229 | steps:  3062 | steps_t:     0 | t: 6.035073 | r:  -469.000000 | e:   1.000000 | Q:        nan | won: False 
#  230 | steps:  3075 | steps_t:     0 | t: 6.051029 | r:  -501.000000 | e:   1.000000 | Q:        nan | won: False 
#  231 | steps:  3087 | steps_t:     0 | t: 6.100896 | r:  -489.000000 | e:   1.000000 | Q:        nan | won: False 
#  232 | steps:  3099 | steps_t:     0 | t: 6.129819 | r:  -489.000000 | e:   1.000000 | Q:        nan | won: False 
#  233 | steps:  3109 | steps_t:     0 | t: 6.149766 | r:  -476.000000 | e:   1.000000 | Q:        nan | won: False 
#  234 | steps:  3127 | steps_t:     0 | t: 6.171708 | r:  -462.000000 | e:   1.000000 | Q:        nan | won: False 
#  235 | steps:  3141 | steps_t:     0 | t: 6.208609 | r:  -491.000000 | e:   1.000000 | Q:        nan | won: False 
#  236 | steps:  3158 | steps_t:     0 | t: 6.227559 | r:  -461.000000 | e:   1.000000 | Q:        nan | won: False 
#  237 | steps:  3168 | steps_t:     0 | t: 6.258477 | r:  -454.000000 | e:   1.000000 | Q:        nan | won: False 
#  238 | steps:  3181 | steps_t:     0 | t: 6.273438 | r:  -479.000000 | e:   1.000000 | Q:        nan | won: False 
#  239 | steps:  3199 | steps_t:     0 | t: 6.321310 | r:  -462.000000 | e:   1.000000 | Q:        nan | won: False 
#  240 | steps:  3211 | steps_t:     0 | t: 6.337267 | r:  -489.000000 | e:   1.000000 | Q:        nan | won: False 
#  241 | steps:  3222 | steps_t:     0 | t: 6.350233 | r:  -466.000000 | e:   1.000000 | Q:        nan | won: False 
#  242 | steps:  3233 | steps_t:     0 | t: 6.379156 | r:  -477.000000 | e:   1.000000 | Q:        nan | won: False 
#  243 | steps:  3246 | steps_t:     0 | t: 6.396110 | r:  -457.000000 | e:   1.000000 | Q:        nan | won: False 
#  244 | steps:  3259 | steps_t:     0 | t: 6.430020 | r:  -490.000000 | e:   1.000000 | Q:        nan | won: False 
#  245 | steps:  3267 | steps_t:     0 | t: 6.440991 | r:  -463.000000 | e:   1.000000 | Q:        nan | won: False 
#  246 | steps:  3279 | steps_t:     0 | t: 6.453958 | r:  -500.000000 | e:   1.000000 | Q:        nan | won: False 
#  247 | steps:  3294 | steps_t:     0 | t: 6.491855 | r:  -481.000000 | e:   1.000000 | Q:        nan | won: False 
#  248 | steps:  3305 | steps_t:     0 | t: 6.505819 | r:  -488.000000 | e:   1.000000 | Q:        nan | won: False 
#  249 | steps:  3319 | steps_t:     0 | t: 6.547707 | r:  -469.000000 | e:   1.000000 | Q:        nan | won: False 
#  250 | steps:  3334 | steps_t:     0 | t: 6.565659 | r:  -492.000000 | e:   1.000000 | Q:        nan | won: False 
#  251 | steps:  3343 | steps_t:     0 | t: 6.590593 | r:  -464.000000 | e:   1.000000 | Q:        nan | won: False 
#  252 | steps:  3354 | steps_t:     0 | t: 6.622507 | r:  -488.000000 | e:   1.000000 | Q:        nan | won: False 
#  253 | steps:  3366 | steps_t:     0 | t: 6.653425 | r:  -489.000000 | e:   1.000000 | Q:        nan | won: False 
#  254 | steps:  3381 | steps_t:     0 | t: 6.670379 | r:  -481.000000 | e:   1.000000 | Q:        nan | won: False 
#  255 | steps:  3392 | steps_t:     0 | t: 6.683345 | r:  -488.000000 | e:   1.000000 | Q:        nan | won: False 
#  256 | steps:  3401 | steps_t:     0 | t: 6.750167 | r:  -475.000000 | e:   1.000000 | Q:        nan | won: False 
#  257 | steps:  3415 | steps_t:     0 | t: 6.765636 | r:  -458.000000 | e:   1.000000 | Q:        nan | won: False 
#  258 | steps:  3426 | steps_t:     0 | t: 6.789572 | r:  -488.000000 | e:   1.000000 | Q:        nan | won: False 
#  259 | steps:  3439 | steps_t:     0 | t: 6.806527 | r:  -479.000000 | e:   1.000000 | Q:        nan | won: False 
#  260 | steps:  3454 | steps_t:     0 | t: 6.845424 | r:  -481.000000 | e:   1.000000 | Q:        nan | won: False 
#  261 | steps:  3465 | steps_t:     0 | t: 6.856901 | r:  -499.000000 | e:   1.000000 | Q:        nan | won: False 
#  262 | steps:  3478 | steps_t:     0 | t: 6.875850 | r:  -479.000000 | e:   1.000000 | Q:        nan | won: False 
#  263 | steps:  3487 | steps_t:     0 | t: 6.897793 | r:  -464.000000 | e:   1.000000 | Q:        nan | won: False 
#  264 | steps:  3498 | steps_t:     0 | t: 6.910756 | r:  -488.000000 | e:   1.000000 | Q:        nan | won: False 
#  265 | steps:  3516 | steps_t:     0 | t: 6.954640 | r:  -440.000000 | e:   1.000000 | Q:        nan | won: False 
#  266 | steps:  3527 | steps_t:     0 | t: 6.968603 | r:  -466.000000 | e:   1.000000 | Q:        nan | won: False 
#  267 | steps:  3543 | steps_t:     0 | t: 7.000519 | r:  -482.000000 | e:   1.000000 | Q:        nan | won: False 
#  268 | steps:  3563 | steps_t:     0 | t: 7.024455 | r:  -486.000000 | e:   1.000000 | Q:        nan | won: False 
#  269 | steps:  3576 | steps_t:     0 | t: 7.058364 | r:  -457.000000 | e:   1.000000 | Q:        nan | won: False 
#  270 | steps:  3587 | steps_t:     0 | t: 7.071330 | r:  -488.000000 | e:   1.000000 | Q:        nan | won: False 
#  271 | steps:  3597 | steps_t:     0 | t: 7.094269 | r:  -454.000000 | e:   1.000000 | Q:        nan | won: False 
#  272 | steps:  3610 | steps_t:     0 | t: 7.109228 | r:  -446.000000 | e:   1.000000 | Q:        nan | won: False 
#  273 | steps:  3621 | steps_t:     0 | t: 7.124190 | r:  -455.000000 | e:   1.000000 | Q:        nan | won: False 
#  274 | steps:  3634 | steps_t:     0 | t: 7.152114 | r:  -490.000000 | e:   1.000000 | Q:        nan | won: False 
#  275 | steps:  3644 | steps_t:     0 | t: 7.165079 | r:  -487.000000 | e:   1.000000 | Q:        nan | won: False 
#  276 | steps:  3662 | steps_t:     0 | t: 7.191010 | r:  -495.000000 | e:   1.000000 | Q:        nan | won: False 
#  277 | steps:  3674 | steps_t:     0 | t: 7.206968 | r:  -489.000000 | e:   1.000000 | Q:        nan | won: False 
#  278 | steps:  3687 | steps_t:     0 | t: 7.223923 | r:  -490.000000 | e:   1.000000 | Q:        nan | won: False 
#  279 | steps:  3702 | steps_t:     0 | t: 7.240878 | r:  -459.000000 | e:   1.000000 | Q:        nan | won: False 
#  280 | steps:  3712 | steps_t:     0 | t: 7.252846 | r:  -454.000000 | e:   1.000000 | Q:        nan | won: False 
#  281 | steps:  3726 | steps_t:     0 | t: 7.299721 | r:  -491.000000 | e:   1.000000 | Q:        nan | won: False 
#  282 | steps:  3738 | steps_t:     0 | t: 7.315678 | r:  -489.000000 | e:   1.000000 | Q:        nan | won: False 
#  283 | steps:  3753 | steps_t:     0 | t: 7.370533 | r:  -492.000000 | e:   1.000000 | Q:        nan | won: False 
#  284 | steps:  3766 | steps_t:     0 | t: 7.385492 | r:  -490.000000 | e:   1.000000 | Q:        nan | won: False 
#  285 | steps:  3788 | steps_t:     0 | t: 7.432368 | r:  -466.000000 | e:   1.000000 | Q:        nan | won: False 
#  286 | steps:  3796 | steps_t:     0 | t: 7.442342 | r:  -452.000000 | e:   1.000000 | Q:        nan | won: False 
#  287 | steps:  3814 | steps_t:     0 | t: 7.487221 | r:  -440.000000 | e:   1.000000 | Q:        nan | won: False 
#  288 | steps:  3825 | steps_t:     0 | t: 7.522129 | r:  -477.000000 | e:   1.000000 | Q:        nan | won: False 
#  289 | steps:  3837 | steps_t:     0 | t: 7.557036 | r:  -489.000000 | e:   1.000000 | Q:        nan | won: False 
#  290 | steps:  3852 | steps_t:     0 | t: 7.576983 | r:  -470.000000 | e:   1.000000 | Q:        nan | won: False 
#  291 | steps:  3862 | steps_t:     0 | t: 7.595932 | r:  -476.000000 | e:   1.000000 | Q:        nan | won: False 
#  292 | steps:  3875 | steps_t:     0 | t: 7.613884 | r:  -479.000000 | e:   1.000000 | Q:        nan | won: False 
#  293 | steps:  3888 | steps_t:     0 | t: 7.634828 | r:  -490.000000 | e:   1.000000 | Q:        nan | won: False 
#  294 | steps:  3899 | steps_t:     0 | t: 7.647795 | r:  -455.000000 | e:   1.000000 | Q:        nan | won: False 
#  295 | steps:  3911 | steps_t:     0 | t: 7.662755 | r:  -489.000000 | e:   1.000000 | Q:        nan | won: False 
#  296 | steps:  3926 | steps_t:     0 | t: 7.695667 | r:  -492.000000 | e:   1.000000 | Q:        nan | won: False 
#  297 | steps:  3938 | steps_t:     0 | t: 7.729576 | r:  -467.000000 | e:   1.000000 | Q:        nan | won: False 
#  298 | steps:  3951 | steps_t:     0 | t: 7.750520 | r:  -479.000000 | e:   1.000000 | Q:        nan | won: False 
#  299 | steps:  3964 | steps_t:     0 | t: 7.765988 | r:  -501.000000 | e:   1.000000 | Q:        nan | won: False 
#  300 | steps:  3974 | steps_t:     0 | t: 7.777957 | r:  -454.000000 | e:   1.000000 | Q:        nan | won: False 
#  301 | steps:  3987 | steps_t:     0 | t: 7.813861 | r:  -501.000000 | e:   1.000000 | Q:        nan | won: False 
#  302 | steps:  4000 | steps_t:     0 | t: 7.829818 | r:  -490.000000 | e:   1.000000 | Q:        nan | won: False 
#  303 | steps:  4011 | steps_t:     0 | t: 7.864726 | r:  -466.000000 | e:   1.000000 | Q:        nan | won: False 
#  304 | steps:  4020 | steps_t:     0 | t: 7.873701 | r:  -453.000000 | e:   1.000000 | Q:        nan | won: False 
#  305 | steps:  4034 | steps_t:     0 | t: 7.889660 | r:  -491.000000 | e:   1.000000 | Q:        nan | won: False 
#  306 | steps:  4044 | steps_t:     0 | t: 7.931547 | r:  -465.000000 | e:   1.000000 | Q:        nan | won: False 
#  307 | steps:  4057 | steps_t:     0 | t: 7.947505 | r:  -479.000000 | e:   1.000000 | Q:        nan | won: False 
#  308 | steps:  4066 | steps_t:     0 | t: 7.962466 | r:  -486.000000 | e:   1.000000 | Q:        nan | won: False 
#  309 | steps:  4099 | steps_t:     0 | t: 8.025297 | r:  -477.000000 | e:   1.000000 | Q:        nan | won: False 
#  310 | steps:  4110 | steps_t:     0 | t: 8.043251 | r:  -499.000000 | e:   1.000000 | Q:        nan | won: False 
#  311 | steps:  4121 | steps_t:     0 | t: 8.066189 | r:  -455.000000 | e:   1.000000 | Q:        nan | won: False 
#  312 | steps:  4131 | steps_t:     0 | t: 8.085138 | r:  -465.000000 | e:   1.000000 | Q:        nan | won: False 
#  313 | steps:  4143 | steps_t:     0 | t: 8.100098 | r:  -500.000000 | e:   1.000000 | Q:        nan | won: False 
#  314 | steps:  4157 | steps_t:     0 | t: 8.126029 | r:  -491.000000 | e:   1.000000 | Q:        nan | won: False 
#  315 | steps:  4166 | steps_t:     0 | t: 8.137997 | r:  -442.000000 | e:   1.000000 | Q:        nan | won: False 
#  316 | steps:  4183 | steps_t:     0 | t: 8.159939 | r:  -494.000000 | e:   1.000000 | Q:        nan | won: False 
#  317 | steps:  4198 | steps_t:     0 | t: 8.177891 | r:  -470.000000 | e:   1.000000 | Q:        nan | won: False 
#  318 | steps:  4211 | steps_t:     0 | t: 8.191854 | r:  -479.000000 | e:   1.000000 | Q:        nan | won: False 
#  319 | steps:  4223 | steps_t:     0 | t: 8.234740 | r:  -489.000000 | e:   1.000000 | Q:        nan | won: False 
#  320 | steps:  4234 | steps_t:     0 | t: 8.250697 | r:  -488.000000 | e:   1.000000 | Q:        nan | won: False 
#  321 | steps:  4243 | steps_t:     0 | t: 8.271152 | r:  -464.000000 | e:   1.000000 | Q:        nan | won: False 
#  322 | steps:  4270 | steps_t:     0 | t: 8.304065 | r:  -482.000000 | e:   1.000000 | Q:        nan | won: False 
#  323 | steps:  4282 | steps_t:     0 | t: 8.320022 | r:  -478.000000 | e:   1.000000 | Q:        nan | won: False 
#  324 | steps:  4297 | steps_t:     0 | t: 8.338971 | r:  -470.000000 | e:   1.000000 | Q:        nan | won: False 
#  325 | steps:  4310 | steps_t:     0 | t: 8.365410 | r:  -468.000000 | e:   1.000000 | Q:        nan | won: False 
#  326 | steps:  4322 | steps_t:     0 | t: 8.378376 | r:  -456.000000 | e:   1.000000 | Q:        nan | won: False 
#  327 | steps:  4336 | steps_t:     0 | t: 8.397325 | r:  -491.000000 | e:   1.000000 | Q:        nan | won: False 
#  328 | steps:  4348 | steps_t:     0 | t: 8.410291 | r:  -500.000000 | e:   1.000000 | Q:        nan | won: False 
#  329 | steps:  4359 | steps_t:     0 | t: 8.423256 | r:  -477.000000 | e:   1.000000 | Q:        nan | won: False 
#  330 | steps:  4375 | steps_t:     0 | t: 8.484609 | r:  -482.000000 | e:   1.000000 | Q:        nan | won: False 
#  331 | steps:  4384 | steps_t:     0 | t: 8.497571 | r:  -475.000000 | e:   1.000000 | Q:        nan | won: False 
#  332 | steps:  4397 | steps_t:     0 | t: 8.534473 | r:  -490.000000 | e:   1.000000 | Q:        nan | won: False 
#  333 | steps:  4405 | steps_t:     0 | t: 8.543450 | r:  -463.000000 | e:   1.000000 | Q:        nan | won: False 
#  334 | steps:  4421 | steps_t:     0 | t: 8.580859 | r:  -493.000000 | e:   1.000000 | Q:        nan | won: False 
#  335 | steps:  4435 | steps_t:     0 | t: 8.596818 | r:  -480.000000 | e:   1.000000 | Q:        nan | won: False 
#  336 | steps:  4446 | steps_t:     0 | t: 8.609783 | r:  -499.000000 | e:   1.000000 | Q:        nan | won: False 
#  337 | steps:  4459 | steps_t:     0 | t: 8.638705 | r:  -501.000000 | e:   1.000000 | Q:        nan | won: False 
#  338 | steps:  4470 | steps_t:     0 | t: 8.654662 | r:  -477.000000 | e:   1.000000 | Q:        nan | won: False 
#  339 | steps:  4481 | steps_t:     0 | t: 8.668626 | r:  -477.000000 | e:   1.000000 | Q:        nan | won: False 
#  340 | steps:  4489 | steps_t:     0 | t: 8.680593 | r:  -441.000000 | e:   1.000000 | Q:        nan | won: False 
#  341 | steps:  4502 | steps_t:     0 | t: 8.695554 | r:  -501.000000 | e:   1.000000 | Q:        nan | won: False 
#  342 | steps:  4511 | steps_t:     0 | t: 8.706525 | r:  -464.000000 | e:   1.000000 | Q:        nan | won: False 
#  343 | steps:  4522 | steps_t:     0 | t: 8.722484 | r:  -477.000000 | e:   1.000000 | Q:        nan | won: False 
#  344 | steps:  4534 | steps_t:     0 | t: 8.739437 | r:  -489.000000 | e:   1.000000 | Q:        nan | won: False 
#  345 | steps:  4544 | steps_t:     0 | t: 8.758387 | r:  -476.000000 | e:   1.000000 | Q:        nan | won: False 
#  346 | steps:  4555 | steps_t:     0 | t: 8.772349 | r:  -477.000000 | e:   1.000000 | Q:        nan | won: False 
#  347 | steps:  4567 | steps_t:     0 | t: 8.786312 | r:  -489.000000 | e:   1.000000 | Q:        nan | won: False 
#  348 | steps:  4579 | steps_t:     0 | t: 8.817230 | r:  -489.000000 | e:   1.000000 | Q:        nan | won: False 
#  349 | steps:  4595 | steps_t:     0 | t: 8.838175 | r:  -471.000000 | e:   1.000000 | Q:        nan | won: False 
#  350 | steps:  4608 | steps_t:     0 | t: 8.871086 | r:  -501.000000 | e:   1.000000 | Q:        nan | won: False 
#  351 | steps:  4621 | steps_t:     0 | t: 8.887044 | r:  -490.000000 | e:   1.000000 | Q:        nan | won: False 
#  352 | steps:  4641 | steps_t:     0 | t: 8.935913 | r:  -464.000000 | e:   1.000000 | Q:        nan | won: False 
#  353 | steps:  4655 | steps_t:     0 | t: 8.953865 | r:  -480.000000 | e:   1.000000 | Q:        nan | won: False 
#  354 | steps:  4672 | steps_t:     0 | t: 8.971818 | r:  -472.000000 | e:   1.000000 | Q:        nan | won: False 
#  355 | steps:  4683 | steps_t:     0 | t: 8.986779 | r:  -488.000000 | e:   1.000000 | Q:        nan | won: False 
#  356 | steps:  4697 | steps_t:     0 | t: 9.022683 | r:  -502.000000 | e:   1.000000 | Q:        nan | won: False 
#  357 | steps:  4709 | steps_t:     0 | t: 9.036646 | r:  -478.000000 | e:   1.000000 | Q:        nan | won: False 
#  358 | steps:  4721 | steps_t:     0 | t: 9.054598 | r:  -489.000000 | e:   1.000000 | Q:        nan | won: False 
#  359 | steps:  4735 | steps_t:     0 | t: 9.078534 | r:  -469.000000 | e:   1.000000 | Q:        nan | won: False 
#  360 | steps:  4745 | steps_t:     0 | t: 9.102471 | r:  -476.000000 | e:   1.000000 | Q:        nan | won: False 
#  361 | steps:  4755 | steps_t:     0 | t: 9.114439 | r:  -487.000000 | e:   1.000000 | Q:        nan | won: False 
#  362 | steps:  4767 | steps_t:     0 | t: 9.129399 | r:  -478.000000 | e:   1.000000 | Q:        nan | won: False 
#  363 | steps:  4783 | steps_t:     0 | t: 9.185250 | r:  -405.000000 | e:   1.000000 | Q:        nan | won: False 
#  364 | steps:  4793 | steps_t:     0 | t: 9.202204 | r:  -498.000000 | e:   1.000000 | Q:        nan | won: False 
#  365 | steps:  4802 | steps_t:     0 | t: 9.235117 | r:  -475.000000 | e:   1.000000 | Q:        nan | won: False 
#  366 | steps:  4813 | steps_t:     0 | t: 9.257059 | r:  -488.000000 | e:   1.000000 | Q:        nan | won: False 
#  367 | steps:  4825 | steps_t:     0 | t: 9.270024 | r:  -478.000000 | e:   1.000000 | Q:        nan | won: False 
#  368 | steps:  4838 | steps_t:     0 | t: 9.316899 | r:  -479.000000 | e:   1.000000 | Q:        nan | won: False 
#  369 | steps:  4851 | steps_t:     0 | t: 9.330863 | r:  -490.000000 | e:   1.000000 | Q:        nan | won: False 
#  370 | steps:  4861 | steps_t:     0 | t: 9.367764 | r:  -487.000000 | e:   1.000000 | Q:        nan | won: False 
#  371 | steps:  4874 | steps_t:     0 | t: 9.386713 | r:  -501.000000 | e:   1.000000 | Q:        nan | won: False 
#  372 | steps:  4889 | steps_t:     0 | t: 9.401673 | r:  -492.000000 | e:   1.000000 | Q:        nan | won: False 
#  373 | steps:  4903 | steps_t:     0 | t: 9.447551 | r:  -502.000000 | e:   1.000000 | Q:        nan | won: False 
#  374 | steps:  4917 | steps_t:     0 | t: 9.462511 | r:  -502.000000 | e:   1.000000 | Q:        nan | won: False 
#  375 | steps:  4931 | steps_t:     0 | t: 9.534834 | r:  -480.000000 | e:   1.000000 | Q:        nan | won: False 
#  376 | steps:  4946 | steps_t:     0 | t: 9.550791 | r:  -481.000000 | e:   1.000000 | Q:        nan | won: False 
#  377 | steps:  4970 | steps_t:     0 | t: 9.615618 | r:  -490.000000 | e:   1.000000 | Q:        nan | won: False 
#  378 | steps:  4983 | steps_t:     0 | t: 10.014068 | r:  -490.000000 | e:   1.000000 | Q:        nan | won: False 
#  379 | steps:  5007 | steps_t:     5 | t: 10.426502 | r:  -501.000000 | e:   0.999500 | Q:        nan | won: False 
#  380 | steps:  5022 | steps_t:    19 | t: 10.713738 | r:  -481.000000 | e:   0.998100 | Q:        nan | won: False 
#  381 | steps:  5037 | steps_t:    33 | t: 10.967064 | r:  -492.000000 | e:   0.996700 | Q:        nan | won: False 
#  382 | steps:  5051 | steps_t:    46 | t: 11.223889 | r:  -469.000000 | e:   0.995400 | Q:        nan | won: False 
#  383 | steps:  5063 | steps_t:    57 | t: 11.444302 | r:  -489.000000 | e:   0.994300 | Q:        nan | won: False 
#  384 | steps:  5078 | steps_t:    71 | t: 11.712099 | r:  -481.000000 | e:   0.992900 | Q:        nan | won: False 
#  385 | steps:  5088 | steps_t:    80 | t: 11.889648 | r:  -454.000000 | e:   0.992000 | Q:        nan | won: False 
#  386 | steps:  5100 | steps_t:    91 | t: 12.097605 | r:  -489.000000 | e:   0.990900 | Q:        nan | won: False 
#  387 | steps:  5110 | steps_t:   100 | t: 12.254187 | r:  -476.000000 | e:   0.990000 | Q:        nan | won: False 
#  388 | steps:  5124 | steps_t:   113 | t: 12.523470 | r:  -458.000000 | e:   0.988700 | Q:        nan | won: False 
#  389 | steps:  5136 | steps_t:   124 | t: 12.758843 | r:  -489.000000 | e:   0.987600 | Q:        nan | won: False 
#  390 | steps:  5148 | steps_t:   135 | t: 12.985746 | r:  -489.000000 | e:   0.986500 | Q: -143.625961 | won: False 
