#    1 | steps:     7 | steps_t:     0 | t: 0.013808 | r:  -506.000000 | e:   1.000000 | Q:        nan | won: False 
#    2 | steps:    14 | steps_t:     0 | t: 0.017797 | r:  -506.000000 | e:   1.000000 | Q:        nan | won: False 
#    3 | steps:    32 | steps_t:     0 | t: 0.024806 | r:  -517.000000 | e:   1.000000 | Q:        nan | won: False 
#    4 | steps:    42 | steps_t:     0 | t: 0.029766 | r:  -509.000000 | e:   1.000000 | Q:        nan | won: False 
#    5 | steps:    50 | steps_t:     0 | t: 0.033754 | r:  -507.000000 | e:   1.000000 | Q:        nan | won: False 
#    6 | steps:    58 | steps_t:     0 | t: 0.037743 | r:  -507.000000 | e:   1.000000 | Q:        nan | won: False 
#    7 | steps:    65 | steps_t:     0 | t: 0.040736 | r:  -506.000000 | e:   1.000000 | Q:        nan | won: False 
#    8 | steps:    73 | steps_t:     0 | t: 0.044725 | r:  -507.000000 | e:   1.000000 | Q:        nan | won: False 
#    9 | steps:    82 | steps_t:     0 | t: 0.049743 | r:  -508.000000 | e:   1.000000 | Q:        nan | won: False 
#   10 | steps:    90 | steps_t:     0 | t: 0.054699 | r:  -507.000000 | e:   1.000000 | Q:        nan | won: False 
#   11 | steps:   106 | steps_t:     0 | t: 0.061681 | r:  -515.000000 | e:   1.000000 | Q:        nan | won: False 
#   12 | steps:   118 | steps_t:     0 | t: 0.067664 | r:  -511.000000 | e:   1.000000 | Q:        nan | won: False 
#   13 | steps:   126 | steps_t:     0 | t: 0.070657 | r:  -507.000000 | e:   1.000000 | Q:        nan | won: False 
#   14 | steps:   138 | steps_t:     0 | t: 0.077638 | r:  -511.000000 | e:   1.000000 | Q:        nan | won: False 
#   15 | steps:   154 | steps_t:     0 | t: 0.084619 | r:  -515.000000 | e:   1.000000 | Q:        nan | won: False 
#   16 | steps:   161 | steps_t:     0 | t: 0.088609 | r:  -506.000000 | e:   1.000000 | Q:        nan | won: False 
#   17 | steps:   171 | steps_t:     0 | t: 0.094593 | r:  -509.000000 | e:   1.000000 | Q:        nan | won: False 
#   18 | steps:   178 | steps_t:     0 | t: 0.098582 | r:  -506.000000 | e:   1.000000 | Q:        nan | won: False 
#   19 | steps:   187 | steps_t:     0 | t: 0.103569 | r:  -508.000000 | e:   1.000000 | Q:        nan | won: False 
#   20 | steps:   200 | steps_t:     0 | t: 0.109554 | r:  -512.000000 | e:   1.000000 | Q:        nan | won: False 
#   21 | steps:   209 | steps_t:     0 | t: 0.114572 | r:  -508.000000 | e:   1.000000 | Q:        nan | won: False 
#   22 | steps:   216 | steps_t:     0 | t: 0.117532 | r:  -506.000000 | e:   1.000000 | Q:        nan | won: False 
#   23 | steps:   225 | steps_t:     0 | t: 0.121550 | r:  -508.000000 | e:   1.000000 | Q:        nan | won: False 
#   24 | steps:   233 | steps_t:     0 | t: 0.125511 | r:  -507.000000 | e:   1.000000 | Q:        nan | won: False 
#   25 | steps:   244 | steps_t:     0 | t: 0.131495 | r:  -510.000000 | e:   1.000000 | Q:        nan | won: False 
#   26 | steps:   252 | steps_t:     0 | t: 0.134487 | r:  -507.000000 | e:   1.000000 | Q:        nan | won: False 
#   27 | steps:   258 | steps_t:     0 | t: 0.137479 | r:  -505.000000 | e:   1.000000 | Q:        nan | won: False 
#   28 | steps:   269 | steps_t:     0 | t: 0.143464 | r:  -510.000000 | e:   1.000000 | Q:        nan | won: False 
#   29 | steps:   289 | steps_t:     0 | t: 0.151442 | r:  -519.000000 | e:   1.000000 | Q:        nan | won: False 
#   30 | steps:   303 | steps_t:     0 | t: 0.157427 | r:  -513.000000 | e:   1.000000 | Q:        nan | won: False 
#   31 | steps:   312 | steps_t:     0 | t: 0.162413 | r:  -508.000000 | e:   1.000000 | Q:        nan | won: False 
#   32 | steps:   320 | steps_t:     0 | t: 0.166402 | r:  -507.000000 | e:   1.000000 | Q:        nan | won: False 
#   33 | steps:   327 | steps_t:     0 | t: 0.169395 | r:  -506.000000 | e:   1.000000 | Q:        nan | won: False 
#   34 | steps:   339 | steps_t:     0 | t: 0.175379 | r:  -511.000000 | e:   1.000000 | Q:        nan | won: False 
#   35 | steps:   346 | steps_t:     0 | t: 0.179368 | r:  -506.000000 | e:   1.000000 | Q:        nan | won: False 
#   36 | steps:   355 | steps_t:     0 | t: 0.183357 | r:  -508.000000 | e:   1.000000 | Q:        nan | won: False 
#   37 | steps:   364 | steps_t:     0 | t: 0.187346 | r:  -508.000000 | e:   1.000000 | Q:        nan | won: False 
#   38 | steps:   382 | steps_t:     0 | t: 0.195326 | r:  -506.000000 | e:   1.000000 | Q:        nan | won: False 
#   39 | steps:   393 | steps_t:     0 | t: 0.200312 | r:  -510.000000 | e:   1.000000 | Q:        nan | won: False 
#   40 | steps:   403 | steps_t:     0 | t: 0.205299 | r:  -509.000000 | e:   1.000000 | Q:        nan | won: False 
#   41 | steps:   412 | steps_t:     0 | t: 0.210286 | r:  -508.000000 | e:   1.000000 | Q:        nan | won: False 
#   42 | steps:   421 | steps_t:     0 | t: 0.215272 | r:  -508.000000 | e:   1.000000 | Q:        nan | won: False 
#   43 | steps:   431 | steps_t:     0 | t: 0.220259 | r:  -509.000000 | e:   1.000000 | Q:        nan | won: False 
#   44 | steps:   442 | steps_t:     0 | t: 0.231230 | r:  -510.000000 | e:   1.000000 | Q:        nan | won: False 
#   45 | steps:   454 | steps_t:     0 | t: 0.237215 | r:  -511.000000 | e:   1.000000 | Q:        nan | won: False 
#   46 | steps:   462 | steps_t:     0 | t: 0.241204 | r:  -507.000000 | e:   1.000000 | Q:        nan | won: False 
#   47 | steps:   476 | steps_t:     0 | t: 0.248185 | r:  -502.000000 | e:   1.000000 | Q:        nan | won: False 
#   48 | steps:   483 | steps_t:     0 | t: 0.252176 | r:  -506.000000 | e:   1.000000 | Q:        nan | won: False 
#   49 | steps:   501 | steps_t:     0 | t: 0.260153 | r:  -517.000000 | e:   1.000000 | Q:        nan | won: False 
#   50 | steps:   507 | steps_t:     0 | t: 0.266138 | r:  -505.000000 | e:   1.000000 | Q:        nan | won: False 
#   51 | steps:   516 | steps_t:     0 | t: 0.271125 | r:  -508.000000 | e:   1.000000 | Q:        nan | won: False 
#   52 | steps:   523 | steps_t:     0 | t: 0.277109 | r:  -506.000000 | e:   1.000000 | Q:        nan | won: False 
#   53 | steps:   532 | steps_t:     0 | t: 0.282096 | r:  -508.000000 | e:   1.000000 | Q:        nan | won: False 
#   54 | steps:   539 | steps_t:     0 | t: 0.287083 | r:  -506.000000 | e:   1.000000 | Q:        nan | won: False 
#   55 | steps:   545 | steps_t:     0 | t: 0.290073 | r:  -505.000000 | e:   1.000000 | Q:        nan | won: False 
#   56 | steps:   555 | steps_t:     0 | t: 0.295060 | r:  -509.000000 | e:   1.000000 | Q:        nan | won: False 
#   57 | steps:   561 | steps_t:     0 | t: 0.299050 | r:  -505.000000 | e:   1.000000 | Q:        nan | won: False 
#   58 | steps:   569 | steps_t:     0 | t: 0.303040 | r:  -507.000000 | e:   1.000000 | Q:        nan | won: False 
#   59 | steps:   577 | steps_t:     0 | t: 0.307028 | r:  -507.000000 | e:   1.000000 | Q:        nan | won: False 
#   60 | steps:   587 | steps_t:     0 | t: 0.312016 | r:  -509.000000 | e:   1.000000 | Q:        nan | won: False 
#   61 | steps:   599 | steps_t:     0 | t: 0.318000 | r:  -511.000000 | e:   1.000000 | Q:        nan | won: False 
#   62 | steps:   610 | steps_t:     0 | t: 0.324980 | r:  -510.000000 | e:   1.000000 | Q:        nan | won: False 
#   63 | steps:   618 | steps_t:     0 | t: 0.329968 | r:  -507.000000 | e:   1.000000 | Q:        nan | won: False 
#   64 | steps:   626 | steps_t:     0 | t: 0.333957 | r:  -507.000000 | e:   1.000000 | Q:        nan | won: False 
#   65 | steps:   639 | steps_t:     0 | t: 0.339942 | r:  -512.000000 | e:   1.000000 | Q:        nan | won: False 
#   66 | steps:   646 | steps_t:     0 | t: 0.343931 | r:  -506.000000 | e:   1.000000 | Q:        nan | won: False 
#   67 | steps:   656 | steps_t:     0 | t: 0.348918 | r:  -509.000000 | e:   1.000000 | Q:        nan | won: False 
#   68 | steps:   665 | steps_t:     0 | t: 0.353904 | r:  -508.000000 | e:   1.000000 | Q:        nan | won: False 
#   69 | steps:   673 | steps_t:     0 | t: 0.356897 | r:  -507.000000 | e:   1.000000 | Q:        nan | won: False 
#   70 | steps:   682 | steps_t:     0 | t: 0.362880 | r:  -508.000000 | e:   1.000000 | Q:        nan | won: False 
#   71 | steps:   689 | steps_t:     0 | t: 0.365872 | r:  -506.000000 | e:   1.000000 | Q:        nan | won: False 
#   72 | steps:   698 | steps_t:     0 | t: 0.370859 | r:  -508.000000 | e:   1.000000 | Q:        nan | won: False 
#   73 | steps:   709 | steps_t:     0 | t: 0.376844 | r:  -510.000000 | e:   1.000000 | Q:        nan | won: False 
#   74 | steps:   716 | steps_t:     0 | t: 0.380833 | r:  -506.000000 | e:   1.000000 | Q:        nan | won: False 
#   75 | steps:   725 | steps_t:     0 | t: 0.385820 | r:  -508.000000 | e:   1.000000 | Q:        nan | won: False 
#   76 | steps:   732 | steps_t:     0 | t: 0.389809 | r:  -506.000000 | e:   1.000000 | Q:        nan | won: False 
#   77 | steps:   739 | steps_t:     0 | t: 0.393798 | r:  -506.000000 | e:   1.000000 | Q:        nan | won: False 
#   78 | steps:   761 | steps_t:     0 | t: 0.402775 | r:  -521.000000 | e:   1.000000 | Q:        nan | won: False 
#   79 | steps:   775 | steps_t:     0 | t: 0.410753 | r:  -513.000000 | e:   1.000000 | Q:        nan | won: False 
#   80 | steps:   783 | steps_t:     0 | t: 0.414743 | r:  -507.000000 | e:   1.000000 | Q:        nan | won: False 
#   81 | steps:   790 | steps_t:     0 | t: 0.419730 | r:  -506.000000 | e:   1.000000 | Q:        nan | won: False 
#   82 | steps:   799 | steps_t:     0 | t: 0.424718 | r:  -508.000000 | e:   1.000000 | Q:        nan | won: False 
#   83 | steps:   808 | steps_t:     0 | t: 0.429704 | r:  -508.000000 | e:   1.000000 | Q:        nan | won: False 
#   84 | steps:   815 | steps_t:     0 | t: 0.434691 | r:  -506.000000 | e:   1.000000 | Q:        nan | won: False 
#   85 | steps:   823 | steps_t:     0 | t: 0.439677 | r:  -507.000000 | e:   1.000000 | Q:        nan | won: False 
#   86 | steps:   831 | steps_t:     0 | t: 0.443666 | r:  -507.000000 | e:   1.000000 | Q:        nan | won: False 
#   87 | steps:   841 | steps_t:     0 | t: 0.448653 | r:  -509.000000 | e:   1.000000 | Q:        nan | won: False 
#   88 | steps:   862 | steps_t:     0 | t: 0.458626 | r:  -520.000000 | e:   1.000000 | Q:        nan | won: False 
#   89 | steps:   874 | steps_t:     0 | t: 0.465607 | r:  -511.000000 | e:   1.000000 | Q:        nan | won: False 
#   90 | steps:   892 | steps_t:     0 | t: 0.473587 | r:  -517.000000 | e:   1.000000 | Q:        nan | won: False 
#   91 | steps:   899 | steps_t:     0 | t: 0.477576 | r:  -506.000000 | e:   1.000000 | Q:        nan | won: False 
#   92 | steps:   913 | steps_t:     0 | t: 0.483560 | r:  -513.000000 | e:   1.000000 | Q:        nan | won: False 
#   93 | steps:   926 | steps_t:     0 | t: 0.489543 | r:  -512.000000 | e:   1.000000 | Q:        nan | won: False 
#   94 | steps:   931 | steps_t:     0 | t: 0.493534 | r:  -504.000000 | e:   1.000000 | Q:        nan | won: False 
#   95 | steps:   941 | steps_t:     0 | t: 0.499518 | r:  -509.000000 | e:   1.000000 | Q:        nan | won: False 
#   96 | steps:   951 | steps_t:     0 | t: 0.504504 | r:  -509.000000 | e:   1.000000 | Q:        nan | won: False 
#   97 | steps:   956 | steps_t:     0 | t: 0.506499 | r:  -504.000000 | e:   1.000000 | Q:        nan | won: False 
#   98 | steps:   967 | steps_t:     0 | t: 0.512483 | r:  -510.000000 | e:   1.000000 | Q:        nan | won: False 
#   99 | steps:   974 | steps_t:     0 | t: 0.516472 | r:  -506.000000 | e:   1.000000 | Q:        nan | won: False 
#  100 | steps:   984 | steps_t:     0 | t: 0.521459 | r:  -509.000000 | e:   1.000000 | Q:        nan | won: False 
#  101 | steps:  1000 | steps_t:     0 | t: 0.528441 | r:  -515.000000 | e:   1.000000 | Q:        nan | won: False 
#  102 | steps:  1010 | steps_t:     0 | t: 0.544398 | r:  -509.000000 | e:   1.000000 | Q:        nan | won: False 
#  103 | steps:  1020 | steps_t:     0 | t: 0.549385 | r:  -509.000000 | e:   1.000000 | Q:        nan | won: False 
#  104 | steps:  1029 | steps_t:     0 | t: 0.556367 | r:  -508.000000 | e:   1.000000 | Q:        nan | won: False 
#  105 | steps:  1038 | steps_t:     0 | t: 0.561353 | r:  -508.000000 | e:   1.000000 | Q:        nan | won: False 
#  106 | steps:  1055 | steps_t:     0 | t: 0.568334 | r:  -516.000000 | e:   1.000000 | Q:        nan | won: False 
#  107 | steps:  1064 | steps_t:     0 | t: 0.573322 | r:  -508.000000 | e:   1.000000 | Q:        nan | won: False 
#  108 | steps:  1075 | steps_t:     0 | t: 0.578308 | r:  -510.000000 | e:   1.000000 | Q:        nan | won: False 
#  109 | steps:  1083 | steps_t:     0 | t: 0.583295 | r:  -507.000000 | e:   1.000000 | Q:        nan | won: False 
#  110 | steps:  1103 | steps_t:     0 | t: 0.627178 | r:  -519.000000 | e:   1.000000 | Q:        nan | won: False 
#  111 | steps:  1111 | steps_t:     0 | t: 0.675050 | r:  -507.000000 | e:   1.000000 | Q:        nan | won: False 
#  112 | steps:  1121 | steps_t:     0 | t: 0.686022 | r:  -509.000000 | e:   1.000000 | Q:        nan | won: False 
#  113 | steps:  1126 | steps_t:     0 | t: 0.689014 | r:  -504.000000 | e:   1.000000 | Q:        nan | won: False 
#  114 | steps:  1132 | steps_t:     0 | t: 0.692006 | r:  -505.000000 | e:   1.000000 | Q:        nan | won: False 
#  115 | steps:  1140 | steps_t:     0 | t: 0.695996 | r:  -507.000000 | e:   1.000000 | Q:        nan | won: False 
#  116 | steps:  1150 | steps_t:     0 | t: 0.706966 | r:  -509.000000 | e:   1.000000 | Q:        nan | won: False 
#  117 | steps:  1157 | steps_t:     0 | t: 0.710956 | r:  -506.000000 | e:   1.000000 | Q:        nan | won: False 
#  118 | steps:  1168 | steps_t:     0 | t: 0.734892 | r:  -510.000000 | e:   1.000000 | Q:        nan | won: False 
#  119 | steps:  1184 | steps_t:     0 | t: 0.742872 | r:  -504.000000 | e:   1.000000 | Q:        nan | won: False 
#  120 | steps:  1212 | steps_t:     0 | t: 0.753843 | r:  -527.000000 | e:   1.000000 | Q:        nan | won: False 
#  121 | steps:  1220 | steps_t:     0 | t: 0.759827 | r:  -507.000000 | e:   1.000000 | Q:        nan | won: False 
#  122 | steps:  1228 | steps_t:     0 | t: 0.764814 | r:  -507.000000 | e:   1.000000 | Q:        nan | won: False 
#  123 | steps:  1240 | steps_t:     0 | t: 0.770797 | r:  -511.000000 | e:   1.000000 | Q:        nan | won: False 
#  124 | steps:  1255 | steps_t:     0 | t: 0.778777 | r:  -514.000000 | e:   1.000000 | Q:        nan | won: False 
#  125 | steps:  1264 | steps_t:     0 | t: 0.783762 | r:  -508.000000 | e:   1.000000 | Q:        nan | won: False 
#  126 | steps:  1278 | steps_t:     0 | t: 0.790744 | r:  -513.000000 | e:   1.000000 | Q:        nan | won: False 
#  127 | steps:  1289 | steps_t:     0 | t: 0.796729 | r:  -510.000000 | e:   1.000000 | Q:        nan | won: False 
#  128 | steps:  1299 | steps_t:     0 | t: 0.801715 | r:  -509.000000 | e:   1.000000 | Q:        nan | won: False 
#  129 | steps:  1318 | steps_t:     0 | t: 0.811689 | r:  -518.000000 | e:   1.000000 | Q:        nan | won: False 
#  130 | steps:  1331 | steps_t:     0 | t: 0.818671 | r:  -512.000000 | e:   1.000000 | Q:        nan | won: False 
#  131 | steps:  1341 | steps_t:     0 | t: 0.823657 | r:  -509.000000 | e:   1.000000 | Q:        nan | won: False 
#  132 | steps:  1350 | steps_t:     0 | t: 0.828643 | r:  -508.000000 | e:   1.000000 | Q:        nan | won: False 
#  133 | steps:  1372 | steps_t:     0 | t: 0.838617 | r:  -521.000000 | e:   1.000000 | Q:        nan | won: False 
#  134 | steps:  1383 | steps_t:     0 | t: 0.843604 | r:  -510.000000 | e:   1.000000 | Q:        nan | won: False 
#  135 | steps:  1395 | steps_t:     0 | t: 0.849589 | r:  -511.000000 | e:   1.000000 | Q:        nan | won: False 
#  136 | steps:  1406 | steps_t:     0 | t: 0.855572 | r:  -510.000000 | e:   1.000000 | Q:        nan | won: False 
#  137 | steps:  1412 | steps_t:     0 | t: 0.860559 | r:  -505.000000 | e:   1.000000 | Q:        nan | won: False 
#  138 | steps:  1421 | steps_t:     0 | t: 0.864548 | r:  -508.000000 | e:   1.000000 | Q:        nan | won: False 
#  139 | steps:  1436 | steps_t:     0 | t: 0.872527 | r:  -514.000000 | e:   1.000000 | Q:        nan | won: False 
#  140 | steps:  1443 | steps_t:     0 | t: 0.876516 | r:  -506.000000 | e:   1.000000 | Q:        nan | won: False 
#  141 | steps:  1456 | steps_t:     0 | t: 0.884495 | r:  -512.000000 | e:   1.000000 | Q:        nan | won: False 
#  142 | steps:  1470 | steps_t:     0 | t: 0.890478 | r:  -513.000000 | e:   1.000000 | Q:        nan | won: False 
#  143 | steps:  1479 | steps_t:     0 | t: 0.896464 | r:  -508.000000 | e:   1.000000 | Q:        nan | won: False 
#  144 | steps:  1493 | steps_t:     0 | t: 0.903445 | r:  -513.000000 | e:   1.000000 | Q:        nan | won: False 
#  145 | steps:  1500 | steps_t:     0 | t: 0.910426 | r:  -506.000000 | e:   1.000000 | Q:        nan | won: False 
#  146 | steps:  1506 | steps_t:     0 | t: 0.913419 | r:  -505.000000 | e:   1.000000 | Q:        nan | won: False 
#  147 | steps:  1519 | steps_t:     0 | t: 0.920401 | r:  -512.000000 | e:   1.000000 | Q:        nan | won: False 
#  148 | steps:  1538 | steps_t:     0 | t: 0.938352 | r:  -507.000000 | e:   1.000000 | Q:        nan | won: False 
#  149 | steps:  1549 | steps_t:     0 | t: 0.944336 | r:  -510.000000 | e:   1.000000 | Q:        nan | won: False 
#  150 | steps:  1559 | steps_t:     0 | t: 0.949323 | r:  -509.000000 | e:   1.000000 | Q:        nan | won: False 
