#    1 | steps:    28 | steps_t:     0 | t: 0.031960 | r:  -472.000000 | e:   1.000000 | Q:        nan | won: False 
#    2 | steps:    85 | steps_t:     0 | t: 0.100241 | r:  -501.000000 | e:   1.000000 | Q:        nan | won: False 
#    3 | steps:   103 | steps_t:     0 | t: 0.123183 | r:  -440.000000 | e:   1.000000 | Q:        nan | won: False 
#    4 | steps:   127 | steps_t:     0 | t: 0.151109 | r:  -501.000000 | e:   1.000000 | Q:        nan | won: False 
#    5 | steps:   149 | steps_t:     0 | t: 0.177039 | r:  -477.000000 | e:   1.000000 | Q:        nan | won: False 
#    6 | steps:   193 | steps_t:     0 | t: 0.231894 | r:  -466.000000 | e:   1.000000 | Q:        nan | won: False 
#    7 | steps:   224 | steps_t:     0 | t: 0.269793 | r:  -409.000000 | e:   1.000000 | Q:        nan | won: False 
#    8 | steps:   247 | steps_t:     0 | t: 0.297718 | r:  -478.000000 | e:   1.000000 | Q:        nan | won: False 
#    9 | steps:   266 | steps_t:     0 | t: 0.319661 | r:  -463.000000 | e:   1.000000 | Q:        nan | won: False 
#   10 | steps:   300 | steps_t:     0 | t: 0.358586 | r:  -489.000000 | e:   1.000000 | Q:        nan | won: False 
#   11 | steps:   319 | steps_t:     0 | t: 0.382521 | r:  -463.000000 | e:   1.000000 | Q:        nan | won: False 
#   12 | steps:   344 | steps_t:     0 | t: 0.413410 | r:  -469.000000 | e:   1.000000 | Q:        nan | won: False 
#   13 | steps:   378 | steps_t:     0 | t: 0.455299 | r:  -412.000000 | e:   1.000000 | Q:        nan | won: False 
#   14 | steps:   420 | steps_t:     0 | t: 0.505165 | r:  -409.000000 | e:   1.000000 | Q:        nan | won: False 
#   15 | steps:   479 | steps_t:     0 | t: 0.573982 | r:  -393.000000 | e:   1.000000 | Q:        nan | won: False 
#   16 | steps:   496 | steps_t:     0 | t: 0.594930 | r:  -472.000000 | e:   1.000000 | Q:        nan | won: False 
#   17 | steps:   546 | steps_t:     0 | t: 0.652772 | r:  -527.000000 | e:   1.000000 | Q:        nan | won: False 
#   18 | steps:   568 | steps_t:     0 | t: 0.678705 | r:  -466.000000 | e:   1.000000 | Q:        nan | won: False 
#   19 | steps:   585 | steps_t:     0 | t: 0.698651 | r:  -439.000000 | e:   1.000000 | Q:        nan | won: False 
#   20 | steps:   619 | steps_t:     0 | t: 0.741536 | r:  -445.000000 | e:   1.000000 | Q:        nan | won: False 
#   21 | steps:   633 | steps_t:     0 | t: 0.758492 | r:  -491.000000 | e:   1.000000 | Q:        nan | won: False 
#   22 | steps:   654 | steps_t:     0 | t: 0.783425 | r:  -476.000000 | e:   1.000000 | Q:        nan | won: False 
#   23 | steps:   683 | steps_t:     0 | t: 0.831297 | r:  -484.000000 | e:   1.000000 | Q:        nan | won: False 
#   24 | steps:   725 | steps_t:     0 | t: 0.881164 | r:  -508.000000 | e:   1.000000 | Q:        nan | won: False 
#   25 | steps:   741 | steps_t:     0 | t: 0.901112 | r:  -460.000000 | e:   1.000000 | Q:        nan | won: False 
#   26 | steps:   765 | steps_t:     0 | t: 0.931031 | r:  -490.000000 | e:   1.000000 | Q:        nan | won: False 
#   27 | steps:   806 | steps_t:     0 | t: 0.977907 | r:  -419.000000 | e:   1.000000 | Q:        nan | won: False 
#   28 | steps:   838 | steps_t:     0 | t: 1.015314 | r:  -476.000000 | e:   1.000000 | Q:        nan | won: False 
#   29 | steps:   863 | steps_t:     0 | t: 1.045235 | r:  -392.000000 | e:   1.000000 | Q:        nan | won: False 
#   30 | steps:   886 | steps_t:     0 | t: 1.074158 | r:  -489.000000 | e:   1.000000 | Q:        nan | won: False 
#   31 | steps:   918 | steps_t:     0 | t: 1.112562 | r:  -476.000000 | e:   1.000000 | Q:        nan | won: False 
#   32 | steps:   952 | steps_t:     0 | t: 1.215289 | r:  -445.000000 | e:   1.000000 | Q:        nan | won: False 
#   33 | steps:   978 | steps_t:     0 | t: 1.247204 | r:  -415.000000 | e:   1.000000 | Q:        nan | won: False 
#   34 | steps:  1053 | steps_t:     0 | t: 1.337962 | r:  -519.000000 | e:   1.000000 | Q:        nan | won: False 
#   35 | steps:  1093 | steps_t:     0 | t: 1.388828 | r:  -462.000000 | e:   1.000000 | Q:        nan | won: False 
#   36 | steps:  1127 | steps_t:     0 | t: 1.436699 | r:  -434.000000 | e:   1.000000 | Q:        nan | won: False 
#   37 | steps:  1157 | steps_t:     0 | t: 1.482577 | r:  -496.000000 | e:   1.000000 | Q:        nan | won: False 
#   38 | steps:  1199 | steps_t:     0 | t: 1.533442 | r:  -475.000000 | e:   1.000000 | Q:        nan | won: False 
#   39 | steps:  1241 | steps_t:     0 | t: 1.585304 | r:  -409.000000 | e:   1.000000 | Q:        nan | won: False 
#   40 | steps:  1288 | steps_t:     0 | t: 1.647139 | r:  -436.000000 | e:   1.000000 | Q:        nan | won: False 
#   41 | steps:  1306 | steps_t:     0 | t: 1.670078 | r:  -418.000000 | e:   1.000000 | Q:        nan | won: False 
#   42 | steps:  1342 | steps_t:     0 | t: 1.785281 | r:  -458.000000 | e:   1.000000 | Q:        nan | won: False 
#   43 | steps:  1368 | steps_t:     0 | t: 1.818700 | r:  -492.000000 | e:   1.000000 | Q:        nan | won: False 
#   44 | steps:  1389 | steps_t:     0 | t: 1.845629 | r:  -421.000000 | e:   1.000000 | Q:        nan | won: False 
#   45 | steps:  1409 | steps_t:     0 | t: 1.869565 | r:  -475.000000 | e:   1.000000 | Q:        nan | won: False 
#   46 | steps:  1454 | steps_t:     0 | t: 1.928408 | r:  -412.000000 | e:   1.000000 | Q:        nan | won: False 
#   47 | steps:  1477 | steps_t:     0 | t: 1.957331 | r:  -478.000000 | e:   1.000000 | Q:        nan | won: False 
#   48 | steps:  1494 | steps_t:     0 | t: 1.981268 | r:  -428.000000 | e:   1.000000 | Q:        nan | won: False 
#   49 | steps:  1529 | steps_t:     0 | t: 2.022158 | r:  -479.000000 | e:   1.000000 | Q:        nan | won: False 
#   50 | steps:  1551 | steps_t:     0 | t: 2.047092 | r:  -400.000000 | e:   1.000000 | Q:        nan | won: False 
#   51 | steps:  1592 | steps_t:     0 | t: 2.093967 | r:  -507.000000 | e:   1.000000 | Q:        nan | won: False 
#   52 | steps:  1613 | steps_t:     0 | t: 2.119898 | r:  -476.000000 | e:   1.000000 | Q:        nan | won: False 
#   53 | steps:  1650 | steps_t:     0 | t: 2.164779 | r:  -503.000000 | e:   1.000000 | Q:        nan | won: False 
#   54 | steps:  1668 | steps_t:     0 | t: 2.187717 | r:  -440.000000 | e:   1.000000 | Q:        nan | won: False 
#   55 | steps:  1686 | steps_t:     0 | t: 2.208661 | r:  -462.000000 | e:   1.000000 | Q:        nan | won: False 
#   56 | steps:  1710 | steps_t:     0 | t: 2.238582 | r:  -446.000000 | e:   1.000000 | Q:        nan | won: False 
#   57 | steps:  1742 | steps_t:     0 | t: 2.276481 | r:  -487.000000 | e:   1.000000 | Q:        nan | won: False 
#   58 | steps:  1761 | steps_t:     0 | t: 2.301416 | r:  -452.000000 | e:   1.000000 | Q:        nan | won: False 
#   59 | steps:  1793 | steps_t:     0 | t: 2.339315 | r:  -410.000000 | e:   1.000000 | Q:        nan | won: False 
#   60 | steps:  1833 | steps_t:     0 | t: 2.386189 | r:  -374.000000 | e:   1.000000 | Q:        nan | won: False 
#   61 | steps:  1889 | steps_t:     0 | t: 2.453012 | r:  -500.000000 | e:   1.000000 | Q:        nan | won: False 
#   62 | steps:  1917 | steps_t:     0 | t: 2.486920 | r:  -472.000000 | e:   1.000000 | Q:        nan | won: False 
#   63 | steps:  1937 | steps_t:     0 | t: 2.511857 | r:  -475.000000 | e:   1.000000 | Q:        nan | won: False 
#   64 | steps:  1976 | steps_t:     0 | t: 2.556735 | r:  -472.000000 | e:   1.000000 | Q:        nan | won: False 
#   65 | steps:  1991 | steps_t:     0 | t: 2.574687 | r:  -437.000000 | e:   1.000000 | Q:        nan | won: False 
#   66 | steps:  2011 | steps_t:     0 | t: 2.600618 | r:  -475.000000 | e:   1.000000 | Q:        nan | won: False 
#   67 | steps:  2037 | steps_t:     0 | t: 2.632533 | r:  -492.000000 | e:   1.000000 | Q:        nan | won: False 
#   68 | steps:  2061 | steps_t:     0 | t: 2.660459 | r:  -457.000000 | e:   1.000000 | Q:        nan | won: False 
#   69 | steps:  2085 | steps_t:     0 | t: 2.689382 | r:  -468.000000 | e:   1.000000 | Q:        nan | won: False 
#   70 | steps:  2116 | steps_t:     0 | t: 2.726283 | r:  -464.000000 | e:   1.000000 | Q:        nan | won: False 
#   71 | steps:  2151 | steps_t:     0 | t: 2.776151 | r:  -479.000000 | e:   1.000000 | Q:        nan | won: False 
#   72 | steps:  2183 | steps_t:     0 | t: 2.818039 | r:  -454.000000 | e:   1.000000 | Q:        nan | won: False 
#   73 | steps:  2212 | steps_t:     0 | t: 2.856936 | r:  -473.000000 | e:   1.000000 | Q:        nan | won: False 
#   74 | steps:  2240 | steps_t:     0 | t: 2.892840 | r:  -428.000000 | e:   1.000000 | Q:        nan | won: False 
#   75 | steps:  2293 | steps_t:     0 | t: 2.960660 | r:  -475.000000 | e:   1.000000 | Q:        nan | won: False 
#   76 | steps:  2324 | steps_t:     0 | t: 2.999555 | r:  -453.000000 | e:   1.000000 | Q:        nan | won: False 
#   77 | steps:  2341 | steps_t:     0 | t: 3.021497 | r:  -472.000000 | e:   1.000000 | Q:        nan | won: False 
#   78 | steps:  2376 | steps_t:     0 | t: 3.067375 | r:  -468.000000 | e:   1.000000 | Q:        nan | won: False 
#   79 | steps:  2397 | steps_t:     0 | t: 3.094304 | r:  -498.000000 | e:   1.000000 | Q:        nan | won: False 
#   80 | steps:  2413 | steps_t:     0 | t: 3.118240 | r:  -416.000000 | e:   1.000000 | Q:        nan | won: False 
#   81 | steps:  2440 | steps_t:     0 | t: 3.161766 | r:  -471.000000 | e:   1.000000 | Q:        nan | won: False 
#   82 | steps:  2466 | steps_t:     0 | t: 3.204651 | r:  -481.000000 | e:   1.000000 | Q:        nan | won: False 
#   83 | steps:  2490 | steps_t:     0 | t: 3.244055 | r:  -490.000000 | e:   1.000000 | Q:        nan | won: False 
#   84 | steps:  2530 | steps_t:     0 | t: 3.299906 | r:  -495.000000 | e:   1.000000 | Q:        nan | won: False 
#   85 | steps:  2614 | steps_t:     0 | t: 3.411120 | r:  -378.000000 | e:   1.000000 | Q:        nan | won: False 
#   86 | steps:  2645 | steps_t:     0 | t: 3.448527 | r:  -497.000000 | e:   1.000000 | Q:        nan | won: False 
#   87 | steps:  2711 | steps_t:     0 | t: 3.530311 | r:  -488.000000 | e:   1.000000 | Q:        nan | won: False 
#   88 | steps:  2739 | steps_t:     0 | t: 3.563222 | r:  -472.000000 | e:   1.000000 | Q:        nan | won: False 
#   89 | steps:  2762 | steps_t:     0 | t: 3.591147 | r:  -456.000000 | e:   1.000000 | Q:        nan | won: False 
#   90 | steps:  2779 | steps_t:     0 | t: 3.613089 | r:  -439.000000 | e:   1.000000 | Q:        nan | won: False 
#   91 | steps:  2797 | steps_t:     0 | t: 3.638025 | r:  -473.000000 | e:   1.000000 | Q:        nan | won: False 
#   92 | steps:  2840 | steps_t:     0 | t: 3.695869 | r:  -498.000000 | e:   1.000000 | Q:        nan | won: False 
#   93 | steps:  2873 | steps_t:     0 | t: 3.735762 | r:  -466.000000 | e:   1.000000 | Q:        nan | won: False 
#   94 | steps:  2895 | steps_t:     0 | t: 3.760696 | r:  -477.000000 | e:   1.000000 | Q:        nan | won: False 
#   95 | steps:  2930 | steps_t:     0 | t: 3.802585 | r:  -479.000000 | e:   1.000000 | Q:        nan | won: False 
#   96 | steps:  2949 | steps_t:     0 | t: 3.826521 | r:  -474.000000 | e:   1.000000 | Q:        nan | won: False 
#   97 | steps:  2971 | steps_t:     0 | t: 3.855443 | r:  -444.000000 | e:   1.000000 | Q:        nan | won: False 
#   98 | steps:  2998 | steps_t:     0 | t: 3.888355 | r:  -460.000000 | e:   1.000000 | Q:        nan | won: False 
#   99 | steps:  3023 | steps_t:     0 | t: 3.930245 | r:  -469.000000 | e:   1.000000 | Q:        nan | won: False 
#  100 | steps:  3097 | steps_t:     0 | t: 4.017014 | r:  -496.000000 | e:   1.000000 | Q:        nan | won: False 
#  101 | steps:  3123 | steps_t:     0 | t: 4.048928 | r:  -481.000000 | e:   1.000000 | Q:        nan | won: False 
#  102 | steps:  3145 | steps_t:     0 | t: 4.073862 | r:  -477.000000 | e:   1.000000 | Q:        nan | won: False 
#  103 | steps:  3169 | steps_t:     0 | t: 4.102785 | r:  -479.000000 | e:   1.000000 | Q:        nan | won: False 
#  104 | steps:  3220 | steps_t:     0 | t: 4.248398 | r:  -473.000000 | e:   1.000000 | Q:        nan | won: False 
#  105 | steps:  3250 | steps_t:     0 | t: 4.287294 | r:  -485.000000 | e:   1.000000 | Q:        nan | won: False 
#  106 | steps:  3275 | steps_t:     0 | t: 4.319211 | r:  -469.000000 | e:   1.000000 | Q:        nan | won: False 
#  107 | steps:  3322 | steps_t:     0 | t: 4.380554 | r:  -502.000000 | e:   1.000000 | Q:        nan | won: False 
#  108 | steps:  3354 | steps_t:     0 | t: 4.456352 | r:  -410.000000 | e:   1.000000 | Q:        nan | won: False 
#  109 | steps:  3391 | steps_t:     0 | t: 4.505222 | r:  -437.000000 | e:   1.000000 | Q:        nan | won: False 
#  110 | steps:  3406 | steps_t:     0 | t: 4.524171 | r:  -481.000000 | e:   1.000000 | Q:        nan | won: False 
#  111 | steps:  3431 | steps_t:     0 | t: 4.558080 | r:  -480.000000 | e:   1.000000 | Q:        nan | won: False 
#  112 | steps:  3471 | steps_t:     0 | t: 4.607948 | r:  -429.000000 | e:   1.000000 | Q:        nan | won: False 
#  113 | steps:  3497 | steps_t:     0 | t: 4.639863 | r:  -492.000000 | e:   1.000000 | Q:        nan | won: False 
#  114 | steps:  3518 | steps_t:     0 | t: 4.669783 | r:  -465.000000 | e:   1.000000 | Q:        nan | won: False 
#  115 | steps:  3564 | steps_t:     0 | t: 4.725634 | r:  -490.000000 | e:   1.000000 | Q:        nan | won: False 
#  116 | steps:  3584 | steps_t:     0 | t: 4.750247 | r:  -475.000000 | e:   1.000000 | Q:        nan | won: False 
#  117 | steps:  3599 | steps_t:     0 | t: 4.769198 | r:  -470.000000 | e:   1.000000 | Q:        nan | won: False 
#  118 | steps:  3630 | steps_t:     0 | t: 4.806099 | r:  -420.000000 | e:   1.000000 | Q:        nan | won: False 
#  119 | steps:  3698 | steps_t:     0 | t: 4.889875 | r:  -490.000000 | e:   1.000000 | Q:        nan | won: False 
#  120 | steps:  3779 | steps_t:     0 | t: 5.001088 | r:  -481.000000 | e:   1.000000 | Q:        nan | won: False 
#  121 | steps:  3803 | steps_t:     0 | t: 5.032006 | r:  -424.000000 | e:   1.000000 | Q:        nan | won: False 
#  122 | steps:  3821 | steps_t:     0 | t: 5.054944 | r:  -484.000000 | e:   1.000000 | Q:        nan | won: False 
#  123 | steps:  3849 | steps_t:     0 | t: 5.087857 | r:  -439.000000 | e:   1.000000 | Q:        nan | won: False 
#  124 | steps:  3879 | steps_t:     0 | t: 5.123761 | r:  -474.000000 | e:   1.000000 | Q:        nan | won: False 
#  125 | steps:  3894 | steps_t:     0 | t: 5.142710 | r:  -459.000000 | e:   1.000000 | Q:        nan | won: False 
#  126 | steps:  3927 | steps_t:     0 | t: 5.183602 | r:  -422.000000 | e:   1.000000 | Q:        nan | won: False 
#  127 | steps:  3974 | steps_t:     0 | t: 5.239453 | r:  -491.000000 | e:   1.000000 | Q:        nan | won: False 
#  128 | steps:  3991 | steps_t:     0 | t: 5.259400 | r:  -494.000000 | e:   1.000000 | Q:        nan | won: False 
#  129 | steps:  4016 | steps_t:     0 | t: 5.289320 | r:  -502.000000 | e:   1.000000 | Q:        nan | won: False 
#  130 | steps:  4056 | steps_t:     0 | t: 5.337193 | r:  -440.000000 | e:   1.000000 | Q:        nan | won: False 
#  131 | steps:  4070 | steps_t:     0 | t: 5.354148 | r:  -480.000000 | e:   1.000000 | Q:        nan | won: False 
#  132 | steps:  4097 | steps_t:     0 | t: 5.388058 | r:  -493.000000 | e:   1.000000 | Q:        nan | won: False 
#  133 | steps:  4146 | steps_t:     0 | t: 5.449895 | r:  -482.000000 | e:   1.000000 | Q:        nan | won: False 
#  134 | steps:  4204 | steps_t:     0 | t: 5.518710 | r:  -513.000000 | e:   1.000000 | Q:        nan | won: False 
#  135 | steps:  4239 | steps_t:     0 | t: 5.561595 | r:  -446.000000 | e:   1.000000 | Q:        nan | won: False 
#  136 | steps:  4259 | steps_t:     0 | t: 5.585531 | r:  -486.000000 | e:   1.000000 | Q:        nan | won: False 
#  137 | steps:  4291 | steps_t:     0 | t: 5.639388 | r:  -476.000000 | e:   1.000000 | Q:        nan | won: False 
#  138 | steps:  4325 | steps_t:     0 | t: 5.680280 | r:  -489.000000 | e:   1.000000 | Q:        nan | won: False 
#  139 | steps:  4338 | steps_t:     0 | t: 5.698232 | r:  -468.000000 | e:   1.000000 | Q:        nan | won: False 
#  140 | steps:  4351 | steps_t:     0 | t: 5.714190 | r:  -479.000000 | e:   1.000000 | Q:        nan | won: False 
#  141 | steps:  4381 | steps_t:     0 | t: 5.750094 | r:  -441.000000 | e:   1.000000 | Q:        nan | won: False 
#  142 | steps:  4397 | steps_t:     0 | t: 5.770041 | r:  -493.000000 | e:   1.000000 | Q:        nan | won: False 
#  143 | steps:  4413 | steps_t:     0 | t: 5.789987 | r:  -493.000000 | e:   1.000000 | Q:        nan | won: False 
#  144 | steps:  4441 | steps_t:     0 | t: 5.824894 | r:  -461.000000 | e:   1.000000 | Q:        nan | won: False 
#  145 | steps:  4456 | steps_t:     0 | t: 5.845348 | r:  -470.000000 | e:   1.000000 | Q:        nan | won: False 
#  146 | steps:  4496 | steps_t:     0 | t: 5.907182 | r:  -418.000000 | e:   1.000000 | Q:        nan | won: False 
#  147 | steps:  4516 | steps_t:     0 | t: 5.936105 | r:  -464.000000 | e:   1.000000 | Q:        nan | won: False 
#  148 | steps:  4552 | steps_t:     0 | t: 5.979500 | r:  -392.000000 | e:   1.000000 | Q:        nan | won: False 
#  149 | steps:  4584 | steps_t:     0 | t: 6.019394 | r:  -476.000000 | e:   1.000000 | Q:        nan | won: False 
#  150 | steps:  4602 | steps_t:     0 | t: 6.044835 | r:  -484.000000 | e:   1.000000 | Q:        nan | won: False 
#  151 | steps:  4630 | steps_t:     0 | t: 6.082734 | r:  -406.000000 | e:   1.000000 | Q:        nan | won: False 
#  152 | steps:  4692 | steps_t:     0 | t: 6.157841 | r:  -462.000000 | e:   1.000000 | Q:        nan | won: False 
#  153 | steps:  4707 | steps_t:     0 | t: 6.180779 | r:  -470.000000 | e:   1.000000 | Q:        nan | won: False 
#  154 | steps:  4721 | steps_t:     0 | t: 6.199729 | r:  -447.000000 | e:   1.000000 | Q:        nan | won: False 
#  155 | steps:  4733 | steps_t:     0 | t: 6.216684 | r:  -467.000000 | e:   1.000000 | Q:        nan | won: False 
#  156 | steps:  4761 | steps_t:     0 | t: 6.259570 | r:  -483.000000 | e:   1.000000 | Q:        nan | won: False 
#  157 | steps:  4797 | steps_t:     0 | t: 6.304450 | r:  -480.000000 | e:   1.000000 | Q:        nan | won: False 
#  158 | steps:  4821 | steps_t:     0 | t: 6.337362 | r:  -501.000000 | e:   1.000000 | Q:        nan | won: False 
#  159 | steps:  4849 | steps_t:     0 | t: 6.373266 | r:  -483.000000 | e:   1.000000 | Q:        nan | won: False 
#  160 | steps:  4867 | steps_t:     0 | t: 6.397203 | r:  -484.000000 | e:   1.000000 | Q:        nan | won: False 
#  161 | steps:  4951 | steps_t:     0 | t: 6.508905 | r:  -484.000000 | e:   1.000000 | Q:        nan | won: False 
#  162 | steps:  4980 | steps_t:     0 | t: 6.547802 | r:  -484.000000 | e:   1.000000 | Q:        nan | won: False 
#  163 | steps:  5054 | steps_t:    52 | t: 7.656886 | r:  -496.000000 | e:   0.994800 | Q:        nan | won: False 
#  164 | steps:  5067 | steps_t:    64 | t: 7.877298 | r:  -468.000000 | e:   0.993600 | Q:        nan | won: False 
#  165 | steps:  5092 | steps_t:    88 | t: 8.313138 | r:  -469.000000 | e:   0.991200 | Q:        nan | won: False 
#  166 | steps:  5115 | steps_t:   110 | t: 8.822802 | r:  -467.000000 | e:   0.989000 | Q:        nan | won: False 
#  167 | steps:  5164 | steps_t:   158 | t: 9.681031 | r:  -482.000000 | e:   0.984200 | Q: -64.695625 | won: False 
#  168 | steps:  5195 | steps_t:   188 | t: 10.206671 | r:  -475.000000 | e:   0.981200 | Q:        nan | won: False 
#  169 | steps:  5213 | steps_t:   205 | t: 10.496898 | r:  -440.000000 | e:   0.979500 | Q: -95.488678 | won: False 
#  170 | steps:  5234 | steps_t:   225 | t: 10.841980 | r:  -465.000000 | e:   0.977500 | Q: -103.607903 | won: False 
#  171 | steps:  5258 | steps_t:   248 | t: 11.242425 | r:  -457.000000 | e:   0.975200 | Q:        nan | won: False 
#  172 | steps:  5275 | steps_t:   264 | t: 11.524671 | r:  -472.000000 | e:   0.973600 | Q:        nan | won: False 
#  173 | steps:  5300 | steps_t:   288 | t: 11.975511 | r:  -491.000000 | e:   0.971200 | Q:        nan | won: False 
#  174 | steps:  5326 | steps_t:   313 | t: 12.440274 | r:  -415.000000 | e:   0.968700 | Q:        nan | won: False 
#  175 | steps:  5373 | steps_t:   359 | t: 13.259601 | r:  -436.000000 | e:   0.964100 | Q: -103.307549 | won: False 
#  176 | steps:  5387 | steps_t:   372 | t: 13.486526 | r:  -469.000000 | e:   0.962800 | Q:        nan | won: False 
#  177 | steps:  5437 | steps_t:   421 | t: 14.343752 | r:  -494.000000 | e:   0.957900 | Q: -117.839645 | won: False 
#  178 | steps:  5452 | steps_t:   435 | t: 14.574646 | r:  -459.000000 | e:   0.956500 | Q:        nan | won: False 
#  179 | steps:  5479 | steps_t:   461 | t: 14.997030 | r:  -482.000000 | e:   0.953900 | Q: -128.951660 | won: False 
#  180 | steps:  5506 | steps_t:   487 | t: 15.429405 | r:  -482.000000 | e:   0.951300 | Q: -111.968521 | won: False 
#  181 | steps:  5535 | steps_t:   515 | t: 15.900151 | r:  -495.000000 | e:   0.948500 | Q: -103.460709 | won: False 
#  182 | steps:  5552 | steps_t:   531 | t: 16.277147 | r:  -483.000000 | e:   0.946900 | Q: -79.270493 | won: False 
#  183 | steps:  5619 | steps_t:   597 | t: 17.356783 | r:  -478.000000 | e:   0.940300 | Q: -92.115349 | won: False 
#  184 | steps:  5652 | steps_t:   629 | t: 17.904347 | r:  -455.000000 | e:   0.937100 | Q: -103.063034 | won: False 
#  185 | steps:  5687 | steps_t:   663 | t: 18.529721 | r:  -501.000000 | e:   0.933700 | Q: -102.526878 | won: False 
#  186 | steps:  5717 | steps_t:   692 | t: 19.018420 | r:  -496.000000 | e:   0.930800 | Q: -134.826477 | won: False 
#  187 | steps:  5747 | steps_t:   721 | t: 19.518599 | r:  -485.000000 | e:   0.927900 | Q: -146.478790 | won: False 
#  188 | steps:  5797 | steps_t:   770 | t: 20.365380 | r:  -439.000000 | e:   0.923000 | Q: -122.842827 | won: False 
#  189 | steps:  5826 | steps_t:   798 | t: 20.852592 | r:  -495.000000 | e:   0.920200 | Q: -131.959503 | won: False 
#  190 | steps:  5860 | steps_t:   831 | t: 21.415094 | r:  -478.000000 | e:   0.916900 | Q: -133.720490 | won: False 
#  191 | steps:  5899 | steps_t:   869 | t: 22.060917 | r:  -472.000000 | e:   0.913100 | Q: -156.565125 | won: False 
#  192 | steps:  5940 | steps_t:   909 | t: 22.800946 | r:  -474.000000 | e:   0.909100 | Q: -128.687241 | won: False 
#  193 | steps:  5973 | steps_t:   941 | t: 23.374419 | r:  -488.000000 | e:   0.905900 | Q: -101.384834 | won: False 
#  194 | steps:  6007 | steps_t:   974 | t: 23.942928 | r:  -500.000000 | e:   0.902600 | Q: -87.049614 | won: False 
#  195 | steps:  6028 | steps_t:   994 | t: 24.284019 | r:  -498.000000 | e:   0.900600 | Q:        nan | won: False 
#  196 | steps:  6055 | steps_t:  1020 | t: 24.786681 | r:  -361.000000 | e:   0.898000 | Q: -88.747200 | won: False 
#  197 | steps:  6070 | steps_t:  1034 | t: 25.048494 | r:  -459.000000 | e:   0.896600 | Q: -90.678917 | won: False 
#  198 | steps:  6100 | steps_t:  1063 | t: 25.587567 | r:  -452.000000 | e:   0.893700 | Q: -108.502342 | won: False 
#  199 | steps:  6131 | steps_t:  1093 | t: 26.133114 | r:  -464.000000 | e:   0.890700 | Q: -114.396095 | won: False 
#  200 | steps:  6171 | steps_t:  1132 | t: 26.862190 | r:  -451.000000 | e:   0.886800 | Q: -123.104134 | won: False 
#  201 | steps:  6187 | steps_t:  1147 | t: 27.133470 | r:  -482.000000 | e:   0.885300 | Q: -134.536926 | won: False 
#  202 | steps:  6216 | steps_t:  1175 | t: 27.687500 | r:  -440.000000 | e:   0.882500 | Q: -138.947388 | won: False 
#  203 | steps:  6265 | steps_t:  1223 | t: 28.620052 | r:  -493.000000 | e:   0.877700 | Q: -123.623329 | won: False 
#  204 | steps:  6289 | steps_t:  1246 | t: 29.038936 | r:  -501.000000 | e:   0.875400 | Q: -135.469727 | won: False 
#  205 | steps:  6323 | steps_t:  1279 | t: 29.689227 | r:  -467.000000 | e:   0.872100 | Q: -115.631958 | won: False 
#  206 | steps:  6361 | steps_t:  1316 | t: 30.345008 | r:  -471.000000 | e:   0.868400 | Q: -119.709923 | won: False 
#  207 | steps:  6435 | steps_t:  1389 | t: 31.658547 | r:  -375.000000 | e:   0.861100 | Q: -99.979378 | won: False 
#  208 | steps:  6455 | steps_t:  1408 | t: 31.993165 | r:  -464.000000 | e:   0.859200 | Q: -98.205284 | won: False 
#  209 | steps:  6488 | steps_t:  1440 | t: 32.546202 | r:  -488.000000 | e:   0.856000 | Q: -95.821404 | won: False 
#  210 | steps:  6522 | steps_t:  1473 | t: 33.141634 | r:  -467.000000 | e:   0.852700 | Q: -118.251945 | won: False 
#  211 | steps:  6542 | steps_t:  1492 | t: 33.545558 | r:  -464.000000 | e:   0.850800 | Q: -112.819214 | won: False 
#  212 | steps:  6561 | steps_t:  1510 | t: 33.889643 | r:  -463.000000 | e:   0.849000 | Q: -102.319656 | won: False 
#  213 | steps:  6596 | steps_t:  1544 | t: 34.509501 | r:  -468.000000 | e:   0.845600 | Q: -99.088593 | won: False 
#  214 | steps:  6646 | steps_t:  1593 | t: 35.434058 | r:  -362.000000 | e:   0.840700 | Q: -113.957718 | won: False 
#  215 | steps:  6668 | steps_t:  1614 | t: 35.830512 | r:  -477.000000 | e:   0.838600 | Q: -121.452835 | won: False 
#  216 | steps:  6690 | steps_t:  1635 | t: 36.228474 | r:  -378.000000 | e:   0.836500 | Q: -131.045181 | won: False 
#  217 | steps:  6708 | steps_t:  1652 | t: 36.560606 | r:  -462.000000 | e:   0.834800 | Q: -114.636009 | won: False 
#  218 | steps:  6758 | steps_t:  1701 | t: 37.521556 | r:  -340.000000 | e:   0.829900 | Q: -75.391357 | won: False 
#  219 | steps:  6772 | steps_t:  1714 | t: 37.795826 | r:  -480.000000 | e:   0.828600 | Q: -75.058357 | won: False 
#  220 | steps:  6832 | steps_t:  1773 | t: 39.083946 | r:  -482.000000 | e:   0.822700 | Q: -76.573318 | won: False 
#  221 | steps:  6873 | steps_t:  1813 | t: 39.794590 | r:  -474.000000 | e:   0.818700 | Q: -85.197502 | won: False 
#  222 | steps:  6899 | steps_t:  1838 | t: 40.253879 | r:  -448.000000 | e:   0.816200 | Q: -69.318924 | won: False 
#  223 | steps:  6915 | steps_t:  1853 | t: 40.517177 | r:  -460.000000 | e:   0.814700 | Q: -67.537766 | won: False 
#  224 | steps:  6940 | steps_t:  1877 | t: 40.930585 | r:  -458.000000 | e:   0.812300 | Q: -61.835205 | won: False 
#  225 | steps:  6975 | steps_t:  1911 | t: 41.511548 | r:  -446.000000 | e:   0.808900 | Q: -60.184292 | won: False 
#  226 | steps:  7004 | steps_t:  1939 | t: 41.958358 | r:  -473.000000 | e:   0.806100 | Q: -66.408356 | won: False 
#  227 | steps:  7020 | steps_t:  1954 | t: 42.213678 | r:  -471.000000 | e:   0.804600 | Q: -76.315475 | won: False 
#  228 | steps:  7081 | steps_t:  2014 | t: 43.170316 | r:  -340.000000 | e:   0.798600 | Q: -87.459801 | won: False 
#  229 | steps:  7108 | steps_t:  2040 | t: 43.621117 | r:  -471.000000 | e:   0.796000 | Q: -100.973267 | won: False 
#  230 | steps:  7122 | steps_t:  2053 | t: 43.878943 | r:  -458.000000 | e:   0.794700 | Q: -114.194344 | won: False 
#  231 | steps:  7167 | steps_t:  2097 | t: 44.662897 | r:  -412.000000 | e:   0.790300 | Q: -118.418159 | won: False 
#  232 | steps:  7202 | steps_t:  2131 | t: 45.270280 | r:  -446.000000 | e:   0.786900 | Q: -106.130920 | won: False 
#  233 | steps:  7270 | steps_t:  2198 | t: 46.477089 | r:  -457.000000 | e:   0.780200 | Q: -100.086655 | won: False 
#  234 | steps:  7295 | steps_t:  2222 | t: 46.920908 | r:  -458.000000 | e:   0.777800 | Q: -109.719948 | won: False 
#  235 | steps:  7320 | steps_t:  2246 | t: 47.376204 | r:  -425.000000 | e:   0.775400 | Q: -123.982262 | won: False 
#  236 | steps:  7341 | steps_t:  2266 | t: 47.777663 | r:  -465.000000 | e:   0.773400 | Q: -109.580696 | won: False 
#  237 | steps:  7371 | steps_t:  2295 | t: 48.386556 | r:  -419.000000 | e:   0.770500 | Q: -97.239273 | won: False 
#  238 | steps:  7392 | steps_t:  2315 | t: 48.799963 | r:  -421.000000 | e:   0.768500 | Q: -113.546509 | won: False 
#  239 | steps:  7425 | steps_t:  2347 | t: 49.421837 | r:  -433.000000 | e:   0.765300 | Q: -122.407173 | won: False 
#  240 | steps:  7464 | steps_t:  2385 | t: 50.119488 | r:  -461.000000 | e:   0.761500 | Q: -135.152893 | won: False 
#  241 | steps:  7490 | steps_t:  2410 | t: 50.607698 | r:  -492.000000 | e:   0.759000 | Q: -150.091705 | won: False 
#  242 | steps:  7529 | steps_t:  2448 | t: 51.352751 | r:  -450.000000 | e:   0.755200 | Q: -132.787857 | won: False 
#  243 | steps:  7542 | steps_t:  2460 | t: 51.618045 | r:  -468.000000 | e:   0.754000 | Q: -133.039566 | won: False 
#  244 | steps:  7596 | steps_t:  2513 | t: 52.583983 | r:  -498.000000 | e:   0.748700 | Q: -137.101547 | won: False 
#  245 | steps:  7631 | steps_t:  2547 | t: 53.215340 | r:  -479.000000 | e:   0.745300 | Q: -115.365753 | won: False 
#  246 | steps:  7657 | steps_t:  2572 | t: 53.684092 | r:  -470.000000 | e:   0.742800 | Q: -96.947174 | won: False 
#  247 | steps:  7681 | steps_t:  2595 | t: 54.124430 | r:  -468.000000 | e:   0.740500 | Q: -83.082001 | won: False 
#  248 | steps:  7692 | steps_t:  2605 | t: 54.321904 | r:  -433.000000 | e:   0.739500 | Q: -81.674026 | won: False 
#  249 | steps:  7732 | steps_t:  2644 | t: 55.063967 | r:  -484.000000 | e:   0.735600 | Q: -85.012421 | won: False 
#  250 | steps:  7759 | steps_t:  2670 | t: 55.583096 | r:  -471.000000 | e:   0.733000 | Q: -94.732216 | won: False 
#  251 | steps:  7797 | steps_t:  2707 | t: 56.285245 | r:  -449.000000 | e:   0.729300 | Q: -89.284241 | won: False 
#  252 | steps:  7812 | steps_t:  2721 | t: 56.571483 | r:  -459.000000 | e:   0.727900 | Q: -118.567070 | won: False 
#  253 | steps:  7874 | steps_t:  2782 | t: 57.680040 | r:  -484.000000 | e:   0.721800 | Q: -112.399574 | won: False 
#  254 | steps:  7912 | steps_t:  2819 | t: 58.341787 | r:  -482.000000 | e:   0.718100 | Q: -111.698242 | won: False 
#  255 | steps:  7933 | steps_t:  2839 | t: 58.749700 | r:  -454.000000 | e:   0.716100 | Q: -118.529938 | won: False 
#  256 | steps:  7962 | steps_t:  2867 | t: 59.364084 | r:  -440.000000 | e:   0.713300 | Q: -98.811447 | won: False 
#  257 | steps:  7984 | steps_t:  2888 | t: 59.803912 | r:  -444.000000 | e:   0.711200 | Q: -94.792625 | won: False 
#  258 | steps:  8003 | steps_t:  2906 | t: 60.142012 | r:  -452.000000 | e:   0.709400 | Q: -99.529800 | won: False 
#  259 | steps:  8035 | steps_t:  2937 | t: 60.757883 | r:  -465.000000 | e:   0.706300 | Q: -109.754425 | won: False 
#  260 | steps:  8050 | steps_t:  2951 | t: 61.035652 | r:  -426.000000 | e:   0.704900 | Q: -109.004486 | won: False 
#  261 | steps:  8100 | steps_t:  3000 | t: 61.933772 | r:  -406.000000 | e:   0.700000 | Q: -107.075958 | won: False 
#  262 | steps:  8174 | steps_t:  3073 | t: 63.229358 | r:  -507.000000 | e:   0.692700 | Q: -107.297318 | won: False 
#  263 | steps:  8186 | steps_t:  3084 | t: 63.470226 | r:  -456.000000 | e:   0.691600 | Q: -153.797699 | won: False 
#  264 | steps:  8219 | steps_t:  3116 | t: 64.034741 | r:  -444.000000 | e:   0.688400 | Q: -95.750954 | won: False 
#  265 | steps:  8251 | steps_t:  3147 | t: 64.617206 | r:  -454.000000 | e:   0.685300 | Q: -95.597343 | won: False 
#  266 | steps:  8279 | steps_t:  3174 | t: 65.140321 | r:  -472.000000 | e:   0.682600 | Q: -106.293243 | won: False 
#  267 | steps:  8316 | steps_t:  3210 | t: 65.778152 | r:  -459.000000 | e:   0.679000 | Q: -103.071907 | won: False 
#  268 | steps:  8350 | steps_t:  3243 | t: 66.388040 | r:  -478.000000 | e:   0.675700 | Q: -90.112480 | won: False 
#  269 | steps:  8377 | steps_t:  3269 | t: 66.880240 | r:  -471.000000 | e:   0.673100 | Q: -99.549873 | won: False 
#  270 | steps:  8416 | steps_t:  3307 | t: 67.731011 | r:  -439.000000 | e:   0.669300 | Q: -99.469986 | won: False 
#  271 | steps:  8446 | steps_t:  3336 | t: 68.284539 | r:  -419.000000 | e:   0.666400 | Q: -100.501610 | won: False 
#  272 | steps:  8466 | steps_t:  3355 | t: 68.645086 | r:  -464.000000 | e:   0.664500 | Q: -86.182686 | won: False 
#  273 | steps:  8510 | steps_t:  3398 | t: 69.487880 | r:  -466.000000 | e:   0.660200 | Q: -73.605957 | won: False 
#  274 | steps:  8541 | steps_t:  3428 | t: 70.071326 | r:  -486.000000 | e:   0.657200 | Q: -72.345184 | won: False 
#  275 | steps:  8560 | steps_t:  3446 | t: 70.402954 | r:  -463.000000 | e:   0.655400 | Q: -117.216644 | won: False 
#  276 | steps:  8585 | steps_t:  3470 | t: 70.845791 | r:  -480.000000 | e:   0.653000 | Q: -121.462723 | won: False 
#  277 | steps:  8621 | steps_t:  3505 | t: 71.565892 | r:  -315.000000 | e:   0.649500 | Q: -108.341286 | won: False 
#  278 | steps:  8662 | steps_t:  3545 | t: 72.431096 | r:  -452.000000 | e:   0.645500 | Q: -105.954277 | won: False 
#  279 | steps:  8716 | steps_t:  3598 | t: 73.526724 | r:  -454.000000 | e:   0.640200 | Q: -118.181786 | won: False 
#  280 | steps:  8744 | steps_t:  3625 | t: 74.106180 | r:  -461.000000 | e:   0.637500 | Q: -109.356667 | won: False 
#  281 | steps:  8799 | steps_t:  3679 | t: 75.179345 | r:  -378.000000 | e:   0.632100 | Q: -88.682320 | won: False 
#  282 | steps:  8850 | steps_t:  3729 | t: 76.118842 | r:  -363.000000 | e:   0.627100 | Q: -87.957291 | won: False 
#  283 | steps:  8864 | steps_t:  3742 | t: 76.358203 | r:  -447.000000 | e:   0.625800 | Q: -117.118546 | won: False 
#  284 | steps:  8905 | steps_t:  3782 | t: 77.141137 | r:  -485.000000 | e:   0.621800 | Q: -106.607452 | won: False 
#  285 | steps:  8938 | steps_t:  3814 | t: 77.738607 | r:  -477.000000 | e:   0.618600 | Q: -103.082687 | won: False 
#  286 | steps:  8955 | steps_t:  3830 | t: 78.031826 | r:  -472.000000 | e:   0.617000 | Q: -98.213905 | won: False 
#  287 | steps:  8980 | steps_t:  3854 | t: 78.471167 | r:  -469.000000 | e:   0.614600 | Q: -103.737526 | won: False 
#  288 | steps:  8994 | steps_t:  3867 | t: 78.721500 | r:  -469.000000 | e:   0.613300 | Q: -99.358810 | won: False 
#  289 | steps:  9019 | steps_t:  3891 | t: 79.160351 | r:  -491.000000 | e:   0.610900 | Q: -112.365456 | won: False 
#  290 | steps:  9070 | steps_t:  3941 | t: 80.064942 | r:  -374.000000 | e:   0.605900 | Q: -107.762619 | won: False 
#  291 | steps:  9090 | steps_t:  3960 | t: 80.431964 | r:  -453.000000 | e:   0.604000 | Q: -99.249413 | won: False 
#  292 | steps:  9129 | steps_t:  3998 | t: 81.130128 | r:  -384.000000 | e:   0.600200 | Q: -124.237671 | won: False 
#  293 | steps:  9189 | steps_t:  4057 | t: 82.242202 | r:  -504.000000 | e:   0.594300 | Q: -126.656319 | won: False 
#  294 | steps:  9213 | steps_t:  4080 | t: 82.689521 | r:  -468.000000 | e:   0.592000 | Q: -141.149582 | won: False 
#  295 | steps:  9233 | steps_t:  4099 | t: 83.041583 | r:  -464.000000 | e:   0.590100 | Q: -148.407990 | won: False 
#  296 | steps:  9274 | steps_t:  4139 | t: 83.801581 | r:  -485.000000 | e:   0.586100 | Q: -130.268661 | won: False 
#  297 | steps:  9319 | steps_t:  4183 | t: 84.594992 | r:  -456.000000 | e:   0.581700 | Q: -84.311371 | won: False 
#  298 | steps:  9397 | steps_t:  4260 | t: 85.947047 | r:  -434.000000 | e:   0.574000 | Q: -67.951469 | won: False 
#  299 | steps:  9409 | steps_t:  4271 | t: 86.152500 | r:  -467.000000 | e:   0.572900 | Q: -109.664772 | won: False 
#  300 | steps:  9447 | steps_t:  4308 | t: 86.831692 | r:  -449.000000 | e:   0.569200 | Q: -105.637054 | won: False 
#  301 | steps:  9460 | steps_t:  4320 | t: 87.065069 | r:  -468.000000 | e:   0.568000 | Q: -136.687592 | won: False 
#  302 | steps:  9482 | steps_t:  4341 | t: 87.494944 | r:  -466.000000 | e:   0.565900 | Q: -113.104118 | won: False 
#  303 | steps:  9498 | steps_t:  4356 | t: 87.802124 | r:  -471.000000 | e:   0.564400 | Q: -116.096687 | won: False 
#  304 | steps:  9529 | steps_t:  4386 | t: 88.378100 | r:  -453.000000 | e:   0.561400 | Q: -100.719704 | won: False 
#  305 | steps:  9553 | steps_t:  4409 | t: 88.814955 | r:  -457.000000 | e:   0.559100 | Q: -91.443245 | won: False 
#  306 | steps:  9570 | steps_t:  4425 | t: 89.118165 | r:  -461.000000 | e:   0.557500 | Q: -80.671188 | won: False 
#  307 | steps:  9590 | steps_t:  4444 | t: 89.480201 | r:  -464.000000 | e:   0.555600 | Q: -93.557838 | won: False 
#  308 | steps:  9621 | steps_t:  4474 | t: 90.054181 | r:  -409.000000 | e:   0.552600 | Q: -123.550812 | won: False 
#  309 | steps:  9638 | steps_t:  4490 | t: 90.360873 | r:  -472.000000 | e:   0.551000 | Q: -128.864075 | won: False 
#  310 | steps:  9653 | steps_t:  4504 | t: 90.608236 | r:  -470.000000 | e:   0.549600 | Q: -114.662720 | won: False 
#  311 | steps:  9676 | steps_t:  4526 | t: 91.039597 | r:  -456.000000 | e:   0.547400 | Q: -111.673805 | won: False 
#  312 | steps:  9700 | steps_t:  4549 | t: 91.435541 | r:  -468.000000 | e:   0.545100 | Q: -94.619469 | won: False 
#  313 | steps:  9737 | steps_t:  4585 | t: 92.047809 | r:  -470.000000 | e:   0.541500 | Q: -74.938255 | won: False 
#  314 | steps:  9770 | steps_t:  4617 | t: 92.594355 | r:  -466.000000 | e:   0.538300 | Q: -101.033783 | won: False 
#  315 | steps:  9785 | steps_t:  4631 | t: 92.836708 | r:  -459.000000 | e:   0.536900 | Q: -120.075935 | won: False 
#  316 | steps:  9814 | steps_t:  4659 | t: 93.375784 | r:  -385.000000 | e:   0.534100 | Q: -109.335724 | won: False 
#  317 | steps:  9828 | steps_t:  4672 | t: 93.619643 | r:  -447.000000 | e:   0.532800 | Q: -112.596306 | won: False 
#  318 | steps:  9842 | steps_t:  4685 | t: 93.867983 | r:  -458.000000 | e:   0.531500 | Q: -93.237724 | won: False 
#  319 | steps:  9868 | steps_t:  4710 | t: 94.344712 | r:  -470.000000 | e:   0.529000 | Q: -66.764923 | won: False 
#  320 | steps:  9895 | steps_t:  4736 | t: 94.812973 | r:  -471.000000 | e:   0.526400 | Q: -45.069096 | won: False 
#  321 | steps:  9947 | steps_t:  4787 | t: 95.768937 | r:  -496.000000 | e:   0.521300 | Q: -52.931381 | won: False 
#  322 | steps:  9973 | steps_t:  4812 | t: 96.282078 | r:  -481.000000 | e:   0.518800 | Q: -118.474930 | won: False 
#  323 | steps: 10056 | steps_t:  4894 | t: 97.823524 | r:  -494.000000 | e:   0.510600 | Q: -46.360149 | won: False 
#  324 | steps: 10085 | steps_t:  4922 | t: 98.369595 | r:  -484.000000 | e:   0.507800 | Q: -48.581814 | won: False 
#  325 | steps: 10102 | steps_t:  4938 | t: 98.659823 | r:  -472.000000 | e:   0.506200 | Q: -70.791328 | won: False 
#  326 | steps: 10116 | steps_t:  4951 | t: 98.908161 | r:  -469.000000 | e:   0.504900 | Q: -78.872147 | won: False 
#  327 | steps: 10157 | steps_t:  4991 | t: 99.647192 | r:  -485.000000 | e:   0.500900 | Q: -67.436569 | won: False 
#  328 | steps: 10192 | steps_t:  5025 | t: 100.261575 | r:  -479.000000 | e:   0.497500 | Q: -36.904205 | won: False 
#  329 | steps: 10221 | steps_t:  5053 | t: 100.772723 | r:  -484.000000 | e:   0.494700 | Q: -41.180832 | won: False 
#  330 | steps: 10251 | steps_t:  5082 | t: 101.324307 | r:  -452.000000 | e:   0.491800 | Q: -38.742546 | won: False 
#  331 | steps: 10273 | steps_t:  5103 | t: 101.704315 | r:  -477.000000 | e:   0.489700 | Q: -47.623089 | won: False 
#  332 | steps: 10314 | steps_t:  5143 | t: 102.421406 | r:  -419.000000 | e:   0.485700 | Q: -48.690601 | won: False 
#  333 | steps: 10343 | steps_t:  5171 | t: 102.970453 | r:  -484.000000 | e:   0.482900 | Q: -59.880104 | won: False 
#  334 | steps: 10369 | steps_t:  5196 | t: 103.458662 | r:  -470.000000 | e:   0.480400 | Q: -69.928993 | won: False 
#  335 | steps: 10394 | steps_t:  5220 | t: 103.941886 | r:  -469.000000 | e:   0.478000 | Q: -64.536697 | won: False 
#  336 | steps: 10406 | steps_t:  5231 | t: 104.165291 | r:  -456.000000 | e:   0.476900 | Q: -47.055912 | won: False 
#  337 | steps: 10421 | steps_t:  5245 | t: 104.459021 | r:  -470.000000 | e:   0.475500 | Q: -46.828388 | won: False 
#  338 | steps: 10446 | steps_t:  5269 | t: 104.932779 | r:  -458.000000 | e:   0.473100 | Q: -71.169609 | won: False 
#  339 | steps: 10479 | steps_t:  5301 | t: 105.557626 | r:  -477.000000 | e:   0.469900 | Q: -61.535324 | won: False 
#  340 | steps: 10503 | steps_t:  5324 | t: 105.977024 | r:  -457.000000 | e:   0.467600 | Q: -65.494873 | won: False 
#  341 | steps: 10521 | steps_t:  5341 | t: 106.296193 | r:  -484.000000 | e:   0.465900 | Q: -37.720695 | won: False 
#  342 | steps: 10546 | steps_t:  5365 | t: 106.747012 | r:  -469.000000 | e:   0.463500 | Q: -59.485058 | won: False 
#  343 | steps: 10562 | steps_t:  5380 | t: 107.041229 | r:  -471.000000 | e:   0.462000 | Q: -50.330032 | won: False 
#  344 | steps: 10583 | steps_t:  5400 | t: 107.457630 | r:  -465.000000 | e:   0.460000 | Q: -72.284828 | won: False 
#  345 | steps: 10612 | steps_t:  5428 | t: 108.022149 | r:  -484.000000 | e:   0.457200 | Q: -89.202637 | won: False 
#  346 | steps: 10637 | steps_t:  5452 | t: 108.518852 | r:  -469.000000 | e:   0.454800 | Q: -67.255920 | won: False 
#  347 | steps: 10678 | steps_t:  5492 | t: 109.312251 | r:  -496.000000 | e:   0.450800 | Q: -77.164810 | won: False 
#  348 | steps: 10700 | steps_t:  5513 | t: 109.720181 | r:  -466.000000 | e:   0.448700 | Q: -90.047203 | won: False 
#  349 | steps: 10719 | steps_t:  5531 | t: 110.095201 | r:  -496.000000 | e:   0.446900 | Q: -79.577942 | won: False 
#  350 | steps: 10758 | steps_t:  5569 | t: 110.832747 | r:  -461.000000 | e:   0.443100 | Q: -70.841690 | won: False 
#  351 | steps: 10804 | steps_t:  5614 | t: 111.729400 | r:  -490.000000 | e:   0.438600 | Q: -68.661331 | won: False 
#  352 | steps: 10828 | steps_t:  5637 | t: 112.187180 | r:  -435.000000 | e:   0.436300 | Q: -45.013073 | won: False 
#  353 | steps: 10859 | steps_t:  5667 | t: 112.767144 | r:  -453.000000 | e:   0.433300 | Q: -67.137321 | won: False 
#  354 | steps: 10882 | steps_t:  5689 | t: 113.228440 | r:  -467.000000 | e:   0.431100 | Q: -79.502113 | won: False 
#  355 | steps: 10900 | steps_t:  5706 | t: 113.541115 | r:  -429.000000 | e:   0.429400 | Q: -69.807838 | won: False 
#  356 | steps: 10919 | steps_t:  5724 | t: 113.923098 | r:  -463.000000 | e:   0.427600 | Q: -97.046356 | won: False 
#  357 | steps: 10947 | steps_t:  5751 | t: 114.460177 | r:  -483.000000 | e:   0.424900 | Q: -66.491982 | won: False 
#  358 | steps: 10988 | steps_t:  5791 | t: 115.200248 | r:  -342.000000 | e:   0.420900 | Q: -48.861767 | won: False 
#  359 | steps: 11038 | steps_t:  5840 | t: 116.203069 | r:  -472.000000 | e:   0.416000 | Q: -58.084141 | won: False 
#  360 | steps: 11067 | steps_t:  5868 | t: 116.709759 | r:  -473.000000 | e:   0.413200 | Q: -85.196182 | won: False 
#  361 | steps: 11110 | steps_t:  5910 | t: 117.518124 | r:  -509.000000 | e:   0.409000 | Q: -69.943001 | won: False 
#  362 | steps: 11156 | steps_t:  5955 | t: 118.373863 | r:  -490.000000 | e:   0.404500 | Q: -49.921814 | won: False 
#  363 | steps: 11187 | steps_t:  5985 | t: 118.954318 | r:  -475.000000 | e:   0.401500 | Q: -66.141586 | won: False 
#  364 | steps: 11218 | steps_t:  6015 | t: 119.563695 | r:  -497.000000 | e:   0.398500 | Q: -51.943287 | won: False 
#  365 | steps: 11236 | steps_t:  6032 | t: 119.898818 | r:  -462.000000 | e:   0.396800 | Q: -69.403313 | won: False 
#  366 | steps: 11332 | steps_t:  6127 | t: 121.638438 | r:  -518.000000 | e:   0.387300 | Q: -48.845345 | won: False 
#  367 | steps: 11383 | steps_t:  6177 | t: 122.586425 | r:  -506.000000 | e:   0.382300 | Q: -53.043091 | won: False 
#  368 | steps: 11414 | steps_t:  6207 | t: 123.161928 | r:  -486.000000 | e:   0.379300 | Q: -67.729668 | won: False 
#  369 | steps: 11469 | steps_t:  6261 | t: 124.272479 | r:  -510.000000 | e:   0.373900 | Q: -57.693115 | won: False 
#  370 | steps: 11520 | steps_t:  6311 | t: 125.277843 | r:  -506.000000 | e:   0.368900 | Q: -29.881088 | won: False 
#  371 | steps: 11559 | steps_t:  6349 | t: 126.012399 | r:  -472.000000 | e:   0.365100 | Q: -37.480339 | won: False 
#  372 | steps: 11586 | steps_t:  6375 | t: 126.583914 | r:  -460.000000 | e:   0.362500 | Q: -56.718529 | won: False 
#  373 | steps: 11645 | steps_t:  6433 | t: 127.686761 | r:  -514.000000 | e:   0.356700 | Q: -44.180344 | won: False 
#  374 | steps: 11669 | steps_t:  6456 | t: 128.112136 | r:  -479.000000 | e:   0.354400 | Q: -36.900284 | won: False 
#  375 | steps: 11754 | steps_t:  6540 | t: 129.742831 | r:  -518.000000 | e:   0.346000 | Q: -41.996086 | won: False 
#  376 | steps: 11832 | steps_t:  6617 | t: 131.142665 | r:  -511.000000 | e:   0.338300 | Q: -36.063782 | won: False 
#  377 | steps: 11865 | steps_t:  6649 | t: 131.811404 | r:  -510.000000 | e:   0.335100 | Q: -28.003496 | won: False 
#  378 | steps: 11882 | steps_t:  6665 | t: 132.102628 | r:  -494.000000 | e:   0.333500 | Q: -66.397324 | won: False 
#  379 | steps: 11909 | steps_t:  6691 | t: 132.653669 | r:  -460.000000 | e:   0.330900 | Q: -31.998257 | won: False 
#  380 | steps: 11955 | steps_t:  6736 | t: 133.574767 | r:  -523.000000 | e:   0.326400 | Q: -43.147774 | won: False 
#  381 | steps: 11985 | steps_t:  6765 | t: 134.135781 | r:  -507.000000 | e:   0.323500 | Q: -41.352337 | won: False 
#  382 | steps: 12042 | steps_t:  6821 | t: 135.293225 | r:  -512.000000 | e:   0.317900 | Q: -24.621489 | won: False 
#  383 | steps: 12103 | steps_t:  6881 | t: 136.347626 | r:  -483.000000 | e:   0.311900 | Q: -28.790134 | won: False 
#  384 | steps: 12136 | steps_t:  6913 | t: 136.931597 | r:  -477.000000 | e:   0.308700 | Q: -24.366329 | won: False 
#  385 | steps: 12258 | steps_t:  7034 | t: 139.223025 | r:  -555.000000 | e:   0.296600 | Q: -21.672024 | won: False 
#  386 | steps: 12282 | steps_t:  7057 | t: 139.703256 | r:  -479.000000 | e:   0.294300 | Q: -21.739473 | won: False 
#  387 | steps: 12355 | steps_t:  7129 | t: 141.144570 | r:  -539.000000 | e:   0.287100 | Q: -23.854748 | won: False 
#  388 | steps: 12403 | steps_t:  7176 | t: 141.990319 | r:  -514.000000 | e:   0.282400 | Q: -26.630600 | won: False 
#  389 | steps: 12452 | steps_t:  7224 | t: 142.845087 | r:  -526.000000 | e:   0.277600 | Q: -44.123516 | won: False 
#  390 | steps: 12471 | steps_t:  7242 | t: 143.186688 | r:  -496.000000 | e:   0.275800 | Q: -24.460482 | won: False 
#  391 | steps: 12490 | steps_t:  7260 | t: 143.527797 | r:  -496.000000 | e:   0.274000 | Q: -60.937843 | won: False 
#  392 | steps: 12515 | steps_t:  7284 | t: 144.013502 | r:  -502.000000 | e:   0.271600 | Q: -25.276375 | won: False 
#  393 | steps: 12540 | steps_t:  7308 | t: 144.477775 | r:  -480.000000 | e:   0.269200 | Q: -50.203949 | won: False 
#  394 | steps: 12567 | steps_t:  7334 | t: 144.960506 | r:  -482.000000 | e:   0.266600 | Q: -44.201797 | won: False 
#  395 | steps: 12615 | steps_t:  7381 | t: 145.830211 | r:  -503.000000 | e:   0.261900 | Q: -39.306309 | won: False 
#  396 | steps: 12664 | steps_t:  7429 | t: 146.706974 | r:  -493.000000 | e:   0.257100 | Q: -11.546403 | won: False 
#  397 | steps: 12716 | steps_t:  7480 | t: 147.695342 | r:  -518.000000 | e:   0.252000 | Q: -44.489723 | won: False 
#  398 | steps: 12736 | steps_t:  7499 | t: 148.064866 | r:  -486.000000 | e:   0.250100 | Q: -22.295506 | won: False 
#  399 | steps: 12771 | steps_t:  7533 | t: 148.742571 | r:  -490.000000 | e:   0.246700 | Q:  -5.705400 | won: False 
#  400 | steps: 12836 | steps_t:  7597 | t: 149.904798 | r:  -520.000000 | e:   0.240300 | Q: -17.402393 | won: False 
#  401 | steps: 12931 | steps_t:  7691 | t: 151.599290 | r:  -539.000000 | e:   0.230900 | Q: -29.462763 | won: False 
#  402 | steps: 12950 | steps_t:  7709 | t: 151.926421 | r:  -452.000000 | e:   0.229100 | Q: -101.386391 | won: False 
#  403 | steps: 13020 | steps_t:  7778 | t: 153.197077 | r:  -525.000000 | e:   0.222200 | Q: -18.215761 | won: False 
#  404 | steps: 13091 | steps_t:  7848 | t: 154.617839 | r:  -526.000000 | e:   0.215200 | Q: -21.545656 | won: False 
#  405 | steps: 13133 | steps_t:  7889 | t: 155.383820 | r:  -508.000000 | e:   0.211100 | Q:  -6.240776 | won: False 
#  406 | steps: 13168 | steps_t:  7923 | t: 156.061637 | r:  -512.000000 | e:   0.207700 | Q: -53.736870 | won: False 
#  407 | steps: 13202 | steps_t:  7956 | t: 156.693484 | r:  -511.000000 | e:   0.204400 | Q: -30.190178 | won: False 
#  408 | steps: 13256 | steps_t:  8009 | t: 157.670193 | r:  -520.000000 | e:   0.199100 | Q: -39.060951 | won: False 
#  409 | steps: 13296 | steps_t:  8048 | t: 158.380811 | r:  -517.000000 | e:   0.195200 | Q: -12.429364 | won: False 
#  410 | steps: 13317 | steps_t:  8068 | t: 158.787240 | r:  -476.000000 | e:   0.193200 | Q: -31.867306 | won: False 
#  411 | steps: 13435 | steps_t:  8185 | t: 160.949218 | r:  -540.000000 | e:   0.181500 | Q: -32.094231 | won: False 
#  412 | steps: 13470 | steps_t:  8219 | t: 161.616441 | r:  -501.000000 | e:   0.178100 | Q: -17.526297 | won: False 
#  413 | steps: 13521 | steps_t:  8269 | t: 162.540002 | r:  -517.000000 | e:   0.173100 | Q: -21.509104 | won: False 
#  414 | steps: 13576 | steps_t:  8323 | t: 163.503294 | r:  -521.000000 | e:   0.167700 | Q: -17.672884 | won: False 
#  415 | steps: 13727 | steps_t:  8473 | t: 166.301666 | r:  -595.000000 | e:   0.152700 | Q: -35.108246 | won: False 
#  416 | steps: 13761 | steps_t:  8506 | t: 166.943280 | r:  -511.000000 | e:   0.149400 | Q: -29.543972 | won: False 
#  417 | steps: 13831 | steps_t:  8575 | t: 168.253301 | r:  -514.000000 | e:   0.142500 | Q: -22.688789 | won: False 
#  418 | steps: 13962 | steps_t:  8705 | t: 170.717776 | r:  -575.000000 | e:   0.129500 | Q: -11.533385 | won: False 
#  419 | steps: 14004 | steps_t:  8746 | t: 171.511171 | r:  -508.000000 | e:   0.125400 | Q:  -9.861966 | won: False 
#  420 | steps: 14035 | steps_t:  8776 | t: 172.104615 | r:  -497.000000 | e:   0.122400 | Q: -15.937379 | won: False 
#  421 | steps: 14110 | steps_t:  8850 | t: 173.432610 | r:  -541.000000 | e:   0.115000 | Q: -28.786036 | won: False 
#  422 | steps: 14243 | steps_t:  8982 | t: 175.822221 | r:  -599.000000 | e:   0.101800 | Q: -14.111357 | won: False 
#  423 | steps: 14295 | steps_t:  9033 | t: 176.824084 | r:  -507.000000 | e:   0.100000 | Q: -18.764734 | won: False 
#  424 | steps: 14333 | steps_t:  9070 | t: 177.548228 | r:  -482.000000 | e:   0.100000 | Q: -49.983803 | won: False 
#  425 | steps: 14388 | steps_t:  9124 | t: 178.578123 | r:  -499.000000 | e:   0.100000 | Q: -19.228466 | won: False 
#  426 | steps: 14424 | steps_t:  9159 | t: 179.242372 | r:  -502.000000 | e:   0.100000 | Q: -20.779966 | won: False 
#  427 | steps: 14459 | steps_t:  9193 | t: 179.906196 | r:  -479.000000 | e:   0.100000 | Q: -47.338840 | won: False 
#  428 | steps: 14491 | steps_t:  9224 | t: 180.491658 | r:  -487.000000 | e:   0.100000 | Q: -37.807083 | won: False 
#  429 | steps: 14517 | steps_t:  9249 | t: 180.967391 | r:  -503.000000 | e:   0.100000 | Q:  -9.310574 | won: False 
#  430 | steps: 14581 | steps_t:  9312 | t: 182.176729 | r:  -508.000000 | e:   0.100000 | Q: -30.594839 | won: False 
#  431 | steps: 14599 | steps_t:  9329 | t: 182.509839 | r:  -484.000000 | e:   0.100000 | Q: -16.452133 | won: False 
#  432 | steps: 14669 | steps_t:  9398 | t: 183.989916 | r:  -547.000000 | e:   0.100000 | Q: -15.725674 | won: False 
#  433 | steps: 14717 | steps_t:  9445 | t: 185.000248 | r:  -492.000000 | e:   0.100000 | Q: -28.980824 | won: False 
#  434 | steps: 14759 | steps_t:  9486 | t: 185.817087 | r:  -497.000000 | e:   0.100000 | Q:  -9.619961 | won: False 
#  435 | steps: 14778 | steps_t:  9504 | t: 186.159685 | r:  -485.000000 | e:   0.100000 | Q: -49.153137 | won: False 
#  436 | steps: 14867 | steps_t:  9592 | t: 187.770926 | r:  -555.000000 | e:   0.100000 | Q: -10.779493 | won: False 
#  437 | steps: 14984 | steps_t:  9708 | t: 189.960623 | r:  -539.000000 | e:   0.100000 | Q: -23.243004 | won: False 
#  438 | steps: 15087 | steps_t:  9810 | t: 192.012352 | r:  -547.000000 | e:   0.100000 | Q: -27.803669 | won: False 
#  439 | steps: 15165 | steps_t:  9887 | t: 193.422757 | r:  -522.000000 | e:   0.100000 | Q:  -7.918348 | won: False 
#  440 | steps: 15255 | steps_t:  9976 | t: 195.035278 | r:  -534.000000 | e:   0.100000 | Q: -16.888327 | won: False 
#  441 | steps: 15275 | steps_t:  9995 | t: 195.431224 | r:  -475.000000 | e:   0.100000 | Q: -23.071375 | won: False 
#  442 | steps: 15366 | steps_t: 10085 | t: 197.197075 | r:  -535.000000 | e:   0.100000 | Q: -27.226015 | won: False 
#  443 | steps: 15415 | steps_t: 10133 | t: 198.150070 | r:  -493.000000 | e:   0.100000 | Q: -12.464031 | won: False 
#  444 | steps: 15455 | steps_t: 10172 | t: 198.924030 | r:  -484.000000 | e:   0.100000 | Q: -22.131060 | won: False 
#  445 | steps: 15542 | steps_t: 10258 | t: 200.590142 | r:  -553.000000 | e:   0.100000 | Q: -31.764933 | won: False 
#  446 | steps: 15568 | steps_t: 10283 | t: 201.109757 | r:  -481.000000 | e:   0.100000 | Q: -21.148544 | won: False 
#  447 | steps: 15657 | steps_t: 10371 | t: 202.872262 | r:  -533.000000 | e:   0.100000 | Q: -29.354921 | won: False 
#  448 | steps: 15770 | steps_t: 10483 | t: 205.061364 | r:  -579.000000 | e:   0.100000 | Q: -46.908634 | won: False 
#  449 | steps: 15811 | steps_t: 10523 | t: 205.872222 | r:  -496.000000 | e:   0.100000 | Q: -23.670376 | won: False 
#  450 | steps: 15860 | steps_t: 10571 | t: 206.799263 | r:  -493.000000 | e:   0.100000 | Q:  -9.193998 | won: False 
#  451 | steps: 15886 | steps_t: 10596 | t: 207.291949 | r:  -492.000000 | e:   0.100000 | Q: -18.851391 | won: False 
#  452 | steps: 15926 | steps_t: 10635 | t: 208.115288 | r:  -495.000000 | e:   0.100000 | Q:  -8.288045 | won: False 
#  453 | steps: 15970 | steps_t: 10678 | t: 208.912165 | r:  -510.000000 | e:   0.100000 | Q: -18.978746 | won: False 
#  454 | steps: 16034 | steps_t: 10741 | t: 210.163854 | r:  -530.000000 | e:   0.100000 | Q: -21.470997 | won: False 
#  455 | steps: 16146 | steps_t: 10852 | t: 212.350575 | r:  -567.000000 | e:   0.100000 | Q: -27.859758 | won: False 
#  456 | steps: 16200 | steps_t: 10905 | t: 213.576329 | r:  -498.000000 | e:   0.100000 | Q: -29.016724 | won: False 
#  457 | steps: 16277 | steps_t: 10981 | t: 214.962659 | r:  -521.000000 | e:   0.100000 | Q: -22.967590 | won: False 
#  458 | steps: 16335 | steps_t: 11038 | t: 215.996402 | r:  -491.000000 | e:   0.100000 | Q: -40.226719 | won: False 
#  459 | steps: 16355 | steps_t: 11057 | t: 216.401324 | r:  -486.000000 | e:   0.100000 | Q: -31.805979 | won: False 
#  460 | steps: 16418 | steps_t: 11119 | t: 217.596636 | r:  -540.000000 | e:   0.100000 | Q: -15.751843 | won: False 
#  461 | steps: 16489 | steps_t: 11189 | t: 218.971991 | r:  -526.000000 | e:   0.100000 | Q: -25.772207 | won: False 
#  462 | steps: 16547 | steps_t: 11246 | t: 220.103977 | r:  -491.000000 | e:   0.100000 | Q: -34.590244 | won: False 
#  463 | steps: 16587 | steps_t: 11285 | t: 220.905810 | r:  -506.000000 | e:   0.100000 | Q: -34.430225 | won: False 
#  464 | steps: 16649 | steps_t: 11346 | t: 222.131741 | r:  -517.000000 | e:   0.100000 | Q: -33.865971 | won: False 
#  465 | steps: 16677 | steps_t: 11373 | t: 222.678286 | r:  -483.000000 | e:   0.100000 | Q: -14.715672 | won: False 
#  466 | steps: 16726 | steps_t: 11421 | t: 223.655214 | r:  -493.000000 | e:   0.100000 | Q: -13.805188 | won: False 
#  467 | steps: 16797 | steps_t: 11491 | t: 224.983720 | r:  -515.000000 | e:   0.100000 | Q: -21.322992 | won: False 
#  468 | steps: 16826 | steps_t: 11519 | t: 225.572173 | r:  -473.000000 | e:   0.100000 | Q: -39.273399 | won: False 
#  469 | steps: 16852 | steps_t: 11544 | t: 226.088800 | r:  -492.000000 | e:   0.100000 | Q: -23.613270 | won: False 
#  470 | steps: 16887 | steps_t: 11578 | t: 226.838819 | r:  -512.000000 | e:   0.100000 | Q: -18.157513 | won: False 
#  471 | steps: 16961 | steps_t: 11651 | t: 228.302937 | r:  -529.000000 | e:   0.100000 | Q:  -8.491393 | won: False 
#  472 | steps: 17000 | steps_t: 11689 | t: 229.047464 | r:  -516.000000 | e:   0.100000 | Q: -14.051896 | won: False 
#  473 | steps: 17056 | steps_t: 11744 | t: 230.052744 | r:  -500.000000 | e:   0.100000 | Q: -26.303978 | won: False 
#  474 | steps: 17100 | steps_t: 11787 | t: 230.815718 | r:  -510.000000 | e:   0.100000 | Q: -33.453972 | won: False 
#  475 | steps: 17130 | steps_t: 11816 | t: 231.340847 | r:  -496.000000 | e:   0.100000 | Q: -33.607353 | won: False 
#  476 | steps: 17177 | steps_t: 11862 | t: 232.171422 | r:  -524.000000 | e:   0.100000 | Q: -30.217894 | won: False 
#  477 | steps: 17216 | steps_t: 11900 | t: 232.932419 | r:  -516.000000 | e:   0.100000 | Q: -10.243156 | won: False 
#  478 | steps: 17290 | steps_t: 11973 | t: 234.295828 | r:  -540.000000 | e:   0.100000 | Q: -16.319246 | won: False 
#  479 | steps: 17334 | steps_t: 12016 | t: 235.092745 | r:  -499.000000 | e:   0.100000 | Q: -35.435692 | won: False 
#  480 | steps: 17356 | steps_t: 12037 | t: 235.501656 | r:  -488.000000 | e:   0.100000 | Q: -39.534042 | won: False 
#  481 | steps: 17387 | steps_t: 12067 | t: 236.142460 | r:  -497.000000 | e:   0.100000 | Q: -25.713171 | won: False 
#  482 | steps: 17431 | steps_t: 12110 | t: 237.032125 | r:  -510.000000 | e:   0.100000 | Q: -11.824657 | won: False 
#  483 | steps: 17455 | steps_t: 12133 | t: 237.521821 | r:  -479.000000 | e:   0.100000 | Q: -23.784246 | won: False 
#  484 | steps: 17499 | steps_t: 12176 | t: 238.509741 | r:  -499.000000 | e:   0.100000 | Q: -46.294697 | won: False 
#  485 | steps: 17536 | steps_t: 12212 | t: 239.337047 | r:  -481.000000 | e:   0.100000 | Q: -23.840864 | won: False 
#  486 | steps: 17651 | steps_t: 12326 | t: 241.659579 | r:  -581.000000 | e:   0.100000 | Q:  -8.221996 | won: False 
#  487 | steps: 17685 | steps_t: 12359 | t: 242.392647 | r:  -489.000000 | e:   0.100000 | Q: -22.218271 | won: False 
#  488 | steps: 17716 | steps_t: 12389 | t: 243.010512 | r:  -497.000000 | e:   0.100000 | Q: -25.238981 | won: False 
#  489 | steps: 17783 | steps_t: 12455 | t: 244.351981 | r:  -544.000000 | e:   0.100000 | Q: -57.472164 | won: False 
#  490 | steps: 17814 | steps_t: 12485 | t: 244.974339 | r:  -519.000000 | e:   0.100000 | Q: -21.709858 | won: False 
#  491 | steps: 17860 | steps_t: 12530 | t: 245.839569 | r:  -523.000000 | e:   0.100000 | Q: -29.575657 | won: False 
#  492 | steps: 17898 | steps_t: 12567 | t: 246.616520 | r:  -515.000000 | e:   0.100000 | Q: -23.547478 | won: False 
#  493 | steps: 17934 | steps_t: 12602 | t: 247.306210 | r:  -480.000000 | e:   0.100000 | Q: -32.890701 | won: False 
#  494 | steps: 17959 | steps_t: 12626 | t: 247.823343 | r:  -491.000000 | e:   0.100000 | Q: -11.233159 | won: False 
#  495 | steps: 18143 | steps_t: 12809 | t: 251.209238 | r:  -639.000000 | e:   0.100000 | Q:  -8.929789 | won: False 
#  496 | steps: 18169 | steps_t: 12834 | t: 251.690464 | r:  -503.000000 | e:   0.100000 | Q: -38.912750 | won: False 
#  497 | steps: 18200 | steps_t: 12864 | t: 252.240461 | r:  -519.000000 | e:   0.100000 | Q: -38.333061 | won: False 
#  498 | steps: 18380 | steps_t: 13043 | t: 255.494054 | r:  -613.000000 | e:   0.100000 | Q: -25.306156 | won: False 
#  499 | steps: 18429 | steps_t: 13091 | t: 256.364244 | r:  -537.000000 | e:   0.100000 | Q: -39.426792 | won: False 
#  500 | steps: 18464 | steps_t: 13125 | t: 256.981110 | r:  -523.000000 | e:   0.100000 | Q: -38.225235 | won: False 
#  501 | steps: 18556 | steps_t: 13216 | t: 258.619589 | r:  -536.000000 | e:   0.100000 | Q: -25.899740 | won: False 
#  502 | steps: 18573 | steps_t: 13232 | t: 258.942258 | r:  -483.000000 | e:   0.100000 | Q: -32.235977 | won: False 
#  503 | steps: 18649 | steps_t: 13307 | t: 260.314632 | r:  -531.000000 | e:   0.100000 | Q: -21.888027 | won: False 
#  504 | steps: 18870 | steps_t: 13527 | t: 264.339322 | r:  -665.000000 | e:   0.100000 | Q: -12.517793 | won: False 
#  505 | steps: 18898 | steps_t: 13554 | t: 264.909048 | r:  -472.000000 | e:   0.100000 | Q: -15.483184 | won: False 
#  506 | steps: 18920 | steps_t: 13575 | t: 265.315983 | r:  -499.000000 | e:   0.100000 | Q: -20.378555 | won: False 
#  507 | steps: 18969 | steps_t: 13623 | t: 266.247016 | r:  -504.000000 | e:   0.100000 | Q: -20.006052 | won: False 
#  508 | steps: 19021 | steps_t: 13674 | t: 267.224454 | r:  -474.000000 | e:   0.100000 | Q: -37.620529 | won: False 
#  509 | steps: 19103 | steps_t: 13755 | t: 268.878593 | r:  -526.000000 | e:   0.100000 | Q: -24.606895 | won: False 
#  510 | steps: 19132 | steps_t: 13783 | t: 269.503437 | r:  -484.000000 | e:   0.100000 | Q: -43.230343 | won: False 
#  511 | steps: 19190 | steps_t: 13840 | t: 270.654408 | r:  -502.000000 | e:   0.100000 | Q: -21.645536 | won: False 
#  512 | steps: 19225 | steps_t: 13874 | t: 271.312165 | r:  -490.000000 | e:   0.100000 | Q: -34.386837 | won: False 
#  513 | steps: 19307 | steps_t: 13955 | t: 272.900971 | r:  -559.000000 | e:   0.100000 | Q: -26.433455 | won: False 
#  514 | steps: 19371 | steps_t: 14018 | t: 274.196538 | r:  -541.000000 | e:   0.100000 | Q: -28.621599 | won: False 
#  515 | steps: 19393 | steps_t: 14039 | t: 274.628896 | r:  -488.000000 | e:   0.100000 | Q: -13.452283 | won: False 
#  516 | steps: 19418 | steps_t: 14063 | t: 275.166990 | r:  -491.000000 | e:   0.100000 | Q: -23.921974 | won: False 
#  517 | steps: 19469 | steps_t: 14113 | t: 276.204254 | r:  -517.000000 | e:   0.100000 | Q: -18.197412 | won: False 
#  518 | steps: 19553 | steps_t: 14196 | t: 277.761128 | r:  -550.000000 | e:   0.100000 | Q: -40.128445 | won: False 
#  519 | steps: 19648 | steps_t: 14290 | t: 279.545396 | r:  -561.000000 | e:   0.100000 | Q: -30.295107 | won: False 
#  520 | steps: 19685 | steps_t: 14326 | t: 280.199671 | r:  -503.000000 | e:   0.100000 | Q: -39.975182 | won: False 
#  521 | steps: 19734 | steps_t: 14374 | t: 281.103360 | r:  -515.000000 | e:   0.100000 | Q: -34.686935 | won: False 
#  522 | steps: 19805 | steps_t: 14444 | t: 282.338599 | r:  -515.000000 | e:   0.100000 | Q: -19.047495 | won: False 
#  523 | steps: 19857 | steps_t: 14495 | t: 283.271539 | r:  -496.000000 | e:   0.100000 | Q: -35.385098 | won: False 
#  524 | steps: 19875 | steps_t: 14512 | t: 283.590688 | r:  -473.000000 | e:   0.100000 | Q: -43.540939 | won: False 
#  525 | steps: 19925 | steps_t: 14561 | t: 284.413028 | r:  -483.000000 | e:   0.100000 | Q: -42.286270 | won: False 
#  526 | steps: 19985 | steps_t: 14620 | t: 285.435192 | r:  -537.000000 | e:   0.100000 | Q: -36.410061 | won: False 
#  527 | steps: 20006 | steps_t: 14640 | t: 285.807201 | r:  -476.000000 | e:   0.100000 | Q: -48.001003 | won: False 
#  528 | steps: 20073 | steps_t: 14706 | t: 287.057383 | r:  -522.000000 | e:   0.100000 | Q: -18.784117 | won: False 
#  529 | steps: 20191 | steps_t: 14823 | t: 289.433098 | r:  -573.000000 | e:   0.100000 | Q: -36.675392 | won: False 
#  530 | steps: 20225 | steps_t: 14856 | t: 290.156193 | r:  -478.000000 | e:   0.100000 | Q: -23.254694 | won: False 
#  531 | steps: 20287 | steps_t: 14917 | t: 291.334582 | r:  -517.000000 | e:   0.100000 | Q: -15.871822 | won: False 
#  532 | steps: 20323 | steps_t: 14952 | t: 292.020264 | r:  -502.000000 | e:   0.100000 | Q: -57.696609 | won: False 
#  533 | steps: 20359 | steps_t: 14987 | t: 292.685516 | r:  -491.000000 | e:   0.100000 | Q: -16.422112 | won: False 
#  534 | steps: 20388 | steps_t: 15015 | t: 293.236050 | r:  -484.000000 | e:   0.100000 | Q: -25.750782 | won: False 
#  535 | steps: 20631 | steps_t: 15257 | t: 297.897728 | r:  -687.000000 | e:   0.100000 | Q: -23.776844 | won: False 
#  536 | steps: 20782 | steps_t: 15407 | t: 300.844959 | r:  -606.000000 | e:   0.100000 | Q: -27.466547 | won: False 
#  537 | steps: 20813 | steps_t: 15437 | t: 301.478781 | r:  -508.000000 | e:   0.100000 | Q:  -8.579280 | won: False 
#  538 | steps: 20943 | steps_t: 15566 | t: 304.055975 | r:  -574.000000 | e:   0.100000 | Q: -23.955103 | won: False 
#  539 | steps: 20966 | steps_t: 15588 | t: 304.578583 | r:  -500.000000 | e:   0.100000 | Q: -42.898155 | won: False 
#  540 | steps: 21024 | steps_t: 15645 | t: 305.718567 | r:  -502.000000 | e:   0.100000 | Q: -34.192402 | won: False 
#  541 | steps: 21055 | steps_t: 15675 | t: 306.291551 | r:  -497.000000 | e:   0.100000 | Q: -21.554949 | won: False 
#  542 | steps: 21095 | steps_t: 15714 | t: 307.099418 | r:  -495.000000 | e:   0.100000 | Q: -27.594019 | won: False 
#  543 | steps: 21121 | steps_t: 15739 | t: 307.641974 | r:  -492.000000 | e:   0.100000 | Q: -20.726067 | won: False 
#  544 | steps: 21151 | steps_t: 15768 | t: 308.310215 | r:  -496.000000 | e:   0.100000 | Q: -27.458817 | won: False 
#  545 | steps: 21266 | steps_t: 15882 | t: 310.594815 | r:  -548.000000 | e:   0.100000 | Q: -30.794691 | won: False 
#  546 | steps: 21454 | steps_t: 16069 | t: 314.117811 | r:  -621.000000 | e:   0.100000 | Q: -14.463832 | won: False 
#  547 | steps: 21496 | steps_t: 16110 | t: 314.917699 | r:  -464.000000 | e:   0.100000 | Q: -23.650608 | won: False 
#  548 | steps: 21619 | steps_t: 16232 | t: 317.500857 | r:  -578.000000 | e:   0.100000 | Q: -25.695883 | won: False 
#  549 | steps: 21673 | steps_t: 16285 | t: 318.828338 | r:  -520.000000 | e:   0.100000 | Q: -16.901085 | won: False 
#  550 | steps: 21706 | steps_t: 16317 | t: 319.442703 | r:  -477.000000 | e:   0.100000 | Q: -55.725430 | won: False 
#  551 | steps: 21723 | steps_t: 16333 | t: 319.759879 | r:  -483.000000 | e:   0.100000 | Q: -22.651232 | won: False 
#  552 | steps: 21772 | steps_t: 16381 | t: 320.770189 | r:  -515.000000 | e:   0.100000 | Q: -39.109245 | won: False 
#  553 | steps: 21878 | steps_t: 16486 | t: 322.909060 | r:  -572.000000 | e:   0.100000 | Q: -43.362656 | won: False 
#  554 | steps: 21912 | steps_t: 16519 | t: 323.574288 | r:  -478.000000 | e:   0.100000 | Q: -21.996265 | won: False 
#  555 | steps: 21981 | steps_t: 16587 | t: 324.904589 | r:  -502.000000 | e:   0.100000 | Q: -49.646114 | won: False 
#  556 | steps: 22026 | steps_t: 16631 | t: 325.782760 | r:  -489.000000 | e:   0.100000 | Q: -19.901228 | won: False 
#  557 | steps: 22176 | steps_t: 16780 | t: 328.692071 | r:  -594.000000 | e:   0.100000 | Q: -26.641539 | won: False 
#  558 | steps: 22207 | steps_t: 16810 | t: 329.276025 | r:  -486.000000 | e:   0.100000 | Q: -29.070311 | won: False 
#  559 | steps: 22273 | steps_t: 16875 | t: 330.613007 | r:  -543.000000 | e:   0.100000 | Q: -29.756721 | won: False 
#  560 | steps: 22302 | steps_t: 16903 | t: 331.190488 | r:  -506.000000 | e:   0.100000 | Q: -30.487013 | won: False 
#  561 | steps: 22387 | steps_t: 16987 | t: 332.831154 | r:  -540.000000 | e:   0.100000 | Q: -31.914286 | won: False 
#  562 | steps: 22434 | steps_t: 17033 | t: 333.726769 | r:  -513.000000 | e:   0.100000 | Q: -17.685749 | won: False 
#  563 | steps: 22483 | steps_t: 17081 | t: 334.635029 | r:  -493.000000 | e:   0.100000 | Q: -41.469299 | won: False 
#  564 | steps: 22558 | steps_t: 17155 | t: 336.007965 | r:  -530.000000 | e:   0.100000 | Q: -16.082912 | won: False 
#  565 | steps: 22585 | steps_t: 17181 | t: 336.505659 | r:  -482.000000 | e:   0.100000 | Q: -33.439209 | won: False 
#  566 | steps: 22626 | steps_t: 17221 | t: 337.297550 | r:  -496.000000 | e:   0.100000 | Q: -32.923145 | won: False 
#  567 | steps: 22800 | steps_t: 17394 | t: 340.521204 | r:  -629.000000 | e:   0.100000 | Q: -23.484009 | won: False 
#  568 | steps: 22843 | steps_t: 17436 | t: 341.292659 | r:  -520.000000 | e:   0.100000 | Q: -32.707569 | won: False 
#  569 | steps: 22880 | steps_t: 17472 | t: 341.965866 | r:  -470.000000 | e:   0.100000 | Q: -39.737289 | won: False 
#  570 | steps: 22913 | steps_t: 17504 | t: 342.590731 | r:  -466.000000 | e:   0.100000 | Q: -22.541128 | won: False 
#  571 | steps: 23047 | steps_t: 17637 | t: 345.020872 | r:  -567.000000 | e:   0.100000 | Q: -18.941582 | won: False 
#  572 | steps: 23082 | steps_t: 17671 | t: 345.661187 | r:  -490.000000 | e:   0.100000 | Q: -13.837124 | won: False 
#  573 | steps: 23144 | steps_t: 17732 | t: 346.818142 | r:  -528.000000 | e:   0.100000 | Q: -31.879774 | won: False 
#  574 | steps: 23290 | steps_t: 17877 | t: 349.506067 | r:  -579.000000 | e:   0.100000 | Q: -34.363232 | won: False 
#  575 | steps: 23339 | steps_t: 17925 | t: 350.394591 | r:  -493.000000 | e:   0.100000 | Q: -17.785236 | won: False 
#  576 | steps: 23418 | steps_t: 18003 | t: 351.815339 | r:  -534.000000 | e:   0.100000 | Q: -24.273090 | won: False 
#  577 | steps: 23443 | steps_t: 18027 | t: 352.268684 | r:  -491.000000 | e:   0.100000 | Q: -18.706812 | won: False 
#  578 | steps: 23490 | steps_t: 18073 | t: 353.246119 | r:  -502.000000 | e:   0.100000 | Q: -33.313492 | won: False 
#  579 | steps: 23510 | steps_t: 18092 | t: 353.609152 | r:  -464.000000 | e:   0.100000 | Q: -32.292542 | won: False 
#  580 | steps: 23581 | steps_t: 18162 | t: 354.920206 | r:  -515.000000 | e:   0.100000 | Q: -24.277203 | won: False 
#  581 | steps: 23619 | steps_t: 18199 | t: 355.605381 | r:  -504.000000 | e:   0.100000 | Q: -12.989859 | won: False 
#  582 | steps: 23749 | steps_t: 18328 | t: 357.993988 | r:  -585.000000 | e:   0.100000 | Q: -29.483553 | won: False 
#  583 | steps: 23794 | steps_t: 18372 | t: 358.832390 | r:  -500.000000 | e:   0.100000 | Q: -32.108082 | won: False 
#  584 | steps: 23856 | steps_t: 18433 | t: 359.980842 | r:  -517.000000 | e:   0.100000 | Q: -61.832253 | won: False 
#  585 | steps: 24018 | steps_t: 18594 | t: 362.958578 | r:  -617.000000 | e:   0.100000 | Q: -20.436485 | won: False 
#  586 | steps: 24052 | steps_t: 18627 | t: 363.681162 | r:  -467.000000 | e:   0.100000 | Q: -22.704529 | won: False 
#  587 | steps: 24111 | steps_t: 18685 | t: 364.750846 | r:  -525.000000 | e:   0.100000 | Q: -23.802126 | won: False 
#  588 | steps: 24144 | steps_t: 18717 | t: 365.379191 | r:  -488.000000 | e:   0.100000 | Q: -27.143967 | won: False 
#  589 | steps: 24187 | steps_t: 18759 | t: 366.201810 | r:  -476.000000 | e:   0.100000 | Q: -31.285194 | won: False 
#  590 | steps: 24290 | steps_t: 18861 | t: 368.286567 | r:  -536.000000 | e:   0.100000 | Q: -34.272640 | won: False 
#  591 | steps: 24416 | steps_t: 18986 | t: 370.723122 | r:  -581.000000 | e:   0.100000 | Q: -29.755615 | won: False 
#  592 | steps: 24435 | steps_t: 19004 | t: 371.085682 | r:  -496.000000 | e:   0.100000 | Q: -37.649616 | won: False 
#  593 | steps: 24579 | steps_t: 19147 | t: 373.887915 | r:  -577.000000 | e:   0.100000 | Q: -30.637371 | won: False 
#  594 | steps: 24679 | steps_t: 19246 | t: 376.005357 | r:  -555.000000 | e:   0.100000 | Q: -13.024411 | won: False 
#  595 | steps: 24736 | steps_t: 19302 | t: 377.082002 | r:  -523.000000 | e:   0.100000 | Q: -39.001709 | won: False 
#  596 | steps: 24822 | steps_t: 19387 | t: 378.753101 | r:  -530.000000 | e:   0.100000 | Q: -26.951376 | won: False 
#  597 | steps: 24894 | steps_t: 19458 | t: 380.177345 | r:  -538.000000 | e:   0.100000 | Q: -33.121162 | won: False 
#  598 | steps: 24967 | steps_t: 19530 | t: 381.552667 | r:  -517.000000 | e:   0.100000 | Q: -45.146175 | won: False 
#  599 | steps: 25037 | steps_t: 19599 | t: 382.855218 | r:  -536.000000 | e:   0.100000 | Q: -31.326685 | won: False 
#  600 | steps: 25103 | steps_t: 19664 | t: 384.087445 | r:  -488.000000 | e:   0.100000 | Q: -43.471256 | won: False 
#  601 | steps: 25129 | steps_t: 19689 | t: 384.625521 | r:  -503.000000 | e:   0.100000 | Q: -23.403074 | won: False 
#  602 | steps: 25195 | steps_t: 19754 | t: 385.854519 | r:  -510.000000 | e:   0.100000 | Q: -22.213657 | won: False 
#  603 | steps: 25241 | steps_t: 19799 | t: 386.684819 | r:  -501.000000 | e:   0.100000 | Q: -16.049229 | won: False 
#  604 | steps: 25381 | steps_t: 19938 | t: 389.415322 | r:  -595.000000 | e:   0.100000 | Q: -31.543242 | won: False 
#  605 | steps: 25432 | steps_t: 19988 | t: 390.396762 | r:  -517.000000 | e:   0.100000 | Q: -30.162880 | won: False 
#  606 | steps: 25507 | steps_t: 20062 | t: 391.800038 | r:  -541.000000 | e:   0.100000 | Q: -29.938999 | won: False 
#  607 | steps: 25652 | steps_t: 20206 | t: 394.441210 | r:  -600.000000 | e:   0.100000 | Q: -21.252663 | won: False 
#  608 | steps: 25693 | steps_t: 20246 | t: 395.182136 | r:  -485.000000 | e:   0.100000 | Q: -27.687750 | won: False 
#  609 | steps: 25733 | steps_t: 20285 | t: 396.061795 | r:  -506.000000 | e:   0.100000 | Q: -43.086445 | won: False 
#  610 | steps: 25819 | steps_t: 20370 | t: 397.752946 | r:  -541.000000 | e:   0.100000 | Q: -36.808990 | won: False 
#  611 | steps: 25876 | steps_t: 20426 | t: 398.793688 | r:  -490.000000 | e:   0.100000 | Q: -26.975639 | won: False 
#  612 | steps: 25915 | steps_t: 20464 | t: 399.549674 | r:  -472.000000 | e:   0.100000 | Q: -20.041340 | won: False 
