#    1 | steps:    12 | steps_t:     0 | t: 0.011968 | r:  -489.000000 | e:   1.000000 | Q:        nan | won: False 
#    2 | steps:    24 | steps_t:     0 | t: 0.023936 | r:  -478.000000 | e:   1.000000 | Q:        nan | won: False 
#    3 | steps:    34 | steps_t:     0 | t: 0.033909 | r:  -476.000000 | e:   1.000000 | Q:        nan | won: False 
#    4 | steps:    45 | steps_t:     0 | t: 0.050864 | r:  -499.000000 | e:   1.000000 | Q:        nan | won: False 
#    5 | steps:    55 | steps_t:     0 | t: 0.062832 | r:  -476.000000 | e:   1.000000 | Q:        nan | won: False 
#    6 | steps:    64 | steps_t:     0 | t: 0.072808 | r:  -475.000000 | e:   1.000000 | Q:        nan | won: False 
#    7 | steps:    78 | steps_t:     0 | t: 0.088764 | r:  -458.000000 | e:   1.000000 | Q:        nan | won: False 
#    8 | steps:    90 | steps_t:     0 | t: 0.101728 | r:  -478.000000 | e:   1.000000 | Q:        nan | won: False 
#    9 | steps:   101 | steps_t:     0 | t: 0.113696 | r:  -477.000000 | e:   1.000000 | Q:        nan | won: False 
#   10 | steps:   117 | steps_t:     0 | t: 0.128656 | r:  -416.000000 | e:   1.000000 | Q:        nan | won: False 
#   11 | steps:   129 | steps_t:     0 | t: 0.140625 | r:  -478.000000 | e:   1.000000 | Q:        nan | won: False 
#   12 | steps:   142 | steps_t:     0 | t: 0.154588 | r:  -490.000000 | e:   1.000000 | Q:        nan | won: False 
#   13 | steps:   160 | steps_t:     0 | t: 0.172540 | r:  -473.000000 | e:   1.000000 | Q:        nan | won: False 
#   14 | steps:   174 | steps_t:     0 | t: 0.188498 | r:  -502.000000 | e:   1.000000 | Q:        nan | won: False 
#   15 | steps:   182 | steps_t:     0 | t: 0.198471 | r:  -441.000000 | e:   1.000000 | Q:        nan | won: False 
#   16 | steps:   198 | steps_t:     0 | t: 0.216423 | r:  -482.000000 | e:   1.000000 | Q:        nan | won: False 
#   17 | steps:   210 | steps_t:     0 | t: 0.237367 | r:  -467.000000 | e:   1.000000 | Q:        nan | won: False 
#   18 | steps:   224 | steps_t:     0 | t: 0.251330 | r:  -480.000000 | e:   1.000000 | Q:        nan | won: False 
#   19 | steps:   234 | steps_t:     0 | t: 0.265294 | r:  -476.000000 | e:   1.000000 | Q:        nan | won: False 
#   20 | steps:   249 | steps_t:     0 | t: 0.281251 | r:  -470.000000 | e:   1.000000 | Q:        nan | won: False 
#   21 | steps:   263 | steps_t:     0 | t: 0.297208 | r:  -491.000000 | e:   1.000000 | Q:        nan | won: False 
#   22 | steps:   273 | steps_t:     0 | t: 0.309177 | r:  -498.000000 | e:   1.000000 | Q:        nan | won: False 
#   23 | steps:   289 | steps_t:     0 | t: 0.328126 | r:  -438.000000 | e:   1.000000 | Q:        nan | won: False 
#   24 | steps:   311 | steps_t:     0 | t: 0.354056 | r:  -488.000000 | e:   1.000000 | Q:        nan | won: False 
#   25 | steps:   329 | steps_t:     0 | t: 0.372009 | r:  -462.000000 | e:   1.000000 | Q:        nan | won: False 
#   26 | steps:   340 | steps_t:     0 | t: 0.384976 | r:  -477.000000 | e:   1.000000 | Q:        nan | won: False 
#   27 | steps:   352 | steps_t:     0 | t: 0.398937 | r:  -489.000000 | e:   1.000000 | Q:        nan | won: False 
#   28 | steps:   364 | steps_t:     0 | t: 0.412900 | r:  -467.000000 | e:   1.000000 | Q:        nan | won: False 
#   29 | steps:   374 | steps_t:     0 | t: 0.423871 | r:  -454.000000 | e:   1.000000 | Q:        nan | won: False 
#   30 | steps:   385 | steps_t:     0 | t: 0.434841 | r:  -499.000000 | e:   1.000000 | Q:        nan | won: False 
#   31 | steps:   398 | steps_t:     0 | t: 0.447807 | r:  -490.000000 | e:   1.000000 | Q:        nan | won: False 
#   32 | steps:   407 | steps_t:     0 | t: 0.457781 | r:  -453.000000 | e:   1.000000 | Q:        nan | won: False 
#   33 | steps:   420 | steps_t:     0 | t: 0.470746 | r:  -479.000000 | e:   1.000000 | Q:        nan | won: False 
#   34 | steps:   431 | steps_t:     0 | t: 0.482714 | r:  -477.000000 | e:   1.000000 | Q:        nan | won: False 
#   35 | steps:   440 | steps_t:     0 | t: 0.494682 | r:  -453.000000 | e:   1.000000 | Q:        nan | won: False 
#   36 | steps:   458 | steps_t:     0 | t: 0.513632 | r:  -495.000000 | e:   1.000000 | Q:        nan | won: False 
#   37 | steps:   469 | steps_t:     0 | t: 0.524603 | r:  -499.000000 | e:   1.000000 | Q:        nan | won: False 
#   38 | steps:   478 | steps_t:     0 | t: 0.534575 | r:  -486.000000 | e:   1.000000 | Q:        nan | won: False 
#   39 | steps:   488 | steps_t:     0 | t: 0.544549 | r:  -454.000000 | e:   1.000000 | Q:        nan | won: False 
#   40 | steps:   505 | steps_t:     0 | t: 0.561504 | r:  -483.000000 | e:   1.000000 | Q:        nan | won: False 
#   41 | steps:   515 | steps_t:     0 | t: 0.575467 | r:  -465.000000 | e:   1.000000 | Q:        nan | won: False 
#   42 | steps:   529 | steps_t:     0 | t: 0.591425 | r:  -491.000000 | e:   1.000000 | Q:        nan | won: False 
#   43 | steps:   540 | steps_t:     0 | t: 0.602395 | r:  -477.000000 | e:   1.000000 | Q:        nan | won: False 
#   44 | steps:   553 | steps_t:     0 | t: 0.615361 | r:  -490.000000 | e:   1.000000 | Q:        nan | won: False 
#   45 | steps:   565 | steps_t:     0 | t: 0.628325 | r:  -489.000000 | e:   1.000000 | Q:        nan | won: False 
#   46 | steps:   578 | steps_t:     0 | t: 0.642796 | r:  -490.000000 | e:   1.000000 | Q:        nan | won: False 
#   47 | steps:   593 | steps_t:     0 | t: 0.658755 | r:  -481.000000 | e:   1.000000 | Q:        nan | won: False 
#   48 | steps:   606 | steps_t:     0 | t: 0.672716 | r:  -490.000000 | e:   1.000000 | Q:        nan | won: False 
#   49 | steps:   619 | steps_t:     0 | t: 0.688674 | r:  -501.000000 | e:   1.000000 | Q:        nan | won: False 
#   50 | steps:   628 | steps_t:     0 | t: 0.698648 | r:  -453.000000 | e:   1.000000 | Q:        nan | won: False 
#   51 | steps:   639 | steps_t:     0 | t: 0.711614 | r:  -455.000000 | e:   1.000000 | Q:        nan | won: False 
#   52 | steps:   648 | steps_t:     0 | t: 0.720589 | r:  -464.000000 | e:   1.000000 | Q:        nan | won: False 
#   53 | steps:   659 | steps_t:     0 | t: 0.732558 | r:  -477.000000 | e:   1.000000 | Q:        nan | won: False 
#   54 | steps:   669 | steps_t:     0 | t: 0.743527 | r:  -487.000000 | e:   1.000000 | Q:        nan | won: False 
#   55 | steps:   680 | steps_t:     0 | t: 0.760483 | r:  -477.000000 | e:   1.000000 | Q:        nan | won: False 
#   56 | steps:   692 | steps_t:     0 | t: 0.773448 | r:  -423.000000 | e:   1.000000 | Q:        nan | won: False 
#   57 | steps:   702 | steps_t:     0 | t: 0.784419 | r:  -476.000000 | e:   1.000000 | Q:        nan | won: False 
#   58 | steps:   715 | steps_t:     0 | t: 0.798382 | r:  -490.000000 | e:   1.000000 | Q:        nan | won: False 
#   59 | steps:   729 | steps_t:     0 | t: 0.812345 | r:  -480.000000 | e:   1.000000 | Q:        nan | won: False 
#   60 | steps:   741 | steps_t:     0 | t: 0.827305 | r:  -489.000000 | e:   1.000000 | Q:        nan | won: False 
#   61 | steps:   750 | steps_t:     0 | t: 0.836280 | r:  -464.000000 | e:   1.000000 | Q:        nan | won: False 
#   62 | steps:   762 | steps_t:     0 | t: 0.849246 | r:  -478.000000 | e:   1.000000 | Q:        nan | won: False 
#   63 | steps:   776 | steps_t:     0 | t: 0.865204 | r:  -458.000000 | e:   1.000000 | Q:        nan | won: False 
#   64 | steps:   787 | steps_t:     0 | t: 0.879167 | r:  -499.000000 | e:   1.000000 | Q:        nan | won: False 
#   65 | steps:   798 | steps_t:     0 | t: 0.893130 | r:  -477.000000 | e:   1.000000 | Q:        nan | won: False 
#   66 | steps:   807 | steps_t:     0 | t: 0.904101 | r:  -442.000000 | e:   1.000000 | Q:        nan | won: False 
#   67 | steps:   818 | steps_t:     0 | t: 0.917065 | r:  -477.000000 | e:   1.000000 | Q:        nan | won: False 
#   68 | steps:   830 | steps_t:     0 | t: 0.929034 | r:  -489.000000 | e:   1.000000 | Q:        nan | won: False 
#   69 | steps:   841 | steps_t:     0 | t: 0.944991 | r:  -488.000000 | e:   1.000000 | Q:        nan | won: False 
#   70 | steps:   852 | steps_t:     0 | t: 0.956959 | r:  -488.000000 | e:   1.000000 | Q:        nan | won: False 
#   71 | steps:   864 | steps_t:     0 | t: 0.969924 | r:  -489.000000 | e:   1.000000 | Q:        nan | won: False 
#   72 | steps:   886 | steps_t:     0 | t: 0.992864 | r:  -477.000000 | e:   1.000000 | Q:        nan | won: False 
#   73 | steps:   900 | steps_t:     0 | t: 1.007824 | r:  -469.000000 | e:   1.000000 | Q:        nan | won: False 
#   74 | steps:   913 | steps_t:     0 | t: 1.020790 | r:  -468.000000 | e:   1.000000 | Q:        nan | won: False 
#   75 | steps:   925 | steps_t:     0 | t: 1.033755 | r:  -489.000000 | e:   1.000000 | Q:        nan | won: False 
#   76 | steps:   945 | steps_t:     0 | t: 1.053702 | r:  -475.000000 | e:   1.000000 | Q:        nan | won: False 
#   77 | steps:   956 | steps_t:     0 | t: 1.066667 | r:  -499.000000 | e:   1.000000 | Q:        nan | won: False 
#   78 | steps:   968 | steps_t:     0 | t: 1.086614 | r:  -489.000000 | e:   1.000000 | Q:        nan | won: False 
#   79 | steps:   981 | steps_t:     0 | t: 1.101574 | r:  -490.000000 | e:   1.000000 | Q:        nan | won: False 
#   80 | steps:   993 | steps_t:     0 | t: 1.114540 | r:  -467.000000 | e:   1.000000 | Q:        nan | won: False 
#   81 | steps:  1003 | steps_t:     0 | t: 1.127505 | r:  -465.000000 | e:   1.000000 | Q:        nan | won: False 
#   82 | steps:  1015 | steps_t:     0 | t: 1.140470 | r:  -489.000000 | e:   1.000000 | Q:        nan | won: False 
#   83 | steps:  1031 | steps_t:     0 | t: 1.155431 | r:  -460.000000 | e:   1.000000 | Q:        nan | won: False 
#   84 | steps:  1039 | steps_t:     0 | t: 1.163409 | r:  -452.000000 | e:   1.000000 | Q:        nan | won: False 
#   85 | steps:  1051 | steps_t:     0 | t: 1.175378 | r:  -500.000000 | e:   1.000000 | Q:        nan | won: False 
#   86 | steps:  1061 | steps_t:     0 | t: 1.185351 | r:  -443.000000 | e:   1.000000 | Q:        nan | won: False 
#   87 | steps:  1072 | steps_t:     0 | t: 1.197319 | r:  -488.000000 | e:   1.000000 | Q:        nan | won: False 
#   88 | steps:  1089 | steps_t:     0 | t: 1.214274 | r:  -505.000000 | e:   1.000000 | Q:        nan | won: False 
#   89 | steps:  1105 | steps_t:     0 | t: 1.232735 | r:  -471.000000 | e:   1.000000 | Q:        nan | won: False 
#   90 | steps:  1115 | steps_t:     0 | t: 1.245700 | r:  -487.000000 | e:   1.000000 | Q:        nan | won: False 
#   91 | steps:  1130 | steps_t:     0 | t: 1.262655 | r:  -437.000000 | e:   1.000000 | Q:        nan | won: False 
#   92 | steps:  1148 | steps_t:     0 | t: 1.280606 | r:  -484.000000 | e:   1.000000 | Q:        nan | won: False 
#   93 | steps:  1159 | steps_t:     0 | t: 1.291577 | r:  -488.000000 | e:   1.000000 | Q:        nan | won: False 
#   94 | steps:  1175 | steps_t:     0 | t: 1.307534 | r:  -504.000000 | e:   1.000000 | Q:        nan | won: False 
#   95 | steps:  1187 | steps_t:     0 | t: 1.319503 | r:  -489.000000 | e:   1.000000 | Q:        nan | won: False 
#   96 | steps:  1201 | steps_t:     0 | t: 1.339957 | r:  -458.000000 | e:   1.000000 | Q:        nan | won: False 
#   97 | steps:  1214 | steps_t:     0 | t: 1.352923 | r:  -490.000000 | e:   1.000000 | Q:        nan | won: False 
#   98 | steps:  1225 | steps_t:     0 | t: 1.365888 | r:  -488.000000 | e:   1.000000 | Q:        nan | won: False 
#   99 | steps:  1235 | steps_t:     0 | t: 1.376859 | r:  -498.000000 | e:   1.000000 | Q:        nan | won: False 
#  100 | steps:  1250 | steps_t:     0 | t: 1.390822 | r:  -492.000000 | e:   1.000000 | Q:        nan | won: False 
#  101 | steps:  1263 | steps_t:     0 | t: 1.404785 | r:  -479.000000 | e:   1.000000 | Q:        nan | won: False 
#  102 | steps:  1274 | steps_t:     0 | t: 1.417750 | r:  -488.000000 | e:   1.000000 | Q:        nan | won: False 
#  103 | steps:  1285 | steps_t:     0 | t: 1.429718 | r:  -477.000000 | e:   1.000000 | Q:        nan | won: False 
#  104 | steps:  1297 | steps_t:     0 | t: 1.445676 | r:  -478.000000 | e:   1.000000 | Q:        nan | won: False 
#  105 | steps:  1307 | steps_t:     0 | t: 1.456647 | r:  -476.000000 | e:   1.000000 | Q:        nan | won: False 
#  106 | steps:  1318 | steps_t:     0 | t: 1.468615 | r:  -488.000000 | e:   1.000000 | Q:        nan | won: False 
#  107 | steps:  1329 | steps_t:     0 | t: 1.489559 | r:  -477.000000 | e:   1.000000 | Q:        nan | won: False 
#  108 | steps:  1339 | steps_t:     0 | t: 1.502524 | r:  -487.000000 | e:   1.000000 | Q:        nan | won: False 
#  109 | steps:  1353 | steps_t:     0 | t: 1.516487 | r:  -491.000000 | e:   1.000000 | Q:        nan | won: False 
#  110 | steps:  1363 | steps_t:     0 | t: 1.527458 | r:  -476.000000 | e:   1.000000 | Q:        nan | won: False 
#  111 | steps:  1373 | steps_t:     0 | t: 1.538429 | r:  -454.000000 | e:   1.000000 | Q:        nan | won: False 
#  112 | steps:  1383 | steps_t:     0 | t: 1.549400 | r:  -465.000000 | e:   1.000000 | Q:        nan | won: False 
#  113 | steps:  1395 | steps_t:     0 | t: 1.563362 | r:  -478.000000 | e:   1.000000 | Q:        nan | won: False 
#  114 | steps:  1406 | steps_t:     0 | t: 1.574333 | r:  -488.000000 | e:   1.000000 | Q:        nan | won: False 
#  115 | steps:  1417 | steps_t:     0 | t: 1.587299 | r:  -488.000000 | e:   1.000000 | Q:        nan | won: False 
#  116 | steps:  1431 | steps_t:     0 | t: 1.602259 | r:  -491.000000 | e:   1.000000 | Q:        nan | won: False 
#  117 | steps:  1441 | steps_t:     0 | t: 1.613230 | r:  -476.000000 | e:   1.000000 | Q:        nan | won: False 
#  118 | steps:  1452 | steps_t:     0 | t: 1.628190 | r:  -488.000000 | e:   1.000000 | Q:        nan | won: False 
#  119 | steps:  1464 | steps_t:     0 | t: 1.641156 | r:  -478.000000 | e:   1.000000 | Q:        nan | won: False 
#  120 | steps:  1473 | steps_t:     0 | t: 1.652126 | r:  -464.000000 | e:   1.000000 | Q:        nan | won: False 
#  121 | steps:  1484 | steps_t:     0 | t: 1.667086 | r:  -466.000000 | e:   1.000000 | Q:        nan | won: False 
#  122 | steps:  1496 | steps_t:     0 | t: 1.678057 | r:  -478.000000 | e:   1.000000 | Q:        nan | won: False 
#  123 | steps:  1510 | steps_t:     0 | t: 1.692022 | r:  -425.000000 | e:   1.000000 | Q:        nan | won: False 
#  124 | steps:  1523 | steps_t:     0 | t: 1.705983 | r:  -490.000000 | e:   1.000000 | Q:        nan | won: False 
#  125 | steps:  1537 | steps_t:     0 | t: 1.719945 | r:  -491.000000 | e:   1.000000 | Q:        nan | won: False 
#  126 | steps:  1547 | steps_t:     0 | t: 1.730916 | r:  -487.000000 | e:   1.000000 | Q:        nan | won: False 
#  127 | steps:  1558 | steps_t:     0 | t: 1.741887 | r:  -499.000000 | e:   1.000000 | Q:        nan | won: False 
#  128 | steps:  1579 | steps_t:     0 | t: 1.763828 | r:  -487.000000 | e:   1.000000 | Q:        nan | won: False 
#  129 | steps:  1593 | steps_t:     0 | t: 1.778790 | r:  -480.000000 | e:   1.000000 | Q:        nan | won: False 
#  130 | steps:  1605 | steps_t:     0 | t: 1.790757 | r:  -478.000000 | e:   1.000000 | Q:        nan | won: False 
#  131 | steps:  1615 | steps_t:     0 | t: 1.801728 | r:  -465.000000 | e:   1.000000 | Q:        nan | won: False 
#  132 | steps:  1626 | steps_t:     0 | t: 1.813696 | r:  -477.000000 | e:   1.000000 | Q:        nan | won: False 
#  133 | steps:  1637 | steps_t:     0 | t: 1.826662 | r:  -477.000000 | e:   1.000000 | Q:        nan | won: False 
#  134 | steps:  1648 | steps_t:     0 | t: 1.846611 | r:  -488.000000 | e:   1.000000 | Q:        nan | won: False 
#  135 | steps:  1665 | steps_t:     0 | t: 1.864560 | r:  -461.000000 | e:   1.000000 | Q:        nan | won: False 
#  136 | steps:  1678 | steps_t:     0 | t: 1.877527 | r:  -468.000000 | e:   1.000000 | Q:        nan | won: False 
#  137 | steps:  1699 | steps_t:     0 | t: 1.897473 | r:  -465.000000 | e:   1.000000 | Q:        nan | won: False 
#  138 | steps:  1711 | steps_t:     0 | t: 1.911491 | r:  -489.000000 | e:   1.000000 | Q:        nan | won: False 
#  139 | steps:  1726 | steps_t:     0 | t: 1.926396 | r:  -492.000000 | e:   1.000000 | Q:        nan | won: False 
#  140 | steps:  1739 | steps_t:     0 | t: 1.941355 | r:  -479.000000 | e:   1.000000 | Q:        nan | won: False 
#  141 | steps:  1751 | steps_t:     0 | t: 1.959308 | r:  -500.000000 | e:   1.000000 | Q:        nan | won: False 
#  142 | steps:  1764 | steps_t:     0 | t: 1.974268 | r:  -501.000000 | e:   1.000000 | Q:        nan | won: False 
#  143 | steps:  1773 | steps_t:     0 | t: 1.984241 | r:  -453.000000 | e:   1.000000 | Q:        nan | won: False 
#  144 | steps:  1790 | steps_t:     0 | t: 2.002194 | r:  -483.000000 | e:   1.000000 | Q:        nan | won: False 
#  145 | steps:  1801 | steps_t:     0 | t: 2.015159 | r:  -477.000000 | e:   1.000000 | Q:        nan | won: False 
#  146 | steps:  1811 | steps_t:     0 | t: 2.032114 | r:  -443.000000 | e:   1.000000 | Q:        nan | won: False 
#  147 | steps:  1823 | steps_t:     0 | t: 2.047074 | r:  -489.000000 | e:   1.000000 | Q:        nan | won: False 
#  148 | steps:  1838 | steps_t:     0 | t: 2.062034 | r:  -492.000000 | e:   1.000000 | Q:        nan | won: False 
#  149 | steps:  1851 | steps_t:     0 | t: 2.075998 | r:  -490.000000 | e:   1.000000 | Q:        nan | won: False 
#  150 | steps:  1862 | steps_t:     0 | t: 2.090957 | r:  -477.000000 | e:   1.000000 | Q:        nan | won: False 
#  151 | steps:  1876 | steps_t:     0 | t: 2.116888 | r:  -491.000000 | e:   1.000000 | Q:        nan | won: False 
#  152 | steps:  1893 | steps_t:     0 | t: 2.133843 | r:  -450.000000 | e:   1.000000 | Q:        nan | won: False 
#  153 | steps:  1905 | steps_t:     0 | t: 2.146809 | r:  -478.000000 | e:   1.000000 | Q:        nan | won: False 
#  154 | steps:  1919 | steps_t:     0 | t: 2.160772 | r:  -480.000000 | e:   1.000000 | Q:        nan | won: False 
#  155 | steps:  1932 | steps_t:     0 | t: 2.173737 | r:  -490.000000 | e:   1.000000 | Q:        nan | won: False 
#  156 | steps:  1946 | steps_t:     0 | t: 2.187700 | r:  -491.000000 | e:   1.000000 | Q:        nan | won: False 
#  157 | steps:  1958 | steps_t:     0 | t: 2.200666 | r:  -489.000000 | e:   1.000000 | Q:        nan | won: False 
#  158 | steps:  1971 | steps_t:     0 | t: 2.219615 | r:  -490.000000 | e:   1.000000 | Q:        nan | won: False 
#  159 | steps:  1981 | steps_t:     0 | t: 2.309885 | r:  -454.000000 | e:   1.000000 | Q:        nan | won: False 
#  160 | steps:  1989 | steps_t:     0 | t: 2.318861 | r:  -463.000000 | e:   1.000000 | Q:        nan | won: False 
#  161 | steps:  1999 | steps_t:     0 | t: 2.329832 | r:  -476.000000 | e:   1.000000 | Q:        nan | won: False 
#  162 | steps:  2013 | steps_t:     0 | t: 2.344792 | r:  -491.000000 | e:   1.000000 | Q:        nan | won: False 
#  163 | steps:  2023 | steps_t:     0 | t: 2.356760 | r:  -476.000000 | e:   1.000000 | Q:        nan | won: False 
#  164 | steps:  2038 | steps_t:     0 | t: 2.370722 | r:  -481.000000 | e:   1.000000 | Q:        nan | won: False 
#  165 | steps:  2050 | steps_t:     0 | t: 2.382691 | r:  -478.000000 | e:   1.000000 | Q:        nan | won: False 
#  166 | steps:  2060 | steps_t:     0 | t: 2.392664 | r:  -476.000000 | e:   1.000000 | Q:        nan | won: False 
#  167 | steps:  2086 | steps_t:     0 | t: 2.421587 | r:  -448.000000 | e:   1.000000 | Q:        nan | won: False 
#  168 | steps:  2095 | steps_t:     0 | t: 2.430563 | r:  -442.000000 | e:   1.000000 | Q:        nan | won: False 
#  169 | steps:  2109 | steps_t:     0 | t: 2.445524 | r:  -469.000000 | e:   1.000000 | Q:        nan | won: False 
#  170 | steps:  2123 | steps_t:     0 | t: 2.464473 | r:  -447.000000 | e:   1.000000 | Q:        nan | won: False 
#  171 | steps:  2141 | steps_t:     0 | t: 2.482425 | r:  -473.000000 | e:   1.000000 | Q:        nan | won: False 
#  172 | steps:  2154 | steps_t:     0 | t: 2.497385 | r:  -468.000000 | e:   1.000000 | Q:        nan | won: False 
#  173 | steps:  2165 | steps_t:     0 | t: 2.508356 | r:  -477.000000 | e:   1.000000 | Q:        nan | won: False 
#  174 | steps:  2175 | steps_t:     0 | t: 2.519327 | r:  -465.000000 | e:   1.000000 | Q:        nan | won: False 
#  175 | steps:  2190 | steps_t:     0 | t: 2.534287 | r:  -481.000000 | e:   1.000000 | Q:        nan | won: False 
#  176 | steps:  2203 | steps_t:     0 | t: 2.547253 | r:  -490.000000 | e:   1.000000 | Q:        nan | won: False 
#  177 | steps:  2213 | steps_t:     0 | t: 2.558223 | r:  -465.000000 | e:   1.000000 | Q:        nan | won: False 
#  178 | steps:  2228 | steps_t:     0 | t: 2.572187 | r:  -481.000000 | e:   1.000000 | Q:        nan | won: False 
#  179 | steps:  2242 | steps_t:     0 | t: 2.590139 | r:  -480.000000 | e:   1.000000 | Q:        nan | won: False 
#  180 | steps:  2255 | steps_t:     0 | t: 2.603104 | r:  -479.000000 | e:   1.000000 | Q:        nan | won: False 
#  181 | steps:  2264 | steps_t:     0 | t: 2.615073 | r:  -453.000000 | e:   1.000000 | Q:        nan | won: False 
#  182 | steps:  2275 | steps_t:     0 | t: 2.627040 | r:  -455.000000 | e:   1.000000 | Q:        nan | won: False 
#  183 | steps:  2286 | steps_t:     0 | t: 2.639008 | r:  -499.000000 | e:   1.000000 | Q:        nan | won: False 
#  184 | steps:  2306 | steps_t:     0 | t: 2.659953 | r:  -464.000000 | e:   1.000000 | Q:        nan | won: False 
#  185 | steps:  2316 | steps_t:     0 | t: 2.673916 | r:  -454.000000 | e:   1.000000 | Q:        nan | won: False 
#  186 | steps:  2327 | steps_t:     0 | t: 2.686880 | r:  -488.000000 | e:   1.000000 | Q:        nan | won: False 
#  187 | steps:  2341 | steps_t:     0 | t: 2.700843 | r:  -480.000000 | e:   1.000000 | Q:        nan | won: False 
#  188 | steps:  2355 | steps_t:     0 | t: 2.718795 | r:  -480.000000 | e:   1.000000 | Q:        nan | won: False 
#  189 | steps:  2365 | steps_t:     0 | t: 2.743241 | r:  -498.000000 | e:   1.000000 | Q:        nan | won: False 
#  190 | steps:  2377 | steps_t:     0 | t: 2.756205 | r:  -478.000000 | e:   1.000000 | Q:        nan | won: False 
#  191 | steps:  2387 | steps_t:     0 | t: 2.766178 | r:  -476.000000 | e:   1.000000 | Q:        nan | won: False 
#  192 | steps:  2399 | steps_t:     0 | t: 2.782136 | r:  -500.000000 | e:   1.000000 | Q:        nan | won: False 
#  193 | steps:  2411 | steps_t:     0 | t: 2.799091 | r:  -489.000000 | e:   1.000000 | Q:        nan | won: False 
#  194 | steps:  2425 | steps_t:     0 | t: 2.816047 | r:  -491.000000 | e:   1.000000 | Q:        nan | won: False 
#  195 | steps:  2438 | steps_t:     0 | t: 2.833998 | r:  -424.000000 | e:   1.000000 | Q:        nan | won: False 
#  196 | steps:  2457 | steps_t:     0 | t: 2.857448 | r:  -430.000000 | e:   1.000000 | Q:        nan | won: False 
#  197 | steps:  2488 | steps_t:     0 | t: 2.894349 | r:  -409.000000 | e:   1.000000 | Q:        nan | won: False 
#  198 | steps:  2501 | steps_t:     0 | t: 2.907315 | r:  -468.000000 | e:   1.000000 | Q:        nan | won: False 
#  199 | steps:  2512 | steps_t:     0 | t: 2.919283 | r:  -466.000000 | e:   1.000000 | Q:        nan | won: False 
#  200 | steps:  2523 | steps_t:     0 | t: 2.933245 | r:  -488.000000 | e:   1.000000 | Q:        nan | won: False 
#  201 | steps:  2551 | steps_t:     0 | t: 2.983619 | r:  -483.000000 | e:   1.000000 | Q:        nan | won: False 
#  202 | steps:  2572 | steps_t:     0 | t: 3.011545 | r:  -509.000000 | e:   1.000000 | Q:        nan | won: False 
#  203 | steps:  2587 | steps_t:     0 | t: 3.027503 | r:  -492.000000 | e:   1.000000 | Q:        nan | won: False 
#  204 | steps:  2599 | steps_t:     0 | t: 3.041466 | r:  -478.000000 | e:   1.000000 | Q:        nan | won: False 
#  205 | steps:  2608 | steps_t:     0 | t: 3.050950 | r:  -464.000000 | e:   1.000000 | Q:        nan | won: False 
#  206 | steps:  2623 | steps_t:     0 | t: 3.077879 | r:  -481.000000 | e:   1.000000 | Q:        nan | won: False 
#  207 | steps:  2639 | steps_t:     0 | t: 3.099820 | r:  -471.000000 | e:   1.000000 | Q:        nan | won: False 
#  208 | steps:  2651 | steps_t:     0 | t: 3.113783 | r:  -478.000000 | e:   1.000000 | Q:        nan | won: False 
#  209 | steps:  2668 | steps_t:     0 | t: 3.131734 | r:  -472.000000 | e:   1.000000 | Q:        nan | won: False 
#  210 | steps:  2681 | steps_t:     0 | t: 3.144700 | r:  -501.000000 | e:   1.000000 | Q:        nan | won: False 
#  211 | steps:  2691 | steps_t:     0 | t: 3.158662 | r:  -487.000000 | e:   1.000000 | Q:        nan | won: False 
#  212 | steps:  2707 | steps_t:     0 | t: 3.175617 | r:  -460.000000 | e:   1.000000 | Q:        nan | won: False 
#  213 | steps:  2720 | steps_t:     0 | t: 3.190577 | r:  -479.000000 | e:   1.000000 | Q:        nan | won: False 
#  214 | steps:  2732 | steps_t:     0 | t: 3.202546 | r:  -478.000000 | e:   1.000000 | Q:        nan | won: False 
#  215 | steps:  2742 | steps_t:     0 | t: 3.215511 | r:  -454.000000 | e:   1.000000 | Q:        nan | won: False 
#  216 | steps:  2759 | steps_t:     0 | t: 3.234462 | r:  -461.000000 | e:   1.000000 | Q:        nan | won: False 
#  217 | steps:  2769 | steps_t:     0 | t: 3.246429 | r:  -465.000000 | e:   1.000000 | Q:        nan | won: False 
#  218 | steps:  2781 | steps_t:     0 | t: 3.262387 | r:  -489.000000 | e:   1.000000 | Q:        nan | won: False 
#  219 | steps:  2794 | steps_t:     0 | t: 3.281336 | r:  -490.000000 | e:   1.000000 | Q:        nan | won: False 
#  220 | steps:  2809 | steps_t:     0 | t: 3.299288 | r:  -470.000000 | e:   1.000000 | Q:        nan | won: False 
#  221 | steps:  2823 | steps_t:     0 | t: 3.317241 | r:  -502.000000 | e:   1.000000 | Q:        nan | won: False 
#  222 | steps:  2836 | steps_t:     0 | t: 3.332201 | r:  -490.000000 | e:   1.000000 | Q:        nan | won: False 
#  223 | steps:  2847 | steps_t:     0 | t: 3.356138 | r:  -499.000000 | e:   1.000000 | Q:        nan | won: False 
#  224 | steps:  2859 | steps_t:     0 | t: 3.369102 | r:  -478.000000 | e:   1.000000 | Q:        nan | won: False 
#  225 | steps:  2870 | steps_t:     0 | t: 3.387054 | r:  -466.000000 | e:   1.000000 | Q:        nan | won: False 
#  226 | steps:  2891 | steps_t:     0 | t: 3.412985 | r:  -498.000000 | e:   1.000000 | Q:        nan | won: False 
#  227 | steps:  2903 | steps_t:     0 | t: 3.453876 | r:  -489.000000 | e:   1.000000 | Q:        nan | won: False 
#  228 | steps:  2912 | steps_t:     0 | t: 3.464847 | r:  -464.000000 | e:   1.000000 | Q:        nan | won: False 
#  229 | steps:  2924 | steps_t:     0 | t: 3.476815 | r:  -489.000000 | e:   1.000000 | Q:        nan | won: False 
#  230 | steps:  2940 | steps_t:     0 | t: 3.494767 | r:  -471.000000 | e:   1.000000 | Q:        nan | won: False 
#  231 | steps:  2952 | steps_t:     0 | t: 3.508730 | r:  -445.000000 | e:   1.000000 | Q:        nan | won: False 
#  232 | steps:  2963 | steps_t:     0 | t: 3.519702 | r:  -499.000000 | e:   1.000000 | Q:        nan | won: False 
#  233 | steps:  2973 | steps_t:     0 | t: 3.531670 | r:  -487.000000 | e:   1.000000 | Q:        nan | won: False 
#  234 | steps:  2987 | steps_t:     0 | t: 3.546629 | r:  -469.000000 | e:   1.000000 | Q:        nan | won: False 
#  235 | steps:  2997 | steps_t:     0 | t: 3.559595 | r:  -487.000000 | e:   1.000000 | Q:        nan | won: False 
#  236 | steps:  3006 | steps_t:     0 | t: 3.569568 | r:  -475.000000 | e:   1.000000 | Q:        nan | won: False 
#  237 | steps:  3018 | steps_t:     0 | t: 3.584529 | r:  -500.000000 | e:   1.000000 | Q:        nan | won: False 
#  238 | steps:  3031 | steps_t:     0 | t: 3.600486 | r:  -479.000000 | e:   1.000000 | Q:        nan | won: False 
#  239 | steps:  3041 | steps_t:     0 | t: 3.614449 | r:  -443.000000 | e:   1.000000 | Q:        nan | won: False 
#  240 | steps:  3062 | steps_t:     0 | t: 3.638385 | r:  -432.000000 | e:   1.000000 | Q:        nan | won: False 
#  241 | steps:  3101 | steps_t:     0 | t: 3.684263 | r:  -461.000000 | e:   1.000000 | Q:        nan | won: False 
#  242 | steps:  3114 | steps_t:     0 | t: 3.700221 | r:  -479.000000 | e:   1.000000 | Q:        nan | won: False 
#  243 | steps:  3126 | steps_t:     0 | t: 3.718174 | r:  -467.000000 | e:   1.000000 | Q:        nan | won: False 
#  244 | steps:  3138 | steps_t:     0 | t: 3.732135 | r:  -500.000000 | e:   1.000000 | Q:        nan | won: False 
#  245 | steps:  3168 | steps_t:     0 | t: 3.771032 | r:  -485.000000 | e:   1.000000 | Q:        nan | won: False 
#  246 | steps:  3181 | steps_t:     0 | t: 3.785992 | r:  -479.000000 | e:   1.000000 | Q:        nan | won: False 
#  247 | steps:  3196 | steps_t:     0 | t: 3.803945 | r:  -481.000000 | e:   1.000000 | Q:        nan | won: False 
#  248 | steps:  3208 | steps_t:     0 | t: 3.818904 | r:  -489.000000 | e:   1.000000 | Q:        nan | won: False 
#  249 | steps:  3223 | steps_t:     0 | t: 3.841844 | r:  -459.000000 | e:   1.000000 | Q:        nan | won: False 
#  250 | steps:  3234 | steps_t:     0 | t: 3.866777 | r:  -455.000000 | e:   1.000000 | Q:        nan | won: False 
#  251 | steps:  3258 | steps_t:     0 | t: 3.893706 | r:  -479.000000 | e:   1.000000 | Q:        nan | won: False 
#  252 | steps:  3271 | steps_t:     0 | t: 3.909663 | r:  -468.000000 | e:   1.000000 | Q:        nan | won: False 
#  253 | steps:  3282 | steps_t:     0 | t: 3.923626 | r:  -488.000000 | e:   1.000000 | Q:        nan | won: False 
#  254 | steps:  3295 | steps_t:     0 | t: 3.978987 | r:  -468.000000 | e:   1.000000 | Q:        nan | won: False 
#  255 | steps:  3312 | steps_t:     0 | t: 3.998933 | r:  -472.000000 | e:   1.000000 | Q:        nan | won: False 
#  256 | steps:  3324 | steps_t:     0 | t: 4.016886 | r:  -445.000000 | e:   1.000000 | Q:        nan | won: False 
#  257 | steps:  3334 | steps_t:     0 | t: 4.027857 | r:  -476.000000 | e:   1.000000 | Q:        nan | won: False 
#  258 | steps:  3352 | steps_t:     0 | t: 4.053787 | r:  -462.000000 | e:   1.000000 | Q:        nan | won: False 
#  259 | steps:  3364 | steps_t:     0 | t: 4.067750 | r:  -478.000000 | e:   1.000000 | Q:        nan | won: False 
#  260 | steps:  3377 | steps_t:     0 | t: 4.081713 | r:  -479.000000 | e:   1.000000 | Q:        nan | won: False 
#  261 | steps:  3391 | steps_t:     0 | t: 4.111633 | r:  -502.000000 | e:   1.000000 | Q:        nan | won: False 
#  262 | steps:  3405 | steps_t:     0 | t: 4.137564 | r:  -447.000000 | e:   1.000000 | Q:        nan | won: False 
#  263 | steps:  3424 | steps_t:     0 | t: 4.165491 | r:  -496.000000 | e:   1.000000 | Q:        nan | won: False 
#  264 | steps:  3434 | steps_t:     0 | t: 4.184439 | r:  -487.000000 | e:   1.000000 | Q:        nan | won: False 
#  265 | steps:  3449 | steps_t:     0 | t: 4.206381 | r:  -492.000000 | e:   1.000000 | Q:        nan | won: False 
#  266 | steps:  3464 | steps_t:     0 | t: 4.224333 | r:  -492.000000 | e:   1.000000 | Q:        nan | won: False 
#  267 | steps:  3476 | steps_t:     0 | t: 4.239293 | r:  -478.000000 | e:   1.000000 | Q:        nan | won: False 
#  268 | steps:  3503 | steps_t:     0 | t: 4.271208 | r:  -427.000000 | e:   1.000000 | Q:        nan | won: False 
#  269 | steps:  3515 | steps_t:     0 | t: 4.284174 | r:  -478.000000 | e:   1.000000 | Q:        nan | won: False 
#  270 | steps:  3526 | steps_t:     0 | t: 4.296142 | r:  -477.000000 | e:   1.000000 | Q:        nan | won: False 
#  271 | steps:  3536 | steps_t:     0 | t: 4.308110 | r:  -476.000000 | e:   1.000000 | Q:        nan | won: False 
#  272 | steps:  3559 | steps_t:     0 | t: 4.334041 | r:  -489.000000 | e:   1.000000 | Q:        nan | won: False 
#  273 | steps:  3573 | steps_t:     0 | t: 4.358974 | r:  -491.000000 | e:   1.000000 | Q:        nan | won: False 
#  274 | steps:  3582 | steps_t:     0 | t: 4.369946 | r:  -475.000000 | e:   1.000000 | Q:        nan | won: False 
#  275 | steps:  3592 | steps_t:     0 | t: 4.384906 | r:  -465.000000 | e:   1.000000 | Q:        nan | won: False 
#  276 | steps:  3602 | steps_t:     0 | t: 4.409839 | r:  -476.000000 | e:   1.000000 | Q:        nan | won: False 
#  277 | steps:  3613 | steps_t:     0 | t: 4.420810 | r:  -499.000000 | e:   1.000000 | Q:        nan | won: False 
#  278 | steps:  3623 | steps_t:     0 | t: 4.433775 | r:  -487.000000 | e:   1.000000 | Q:        nan | won: False 
#  279 | steps:  3633 | steps_t:     0 | t: 4.443749 | r:  -487.000000 | e:   1.000000 | Q:        nan | won: False 
#  280 | steps:  3648 | steps_t:     0 | t: 4.459217 | r:  -481.000000 | e:   1.000000 | Q:        nan | won: False 
#  281 | steps:  3659 | steps_t:     0 | t: 4.472182 | r:  -488.000000 | e:   1.000000 | Q:        nan | won: False 
#  282 | steps:  3672 | steps_t:     0 | t: 4.486145 | r:  -490.000000 | e:   1.000000 | Q:        nan | won: False 
#  283 | steps:  3683 | steps_t:     0 | t: 4.498114 | r:  -466.000000 | e:   1.000000 | Q:        nan | won: False 
#  284 | steps:  3693 | steps_t:     0 | t: 4.516066 | r:  -476.000000 | e:   1.000000 | Q:        nan | won: False 
#  285 | steps:  3710 | steps_t:     0 | t: 4.534020 | r:  -483.000000 | e:   1.000000 | Q:        nan | won: False 
#  286 | steps:  3725 | steps_t:     0 | t: 4.551478 | r:  -448.000000 | e:   1.000000 | Q:        nan | won: False 
#  287 | steps:  3737 | steps_t:     0 | t: 4.563448 | r:  -478.000000 | e:   1.000000 | Q:        nan | won: False 
#  288 | steps:  3748 | steps_t:     0 | t: 4.575416 | r:  -488.000000 | e:   1.000000 | Q:        nan | won: False 
#  289 | steps:  3766 | steps_t:     0 | t: 4.598355 | r:  -484.000000 | e:   1.000000 | Q:        nan | won: False 
#  290 | steps:  3784 | steps_t:     0 | t: 4.618302 | r:  -484.000000 | e:   1.000000 | Q:        nan | won: False 
#  291 | steps:  3796 | steps_t:     0 | t: 4.630271 | r:  -500.000000 | e:   1.000000 | Q:        nan | won: False 
#  292 | steps:  3806 | steps_t:     0 | t: 4.640244 | r:  -476.000000 | e:   1.000000 | Q:        nan | won: False 
#  293 | steps:  3818 | steps_t:     0 | t: 4.652720 | r:  -489.000000 | e:   1.000000 | Q:        nan | won: False 
#  294 | steps:  3833 | steps_t:     0 | t: 4.667681 | r:  -492.000000 | e:   1.000000 | Q:        nan | won: False 
#  295 | steps:  3850 | steps_t:     0 | t: 4.684637 | r:  -483.000000 | e:   1.000000 | Q:        nan | won: False 
#  296 | steps:  3858 | steps_t:     0 | t: 4.693612 | r:  -463.000000 | e:   1.000000 | Q:        nan | won: False 
#  297 | steps:  3879 | steps_t:     0 | t: 4.718545 | r:  -454.000000 | e:   1.000000 | Q:        nan | won: False 
#  298 | steps:  3891 | steps_t:     0 | t: 4.733508 | r:  -500.000000 | e:   1.000000 | Q:        nan | won: False 
#  299 | steps:  3903 | steps_t:     0 | t: 4.749462 | r:  -500.000000 | e:   1.000000 | Q:        nan | won: False 
#  300 | steps:  3917 | steps_t:     0 | t: 4.767923 | r:  -480.000000 | e:   1.000000 | Q:        nan | won: False 
#  301 | steps:  3929 | steps_t:     0 | t: 4.780889 | r:  -489.000000 | e:   1.000000 | Q:        nan | won: False 
#  302 | steps:  3940 | steps_t:     0 | t: 4.799838 | r:  -499.000000 | e:   1.000000 | Q:        nan | won: False 
#  303 | steps:  3964 | steps_t:     0 | t: 4.827764 | r:  -446.000000 | e:   1.000000 | Q:        nan | won: False 
#  304 | steps:  3974 | steps_t:     0 | t: 4.839732 | r:  -487.000000 | e:   1.000000 | Q:        nan | won: False 
#  305 | steps:  3994 | steps_t:     0 | t: 4.859679 | r:  -420.000000 | e:   1.000000 | Q:        nan | won: False 
#  306 | steps:  4008 | steps_t:     0 | t: 4.874640 | r:  -458.000000 | e:   1.000000 | Q:        nan | won: False 
#  307 | steps:  4019 | steps_t:     0 | t: 4.891594 | r:  -477.000000 | e:   1.000000 | Q:        nan | won: False 
#  308 | steps:  4034 | steps_t:     0 | t: 4.909546 | r:  -459.000000 | e:   1.000000 | Q:        nan | won: False 
#  309 | steps:  4043 | steps_t:     0 | t: 4.919520 | r:  -464.000000 | e:   1.000000 | Q:        nan | won: False 
#  310 | steps:  4057 | steps_t:     0 | t: 4.934480 | r:  -469.000000 | e:   1.000000 | Q:        nan | won: False 
#  311 | steps:  4067 | steps_t:     0 | t: 4.946447 | r:  -487.000000 | e:   1.000000 | Q:        nan | won: False 
#  312 | steps:  4083 | steps_t:     0 | t: 4.963403 | r:  -471.000000 | e:   1.000000 | Q:        nan | won: False 
#  313 | steps:  4093 | steps_t:     0 | t: 4.974373 | r:  -476.000000 | e:   1.000000 | Q:        nan | won: False 
#  314 | steps:  4111 | steps_t:     0 | t: 4.994320 | r:  -495.000000 | e:   1.000000 | Q:        nan | won: False 
#  315 | steps:  4129 | steps_t:     0 | t: 5.012273 | r:  -506.000000 | e:   1.000000 | Q:        nan | won: False 
#  316 | steps:  4142 | steps_t:     0 | t: 5.028230 | r:  -446.000000 | e:   1.000000 | Q:        nan | won: False 
#  317 | steps:  4152 | steps_t:     0 | t: 5.038204 | r:  -498.000000 | e:   1.000000 | Q:        nan | won: False 
#  318 | steps:  4164 | steps_t:     0 | t: 5.051169 | r:  -478.000000 | e:   1.000000 | Q:        nan | won: False 
#  319 | steps:  4175 | steps_t:     0 | t: 5.064134 | r:  -488.000000 | e:   1.000000 | Q:        nan | won: False 
#  320 | steps:  4188 | steps_t:     0 | t: 5.079095 | r:  -490.000000 | e:   1.000000 | Q:        nan | won: False 
#  321 | steps:  4211 | steps_t:     0 | t: 5.110013 | r:  -445.000000 | e:   1.000000 | Q:        nan | won: False 
#  322 | steps:  4221 | steps_t:     0 | t: 5.121980 | r:  -476.000000 | e:   1.000000 | Q:        nan | won: False 
#  323 | steps:  4230 | steps_t:     0 | t: 5.140930 | r:  -464.000000 | e:   1.000000 | Q:        nan | won: False 
#  324 | steps:  4244 | steps_t:     0 | t: 5.160877 | r:  -491.000000 | e:   1.000000 | Q:        nan | won: False 
#  325 | steps:  4259 | steps_t:     0 | t: 5.177831 | r:  -481.000000 | e:   1.000000 | Q:        nan | won: False 
#  326 | steps:  4268 | steps_t:     0 | t: 5.188803 | r:  -453.000000 | e:   1.000000 | Q:        nan | won: False 
#  327 | steps:  4279 | steps_t:     0 | t: 5.202765 | r:  -477.000000 | e:   1.000000 | Q:        nan | won: False 
#  328 | steps:  4293 | steps_t:     0 | t: 5.217725 | r:  -491.000000 | e:   1.000000 | Q:        nan | won: False 
#  329 | steps:  4304 | steps_t:     0 | t: 5.236675 | r:  -488.000000 | e:   1.000000 | Q:        nan | won: False 
#  330 | steps:  4318 | steps_t:     0 | t: 5.250638 | r:  -491.000000 | e:   1.000000 | Q:        nan | won: False 
#  331 | steps:  4332 | steps_t:     0 | t: 5.274575 | r:  -491.000000 | e:   1.000000 | Q:        nan | won: False 
#  332 | steps:  4346 | steps_t:     0 | t: 5.292527 | r:  -480.000000 | e:   1.000000 | Q:        nan | won: False 
#  333 | steps:  4356 | steps_t:     0 | t: 5.303497 | r:  -443.000000 | e:   1.000000 | Q:        nan | won: False 
#  334 | steps:  4369 | steps_t:     0 | t: 5.318457 | r:  -457.000000 | e:   1.000000 | Q:        nan | won: False 
#  335 | steps:  4378 | steps_t:     0 | t: 5.328430 | r:  -475.000000 | e:   1.000000 | Q:        nan | won: False 
#  336 | steps:  4390 | steps_t:     0 | t: 5.341397 | r:  -478.000000 | e:   1.000000 | Q:        nan | won: False 
#  337 | steps:  4403 | steps_t:     0 | t: 5.357355 | r:  -479.000000 | e:   1.000000 | Q:        nan | won: False 
#  338 | steps:  4414 | steps_t:     0 | t: 5.372313 | r:  -488.000000 | e:   1.000000 | Q:        nan | won: False 
#  339 | steps:  4424 | steps_t:     0 | t: 5.391263 | r:  -476.000000 | e:   1.000000 | Q:        nan | won: False 
#  340 | steps:  4445 | steps_t:     0 | t: 5.414203 | r:  -487.000000 | e:   1.000000 | Q:        nan | won: False 
#  341 | steps:  4462 | steps_t:     0 | t: 5.442200 | r:  -483.000000 | e:   1.000000 | Q:        nan | won: False 
#  342 | steps:  4475 | steps_t:     0 | t: 5.456091 | r:  -490.000000 | e:   1.000000 | Q:        nan | won: False 
#  343 | steps:  4487 | steps_t:     0 | t: 5.477035 | r:  -489.000000 | e:   1.000000 | Q:        nan | won: False 
#  344 | steps:  4497 | steps_t:     0 | t: 5.487008 | r:  -487.000000 | e:   1.000000 | Q:        nan | won: False 
#  345 | steps:  4510 | steps_t:     0 | t: 5.501968 | r:  -490.000000 | e:   1.000000 | Q:        nan | won: False 
#  346 | steps:  4519 | steps_t:     0 | t: 5.512940 | r:  -475.000000 | e:   1.000000 | Q:        nan | won: False 
#  347 | steps:  4530 | steps_t:     0 | t: 5.523910 | r:  -466.000000 | e:   1.000000 | Q:        nan | won: False 
#  348 | steps:  4539 | steps_t:     0 | t: 5.533883 | r:  -486.000000 | e:   1.000000 | Q:        nan | won: False 
#  349 | steps:  4552 | steps_t:     0 | t: 5.547846 | r:  -490.000000 | e:   1.000000 | Q:        nan | won: False 
#  350 | steps:  4567 | steps_t:     0 | t: 5.563804 | r:  -481.000000 | e:   1.000000 | Q:        nan | won: False 
#  351 | steps:  4581 | steps_t:     0 | t: 5.578765 | r:  -502.000000 | e:   1.000000 | Q:        nan | won: False 
#  352 | steps:  4597 | steps_t:     0 | t: 5.598711 | r:  -471.000000 | e:   1.000000 | Q:        nan | won: False 
#  353 | steps:  4608 | steps_t:     0 | t: 5.611676 | r:  -444.000000 | e:   1.000000 | Q:        nan | won: False 
#  354 | steps:  4619 | steps_t:     0 | t: 5.625639 | r:  -488.000000 | e:   1.000000 | Q:        nan | won: False 
#  355 | steps:  4629 | steps_t:     0 | t: 5.639602 | r:  -465.000000 | e:   1.000000 | Q:        nan | won: False 
#  356 | steps:  4641 | steps_t:     0 | t: 5.652567 | r:  -478.000000 | e:   1.000000 | Q:        nan | won: False 
#  357 | steps:  4654 | steps_t:     0 | t: 5.667036 | r:  -490.000000 | e:   1.000000 | Q:        nan | won: False 
#  358 | steps:  4666 | steps_t:     0 | t: 5.680998 | r:  -500.000000 | e:   1.000000 | Q:        nan | won: False 
#  359 | steps:  4677 | steps_t:     0 | t: 5.692967 | r:  -466.000000 | e:   1.000000 | Q:        nan | won: False 
#  360 | steps:  4690 | steps_t:     0 | t: 5.707927 | r:  -501.000000 | e:   1.000000 | Q:        nan | won: False 
#  361 | steps:  4706 | steps_t:     0 | t: 5.729868 | r:  -449.000000 | e:   1.000000 | Q:        nan | won: False 
#  362 | steps:  4782 | steps_t:     0 | t: 5.812649 | r:  -421.000000 | e:   1.000000 | Q:        nan | won: False 
#  363 | steps:  4795 | steps_t:     0 | t: 5.827610 | r:  -490.000000 | e:   1.000000 | Q:        nan | won: False 
#  364 | steps:  4806 | steps_t:     0 | t: 5.841571 | r:  -466.000000 | e:   1.000000 | Q:        nan | won: False 
#  365 | steps:  4816 | steps_t:     0 | t: 5.852542 | r:  -487.000000 | e:   1.000000 | Q:        nan | won: False 
#  366 | steps:  4830 | steps_t:     0 | t: 5.868499 | r:  -480.000000 | e:   1.000000 | Q:        nan | won: False 
#  367 | steps:  4843 | steps_t:     0 | t: 5.882463 | r:  -479.000000 | e:   1.000000 | Q:        nan | won: False 
#  368 | steps:  4853 | steps_t:     0 | t: 5.894430 | r:  -498.000000 | e:   1.000000 | Q:        nan | won: False 
#  369 | steps:  4872 | steps_t:     0 | t: 5.915375 | r:  -485.000000 | e:   1.000000 | Q:        nan | won: False 
#  370 | steps:  4886 | steps_t:     0 | t: 5.930335 | r:  -436.000000 | e:   1.000000 | Q:        nan | won: False 
#  371 | steps:  4899 | steps_t:     0 | t: 5.944298 | r:  -479.000000 | e:   1.000000 | Q:        nan | won: False 
#  372 | steps:  4912 | steps_t:     0 | t: 5.956265 | r:  -490.000000 | e:   1.000000 | Q:        nan | won: False 
#  373 | steps:  4924 | steps_t:     0 | t: 5.968234 | r:  -489.000000 | e:   1.000000 | Q:        nan | won: False 
#  374 | steps:  4939 | steps_t:     0 | t: 5.984192 | r:  -481.000000 | e:   1.000000 | Q:        nan | won: False 
#  375 | steps:  4950 | steps_t:     0 | t: 5.996159 | r:  -466.000000 | e:   1.000000 | Q:        nan | won: False 
#  376 | steps:  4961 | steps_t:     0 | t: 6.009125 | r:  -488.000000 | e:   1.000000 | Q:        nan | won: False 
#  377 | steps:  4972 | steps_t:     0 | t: 6.021093 | r:  -488.000000 | e:   1.000000 | Q:        nan | won: False 
#  378 | steps:  4984 | steps_t:     0 | t: 6.034058 | r:  -467.000000 | e:   1.000000 | Q:        nan | won: False 
#  379 | steps:  4996 | steps_t:     0 | t: 6.054005 | r:  -489.000000 | e:   1.000000 | Q:        nan | won: False 
#  380 | steps:  5011 | steps_t:     9 | t: 6.264471 | r:  -459.000000 | e:   0.999100 | Q:        nan | won: False 
#  381 | steps:  5023 | steps_t:    20 | t: 6.395628 | r:  -489.000000 | e:   0.998000 | Q:        nan | won: False 
#  382 | steps:  5033 | steps_t:    29 | t: 6.504339 | r:  -476.000000 | e:   0.997100 | Q:        nan | won: False 
#  383 | steps:  5043 | steps_t:    38 | t: 6.612052 | r:  -476.000000 | e:   0.996200 | Q:        nan | won: False 
#  384 | steps:  5055 | steps_t:    49 | t: 6.750682 | r:  -489.000000 | e:   0.995100 | Q:        nan | won: False 
#  385 | steps:  5068 | steps_t:    61 | t: 6.892305 | r:  -490.000000 | e:   0.993900 | Q:        nan | won: False 
#  386 | steps:  5079 | steps_t:    71 | t: 7.107732 | r:  -488.000000 | e:   0.992900 | Q:        nan | won: False 
#  387 | steps:  5093 | steps_t:    84 | t: 7.279781 | r:  -491.000000 | e:   0.991600 | Q:        nan | won: False 
#  388 | steps:  5107 | steps_t:    97 | t: 7.434877 | r:  -480.000000 | e:   0.990300 | Q:        nan | won: False 
#  389 | steps:  5120 | steps_t:   109 | t: 7.576499 | r:  -490.000000 | e:   0.989100 | Q:        nan | won: False 
#  390 | steps:  5132 | steps_t:   120 | t: 7.709146 | r:  -478.000000 | e:   0.988000 | Q:        nan | won: False 
#  391 | steps:  5146 | steps_t:   133 | t: 7.874219 | r:  -491.000000 | e:   0.986700 | Q:        nan | won: False 
#  392 | steps:  5156 | steps_t:   142 | t: 7.984437 | r:  -487.000000 | e:   0.985800 | Q: -272.448151 | won: False 
#  393 | steps:  5167 | steps_t:   152 | t: 8.106621 | r:  -499.000000 | e:   0.984800 | Q:        nan | won: False 
#  394 | steps:  5178 | steps_t:   162 | t: 8.240265 | r:  -466.000000 | e:   0.983800 | Q:        nan | won: False 
#  395 | steps:  5187 | steps_t:   170 | t: 8.337008 | r:  -475.000000 | e:   0.983000 | Q:        nan | won: False 
#  396 | steps:  5197 | steps_t:   179 | t: 8.445718 | r:  -498.000000 | e:   0.982100 | Q:        nan | won: False 
#  397 | steps:  5215 | steps_t:   196 | t: 8.678098 | r:  -451.000000 | e:   0.980400 | Q:        nan | won: False 
#  398 | steps:  5228 | steps_t:   208 | t: 8.827701 | r:  -490.000000 | e:   0.979200 | Q:        nan | won: False 
#  399 | steps:  5239 | steps_t:   218 | t: 8.965334 | r:  -488.000000 | e:   0.978200 | Q:        nan | won: False 
#  400 | steps:  5248 | steps_t:   226 | t: 9.070567 | r:  -486.000000 | e:   0.977400 | Q:        nan | won: False 
#  401 | steps:  5257 | steps_t:   234 | t: 9.175798 | r:  -475.000000 | e:   0.976600 | Q: -236.057983 | won: False 
#  402 | steps:  5278 | steps_t:   254 | t: 9.443086 | r:  -443.000000 | e:   0.974600 | Q: -219.106384 | won: False 
#  403 | steps:  5290 | steps_t:   265 | t: 9.575733 | r:  -489.000000 | e:   0.973500 | Q:        nan | won: False 
#  404 | steps:  5301 | steps_t:   275 | t: 9.740312 | r:  -488.000000 | e:   0.972500 | Q:        nan | won: False 
#  405 | steps:  5311 | steps_t:   284 | t: 9.851524 | r:  -476.000000 | e:   0.971600 | Q:        nan | won: False 
#  406 | steps:  5325 | steps_t:   297 | t: 10.032555 | r:  -469.000000 | e:   0.970300 | Q:        nan | won: False 
#  407 | steps:  5343 | steps_t:   314 | t: 10.250974 | r:  -484.000000 | e:   0.968600 | Q:        nan | won: False 
#  408 | steps:  5354 | steps_t:   324 | t: 10.391599 | r:  -488.000000 | e:   0.967600 | Q:        nan | won: False 
#  409 | steps:  5367 | steps_t:   336 | t: 10.564830 | r:  -468.000000 | e:   0.966400 | Q:        nan | won: False 
#  410 | steps:  5376 | steps_t:   344 | t: 10.750336 | r:  -486.000000 | e:   0.965600 | Q: -260.185120 | won: False 
#  411 | steps:  5390 | steps_t:   357 | t: 10.969775 | r:  -491.000000 | e:   0.964300 | Q: -279.817535 | won: False 
#  412 | steps:  5401 | steps_t:   367 | t: 11.116385 | r:  -477.000000 | e:   0.963300 | Q: -278.734436 | won: False 
#  413 | steps:  5415 | steps_t:   380 | t: 11.301890 | r:  -480.000000 | e:   0.962000 | Q:        nan | won: False 
#  414 | steps:  5429 | steps_t:   393 | t: 11.495883 | r:  -469.000000 | e:   0.960700 | Q: -244.544495 | won: False 
#  415 | steps:  5439 | steps_t:   402 | t: 11.613080 | r:  -465.000000 | e:   0.959800 | Q:        nan | won: False 
#  416 | steps:  5458 | steps_t:   420 | t: 11.833493 | r:  -485.000000 | e:   0.958000 | Q:        nan | won: False 
#  417 | steps:  5474 | steps_t:   435 | t: 12.021991 | r:  -460.000000 | e:   0.956500 | Q:        nan | won: False 
#  418 | steps:  5484 | steps_t:   444 | t: 12.133693 | r:  -476.000000 | e:   0.955600 | Q: -243.721741 | won: False 
#  419 | steps:  5492 | steps_t:   451 | t: 12.222457 | r:  -463.000000 | e:   0.954900 | Q: -242.117798 | won: False 
#  420 | steps:  5502 | steps_t:   460 | t: 12.337152 | r:  -487.000000 | e:   0.954000 | Q:        nan | won: False 
#  421 | steps:  5511 | steps_t:   468 | t: 12.487751 | r:  -453.000000 | e:   0.953200 | Q: -255.815231 | won: False 
#  422 | steps:  5524 | steps_t:   480 | t: 12.689214 | r:  -490.000000 | e:   0.952000 | Q: -270.226227 | won: False 
#  423 | steps:  5540 | steps_t:   495 | t: 12.910625 | r:  -460.000000 | e:   0.950500 | Q: -292.662659 | won: False 
#  424 | steps:  5553 | steps_t:   507 | t: 13.111110 | r:  -490.000000 | e:   0.949300 | Q:        nan | won: False 
#  425 | steps:  5565 | steps_t:   518 | t: 13.329528 | r:  -489.000000 | e:   0.948200 | Q:        nan | won: False 
#  426 | steps:  5577 | steps_t:   529 | t: 13.514037 | r:  -478.000000 | e:   0.947100 | Q:        nan | won: False 
#  427 | steps:  5588 | steps_t:   539 | t: 13.662641 | r:  -488.000000 | e:   0.946100 | Q: -280.671173 | won: False 
#  428 | steps:  5604 | steps_t:   554 | t: 13.916963 | r:  -471.000000 | e:   0.944600 | Q:        nan | won: False 
#  429 | steps:  5617 | steps_t:   566 | t: 14.124412 | r:  -468.000000 | e:   0.943400 | Q:        nan | won: False 
#  430 | steps:  5627 | steps_t:   575 | t: 14.263044 | r:  -476.000000 | e:   0.942500 | Q: -249.871155 | won: False 
#  431 | steps:  5638 | steps_t:   585 | t: 14.434586 | r:  -466.000000 | e:   0.941500 | Q:        nan | won: False 
#  432 | steps:  5648 | steps_t:   594 | t: 14.604643 | r:  -465.000000 | e:   0.940600 | Q: -248.379410 | won: False 
#  433 | steps:  5658 | steps_t:   603 | t: 14.782679 | r:  -476.000000 | e:   0.939700 | Q:        nan | won: False 
#  434 | steps:  5668 | steps_t:   612 | t: 14.948238 | r:  -487.000000 | e:   0.938800 | Q:        nan | won: False 
#  435 | steps:  5681 | steps_t:   624 | t: 15.153692 | r:  -424.000000 | e:   0.937600 | Q:        nan | won: False 
#  436 | steps:  5695 | steps_t:   637 | t: 15.364130 | r:  -480.000000 | e:   0.936300 | Q:        nan | won: False 
#  437 | steps:  5706 | steps_t:   647 | t: 15.527206 | r:  -455.000000 | e:   0.935300 | Q: -286.078003 | won: False 
#  438 | steps:  5719 | steps_t:   659 | t: 15.697752 | r:  -479.000000 | e:   0.934100 | Q:        nan | won: False 
#  439 | steps:  5729 | steps_t:   668 | t: 15.822420 | r:  -498.000000 | e:   0.933200 | Q: -277.709686 | won: False 
#  440 | steps:  5742 | steps_t:   680 | t: 15.998950 | r:  -479.000000 | e:   0.932000 | Q:        nan | won: False 
#  441 | steps:  5753 | steps_t:   690 | t: 16.153563 | r:  -466.000000 | e:   0.931000 | Q: -285.884857 | won: False 
#  442 | steps:  5762 | steps_t:   698 | t: 16.259790 | r:  -475.000000 | e:   0.930200 | Q: -270.412720 | won: False 
#  443 | steps:  5778 | steps_t:   713 | t: 16.462762 | r:  -493.000000 | e:   0.928700 | Q:        nan | won: False 
#  444 | steps:  5790 | steps_t:   724 | t: 16.630315 | r:  -478.000000 | e:   0.927600 | Q:        nan | won: False 
#  445 | steps:  5802 | steps_t:   735 | t: 16.788893 | r:  -478.000000 | e:   0.926500 | Q: -218.582077 | won: False 
#  446 | steps:  5814 | steps_t:   746 | t: 16.958441 | r:  -489.000000 | e:   0.925400 | Q: -256.755066 | won: False 
#  447 | steps:  5828 | steps_t:   759 | t: 17.134971 | r:  -480.000000 | e:   0.924100 | Q:        nan | won: False 
#  448 | steps:  5839 | steps_t:   769 | t: 17.264138 | r:  -499.000000 | e:   0.923100 | Q:        nan | won: False 
#  449 | steps:  5854 | steps_t:   783 | t: 17.445655 | r:  -492.000000 | e:   0.921700 | Q: -300.745911 | won: False 
#  450 | steps:  5869 | steps_t:   797 | t: 17.658089 | r:  -470.000000 | e:   0.920300 | Q: -294.393707 | won: False 
#  451 | steps:  5886 | steps_t:   813 | t: 17.868548 | r:  -439.000000 | e:   0.918700 | Q:        nan | won: False 
#  452 | steps:  5898 | steps_t:   824 | t: 18.021647 | r:  -489.000000 | e:   0.917600 | Q:        nan | won: False 
#  453 | steps:  5911 | steps_t:   836 | t: 18.202678 | r:  -479.000000 | e:   0.916400 | Q:        nan | won: False 
#  454 | steps:  5923 | steps_t:   847 | t: 18.360260 | r:  -467.000000 | e:   0.915300 | Q: -278.294434 | won: False 
#  455 | steps:  5936 | steps_t:   859 | t: 18.509860 | r:  -490.000000 | e:   0.914100 | Q:        nan | won: False 
#  456 | steps:  5947 | steps_t:   869 | t: 18.632533 | r:  -488.000000 | e:   0.913100 | Q:        nan | won: False 
#  457 | steps:  5956 | steps_t:   877 | t: 18.740247 | r:  -464.000000 | e:   0.912300 | Q: -228.286316 | won: False 
#  458 | steps:  5970 | steps_t:   890 | t: 18.972139 | r:  -480.000000 | e:   0.911000 | Q: -213.776184 | won: False 
#  459 | steps:  5981 | steps_t:   900 | t: 19.138696 | r:  -499.000000 | e:   0.910000 | Q:        nan | won: False 
#  460 | steps:  5994 | steps_t:   912 | t: 19.376064 | r:  -490.000000 | e:   0.908800 | Q: -249.578415 | won: False 
#  461 | steps:  6006 | steps_t:   923 | t: 19.545635 | r:  -467.000000 | e:   0.907700 | Q:        nan | won: False 
#  462 | steps:  6016 | steps_t:   932 | t: 19.690761 | r:  -487.000000 | e:   0.906800 | Q:        nan | won: False 
#  463 | steps:  6029 | steps_t:   944 | t: 19.932625 | r:  -479.000000 | e:   0.905600 | Q:        nan | won: False 
#  464 | steps:  6047 | steps_t:   961 | t: 20.216869 | r:  -473.000000 | e:   0.903900 | Q: -258.942596 | won: False 
#  465 | steps:  6063 | steps_t:   976 | t: 20.466204 | r:  -471.000000 | e:   0.902400 | Q: -253.045471 | won: False 
#  466 | steps:  6072 | steps_t:   984 | t: 20.585886 | r:  -475.000000 | e:   0.901600 | Q: -261.312225 | won: False 
#  467 | steps:  6085 | steps_t:   996 | t: 20.812790 | r:  -501.000000 | e:   0.900400 | Q: -248.745621 | won: False 
#  468 | steps:  6097 | steps_t:  1007 | t: 20.967379 | r:  -489.000000 | e:   0.899300 | Q: -223.404205 | won: False 
#  469 | steps:  6108 | steps_t:  1017 | t: 21.145903 | r:  -488.000000 | e:   0.898300 | Q:        nan | won: False 
#  470 | steps:  6120 | steps_t:  1028 | t: 21.282049 | r:  -500.000000 | e:   0.897200 | Q:        nan | won: False 
#  471 | steps:  6130 | steps_t:  1037 | t: 21.392755 | r:  -476.000000 | e:   0.896300 | Q: -273.152649 | won: False 
#  472 | steps:  6145 | steps_t:  1051 | t: 21.579257 | r:  -481.000000 | e:   0.894900 | Q: -275.941040 | won: False 
#  473 | steps:  6157 | steps_t:  1062 | t: 21.718399 | r:  -489.000000 | e:   0.893800 | Q:        nan | won: False 
#  474 | steps:  6169 | steps_t:  1073 | t: 21.863014 | r:  -478.000000 | e:   0.892700 | Q:        nan | won: False 
#  475 | steps:  6180 | steps_t:  1083 | t: 21.999650 | r:  -488.000000 | e:   0.891700 | Q:        nan | won: False 
#  476 | steps:  6191 | steps_t:  1093 | t: 22.130302 | r:  -477.000000 | e:   0.890700 | Q: -223.623474 | won: False 
#  477 | steps:  6204 | steps_t:  1105 | t: 22.284891 | r:  -490.000000 | e:   0.889500 | Q:        nan | won: False 
#  478 | steps:  6218 | steps_t:  1118 | t: 22.465410 | r:  -480.000000 | e:   0.888200 | Q: -213.878860 | won: False 
#  479 | steps:  6232 | steps_t:  1131 | t: 22.649919 | r:  -469.000000 | e:   0.886900 | Q: -236.986694 | won: False 
#  480 | steps:  6247 | steps_t:  1145 | t: 22.844422 | r:  -481.000000 | e:   0.885500 | Q: -265.225128 | won: False 
#  481 | steps:  6259 | steps_t:  1156 | t: 23.004015 | r:  -456.000000 | e:   0.884400 | Q:        nan | won: False 
#  482 | steps:  6270 | steps_t:  1166 | t: 23.141648 | r:  -488.000000 | e:   0.883400 | Q: -266.481873 | won: False 
#  483 | steps:  6284 | steps_t:  1179 | t: 23.299228 | r:  -469.000000 | e:   0.882100 | Q:        nan | won: False 
#  484 | steps:  6298 | steps_t:  1192 | t: 23.462793 | r:  -502.000000 | e:   0.880800 | Q: -247.791870 | won: False 
#  485 | steps:  6307 | steps_t:  1200 | t: 23.564522 | r:  -464.000000 | e:   0.880000 | Q: -254.341782 | won: False 
#  486 | steps:  6317 | steps_t:  1209 | t: 23.677222 | r:  -443.000000 | e:   0.879100 | Q: -251.334045 | won: False 
#  487 | steps:  6329 | steps_t:  1220 | t: 23.817847 | r:  -456.000000 | e:   0.878000 | Q: -252.065506 | won: False 
#  488 | steps:  6339 | steps_t:  1229 | t: 23.937042 | r:  -454.000000 | e:   0.877100 | Q: -245.692429 | won: False 
#  489 | steps:  6351 | steps_t:  1240 | t: 24.086274 | r:  -456.000000 | e:   0.876000 | Q: -249.767792 | won: False 
#  490 | steps:  6365 | steps_t:  1253 | t: 24.320647 | r:  -469.000000 | e:   0.874700 | Q:        nan | won: False 
#  491 | steps:  6387 | steps_t:  1274 | t: 24.631329 | r:  -466.000000 | e:   0.872600 | Q: -253.864777 | won: False 
#  492 | steps:  6398 | steps_t:  1284 | t: 24.796908 | r:  -499.000000 | e:   0.871600 | Q:        nan | won: False 
#  493 | steps:  6412 | steps_t:  1297 | t: 25.022817 | r:  -491.000000 | e:   0.870300 | Q: -239.371170 | won: False 
#  494 | steps:  6422 | steps_t:  1306 | t: 25.223284 | r:  -465.000000 | e:   0.869400 | Q: -240.713547 | won: False 
#  495 | steps:  6431 | steps_t:  1314 | t: 25.350944 | r:  -486.000000 | e:   0.868600 | Q: -256.373413 | won: False 
#  496 | steps:  6442 | steps_t:  1324 | t: 25.557395 | r:  -466.000000 | e:   0.867600 | Q: -267.067963 | won: False 
#  497 | steps:  6454 | steps_t:  1335 | t: 25.727940 | r:  -445.000000 | e:   0.866500 | Q: -270.869659 | won: False 
#  498 | steps:  6467 | steps_t:  1347 | t: 25.974795 | r:  -490.000000 | e:   0.865300 | Q:        nan | won: False 
#  499 | steps:  6481 | steps_t:  1360 | t: 26.224132 | r:  -469.000000 | e:   0.864000 | Q: -297.777924 | won: False 
#  500 | steps:  6492 | steps_t:  1370 | t: 26.396692 | r:  -488.000000 | e:   0.863000 | Q:        nan | won: False 
#  501 | steps:  6516 | steps_t:  1393 | t: 26.729825 | r:  -490.000000 | e:   0.860700 | Q: -268.452942 | won: False 
#  502 | steps:  6531 | steps_t:  1407 | t: 26.905866 | r:  -470.000000 | e:   0.859300 | Q: -256.872314 | won: False 
#  503 | steps:  6549 | steps_t:  1424 | t: 27.153206 | r:  -462.000000 | e:   0.857600 | Q: -262.289978 | won: False 
#  504 | steps:  6561 | steps_t:  1435 | t: 27.311784 | r:  -489.000000 | e:   0.856500 | Q: -256.150330 | won: False 
#  505 | steps:  6572 | steps_t:  1445 | t: 27.444430 | r:  -466.000000 | e:   0.855500 | Q: -225.689194 | won: False 
#  506 | steps:  6586 | steps_t:  1458 | t: 27.645895 | r:  -480.000000 | e:   0.854200 | Q: -213.869186 | won: False 
#  507 | steps:  6601 | steps_t:  1472 | t: 27.823421 | r:  -481.000000 | e:   0.852800 | Q: -243.790558 | won: False 
#  508 | steps:  6613 | steps_t:  1483 | t: 28.001456 | r:  -500.000000 | e:   0.851700 | Q: -235.759506 | won: False 
#  509 | steps:  6627 | steps_t:  1496 | t: 28.193962 | r:  -480.000000 | e:   0.850400 | Q: -259.416168 | won: False 
#  510 | steps:  6642 | steps_t:  1510 | t: 28.376983 | r:  -492.000000 | e:   0.849000 | Q: -267.739075 | won: False 
#  511 | steps:  6656 | steps_t:  1523 | t: 28.556504 | r:  -414.000000 | e:   0.847700 | Q: -252.325409 | won: False 
#  512 | steps:  6669 | steps_t:  1535 | t: 28.715082 | r:  -479.000000 | e:   0.846500 | Q: -270.034271 | won: False 
#  513 | steps:  6692 | steps_t:  1557 | t: 29.057171 | r:  -467.000000 | e:   0.844300 | Q: -278.760010 | won: False 
#  514 | steps:  6703 | steps_t:  1567 | t: 29.197797 | r:  -444.000000 | e:   0.843300 | Q: -247.015625 | won: False 
#  515 | steps:  6714 | steps_t:  1577 | t: 29.357880 | r:  -488.000000 | e:   0.842300 | Q: -253.152039 | won: False 
#  516 | steps:  6734 | steps_t:  1596 | t: 29.667057 | r:  -431.000000 | e:   0.840400 | Q: -277.189972 | won: False 
#  517 | steps:  6748 | steps_t:  1609 | t: 29.909921 | r:  -480.000000 | e:   0.839100 | Q: -270.057312 | won: False 
#  518 | steps:  6763 | steps_t:  1623 | t: 30.174729 | r:  -470.000000 | e:   0.837700 | Q: -244.439407 | won: False 
#  519 | steps:  6783 | steps_t:  1642 | t: 30.508840 | r:  -497.000000 | e:   0.835800 | Q: -236.777557 | won: False 
#  520 | steps:  6797 | steps_t:  1655 | t: 30.747205 | r:  -491.000000 | e:   0.834500 | Q: -263.289001 | won: False 
#  521 | steps:  6809 | steps_t:  1666 | t: 30.975110 | r:  -489.000000 | e:   0.833400 | Q: -249.698578 | won: False 
#  522 | steps:  6820 | steps_t:  1676 | t: 31.131691 | r:  -477.000000 | e:   0.832400 | Q: -245.318466 | won: False 
#  523 | steps:  6829 | steps_t:  1684 | t: 31.261347 | r:  -486.000000 | e:   0.831600 | Q: -262.581268 | won: False 
#  524 | steps:  6846 | steps_t:  1700 | t: 31.514691 | r:  -461.000000 | e:   0.830000 | Q: -264.591553 | won: False 
#  525 | steps:  6855 | steps_t:  1708 | t: 31.649840 | r:  -453.000000 | e:   0.829200 | Q: -268.675537 | won: False 
#  526 | steps:  6867 | steps_t:  1719 | t: 31.825884 | r:  -489.000000 | e:   0.828100 | Q:        nan | won: False 
#  527 | steps:  6879 | steps_t:  1730 | t: 32.024353 | r:  -478.000000 | e:   0.827000 | Q: -299.246490 | won: False 
#  528 | steps:  6893 | steps_t:  1743 | t: 32.300616 | r:  -491.000000 | e:   0.825700 | Q: -262.740204 | won: False 
#  529 | steps:  6907 | steps_t:  1756 | t: 32.541974 | r:  -480.000000 | e:   0.824400 | Q: -282.459839 | won: False 
#  530 | steps:  6916 | steps_t:  1764 | t: 32.687102 | r:  -453.000000 | e:   0.823600 | Q: -271.711212 | won: False 
#  531 | steps:  6937 | steps_t:  1784 | t: 32.980321 | r:  -432.000000 | e:   0.821600 | Q: -273.388153 | won: False 
#  532 | steps:  6951 | steps_t:  1797 | t: 33.162351 | r:  -491.000000 | e:   0.820300 | Q: -241.686401 | won: False 
#  533 | steps:  6962 | steps_t:  1807 | t: 33.306477 | r:  -488.000000 | e:   0.819300 | Q: -211.256134 | won: False 
#  534 | steps:  6975 | steps_t:  1819 | t: 33.475047 | r:  -490.000000 | e:   0.818100 | Q: -286.710144 | won: False 
#  535 | steps:  6989 | steps_t:  1832 | t: 33.652575 | r:  -491.000000 | e:   0.816800 | Q: -296.239044 | won: False 
#  536 | steps:  7000 | steps_t:  1842 | t: 33.804171 | r:  -499.000000 | e:   0.815800 | Q: -273.274780 | won: False 
#  537 | steps:  7012 | steps_t:  1853 | t: 33.953773 | r:  -445.000000 | e:   0.814700 | Q: -250.254379 | won: False 
#  538 | steps:  7025 | steps_t:  1865 | t: 34.124319 | r:  -479.000000 | e:   0.813500 | Q: -256.219696 | won: False 
#  539 | steps:  7036 | steps_t:  1875 | t: 34.249985 | r:  -477.000000 | e:   0.812500 | Q: -238.185196 | won: False 
#  540 | steps:  7049 | steps_t:  1887 | t: 34.413059 | r:  -479.000000 | e:   0.811300 | Q: -241.147537 | won: False 
#  541 | steps:  7059 | steps_t:  1896 | t: 34.531742 | r:  -487.000000 | e:   0.810400 | Q: -346.569489 | won: False 
#  542 | steps:  7071 | steps_t:  1907 | t: 34.711263 | r:  -489.000000 | e:   0.809300 | Q: -267.569824 | won: False 
#  543 | steps:  7104 | steps_t:  1939 | t: 35.110519 | r:  -455.000000 | e:   0.806100 | Q: -278.852966 | won: False 
#  544 | steps:  7114 | steps_t:  1948 | t: 35.233210 | r:  -476.000000 | e:   0.805200 | Q: -228.230209 | won: False 
#  545 | steps:  7127 | steps_t:  1960 | t: 35.397771 | r:  -490.000000 | e:   0.804000 | Q: -237.636002 | won: False 
#  546 | steps:  7165 | steps_t:  1997 | t: 35.889462 | r:  -460.000000 | e:   0.800300 | Q: -256.549866 | won: False 
#  547 | steps:  7179 | steps_t:  2010 | t: 36.104888 | r:  -469.000000 | e:   0.799000 | Q: -283.066925 | won: False 
#  548 | steps:  7192 | steps_t:  2022 | t: 36.289907 | r:  -468.000000 | e:   0.797800 | Q: -275.759857 | won: False 
#  549 | steps:  7208 | steps_t:  2037 | t: 36.514309 | r:  -482.000000 | e:   0.796300 | Q: -263.572327 | won: False 
#  550 | steps:  7220 | steps_t:  2048 | t: 36.659434 | r:  -489.000000 | e:   0.795200 | Q:        nan | won: False 
#  551 | steps:  7238 | steps_t:  2065 | t: 36.884852 | r:  -440.000000 | e:   0.793500 | Q: -328.991882 | won: False 
#  552 | steps:  7251 | steps_t:  2077 | t: 37.069381 | r:  -479.000000 | e:   0.792300 | Q: -240.271469 | won: False 
#  553 | steps:  7262 | steps_t:  2087 | t: 37.194049 | r:  -488.000000 | e:   0.791300 | Q: -351.333435 | won: False 
#  554 | steps:  7270 | steps_t:  2094 | t: 37.281815 | r:  -474.000000 | e:   0.790600 | Q: -221.274292 | won: False 
#  555 | steps:  7298 | steps_t:  2121 | t: 37.622907 | r:  -406.000000 | e:   0.787900 | Q: -220.268967 | won: False 
#  556 | steps:  7336 | steps_t:  2158 | t: 38.075700 | r:  -427.000000 | e:   0.784200 | Q: -272.727448 | won: False 
#  557 | steps:  7346 | steps_t:  2167 | t: 38.193386 | r:  -465.000000 | e:   0.783300 | Q: -258.354187 | won: False 
#  558 | steps:  7356 | steps_t:  2176 | t: 38.311073 | r:  -454.000000 | e:   0.782400 | Q: -202.127914 | won: False 
#  559 | steps:  7369 | steps_t:  2188 | t: 38.527515 | r:  -457.000000 | e:   0.781200 | Q: -391.837128 | won: False 
#  560 | steps:  7379 | steps_t:  2197 | t: 38.662175 | r:  -465.000000 | e:   0.780300 | Q: -248.359390 | won: False 
#  561 | steps:  7399 | steps_t:  2216 | t: 38.946925 | r:  -409.000000 | e:   0.778400 | Q: -363.571869 | won: False 
#  562 | steps:  7410 | steps_t:  2226 | t: 39.089544 | r:  -466.000000 | e:   0.777400 | Q: -341.678833 | won: False 
#  563 | steps:  7418 | steps_t:  2233 | t: 39.194266 | r:  -441.000000 | e:   0.776700 | Q: -218.052338 | won: False 
#  564 | steps:  7441 | steps_t:  2255 | t: 39.499451 | r:  -489.000000 | e:   0.774500 | Q: -226.786804 | won: False 
#  565 | steps:  7472 | steps_t:  2285 | t: 39.922326 | r:  -442.000000 | e:   0.771500 | Q: -276.632690 | won: False 
#  566 | steps:  7481 | steps_t:  2293 | t: 40.046993 | r:  -453.000000 | e:   0.770700 | Q: -261.141571 | won: False 
#  567 | steps:  7493 | steps_t:  2304 | t: 40.199097 | r:  -500.000000 | e:   0.769600 | Q: -265.190491 | won: False 
#  568 | steps:  7504 | steps_t:  2314 | t: 40.327269 | r:  -488.000000 | e:   0.768600 | Q: -242.737411 | won: False 
#  569 | steps:  7519 | steps_t:  2328 | t: 40.511778 | r:  -492.000000 | e:   0.767200 | Q: -199.529648 | won: False 
#  570 | steps:  7530 | steps_t:  2338 | t: 40.645422 | r:  -466.000000 | e:   0.766200 | Q: -195.905930 | won: False 
#  571 | steps:  7545 | steps_t:  2352 | t: 40.860847 | r:  -470.000000 | e:   0.764800 | Q: -208.108719 | won: False 
#  572 | steps:  7559 | steps_t:  2365 | t: 41.036380 | r:  -480.000000 | e:   0.763500 | Q: -324.531738 | won: False 
#  573 | steps:  7575 | steps_t:  2380 | t: 41.243828 | r:  -471.000000 | e:   0.762000 | Q: -198.347916 | won: False 
#  574 | steps:  7591 | steps_t:  2395 | t: 41.461248 | r:  -449.000000 | e:   0.760500 | Q: -207.118591 | won: False 
#  575 | steps:  7612 | steps_t:  2415 | t: 41.740013 | r:  -465.000000 | e:   0.758500 | Q: -297.330597 | won: False 
#  576 | steps:  7625 | steps_t:  2427 | t: 41.907079 | r:  -468.000000 | e:   0.757300 | Q: -180.297806 | won: False 
#  577 | steps:  7647 | steps_t:  2448 | t: 42.200297 | r:  -433.000000 | e:   0.755200 | Q: -208.167786 | won: False 
#  578 | steps:  7663 | steps_t:  2463 | t: 42.402756 | r:  -471.000000 | e:   0.753700 | Q: -430.872192 | won: False 
#  579 | steps:  7672 | steps_t:  2471 | t: 42.516454 | r:  -453.000000 | e:   0.752900 | Q: -196.026367 | won: False 
#  580 | steps:  7683 | steps_t:  2481 | t: 42.643117 | r:  -488.000000 | e:   0.751900 | Q:        nan | won: False 
#  581 | steps:  7693 | steps_t:  2490 | t: 42.773279 | r:  -476.000000 | e:   0.751000 | Q: -207.331207 | won: False 
#  582 | steps:  7708 | steps_t:  2504 | t: 42.949809 | r:  -470.000000 | e:   0.749600 | Q: -274.294342 | won: False 
#  583 | steps:  7722 | steps_t:  2517 | t: 43.120354 | r:  -491.000000 | e:   0.748300 | Q: -212.795502 | won: False 
#  584 | steps:  7734 | steps_t:  2528 | t: 43.255504 | r:  -478.000000 | e:   0.747200 | Q: -334.954224 | won: False 
#  585 | steps:  7744 | steps_t:  2537 | t: 43.391162 | r:  -454.000000 | e:   0.746300 | Q: -224.219284 | won: False 
#  586 | steps:  7753 | steps_t:  2545 | t: 43.494396 | r:  -464.000000 | e:   0.745500 | Q: -218.581940 | won: False 
#  587 | steps:  7765 | steps_t:  2556 | t: 43.635022 | r:  -500.000000 | e:   0.744400 | Q: -202.839218 | won: False 
#  588 | steps:  7779 | steps_t:  2569 | t: 43.816538 | r:  -491.000000 | e:   0.743100 | Q: -214.391510 | won: False 
#  589 | steps:  7794 | steps_t:  2583 | t: 44.009025 | r:  -492.000000 | e:   0.741700 | Q: -352.856659 | won: False 
#  590 | steps:  7806 | steps_t:  2594 | t: 44.153639 | r:  -478.000000 | e:   0.740600 | Q: -279.499084 | won: False 
#  591 | steps:  7820 | steps_t:  2607 | t: 44.318201 | r:  -469.000000 | e:   0.739300 | Q: -417.648468 | won: False 
#  592 | steps:  7841 | steps_t:  2627 | t: 44.588118 | r:  -476.000000 | e:   0.737300 | Q: -248.614273 | won: False 
#  593 | steps:  7855 | steps_t:  2640 | t: 44.769635 | r:  -458.000000 | e:   0.736000 | Q: -229.732788 | won: False 
#  594 | steps:  7877 | steps_t:  2661 | t: 45.045853 | r:  -466.000000 | e:   0.733900 | Q: -250.173080 | won: False 
#  595 | steps:  7890 | steps_t:  2673 | t: 45.238362 | r:  -490.000000 | e:   0.732700 | Q: -204.268539 | won: False 
#  596 | steps:  7903 | steps_t:  2685 | t: 45.413894 | r:  -468.000000 | e:   0.731500 | Q: -276.533752 | won: False 
#  597 | steps:  7924 | steps_t:  2705 | t: 45.690159 | r:  -421.000000 | e:   0.729500 | Q: -188.840012 | won: False 
#  598 | steps:  7943 | steps_t:  2723 | t: 45.952459 | r:  -474.000000 | e:   0.727700 | Q: -215.389359 | won: False 
#  599 | steps:  7955 | steps_t:  2734 | t: 46.132977 | r:  -478.000000 | e:   0.726600 | Q: -209.909988 | won: False 
#  600 | steps:  7967 | steps_t:  2745 | t: 46.296542 | r:  -489.000000 | e:   0.725500 | Q: -261.099274 | won: False 
#  601 | steps:  7985 | steps_t:  2762 | t: 46.519946 | r:  -495.000000 | e:   0.723800 | Q: -213.456909 | won: False 
#  602 | steps:  7999 | steps_t:  2775 | t: 46.709462 | r:  -469.000000 | e:   0.722500 | Q: -219.945023 | won: False 
#  603 | steps:  8015 | steps_t:  2790 | t: 46.943838 | r:  -482.000000 | e:   0.721000 | Q: -222.520844 | won: False 
#  604 | steps:  8026 | steps_t:  2800 | t: 47.105407 | r:  -488.000000 | e:   0.720000 | Q: -230.698807 | won: False 
#  605 | steps:  8039 | steps_t:  2812 | t: 47.283931 | r:  -479.000000 | e:   0.718800 | Q: -234.550095 | won: False 
#  606 | steps:  8051 | steps_t:  2823 | t: 47.432535 | r:  -478.000000 | e:   0.717700 | Q: -218.993118 | won: False 
#  607 | steps:  8067 | steps_t:  2838 | t: 47.658932 | r:  -460.000000 | e:   0.716200 | Q: -201.169617 | won: False 
#  608 | steps:  8078 | steps_t:  2848 | t: 47.798560 | r:  -477.000000 | e:   0.715200 | Q:        nan | won: False 
#  609 | steps:  8092 | steps_t:  2861 | t: 47.975089 | r:  -458.000000 | e:   0.713900 | Q: -321.315460 | won: False 
#  610 | steps:  8105 | steps_t:  2873 | t: 48.144147 | r:  -490.000000 | e:   0.712700 | Q: -311.894958 | won: False 
#  611 | steps:  8121 | steps_t:  2888 | t: 48.339136 | r:  -449.000000 | e:   0.711200 | Q: -277.880066 | won: False 
#  612 | steps:  8135 | steps_t:  2901 | t: 48.504696 | r:  -480.000000 | e:   0.709900 | Q: -397.331940 | won: False 
#  613 | steps:  8143 | steps_t:  2908 | t: 48.598445 | r:  -463.000000 | e:   0.709200 | Q: -198.664490 | won: False 
#  614 | steps:  8157 | steps_t:  2921 | t: 48.761013 | r:  -469.000000 | e:   0.707900 | Q: -359.125793 | won: False 
#  615 | steps:  8166 | steps_t:  2929 | t: 48.868725 | r:  -464.000000 | e:   0.707100 | Q: -195.825012 | won: False 
#  616 | steps:  8176 | steps_t:  2938 | t: 49.018327 | r:  -476.000000 | e:   0.706200 | Q: -200.040176 | won: False 
#  617 | steps:  8189 | steps_t:  2950 | t: 49.181892 | r:  -468.000000 | e:   0.705000 | Q: -202.094223 | won: False 
#  618 | steps:  8200 | steps_t:  2960 | t: 49.315535 | r:  -488.000000 | e:   0.704000 | Q: -227.336349 | won: False 
#  619 | steps:  8211 | steps_t:  2970 | t: 49.464138 | r:  -477.000000 | e:   0.703000 | Q: -233.578735 | won: False 
#  620 | steps:  8221 | steps_t:  2979 | t: 49.587809 | r:  -487.000000 | e:   0.702100 | Q: -227.670059 | won: False 
#  621 | steps:  8233 | steps_t:  2990 | t: 49.743414 | r:  -489.000000 | e:   0.701000 | Q: -246.745209 | won: False 
#  622 | steps:  8246 | steps_t:  3002 | t: 49.917949 | r:  -490.000000 | e:   0.699800 | Q: -271.768219 | won: False 
#  623 | steps:  8256 | steps_t:  3011 | t: 50.044612 | r:  -476.000000 | e:   0.698900 | Q: -341.275452 | won: False 
#  624 | steps:  8270 | steps_t:  3024 | t: 50.277991 | r:  -469.000000 | e:   0.697600 | Q: -331.850800 | won: False 
#  625 | steps:  8291 | steps_t:  3044 | t: 50.569215 | r:  -421.000000 | e:   0.695600 | Q: -370.668976 | won: False 
#  626 | steps:  8305 | steps_t:  3057 | t: 50.750241 | r:  -458.000000 | e:   0.694300 | Q: -236.833282 | won: False 
#  627 | steps:  8313 | steps_t:  3064 | t: 50.843991 | r:  -452.000000 | e:   0.693600 | Q: -205.631958 | won: False 
#  628 | steps:  8326 | steps_t:  3076 | t: 51.015534 | r:  -479.000000 | e:   0.692400 | Q: -341.788849 | won: False 
#  629 | steps:  8336 | steps_t:  3085 | t: 51.147693 | r:  -465.000000 | e:   0.691500 | Q: -274.453644 | won: False 
#  630 | steps:  8406 | steps_t:  3154 | t: 52.149182 | r:  -364.000000 | e:   0.684600 | Q: -227.085999 | won: False 
#  631 | steps:  8424 | steps_t:  3171 | t: 52.371590 | r:  -484.000000 | e:   0.682900 | Q: -328.834137 | won: False 
#  632 | steps:  8438 | steps_t:  3184 | t: 52.539143 | r:  -458.000000 | e:   0.681600 | Q: -264.937195 | won: False 
#  633 | steps:  8452 | steps_t:  3197 | t: 52.708691 | r:  -436.000000 | e:   0.680300 | Q: -297.562042 | won: False 
#  634 | steps:  8463 | steps_t:  3207 | t: 52.846324 | r:  -466.000000 | e:   0.679300 | Q: -296.290833 | won: False 
#  635 | steps:  8479 | steps_t:  3222 | t: 53.044309 | r:  -460.000000 | e:   0.677800 | Q: -220.567978 | won: False 
#  636 | steps:  8492 | steps_t:  3234 | t: 53.205388 | r:  -490.000000 | e:   0.676600 | Q: -240.882339 | won: False 
#  637 | steps:  8507 | steps_t:  3248 | t: 53.408846 | r:  -459.000000 | e:   0.675200 | Q: -366.504181 | won: False 
#  638 | steps:  8521 | steps_t:  3261 | t: 53.612305 | r:  -414.000000 | e:   0.673900 | Q: -219.891312 | won: False 
#  639 | steps:  8531 | steps_t:  3270 | t: 53.734977 | r:  -476.000000 | e:   0.673000 | Q: -367.603271 | won: False 
#  640 | steps:  8542 | steps_t:  3280 | t: 53.884579 | r:  -499.000000 | e:   0.672000 | Q: -219.298126 | won: False 
#  641 | steps:  8551 | steps_t:  3288 | t: 53.997278 | r:  -475.000000 | e:   0.671200 | Q:        nan | won: False 
#  642 | steps:  8569 | steps_t:  3305 | t: 54.268556 | r:  -429.000000 | e:   0.669500 | Q: -356.523407 | won: False 
#  643 | steps:  8582 | steps_t:  3317 | t: 54.431122 | r:  -490.000000 | e:   0.668300 | Q: -209.720001 | won: False 
#  644 | steps:  8597 | steps_t:  3331 | t: 54.621124 | r:  -459.000000 | e:   0.666900 | Q: -223.148193 | won: False 
#  645 | steps:  8609 | steps_t:  3342 | t: 54.772230 | r:  -500.000000 | e:   0.665800 | Q: -305.106842 | won: False 
#  646 | steps:  8621 | steps_t:  3353 | t: 54.980674 | r:  -478.000000 | e:   0.664700 | Q: -289.452576 | won: False 
#  647 | steps:  8634 | steps_t:  3365 | t: 55.155209 | r:  -490.000000 | e:   0.663500 | Q: -341.458862 | won: False 
#  648 | steps:  8653 | steps_t:  3383 | t: 55.430476 | r:  -485.000000 | e:   0.661700 | Q: -280.918976 | won: False 
#  649 | steps:  8661 | steps_t:  3390 | t: 55.557138 | r:  -430.000000 | e:   0.661000 | Q: -247.409012 | won: False 
#  650 | steps:  8672 | steps_t:  3400 | t: 55.711727 | r:  -477.000000 | e:   0.660000 | Q: -225.170654 | won: False 
#  651 | steps:  8689 | steps_t:  3416 | t: 55.941115 | r:  -450.000000 | e:   0.658400 | Q: -304.251190 | won: False 
#  652 | steps:  8699 | steps_t:  3425 | t: 56.059799 | r:  -465.000000 | e:   0.657500 | Q: -176.701828 | won: False 
#  653 | steps:  8708 | steps_t:  3433 | t: 56.181475 | r:  -453.000000 | e:   0.656700 | Q: -287.670135 | won: False 
#  654 | steps:  8722 | steps_t:  3446 | t: 56.360996 | r:  -469.000000 | e:   0.655400 | Q: -245.064987 | won: False 
#  655 | steps:  8744 | steps_t:  3467 | t: 56.709069 | r:  -444.000000 | e:   0.653300 | Q: -241.872620 | won: False 
#  656 | steps:  8756 | steps_t:  3478 | t: 56.870639 | r:  -478.000000 | e:   0.652200 | Q: -217.390457 | won: False 
#  657 | steps:  8766 | steps_t:  3487 | t: 57.001290 | r:  -476.000000 | e:   0.651300 | Q: -283.799896 | won: False 
#  658 | steps:  8781 | steps_t:  3501 | t: 57.177774 | r:  -393.000000 | e:   0.649900 | Q: -253.151321 | won: False 
#  659 | steps:  8801 | steps_t:  3520 | t: 57.445571 | r:  -409.000000 | e:   0.648000 | Q: -217.716156 | won: False 
#  660 | steps:  8809 | steps_t:  3527 | t: 57.554798 | r:  -441.000000 | e:   0.647300 | Q: -226.115799 | won: False 
#  661 | steps:  8819 | steps_t:  3536 | t: 57.688463 | r:  -476.000000 | e:   0.646400 | Q: -238.498062 | won: False 
#  662 | steps:  8829 | steps_t:  3545 | t: 57.811137 | r:  -432.000000 | e:   0.645500 | Q: -252.960999 | won: False 
#  663 | steps:  8844 | steps_t:  3559 | t: 58.000631 | r:  -448.000000 | e:   0.644100 | Q: -253.830276 | won: False 
#  664 | steps:  8857 | steps_t:  3571 | t: 58.178158 | r:  -479.000000 | e:   0.642900 | Q: -347.890137 | won: False 
#  665 | steps:  8869 | steps_t:  3582 | t: 58.326766 | r:  -478.000000 | e:   0.641800 | Q: -260.777374 | won: False 
#  666 | steps:  8879 | steps_t:  3591 | t: 58.478359 | r:  -454.000000 | e:   0.640900 | Q: -236.459061 | won: False 
#  667 | steps:  8888 | steps_t:  3599 | t: 58.601478 | r:  -453.000000 | e:   0.640100 | Q: -214.731094 | won: False 
#  668 | steps:  8929 | steps_t:  3639 | t: 59.162492 | r:  -496.000000 | e:   0.636100 | Q: -232.504593 | won: False 
#  669 | steps:  8941 | steps_t:  3650 | t: 59.307122 | r:  -445.000000 | e:   0.635000 | Q: -256.554474 | won: False 
#  670 | steps:  8953 | steps_t:  3661 | t: 59.636754 | r:  -500.000000 | e:   0.633900 | Q: -347.884735 | won: False 
#  671 | steps:  8963 | steps_t:  3670 | t: 59.769400 | r:  -476.000000 | e:   0.633000 | Q: -284.515717 | won: False 
#  672 | steps:  8980 | steps_t:  3686 | t: 59.999787 | r:  -406.000000 | e:   0.631400 | Q: -216.928238 | won: False 
#  673 | steps:  8992 | steps_t:  3697 | t: 60.158364 | r:  -478.000000 | e:   0.630300 | Q: -161.883652 | won: False 
#  674 | steps:  9007 | steps_t:  3711 | t: 60.355351 | r:  -448.000000 | e:   0.628900 | Q: -182.287476 | won: False 
#  675 | steps:  9020 | steps_t:  3723 | t: 60.526892 | r:  -457.000000 | e:   0.627700 | Q: -226.114517 | won: False 
#  676 | steps:  9038 | steps_t:  3740 | t: 60.776229 | r:  -451.000000 | e:   0.626000 | Q: -313.899536 | won: False 
#  677 | steps:  9050 | steps_t:  3751 | t: 60.991165 | r:  -478.000000 | e:   0.624900 | Q: -192.390991 | won: False 
#  678 | steps:  9062 | steps_t:  3762 | t: 61.189147 | r:  -467.000000 | e:   0.623800 | Q: -210.664413 | won: False 
#  679 | steps:  9076 | steps_t:  3775 | t: 61.371661 | r:  -480.000000 | e:   0.622500 | Q: -237.586029 | won: False 
#  680 | steps:  9091 | steps_t:  3789 | t: 61.601050 | r:  -481.000000 | e:   0.621100 | Q: -263.246552 | won: False 
#  681 | steps:  9103 | steps_t:  3800 | t: 61.756636 | r:  -489.000000 | e:   0.620000 | Q: -331.813538 | won: False 
#  682 | steps:  9119 | steps_t:  3815 | t: 62.011955 | r:  -416.000000 | e:   0.618500 | Q: -220.147003 | won: False 
#  683 | steps:  9132 | steps_t:  3827 | t: 62.170532 | r:  -457.000000 | e:   0.617300 | Q: -197.755539 | won: False 
#  684 | steps:  9146 | steps_t:  3840 | t: 62.374501 | r:  -502.000000 | e:   0.616000 | Q: -192.368576 | won: False 
#  685 | steps:  9161 | steps_t:  3854 | t: 62.578956 | r:  -459.000000 | e:   0.614600 | Q: -340.420349 | won: False 
#  686 | steps:  9177 | steps_t:  3869 | t: 62.782415 | r:  -482.000000 | e:   0.613100 | Q: -296.127563 | won: False 
#  687 | steps:  9191 | steps_t:  3882 | t: 62.951963 | r:  -458.000000 | e:   0.611800 | Q: -271.872223 | won: False 
#  688 | steps:  9203 | steps_t:  3893 | t: 63.107548 | r:  -478.000000 | e:   0.610700 | Q: -306.374054 | won: False 
#  689 | steps:  9217 | steps_t:  3906 | t: 63.306036 | r:  -447.000000 | e:   0.609400 | Q: -273.330292 | won: False 
#  690 | steps:  9238 | steps_t:  3926 | t: 63.575319 | r:  -454.000000 | e:   0.607400 | Q: -230.164062 | won: False 
#  691 | steps:  9252 | steps_t:  3939 | t: 63.761333 | r:  -491.000000 | e:   0.606100 | Q: -214.013260 | won: False 
#  692 | steps:  9266 | steps_t:  3952 | t: 63.955833 | r:  -480.000000 | e:   0.604800 | Q: -226.285889 | won: False 
#  693 | steps:  9279 | steps_t:  3964 | t: 64.111433 | r:  -490.000000 | e:   0.603600 | Q: -252.689117 | won: False 
#  694 | steps:  9293 | steps_t:  3977 | t: 64.288963 | r:  -480.000000 | e:   0.602300 | Q: -269.806396 | won: False 
#  695 | steps:  9319 | steps_t:  4002 | t: 64.674935 | r:  -437.000000 | e:   0.599800 | Q: -267.834045 | won: False 
#  696 | steps:  9349 | steps_t:  4031 | t: 65.061414 | r:  -452.000000 | e:   0.596900 | Q: -238.730453 | won: False 
#  697 | steps:  9376 | steps_t:  4057 | t: 65.412481 | r:  -438.000000 | e:   0.594300 | Q: -235.014664 | won: False 
#  698 | steps:  9391 | steps_t:  4071 | t: 65.625425 | r:  -470.000000 | e:   0.592900 | Q: -231.142792 | won: False 
#  699 | steps:  9404 | steps_t:  4083 | t: 65.788501 | r:  -490.000000 | e:   0.591700 | Q: -259.062653 | won: False 
#  700 | steps:  9425 | steps_t:  4103 | t: 66.093688 | r:  -487.000000 | e:   0.589700 | Q: -250.796585 | won: False 
#  701 | steps:  9436 | steps_t:  4113 | t: 66.223343 | r:  -466.000000 | e:   0.588700 | Q:        nan | won: False 
#  702 | steps:  9450 | steps_t:  4126 | t: 66.408848 | r:  -480.000000 | e:   0.587400 | Q: -319.177856 | won: False 
#  703 | steps:  9480 | steps_t:  4155 | t: 66.806787 | r:  -485.000000 | e:   0.584500 | Q: -227.735794 | won: False 
#  704 | steps:  9494 | steps_t:  4168 | t: 66.984314 | r:  -447.000000 | e:   0.583200 | Q: -216.037109 | won: False 
#  705 | steps:  9510 | steps_t:  4183 | t: 67.221193 | r:  -449.000000 | e:   0.581700 | Q: -217.932968 | won: False 
#  706 | steps:  9524 | steps_t:  4196 | t: 67.398232 | r:  -469.000000 | e:   0.580400 | Q: -237.946365 | won: False 
#  707 | steps:  9539 | steps_t:  4210 | t: 67.582741 | r:  -470.000000 | e:   0.579000 | Q: -227.783218 | won: False 
#  708 | steps:  9549 | steps_t:  4219 | t: 67.703418 | r:  -454.000000 | e:   0.578100 | Q: -235.056900 | won: False 
#  709 | steps:  9563 | steps_t:  4232 | t: 67.903885 | r:  -480.000000 | e:   0.576800 | Q: -236.213882 | won: False 
#  710 | steps:  9573 | steps_t:  4241 | t: 68.031544 | r:  -476.000000 | e:   0.575900 | Q: -255.704788 | won: False 
#  711 | steps:  9582 | steps_t:  4249 | t: 68.152223 | r:  -431.000000 | e:   0.575100 | Q: -219.184189 | won: False 
#  712 | steps:  9594 | steps_t:  4260 | t: 68.310800 | r:  -478.000000 | e:   0.574000 | Q: -211.275742 | won: False 
#  713 | steps:  9608 | steps_t:  4273 | t: 68.497307 | r:  -491.000000 | e:   0.572700 | Q: -222.588821 | won: False 
#  714 | steps:  9637 | steps_t:  4301 | t: 68.883299 | r:  -385.000000 | e:   0.569900 | Q: -261.694214 | won: False 
#  715 | steps:  9668 | steps_t:  4331 | t: 69.307170 | r:  -475.000000 | e:   0.566900 | Q: -265.541229 | won: False 
#  716 | steps:  9687 | steps_t:  4349 | t: 69.557503 | r:  -452.000000 | e:   0.565100 | Q: -199.086731 | won: False 
#  717 | steps:  9701 | steps_t:  4362 | t: 69.735235 | r:  -447.000000 | e:   0.563800 | Q: -211.708878 | won: False 
#  718 | steps:  9714 | steps_t:  4374 | t: 69.932224 | r:  -479.000000 | e:   0.562600 | Q: -292.885498 | won: False 
#  719 | steps:  9726 | steps_t:  4385 | t: 70.083820 | r:  -489.000000 | e:   0.561500 | Q: -220.629227 | won: False 
#  720 | steps:  9739 | steps_t:  4397 | t: 70.239406 | r:  -479.000000 | e:   0.560300 | Q: -279.044403 | won: False 
#  721 | steps:  9754 | steps_t:  4411 | t: 70.454363 | r:  -459.000000 | e:   0.558900 | Q: -270.172211 | won: False 
#  722 | steps:  9769 | steps_t:  4425 | t: 70.674288 | r:  -448.000000 | e:   0.557500 | Q: -233.804489 | won: False 
#  723 | steps:  9789 | steps_t:  4444 | t: 70.937586 | r:  -420.000000 | e:   0.555600 | Q: -210.247269 | won: False 
#  724 | steps:  9802 | steps_t:  4456 | t: 71.130073 | r:  -457.000000 | e:   0.554400 | Q: -236.968384 | won: False 
#  725 | steps:  9810 | steps_t:  4463 | t: 71.244768 | r:  -441.000000 | e:   0.553700 | Q: -246.946686 | won: False 
#  726 | steps:  9824 | steps_t:  4476 | t: 71.442242 | r:  -447.000000 | e:   0.552400 | Q: -229.188217 | won: False 
#  727 | steps:  9837 | steps_t:  4488 | t: 71.628461 | r:  -490.000000 | e:   0.551200 | Q: -202.836731 | won: False 
#  728 | steps:  9850 | steps_t:  4500 | t: 71.790030 | r:  -490.000000 | e:   0.550000 | Q: -435.835205 | won: False 
#  729 | steps:  9866 | steps_t:  4515 | t: 72.014474 | r:  -482.000000 | e:   0.548500 | Q: -227.987671 | won: False 
#  730 | steps:  9879 | steps_t:  4527 | t: 72.189982 | r:  -490.000000 | e:   0.547300 | Q: -226.086884 | won: False 
#  731 | steps:  9892 | steps_t:  4539 | t: 72.363546 | r:  -490.000000 | e:   0.546100 | Q: -318.141449 | won: False 
#  732 | steps:  9906 | steps_t:  4552 | t: 72.638810 | r:  -469.000000 | e:   0.544800 | Q: -202.753983 | won: False 
#  733 | steps:  9921 | steps_t:  4566 | t: 72.890141 | r:  -448.000000 | e:   0.543400 | Q: -186.805542 | won: False 
#  734 | steps:  9933 | steps_t:  4577 | t: 73.084622 | r:  -478.000000 | e:   0.542300 | Q: -190.691544 | won: False 
#  735 | steps:  9948 | steps_t:  4591 | t: 73.298560 | r:  -448.000000 | e:   0.540900 | Q: -213.579437 | won: False 
#  736 | steps:  9969 | steps_t:  4611 | t: 73.612723 | r:  -421.000000 | e:   0.538900 | Q: -231.317093 | won: False 
#  737 | steps:  9979 | steps_t:  4620 | t: 73.746367 | r:  -465.000000 | e:   0.538000 | Q: -204.766769 | won: False 
#  738 | steps:  9994 | steps_t:  4634 | t: 73.952835 | r:  -448.000000 | e:   0.536600 | Q: -191.226593 | won: False 
#  739 | steps: 10008 | steps_t:  4647 | t: 74.142345 | r:  -480.000000 | e:   0.535300 | Q: -315.124481 | won: False 
#  740 | steps: 10025 | steps_t:  4663 | t: 74.457014 | r:  -483.000000 | e:   0.533700 | Q: -212.098663 | won: False 
#  741 | steps: 10036 | steps_t:  4673 | t: 74.628557 | r:  -466.000000 | e:   0.532700 | Q: -274.589478 | won: False 
#  742 | steps: 10051 | steps_t:  4687 | t: 74.826031 | r:  -481.000000 | e:   0.531300 | Q: -213.543320 | won: False 
#  743 | steps: 10066 | steps_t:  4701 | t: 77.016503 | r:  -437.000000 | e:   0.529900 | Q: -199.231827 | won: False 
#  744 | steps: 10077 | steps_t:  4711 | t: 77.202518 | r:  -488.000000 | e:   0.528900 | Q: -238.883179 | won: False 
#  745 | steps: 10100 | steps_t:  4733 | t: 77.575036 | r:  -401.000000 | e:   0.526700 | Q: -279.107971 | won: False 
#  746 | steps: 10113 | steps_t:  4745 | t: 77.786473 | r:  -479.000000 | e:   0.525500 | Q: -233.253830 | won: False 
#  747 | steps: 10132 | steps_t:  4763 | t: 78.087671 | r:  -408.000000 | e:   0.523700 | Q: -225.065231 | won: False 
#  748 | steps: 10149 | steps_t:  4779 | t: 78.326547 | r:  -428.000000 | e:   0.522100 | Q: -208.520660 | won: False 
#  749 | steps: 10165 | steps_t:  4794 | t: 78.540619 | r:  -427.000000 | e:   0.520600 | Q: -233.955841 | won: False 
#  750 | steps: 10178 | steps_t:  4806 | t: 78.742082 | r:  -468.000000 | e:   0.519400 | Q: -205.993118 | won: False 
#  751 | steps: 10193 | steps_t:  4820 | t: 78.937577 | r:  -415.000000 | e:   0.518000 | Q: -239.403824 | won: False 
#  752 | steps: 10212 | steps_t:  4838 | t: 79.201874 | r:  -463.000000 | e:   0.516200 | Q: -217.267014 | won: False 
#  753 | steps: 10227 | steps_t:  4852 | t: 79.413311 | r:  -470.000000 | e:   0.514800 | Q: -173.880676 | won: False 
#  754 | steps: 10241 | steps_t:  4865 | t: 79.584853 | r:  -480.000000 | e:   0.513500 | Q: -187.069244 | won: False 
#  755 | steps: 10254 | steps_t:  4877 | t: 79.782328 | r:  -479.000000 | e:   0.512300 | Q: -233.989929 | won: False 
#  756 | steps: 10266 | steps_t:  4888 | t: 79.937424 | r:  -434.000000 | e:   0.511200 | Q: -226.271957 | won: False 
#  757 | steps: 10276 | steps_t:  4897 | t: 80.054587 | r:  -465.000000 | e:   0.510300 | Q: -230.431213 | won: False 
#  758 | steps: 10299 | steps_t:  4919 | t: 80.367753 | r:  -434.000000 | e:   0.508100 | Q: -284.865967 | won: False 
#  759 | steps: 10313 | steps_t:  4932 | t: 80.548293 | r:  -414.000000 | e:   0.506800 | Q: -208.436478 | won: False 
#  760 | steps: 10330 | steps_t:  4948 | t: 80.768217 | r:  -461.000000 | e:   0.505200 | Q: -230.707535 | won: False 
#  761 | steps: 10345 | steps_t:  4962 | t: 80.967685 | r:  -470.000000 | e:   0.503800 | Q: -231.593628 | won: False 
#  762 | steps: 10360 | steps_t:  4976 | t: 81.155188 | r:  -437.000000 | e:   0.502400 | Q: -293.093231 | won: False 
#  763 | steps: 10373 | steps_t:  4988 | t: 81.319747 | r:  -424.000000 | e:   0.501200 | Q: -175.572449 | won: False 
#  764 | steps: 10384 | steps_t:  4998 | t: 81.465359 | r:  -466.000000 | e:   0.500200 | Q: -160.821274 | won: False 
#  765 | steps: 10400 | steps_t:  5013 | t: 81.703232 | r:  -471.000000 | e:   0.498700 | Q: -177.984985 | won: False 
#  766 | steps: 10411 | steps_t:  5023 | t: 81.846852 | r:  -477.000000 | e:   0.497700 | Q: -210.799881 | won: False 
#  767 | steps: 10422 | steps_t:  5033 | t: 81.996452 | r:  -477.000000 | e:   0.496700 | Q: -230.024170 | won: False 
#  768 | steps: 10433 | steps_t:  5043 | t: 82.130111 | r:  -488.000000 | e:   0.495700 | Q: -222.367783 | won: False 
#  769 | steps: 10451 | steps_t:  5060 | t: 82.406393 | r:  -495.000000 | e:   0.494000 | Q: -221.543137 | won: False 
#  770 | steps: 10465 | steps_t:  5073 | t: 82.583432 | r:  -447.000000 | e:   0.492700 | Q: -259.157623 | won: False 
#  771 | steps: 10475 | steps_t:  5082 | t: 82.708100 | r:  -454.000000 | e:   0.491800 | Q: -217.242004 | won: False 
#  772 | steps: 10484 | steps_t:  5090 | t: 82.827780 | r:  -442.000000 | e:   0.491000 | Q: -191.671509 | won: False 
#  773 | steps: 10491 | steps_t:  5096 | t: 82.908565 | r:  -440.000000 | e:   0.490400 | Q: -192.576859 | won: False 
#  774 | steps: 10505 | steps_t:  5109 | t: 83.107036 | r:  -469.000000 | e:   0.489100 | Q: -255.358917 | won: False 
#  775 | steps: 10516 | steps_t:  5119 | t: 83.249657 | r:  -477.000000 | e:   0.488100 | Q: -235.597580 | won: False 
#  776 | steps: 10530 | steps_t:  5132 | t: 83.423194 | r:  -480.000000 | e:   0.486800 | Q: -224.475281 | won: False 
#  777 | steps: 10543 | steps_t:  5144 | t: 83.598727 | r:  -457.000000 | e:   0.485600 | Q: -292.396271 | won: False 
#  778 | steps: 10562 | steps_t:  5162 | t: 83.855554 | r:  -441.000000 | e:   0.483800 | Q: -226.205872 | won: False 
#  779 | steps: 10577 | steps_t:  5176 | t: 84.053536 | r:  -459.000000 | e:   0.482400 | Q: -218.675430 | won: False 
#  780 | steps: 10596 | steps_t:  5194 | t: 84.299880 | r:  -419.000000 | e:   0.480600 | Q: -224.013885 | won: False 
#  781 | steps: 10622 | steps_t:  5219 | t: 84.643963 | r:  -448.000000 | e:   0.478100 | Q: -227.947311 | won: False 
#  782 | steps: 10637 | steps_t:  5233 | t: 84.824482 | r:  -459.000000 | e:   0.476700 | Q: -222.287643 | won: False 
#  783 | steps: 10655 | steps_t:  5250 | t: 85.063026 | r:  -451.000000 | e:   0.475000 | Q: -218.085999 | won: False 
#  784 | steps: 10669 | steps_t:  5263 | t: 85.239556 | r:  -469.000000 | e:   0.473700 | Q: -289.278412 | won: False 
#  785 | steps: 10696 | steps_t:  5289 | t: 85.597624 | r:  -471.000000 | e:   0.471100 | Q: -260.614563 | won: False 
#  786 | steps: 10710 | steps_t:  5302 | t: 85.772159 | r:  -480.000000 | e:   0.469800 | Q: -229.978271 | won: False 
#  787 | steps: 10724 | steps_t:  5315 | t: 85.947367 | r:  -469.000000 | e:   0.468500 | Q: -197.142349 | won: False 
#  788 | steps: 10741 | steps_t:  5331 | t: 86.151822 | r:  -472.000000 | e:   0.466900 | Q: -262.559540 | won: False 
#  789 | steps: 10762 | steps_t:  5351 | t: 86.432075 | r:  -465.000000 | e:   0.464900 | Q: -241.527832 | won: False 
#  790 | steps: 10775 | steps_t:  5363 | t: 86.596657 | r:  -501.000000 | e:   0.463700 | Q: -241.917374 | won: False 
#  791 | steps: 10790 | steps_t:  5377 | t: 86.830034 | r:  -459.000000 | e:   0.462300 | Q: -226.195786 | won: False 
#  792 | steps: 10804 | steps_t:  5390 | t: 87.014543 | r:  -436.000000 | e:   0.461000 | Q: -219.929688 | won: False 
#  793 | steps: 10823 | steps_t:  5408 | t: 87.301301 | r:  -408.000000 | e:   0.459200 | Q: -198.342484 | won: False 
#  794 | steps: 10840 | steps_t:  5424 | t: 87.549151 | r:  -428.000000 | e:   0.457600 | Q: -175.655334 | won: False 
#  795 | steps: 10856 | steps_t:  5439 | t: 87.749617 | r:  -449.000000 | e:   0.456100 | Q: -225.566071 | won: False 
#  796 | steps: 10870 | steps_t:  5452 | t: 87.971027 | r:  -469.000000 | e:   0.454800 | Q: -201.776672 | won: False 
#  797 | steps: 10881 | steps_t:  5462 | t: 88.098687 | r:  -477.000000 | e:   0.453800 | Q: -226.796204 | won: False 
#  798 | steps: 10892 | steps_t:  5472 | t: 88.257266 | r:  -488.000000 | e:   0.452800 | Q: -252.495071 | won: False 
#  799 | steps: 10907 | steps_t:  5486 | t: 88.488160 | r:  -481.000000 | e:   0.451400 | Q: -240.028152 | won: False 
#  800 | steps: 10921 | steps_t:  5499 | t: 88.681644 | r:  -480.000000 | e:   0.450100 | Q: -196.575424 | won: False 
#  801 | steps: 10937 | steps_t:  5514 | t: 88.904077 | r:  -438.000000 | e:   0.448600 | Q: -192.546738 | won: False 
#  802 | steps: 10954 | steps_t:  5530 | t: 89.147448 | r:  -472.000000 | e:   0.447000 | Q: -214.116302 | won: False 
#  803 | steps: 10968 | steps_t:  5543 | t: 89.338448 | r:  -480.000000 | e:   0.445700 | Q: -303.568024 | won: False 
#  804 | steps: 10987 | steps_t:  5561 | t: 89.618701 | r:  -430.000000 | e:   0.443900 | Q: -205.559128 | won: False 
#  805 | steps: 11001 | steps_t:  5574 | t: 89.804207 | r:  -458.000000 | e:   0.442600 | Q: -136.764175 | won: False 
#  806 | steps: 11014 | steps_t:  5586 | t: 90.006667 | r:  -468.000000 | e:   0.441400 | Q: -181.740311 | won: False 
#  807 | steps: 11036 | steps_t:  5607 | t: 90.370697 | r:  -488.000000 | e:   0.439300 | Q: -255.555893 | won: False 
#  808 | steps: 11048 | steps_t:  5618 | t: 90.528277 | r:  -489.000000 | e:   0.438200 | Q: -208.859772 | won: False 
#  809 | steps: 11064 | steps_t:  5633 | t: 90.776634 | r:  -449.000000 | e:   0.436700 | Q: -207.274429 | won: False 
#  810 | steps: 11080 | steps_t:  5648 | t: 90.989068 | r:  -449.000000 | e:   0.435200 | Q: -276.441132 | won: False 
#  811 | steps: 11091 | steps_t:  5658 | t: 91.129693 | r:  -488.000000 | e:   0.434200 | Q: -203.148926 | won: False 
#  812 | steps: 11105 | steps_t:  5671 | t: 91.316197 | r:  -480.000000 | e:   0.432900 | Q: -187.596497 | won: False 
#  813 | steps: 11114 | steps_t:  5679 | t: 91.424906 | r:  -453.000000 | e:   0.432100 | Q: -228.994415 | won: False 
#  814 | steps: 11132 | steps_t:  5696 | t: 91.656290 | r:  -429.000000 | e:   0.430400 | Q: -205.903580 | won: False 
#  815 | steps: 11150 | steps_t:  5713 | t: 91.906623 | r:  -418.000000 | e:   0.428700 | Q: -232.443954 | won: False 
#  816 | steps: 11164 | steps_t:  5726 | t: 92.115577 | r:  -480.000000 | e:   0.427400 | Q: -209.963394 | won: False 
#  817 | steps: 11178 | steps_t:  5739 | t: 92.303585 | r:  -469.000000 | e:   0.426100 | Q: -222.114090 | won: False 
#  818 | steps: 11194 | steps_t:  5754 | t: 92.511033 | r:  -449.000000 | e:   0.424600 | Q: -196.527298 | won: False 
#  819 | steps: 11204 | steps_t:  5763 | t: 92.628718 | r:  -487.000000 | e:   0.423700 | Q: -320.687012 | won: False 
#  820 | steps: 11218 | steps_t:  5776 | t: 92.796272 | r:  -469.000000 | e:   0.422400 | Q: -235.027847 | won: False 
#  821 | steps: 11235 | steps_t:  5792 | t: 93.031645 | r:  -461.000000 | e:   0.420800 | Q: -241.958023 | won: False 
#  822 | steps: 11247 | steps_t:  5803 | t: 93.188228 | r:  -456.000000 | e:   0.419700 | Q: -208.874649 | won: False 
#  823 | steps: 11259 | steps_t:  5814 | t: 93.344580 | r:  -478.000000 | e:   0.418600 | Q: -190.498184 | won: False 
#  824 | steps: 11270 | steps_t:  5824 | t: 93.474235 | r:  -477.000000 | e:   0.417600 | Q: -185.137161 | won: False 
#  825 | steps: 11285 | steps_t:  5838 | t: 93.679197 | r:  -437.000000 | e:   0.416200 | Q: -169.884201 | won: False 
#  826 | steps: 11303 | steps_t:  5855 | t: 93.913594 | r:  -462.000000 | e:   0.414500 | Q: -189.733170 | won: False 
#  827 | steps: 11315 | steps_t:  5866 | t: 94.082144 | r:  -478.000000 | e:   0.413400 | Q: -218.447021 | won: False 
#  828 | steps: 11329 | steps_t:  5879 | t: 94.249698 | r:  -458.000000 | e:   0.412100 | Q: -222.550217 | won: False 
#  829 | steps: 11358 | steps_t:  5907 | t: 94.622704 | r:  -462.000000 | e:   0.409300 | Q: -188.243591 | won: False 
#  830 | steps: 11371 | steps_t:  5919 | t: 94.799237 | r:  -479.000000 | e:   0.408100 | Q: -207.912292 | won: False 
#  831 | steps: 11390 | steps_t:  5937 | t: 95.030503 | r:  -485.000000 | e:   0.406300 | Q: -273.472015 | won: False 
#  832 | steps: 11404 | steps_t:  5950 | t: 95.249430 | r:  -436.000000 | e:   0.405000 | Q: -229.158157 | won: False 
#  833 | steps: 11416 | steps_t:  5961 | t: 95.442425 | r:  -489.000000 | e:   0.403900 | Q: -178.031311 | won: False 
#  834 | steps: 11429 | steps_t:  5973 | t: 95.628928 | r:  -424.000000 | e:   0.402700 | Q: -175.080307 | won: False 
#  835 | steps: 11445 | steps_t:  5988 | t: 95.910179 | r:  -482.000000 | e:   0.401200 | Q: -213.797516 | won: False 
#  836 | steps: 11464 | steps_t:  6006 | t: 96.215873 | r:  -463.000000 | e:   0.399400 | Q: -194.275238 | won: False 
#  837 | steps: 11479 | steps_t:  6020 | t: 96.481165 | r:  -470.000000 | e:   0.398000 | Q: -267.778198 | won: False 
#  838 | steps: 11493 | steps_t:  6033 | t: 96.689609 | r:  -480.000000 | e:   0.396700 | Q: -222.011993 | won: False 
#  839 | steps: 11516 | steps_t:  6055 | t: 97.059665 | r:  -423.000000 | e:   0.394500 | Q: -220.541016 | won: False 
#  840 | steps: 11529 | steps_t:  6067 | t: 97.302019 | r:  -490.000000 | e:   0.393300 | Q: -259.572205 | won: False 
#  841 | steps: 11542 | steps_t:  6079 | t: 97.492512 | r:  -468.000000 | e:   0.392100 | Q: -234.040466 | won: False 
#  842 | steps: 11554 | steps_t:  6090 | t: 97.670039 | r:  -489.000000 | e:   0.391000 | Q: -239.860672 | won: False 
