#    1 | steps:    12 | steps_t:     0 | t: 0.015217 | r:  -511.000000 | e:   1.000000 | Q:        nan | won: False 
#    2 | steps:    27 | steps_t:     0 | t: 0.021231 | r:  -514.000000 | e:   1.000000 | Q:        nan | won: False 
#    3 | steps:    33 | steps_t:     0 | t: 0.024218 | r:  -505.000000 | e:   1.000000 | Q:        nan | won: False 
#    4 | steps:    41 | steps_t:     0 | t: 0.028183 | r:  -507.000000 | e:   1.000000 | Q:        nan | won: False 
#    5 | steps:    47 | steps_t:     0 | t: 0.031203 | r:  -505.000000 | e:   1.000000 | Q:        nan | won: False 
#    6 | steps:    65 | steps_t:     0 | t: 0.040182 | r:  -517.000000 | e:   1.000000 | Q:        nan | won: False 
#    7 | steps:    74 | steps_t:     0 | t: 0.044173 | r:  -508.000000 | e:   1.000000 | Q:        nan | won: False 
#    8 | steps:    85 | steps_t:     0 | t: 0.048129 | r:  -510.000000 | e:   1.000000 | Q:        nan | won: False 
#    9 | steps:   105 | steps_t:     0 | t: 0.056109 | r:  -519.000000 | e:   1.000000 | Q:        nan | won: False 
#   10 | steps:   112 | steps_t:     0 | t: 0.060098 | r:  -506.000000 | e:   1.000000 | Q:        nan | won: False 
#   11 | steps:   119 | steps_t:     0 | t: 0.063090 | r:  -506.000000 | e:   1.000000 | Q:        nan | won: False 
#   12 | steps:   129 | steps_t:     0 | t: 0.068076 | r:  -509.000000 | e:   1.000000 | Q:        nan | won: False 
#   13 | steps:   147 | steps_t:     0 | t: 0.076056 | r:  -517.000000 | e:   1.000000 | Q:        nan | won: False 
#   14 | steps:   153 | steps_t:     0 | t: 0.079048 | r:  -505.000000 | e:   1.000000 | Q:        nan | won: False 
#   15 | steps:   164 | steps_t:     0 | t: 0.084035 | r:  -510.000000 | e:   1.000000 | Q:        nan | won: False 
#   16 | steps:   177 | steps_t:     0 | t: 0.091016 | r:  -512.000000 | e:   1.000000 | Q:        nan | won: False 
#   17 | steps:   196 | steps_t:     0 | t: 0.098995 | r:  -518.000000 | e:   1.000000 | Q:        nan | won: False 
#   18 | steps:   205 | steps_t:     0 | t: 0.103982 | r:  -508.000000 | e:   1.000000 | Q:        nan | won: False 
#   19 | steps:   231 | steps_t:     0 | t: 0.115949 | r:  -514.000000 | e:   1.000000 | Q:        nan | won: False 
#   20 | steps:   243 | steps_t:     0 | t: 0.120937 | r:  -511.000000 | e:   1.000000 | Q:        nan | won: False 
#   21 | steps:   254 | steps_t:     0 | t: 0.126920 | r:  -510.000000 | e:   1.000000 | Q:        nan | won: False 
#   22 | steps:   273 | steps_t:     0 | t: 0.135897 | r:  -518.000000 | e:   1.000000 | Q:        nan | won: False 
#   23 | steps:   280 | steps_t:     0 | t: 0.138889 | r:  -506.000000 | e:   1.000000 | Q:        nan | won: False 
#   24 | steps:   292 | steps_t:     0 | t: 0.144872 | r:  -511.000000 | e:   1.000000 | Q:        nan | won: False 
#   25 | steps:   303 | steps_t:     0 | t: 0.149859 | r:  -510.000000 | e:   1.000000 | Q:        nan | won: False 
#   26 | steps:   320 | steps_t:     0 | t: 0.156841 | r:  -516.000000 | e:   1.000000 | Q:        nan | won: False 
#   27 | steps:   333 | steps_t:     0 | t: 0.162827 | r:  -512.000000 | e:   1.000000 | Q:        nan | won: False 
#   28 | steps:   353 | steps_t:     0 | t: 0.170804 | r:  -519.000000 | e:   1.000000 | Q:        nan | won: False 
#   29 | steps:   374 | steps_t:     0 | t: 0.179781 | r:  -520.000000 | e:   1.000000 | Q:        nan | won: False 
#   30 | steps:   384 | steps_t:     0 | t: 0.184767 | r:  -509.000000 | e:   1.000000 | Q:        nan | won: False 
#   31 | steps:   392 | steps_t:     0 | t: 0.188756 | r:  -507.000000 | e:   1.000000 | Q:        nan | won: False 
#   32 | steps:   407 | steps_t:     0 | t: 0.195738 | r:  -514.000000 | e:   1.000000 | Q:        nan | won: False 
#   33 | steps:   413 | steps_t:     0 | t: 0.198730 | r:  -505.000000 | e:   1.000000 | Q:        nan | won: False 
#   34 | steps:   434 | steps_t:     0 | t: 0.208703 | r:  -520.000000 | e:   1.000000 | Q:        nan | won: False 
#   35 | steps:   448 | steps_t:     0 | t: 0.214688 | r:  -513.000000 | e:   1.000000 | Q:        nan | won: False 
#   36 | steps:   467 | steps_t:     0 | t: 0.222666 | r:  -507.000000 | e:   1.000000 | Q:        nan | won: False 
#   37 | steps:   476 | steps_t:     0 | t: 0.227654 | r:  -508.000000 | e:   1.000000 | Q:        nan | won: False 
#   38 | steps:   496 | steps_t:     0 | t: 0.235632 | r:  -519.000000 | e:   1.000000 | Q:        nan | won: False 
#   39 | steps:   506 | steps_t:     0 | t: 0.240619 | r:  -509.000000 | e:   1.000000 | Q:        nan | won: False 
#   40 | steps:   515 | steps_t:     0 | t: 0.245606 | r:  -508.000000 | e:   1.000000 | Q:        nan | won: False 
#   41 | steps:   522 | steps_t:     0 | t: 0.249595 | r:  -506.000000 | e:   1.000000 | Q:        nan | won: False 
#   42 | steps:   530 | steps_t:     0 | t: 0.254581 | r:  -507.000000 | e:   1.000000 | Q:        nan | won: False 
#   43 | steps:   540 | steps_t:     0 | t: 0.259568 | r:  -509.000000 | e:   1.000000 | Q:        nan | won: False 
#   44 | steps:   560 | steps_t:     0 | t: 0.267547 | r:  -519.000000 | e:   1.000000 | Q:        nan | won: False 
#   45 | steps:   573 | steps_t:     0 | t: 0.273532 | r:  -512.000000 | e:   1.000000 | Q:        nan | won: False 
#   46 | steps:   595 | steps_t:     0 | t: 0.283504 | r:  -521.000000 | e:   1.000000 | Q:        nan | won: False 
#   47 | steps:   616 | steps_t:     0 | t: 0.292481 | r:  -520.000000 | e:   1.000000 | Q:        nan | won: False 
#   48 | steps:   627 | steps_t:     0 | t: 0.297467 | r:  -510.000000 | e:   1.000000 | Q:        nan | won: False 
#   49 | steps:   647 | steps_t:     0 | t: 0.306444 | r:  -519.000000 | e:   1.000000 | Q:        nan | won: False 
#   50 | steps:   653 | steps_t:     0 | t: 0.309436 | r:  -505.000000 | e:   1.000000 | Q:        nan | won: False 
#   51 | steps:   662 | steps_t:     0 | t: 0.313425 | r:  -508.000000 | e:   1.000000 | Q:        nan | won: False 
#   52 | steps:   673 | steps_t:     0 | t: 0.319409 | r:  -510.000000 | e:   1.000000 | Q:        nan | won: False 
#   53 | steps:   689 | steps_t:     0 | t: 0.325393 | r:  -515.000000 | e:   1.000000 | Q:        nan | won: False 
#   54 | steps:   707 | steps_t:     0 | t: 0.333372 | r:  -517.000000 | e:   1.000000 | Q:        nan | won: False 
#   55 | steps:   714 | steps_t:     0 | t: 0.337362 | r:  -506.000000 | e:   1.000000 | Q:        nan | won: False 
#   56 | steps:   725 | steps_t:     0 | t: 0.342348 | r:  -510.000000 | e:   1.000000 | Q:        nan | won: False 
#   57 | steps:   732 | steps_t:     0 | t: 0.346337 | r:  -506.000000 | e:   1.000000 | Q:        nan | won: False 
#   58 | steps:   744 | steps_t:     0 | t: 0.351325 | r:  -511.000000 | e:   1.000000 | Q:        nan | won: False 
#   59 | steps:   753 | steps_t:     0 | t: 0.356311 | r:  -508.000000 | e:   1.000000 | Q:        nan | won: False 
#   60 | steps:   762 | steps_t:     0 | t: 0.360300 | r:  -508.000000 | e:   1.000000 | Q:        nan | won: False 
#   61 | steps:   770 | steps_t:     0 | t: 0.364290 | r:  -507.000000 | e:   1.000000 | Q:        nan | won: False 
#   62 | steps:   778 | steps_t:     0 | t: 0.368280 | r:  -507.000000 | e:   1.000000 | Q:        nan | won: False 
#   63 | steps:   796 | steps_t:     0 | t: 0.376258 | r:  -517.000000 | e:   1.000000 | Q:        nan | won: False 
#   64 | steps:   803 | steps_t:     0 | t: 0.380247 | r:  -506.000000 | e:   1.000000 | Q:        nan | won: False 
#   65 | steps:   820 | steps_t:     0 | t: 0.387230 | r:  -516.000000 | e:   1.000000 | Q:        nan | won: False 
#   66 | steps:   825 | steps_t:     0 | t: 0.390221 | r:  -504.000000 | e:   1.000000 | Q:        nan | won: False 
#   67 | steps:   834 | steps_t:     0 | t: 0.394211 | r:  -508.000000 | e:   1.000000 | Q:        nan | won: False 
#   68 | steps:   844 | steps_t:     0 | t: 0.400195 | r:  -509.000000 | e:   1.000000 | Q:        nan | won: False 
#   69 | steps:   853 | steps_t:     0 | t: 0.405182 | r:  -508.000000 | e:   1.000000 | Q:        nan | won: False 
#   70 | steps:   865 | steps_t:     0 | t: 0.411166 | r:  -511.000000 | e:   1.000000 | Q:        nan | won: False 
#   71 | steps:   873 | steps_t:     0 | t: 0.416152 | r:  -507.000000 | e:   1.000000 | Q:        nan | won: False 
#   72 | steps:   906 | steps_t:     0 | t: 0.430115 | r:  -532.000000 | e:   1.000000 | Q:        nan | won: False 
#   73 | steps:   921 | steps_t:     0 | t: 0.437097 | r:  -503.000000 | e:   1.000000 | Q:        nan | won: False 
#   74 | steps:   931 | steps_t:     0 | t: 0.442083 | r:  -509.000000 | e:   1.000000 | Q:        nan | won: False 
#   75 | steps:   948 | steps_t:     0 | t: 0.450063 | r:  -516.000000 | e:   1.000000 | Q:        nan | won: False 
#   76 | steps:   955 | steps_t:     0 | t: 0.454052 | r:  -506.000000 | e:   1.000000 | Q:        nan | won: False 
#   77 | steps:   965 | steps_t:     0 | t: 0.458041 | r:  -509.000000 | e:   1.000000 | Q:        nan | won: False 
#   78 | steps:   974 | steps_t:     0 | t: 0.463027 | r:  -508.000000 | e:   1.000000 | Q:        nan | won: False 
#   79 | steps:   984 | steps_t:     0 | t: 0.468015 | r:  -509.000000 | e:   1.000000 | Q:        nan | won: False 
#   80 | steps:   991 | steps_t:     0 | t: 0.472004 | r:  -506.000000 | e:   1.000000 | Q:        nan | won: False 
#   81 | steps:   999 | steps_t:     0 | t: 0.475994 | r:  -507.000000 | e:   1.000000 | Q:        nan | won: False 
#   82 | steps:  1005 | steps_t:     0 | t: 0.478987 | r:  -505.000000 | e:   1.000000 | Q:        nan | won: False 
#   83 | steps:  1018 | steps_t:     0 | t: 0.483972 | r:  -512.000000 | e:   1.000000 | Q:        nan | won: False 
#   84 | steps:  1025 | steps_t:     0 | t: 0.488959 | r:  -506.000000 | e:   1.000000 | Q:        nan | won: False 
#   85 | steps:  1033 | steps_t:     0 | t: 0.491951 | r:  -507.000000 | e:   1.000000 | Q:        nan | won: False 
#   86 | steps:  1042 | steps_t:     0 | t: 0.495940 | r:  -508.000000 | e:   1.000000 | Q:        nan | won: False 
#   87 | steps:  1052 | steps_t:     0 | t: 0.500928 | r:  -509.000000 | e:   1.000000 | Q:        nan | won: False 
#   88 | steps:  1059 | steps_t:     0 | t: 0.504918 | r:  -506.000000 | e:   1.000000 | Q:        nan | won: False 
#   89 | steps:  1081 | steps_t:     0 | t: 0.513892 | r:  -521.000000 | e:   1.000000 | Q:        nan | won: False 
#   90 | steps:  1089 | steps_t:     0 | t: 0.518880 | r:  -507.000000 | e:   1.000000 | Q:        nan | won: False 
#   91 | steps:  1100 | steps_t:     0 | t: 0.523866 | r:  -510.000000 | e:   1.000000 | Q:        nan | won: False 
#   92 | steps:  1116 | steps_t:     0 | t: 0.529850 | r:  -515.000000 | e:   1.000000 | Q:        nan | won: False 
#   93 | steps:  1126 | steps_t:     0 | t: 0.535835 | r:  -509.000000 | e:   1.000000 | Q:        nan | won: False 
#   94 | steps:  1139 | steps_t:     0 | t: 0.541818 | r:  -512.000000 | e:   1.000000 | Q:        nan | won: False 
#   95 | steps:  1146 | steps_t:     0 | t: 0.545808 | r:  -506.000000 | e:   1.000000 | Q:        nan | won: False 
#   96 | steps:  1155 | steps_t:     0 | t: 0.549798 | r:  -508.000000 | e:   1.000000 | Q:        nan | won: False 
#   97 | steps:  1166 | steps_t:     0 | t: 0.556779 | r:  -510.000000 | e:   1.000000 | Q:        nan | won: False 
#   98 | steps:  1176 | steps_t:     0 | t: 0.561766 | r:  -509.000000 | e:   1.000000 | Q:        nan | won: False 
#   99 | steps:  1186 | steps_t:     0 | t: 0.566753 | r:  -509.000000 | e:   1.000000 | Q:        nan | won: False 
#  100 | steps:  1192 | steps_t:     0 | t: 0.570742 | r:  -505.000000 | e:   1.000000 | Q:        nan | won: False 
#  101 | steps:  1204 | steps_t:     0 | t: 0.576727 | r:  -511.000000 | e:   1.000000 | Q:        nan | won: False 
#  102 | steps:  1212 | steps_t:     0 | t: 0.582710 | r:  -507.000000 | e:   1.000000 | Q:        nan | won: False 
#  103 | steps:  1220 | steps_t:     0 | t: 0.588694 | r:  -507.000000 | e:   1.000000 | Q:        nan | won: False 
#  104 | steps:  1227 | steps_t:     0 | t: 0.592684 | r:  -506.000000 | e:   1.000000 | Q:        nan | won: False 
#  105 | steps:  1241 | steps_t:     0 | t: 0.599666 | r:  -513.000000 | e:   1.000000 | Q:        nan | won: False 
#  106 | steps:  1253 | steps_t:     0 | t: 0.605649 | r:  -511.000000 | e:   1.000000 | Q:        nan | won: False 
#  107 | steps:  1264 | steps_t:     0 | t: 0.611634 | r:  -510.000000 | e:   1.000000 | Q:        nan | won: False 
#  108 | steps:  1275 | steps_t:     0 | t: 0.616621 | r:  -510.000000 | e:   1.000000 | Q:        nan | won: False 
#  109 | steps:  1281 | steps_t:     0 | t: 0.619612 | r:  -505.000000 | e:   1.000000 | Q:        nan | won: False 
#  110 | steps:  1287 | steps_t:     0 | t: 0.623601 | r:  -505.000000 | e:   1.000000 | Q:        nan | won: False 
#  111 | steps:  1299 | steps_t:     0 | t: 0.628589 | r:  -511.000000 | e:   1.000000 | Q:        nan | won: False 
#  112 | steps:  1308 | steps_t:     0 | t: 0.633575 | r:  -508.000000 | e:   1.000000 | Q:        nan | won: False 
#  113 | steps:  1323 | steps_t:     0 | t: 0.640556 | r:  -514.000000 | e:   1.000000 | Q:        nan | won: False 
#  114 | steps:  1345 | steps_t:     0 | t: 0.649533 | r:  -521.000000 | e:   1.000000 | Q:        nan | won: False 
#  115 | steps:  1351 | steps_t:     0 | t: 0.653522 | r:  -505.000000 | e:   1.000000 | Q:        nan | won: False 
#  116 | steps:  1358 | steps_t:     0 | t: 0.657511 | r:  -506.000000 | e:   1.000000 | Q:        nan | won: False 
#  117 | steps:  1376 | steps_t:     0 | t: 0.665490 | r:  -517.000000 | e:   1.000000 | Q:        nan | won: False 
#  118 | steps:  1384 | steps_t:     0 | t: 0.669480 | r:  -507.000000 | e:   1.000000 | Q:        nan | won: False 
#  119 | steps:  1390 | steps_t:     0 | t: 0.673469 | r:  -505.000000 | e:   1.000000 | Q:        nan | won: False 
#  120 | steps:  1397 | steps_t:     0 | t: 0.676462 | r:  -506.000000 | e:   1.000000 | Q:        nan | won: False 
#  121 | steps:  1411 | steps_t:     0 | t: 0.683443 | r:  -513.000000 | e:   1.000000 | Q:        nan | won: False 
#  122 | steps:  1418 | steps_t:     0 | t: 0.687432 | r:  -506.000000 | e:   1.000000 | Q:        nan | won: False 
#  123 | steps:  1425 | steps_t:     0 | t: 0.691421 | r:  -506.000000 | e:   1.000000 | Q:        nan | won: False 
#  124 | steps:  1432 | steps_t:     0 | t: 0.694413 | r:  -506.000000 | e:   1.000000 | Q:        nan | won: False 
#  125 | steps:  1443 | steps_t:     0 | t: 0.700398 | r:  -510.000000 | e:   1.000000 | Q:        nan | won: False 
#  126 | steps:  1451 | steps_t:     0 | t: 0.704387 | r:  -507.000000 | e:   1.000000 | Q:        nan | won: False 
#  127 | steps:  1460 | steps_t:     0 | t: 0.709374 | r:  -508.000000 | e:   1.000000 | Q:        nan | won: False 
#  128 | steps:  1471 | steps_t:     0 | t: 0.714361 | r:  -510.000000 | e:   1.000000 | Q:        nan | won: False 
#  129 | steps:  1494 | steps_t:     0 | t: 0.726329 | r:  -522.000000 | e:   1.000000 | Q:        nan | won: False 
#  130 | steps:  1504 | steps_t:     0 | t: 0.730319 | r:  -509.000000 | e:   1.000000 | Q:        nan | won: False 
#  131 | steps:  1512 | steps_t:     0 | t: 0.735305 | r:  -507.000000 | e:   1.000000 | Q:        nan | won: False 
#  132 | steps:  1533 | steps_t:     0 | t: 0.744281 | r:  -520.000000 | e:   1.000000 | Q:        nan | won: False 
#  133 | steps:  1544 | steps_t:     0 | t: 0.750265 | r:  -510.000000 | e:   1.000000 | Q:        nan | won: False 
#  134 | steps:  1556 | steps_t:     0 | t: 0.756250 | r:  -511.000000 | e:   1.000000 | Q:        nan | won: False 
#  135 | steps:  1566 | steps_t:     0 | t: 0.762233 | r:  -509.000000 | e:   1.000000 | Q:        nan | won: False 
#  136 | steps:  1575 | steps_t:     0 | t: 0.766223 | r:  -508.000000 | e:   1.000000 | Q:        nan | won: False 
#  137 | steps:  1581 | steps_t:     0 | t: 0.770212 | r:  -505.000000 | e:   1.000000 | Q:        nan | won: False 
#  138 | steps:  1592 | steps_t:     0 | t: 0.775198 | r:  -510.000000 | e:   1.000000 | Q:        nan | won: False 
#  139 | steps:  1599 | steps_t:     0 | t: 0.779189 | r:  -506.000000 | e:   1.000000 | Q:        nan | won: False 
#  140 | steps:  1610 | steps_t:     0 | t: 0.786171 | r:  -510.000000 | e:   1.000000 | Q:        nan | won: False 
#  141 | steps:  1629 | steps_t:     0 | t: 0.794149 | r:  -518.000000 | e:   1.000000 | Q:        nan | won: False 
#  142 | steps:  1639 | steps_t:     0 | t: 0.800133 | r:  -509.000000 | e:   1.000000 | Q:        nan | won: False 
#  143 | steps:  1645 | steps_t:     0 | t: 0.805119 | r:  -505.000000 | e:   1.000000 | Q:        nan | won: False 
#  144 | steps:  1655 | steps_t:     0 | t: 0.809108 | r:  -509.000000 | e:   1.000000 | Q:        nan | won: False 
#  145 | steps:  1661 | steps_t:     0 | t: 0.813098 | r:  -505.000000 | e:   1.000000 | Q:        nan | won: False 
#  146 | steps:  1670 | steps_t:     0 | t: 0.817088 | r:  -508.000000 | e:   1.000000 | Q:        nan | won: False 
#  147 | steps:  1676 | steps_t:     0 | t: 0.821077 | r:  -505.000000 | e:   1.000000 | Q:        nan | won: False 
#  148 | steps:  1685 | steps_t:     0 | t: 0.825066 | r:  -508.000000 | e:   1.000000 | Q:        nan | won: False 
#  149 | steps:  1695 | steps_t:     0 | t: 0.830053 | r:  -509.000000 | e:   1.000000 | Q:        nan | won: False 
#  150 | steps:  1706 | steps_t:     0 | t: 0.835040 | r:  -510.000000 | e:   1.000000 | Q:        nan | won: False 
