#    1 | steps:     9 | steps_t:     0 | t: 0.016955 | r:  -508.000000 | e:   1.000000 | Q:        nan | won: False 
#    2 | steps:    21 | steps_t:     0 | t: 0.022940 | r:  -511.000000 | e:   1.000000 | Q:        nan | won: False 
#    3 | steps:    28 | steps_t:     0 | t: 0.025932 | r:  -506.000000 | e:   1.000000 | Q:        nan | won: False 
#    4 | steps:    41 | steps_t:     0 | t: 0.032914 | r:  -512.000000 | e:   1.000000 | Q:        nan | won: False 
#    5 | steps:    49 | steps_t:     0 | t: 0.036928 | r:  -507.000000 | e:   1.000000 | Q:        nan | won: False 
#    6 | steps:    59 | steps_t:     0 | t: 0.041913 | r:  -509.000000 | e:   1.000000 | Q:        nan | won: False 
#    7 | steps:    65 | steps_t:     0 | t: 0.045880 | r:  -505.000000 | e:   1.000000 | Q:        nan | won: False 
#    8 | steps:    76 | steps_t:     0 | t: 0.051863 | r:  -510.000000 | e:   1.000000 | Q:        nan | won: False 
#    9 | steps:   101 | steps_t:     0 | t: 0.064829 | r:  -524.000000 | e:   1.000000 | Q:        nan | won: False 
#   10 | steps:   106 | steps_t:     0 | t: 0.067820 | r:  -504.000000 | e:   1.000000 | Q:        nan | won: False 
#   11 | steps:   113 | steps_t:     0 | t: 0.071809 | r:  -506.000000 | e:   1.000000 | Q:        nan | won: False 
#   12 | steps:   120 | steps_t:     0 | t: 0.075800 | r:  -506.000000 | e:   1.000000 | Q:        nan | won: False 
#   13 | steps:   139 | steps_t:     0 | t: 0.085773 | r:  -518.000000 | e:   1.000000 | Q:        nan | won: False 
#   14 | steps:   149 | steps_t:     0 | t: 0.091757 | r:  -509.000000 | e:   1.000000 | Q:        nan | won: False 
#   15 | steps:   161 | steps_t:     0 | t: 0.098738 | r:  -511.000000 | e:   1.000000 | Q:        nan | won: False 
#   16 | steps:   171 | steps_t:     0 | t: 0.103725 | r:  -509.000000 | e:   1.000000 | Q:        nan | won: False 
#   17 | steps:   179 | steps_t:     0 | t: 0.107714 | r:  -507.000000 | e:   1.000000 | Q:        nan | won: False 
#   18 | steps:   189 | steps_t:     0 | t: 0.112701 | r:  -509.000000 | e:   1.000000 | Q:        nan | won: False 
#   19 | steps:   201 | steps_t:     0 | t: 0.119682 | r:  -511.000000 | e:   1.000000 | Q:        nan | won: False 
#   20 | steps:   215 | steps_t:     0 | t: 0.126664 | r:  -513.000000 | e:   1.000000 | Q:        nan | won: False 
#   21 | steps:   223 | steps_t:     0 | t: 0.131651 | r:  -507.000000 | e:   1.000000 | Q:        nan | won: False 
#   22 | steps:   232 | steps_t:     0 | t: 0.135640 | r:  -508.000000 | e:   1.000000 | Q:        nan | won: False 
#   23 | steps:   244 | steps_t:     0 | t: 0.141624 | r:  -511.000000 | e:   1.000000 | Q:        nan | won: False 
#   24 | steps:   257 | steps_t:     0 | t: 0.148606 | r:  -512.000000 | e:   1.000000 | Q:        nan | won: False 
#   25 | steps:   277 | steps_t:     0 | t: 0.156584 | r:  -519.000000 | e:   1.000000 | Q:        nan | won: False 
#   26 | steps:   282 | steps_t:     0 | t: 0.159577 | r:  -504.000000 | e:   1.000000 | Q:        nan | won: False 
#   27 | steps:   298 | steps_t:     0 | t: 0.168552 | r:  -515.000000 | e:   1.000000 | Q:        nan | won: False 
#   28 | steps:   308 | steps_t:     0 | t: 0.173539 | r:  -509.000000 | e:   1.000000 | Q:        nan | won: False 
#   29 | steps:   319 | steps_t:     0 | t: 0.178527 | r:  -510.000000 | e:   1.000000 | Q:        nan | won: False 
#   30 | steps:   329 | steps_t:     0 | t: 0.184511 | r:  -509.000000 | e:   1.000000 | Q:        nan | won: False 
#   31 | steps:   337 | steps_t:     0 | t: 0.189497 | r:  -507.000000 | e:   1.000000 | Q:        nan | won: False 
#   32 | steps:   357 | steps_t:     0 | t: 0.198473 | r:  -519.000000 | e:   1.000000 | Q:        nan | won: False 
#   33 | steps:   369 | steps_t:     0 | t: 0.232383 | r:  -511.000000 | e:   1.000000 | Q:        nan | won: False 
#   34 | steps:   378 | steps_t:     0 | t: 0.237370 | r:  -508.000000 | e:   1.000000 | Q:        nan | won: False 
#   35 | steps:   387 | steps_t:     0 | t: 0.241359 | r:  -508.000000 | e:   1.000000 | Q:        nan | won: False 
#   36 | steps:   393 | steps_t:     0 | t: 0.246346 | r:  -505.000000 | e:   1.000000 | Q:        nan | won: False 
#   37 | steps:   406 | steps_t:     0 | t: 0.253327 | r:  -512.000000 | e:   1.000000 | Q:        nan | won: False 
#   38 | steps:   423 | steps_t:     0 | t: 0.262304 | r:  -516.000000 | e:   1.000000 | Q:        nan | won: False 
#   39 | steps:   435 | steps_t:     0 | t: 0.270283 | r:  -511.000000 | e:   1.000000 | Q:        nan | won: False 
#   40 | steps:   445 | steps_t:     0 | t: 0.275269 | r:  -509.000000 | e:   1.000000 | Q:        nan | won: False 
#   41 | steps:   455 | steps_t:     0 | t: 0.280257 | r:  -509.000000 | e:   1.000000 | Q:        nan | won: False 
#   42 | steps:   464 | steps_t:     0 | t: 0.285243 | r:  -508.000000 | e:   1.000000 | Q:        nan | won: False 
#   43 | steps:   488 | steps_t:     0 | t: 0.295217 | r:  -523.000000 | e:   1.000000 | Q:        nan | won: False 
#   44 | steps:   506 | steps_t:     0 | t: 0.304193 | r:  -517.000000 | e:   1.000000 | Q:        nan | won: False 
#   45 | steps:   525 | steps_t:     0 | t: 0.313169 | r:  -518.000000 | e:   1.000000 | Q:        nan | won: False 
#   46 | steps:   532 | steps_t:     0 | t: 0.317158 | r:  -506.000000 | e:   1.000000 | Q:        nan | won: False 
#   47 | steps:   540 | steps_t:     0 | t: 0.321147 | r:  -507.000000 | e:   1.000000 | Q:        nan | won: False 
#   48 | steps:   556 | steps_t:     0 | t: 0.328130 | r:  -515.000000 | e:   1.000000 | Q:        nan | won: False 
#   49 | steps:   563 | steps_t:     0 | t: 0.333117 | r:  -506.000000 | e:   1.000000 | Q:        nan | won: False 
#   50 | steps:   572 | steps_t:     0 | t: 0.337105 | r:  -508.000000 | e:   1.000000 | Q:        nan | won: False 
#   51 | steps:   601 | steps_t:     0 | t: 0.350071 | r:  -528.000000 | e:   1.000000 | Q:        nan | won: False 
#   52 | steps:   611 | steps_t:     0 | t: 0.355057 | r:  -509.000000 | e:   1.000000 | Q:        nan | won: False 
#   53 | steps:   631 | steps_t:     0 | t: 0.364034 | r:  -519.000000 | e:   1.000000 | Q:        nan | won: False 
#   54 | steps:   643 | steps_t:     0 | t: 0.370017 | r:  -511.000000 | e:   1.000000 | Q:        nan | won: False 
#   55 | steps:   657 | steps_t:     0 | t: 0.377997 | r:  -513.000000 | e:   1.000000 | Q:        nan | won: False 
#   56 | steps:   665 | steps_t:     0 | t: 0.381986 | r:  -507.000000 | e:   1.000000 | Q:        nan | won: False 
#   57 | steps:   675 | steps_t:     0 | t: 0.386972 | r:  -509.000000 | e:   1.000000 | Q:        nan | won: False 
#   58 | steps:   691 | steps_t:     0 | t: 0.394952 | r:  -515.000000 | e:   1.000000 | Q:        nan | won: False 
#   59 | steps:   700 | steps_t:     0 | t: 0.399939 | r:  -508.000000 | e:   1.000000 | Q:        nan | won: False 
#   60 | steps:   711 | steps_t:     0 | t: 0.404924 | r:  -510.000000 | e:   1.000000 | Q:        nan | won: False 
#   61 | steps:   719 | steps_t:     0 | t: 0.408914 | r:  -507.000000 | e:   1.000000 | Q:        nan | won: False 
#   62 | steps:   726 | steps_t:     0 | t: 0.413901 | r:  -506.000000 | e:   1.000000 | Q:        nan | won: False 
#   63 | steps:   748 | steps_t:     0 | t: 0.423874 | r:  -521.000000 | e:   1.000000 | Q:        nan | won: False 
#   64 | steps:   757 | steps_t:     0 | t: 0.428861 | r:  -508.000000 | e:   1.000000 | Q:        nan | won: False 
#   65 | steps:   768 | steps_t:     0 | t: 0.435843 | r:  -510.000000 | e:   1.000000 | Q:        nan | won: False 
#   66 | steps:   784 | steps_t:     0 | t: 0.442825 | r:  -515.000000 | e:   1.000000 | Q:        nan | won: False 
#   67 | steps:   794 | steps_t:     0 | t: 0.449806 | r:  -509.000000 | e:   1.000000 | Q:        nan | won: False 
#   68 | steps:   803 | steps_t:     0 | t: 0.454793 | r:  -508.000000 | e:   1.000000 | Q:        nan | won: False 
#   69 | steps:   818 | steps_t:     0 | t: 0.460777 | r:  -514.000000 | e:   1.000000 | Q:        nan | won: False 
#   70 | steps:   832 | steps_t:     0 | t: 0.467758 | r:  -513.000000 | e:   1.000000 | Q:        nan | won: False 
#   71 | steps:   853 | steps_t:     0 | t: 0.477732 | r:  -520.000000 | e:   1.000000 | Q:        nan | won: False 
#   72 | steps:   861 | steps_t:     0 | t: 0.483716 | r:  -507.000000 | e:   1.000000 | Q:        nan | won: False 
#   73 | steps:   869 | steps_t:     0 | t: 0.489700 | r:  -507.000000 | e:   1.000000 | Q:        nan | won: False 
#   74 | steps:   880 | steps_t:     0 | t: 0.496681 | r:  -510.000000 | e:   1.000000 | Q:        nan | won: False 
#   75 | steps:   890 | steps_t:     0 | t: 0.501667 | r:  -509.000000 | e:   1.000000 | Q:        nan | won: False 
#   76 | steps:   907 | steps_t:     0 | t: 0.508649 | r:  -516.000000 | e:   1.000000 | Q:        nan | won: False 
#   77 | steps:   915 | steps_t:     0 | t: 0.515631 | r:  -507.000000 | e:   1.000000 | Q:        nan | won: False 
#   78 | steps:   921 | steps_t:     0 | t: 0.518623 | r:  -505.000000 | e:   1.000000 | Q:        nan | won: False 
#   79 | steps:   928 | steps_t:     0 | t: 0.522613 | r:  -506.000000 | e:   1.000000 | Q:        nan | won: False 
#   80 | steps:   934 | steps_t:     0 | t: 0.525604 | r:  -505.000000 | e:   1.000000 | Q:        nan | won: False 
#   81 | steps:   942 | steps_t:     0 | t: 0.538570 | r:  -507.000000 | e:   1.000000 | Q:        nan | won: False 
#   82 | steps:   949 | steps_t:     0 | t: 0.542559 | r:  -506.000000 | e:   1.000000 | Q:        nan | won: False 
#   83 | steps:   956 | steps_t:     0 | t: 0.547546 | r:  -506.000000 | e:   1.000000 | Q:        nan | won: False 
#   84 | steps:   971 | steps_t:     0 | t: 0.555526 | r:  -492.000000 | e:   1.000000 | Q:        nan | won: False 
#   85 | steps:   979 | steps_t:     0 | t: 0.560512 | r:  -507.000000 | e:   1.000000 | Q:        nan | won: False 
#   86 | steps:   989 | steps_t:     0 | t: 0.565499 | r:  -509.000000 | e:   1.000000 | Q:        nan | won: False 
#   87 | steps:   996 | steps_t:     0 | t: 0.569488 | r:  -506.000000 | e:   1.000000 | Q:        nan | won: False 
#   88 | steps:  1002 | steps_t:     0 | t: 0.573478 | r:  -505.000000 | e:   1.000000 | Q:        nan | won: False 
#   89 | steps:  1015 | steps_t:     0 | t: 0.580459 | r:  -512.000000 | e:   1.000000 | Q:        nan | won: False 
#   90 | steps:  1021 | steps_t:     0 | t: 0.583451 | r:  -505.000000 | e:   1.000000 | Q:        nan | won: False 
#   91 | steps:  1029 | steps_t:     0 | t: 0.587440 | r:  -507.000000 | e:   1.000000 | Q:        nan | won: False 
#   92 | steps:  1048 | steps_t:     0 | t: 0.596416 | r:  -518.000000 | e:   1.000000 | Q:        nan | won: False 
#   93 | steps:  1057 | steps_t:     0 | t: 0.601403 | r:  -508.000000 | e:   1.000000 | Q:        nan | won: False 
#   94 | steps:  1066 | steps_t:     0 | t: 0.605392 | r:  -508.000000 | e:   1.000000 | Q:        nan | won: False 
#   95 | steps:  1074 | steps_t:     0 | t: 0.610379 | r:  -507.000000 | e:   1.000000 | Q:        nan | won: False 
#   96 | steps:  1081 | steps_t:     0 | t: 0.615366 | r:  -506.000000 | e:   1.000000 | Q:        nan | won: False 
#   97 | steps:  1101 | steps_t:     0 | t: 0.624342 | r:  -519.000000 | e:   1.000000 | Q:        nan | won: False 
#   98 | steps:  1109 | steps_t:     0 | t: 0.628332 | r:  -507.000000 | e:   1.000000 | Q:        nan | won: False 
#   99 | steps:  1120 | steps_t:     0 | t: 0.634316 | r:  -510.000000 | e:   1.000000 | Q:        nan | won: False 
#  100 | steps:  1134 | steps_t:     0 | t: 0.640300 | r:  -513.000000 | e:   1.000000 | Q:        nan | won: False 
#  101 | steps:  1146 | steps_t:     0 | t: 0.647282 | r:  -511.000000 | e:   1.000000 | Q:        nan | won: False 
#  102 | steps:  1153 | steps_t:     0 | t: 0.654263 | r:  -506.000000 | e:   1.000000 | Q:        nan | won: False 
#  103 | steps:  1166 | steps_t:     0 | t: 0.661245 | r:  -512.000000 | e:   1.000000 | Q:        nan | won: False 
#  104 | steps:  1175 | steps_t:     0 | t: 0.667229 | r:  -508.000000 | e:   1.000000 | Q:        nan | won: False 
#  105 | steps:  1194 | steps_t:     0 | t: 0.676204 | r:  -518.000000 | e:   1.000000 | Q:        nan | won: False 
#  106 | steps:  1208 | steps_t:     0 | t: 0.684183 | r:  -513.000000 | e:   1.000000 | Q:        nan | won: False 
#  107 | steps:  1220 | steps_t:     0 | t: 0.690168 | r:  -511.000000 | e:   1.000000 | Q:        nan | won: False 
#  108 | steps:  1226 | steps_t:     0 | t: 0.695155 | r:  -505.000000 | e:   1.000000 | Q:        nan | won: False 
#  109 | steps:  1234 | steps_t:     0 | t: 0.700141 | r:  -507.000000 | e:   1.000000 | Q:        nan | won: False 
#  110 | steps:  1245 | steps_t:     0 | t: 0.706125 | r:  -510.000000 | e:   1.000000 | Q:        nan | won: False 
#  111 | steps:  1252 | steps_t:     0 | t: 0.711113 | r:  -506.000000 | e:   1.000000 | Q:        nan | won: False 
#  112 | steps:  1258 | steps_t:     0 | t: 0.714103 | r:  -505.000000 | e:   1.000000 | Q:        nan | won: False 
#  113 | steps:  1270 | steps_t:     0 | t: 0.720088 | r:  -511.000000 | e:   1.000000 | Q:        nan | won: False 
#  114 | steps:  1278 | steps_t:     0 | t: 0.724077 | r:  -507.000000 | e:   1.000000 | Q:        nan | won: False 
#  115 | steps:  1288 | steps_t:     0 | t: 0.730062 | r:  -509.000000 | e:   1.000000 | Q:        nan | won: False 
#  116 | steps:  1303 | steps_t:     0 | t: 0.737043 | r:  -514.000000 | e:   1.000000 | Q:        nan | won: False 
#  117 | steps:  1319 | steps_t:     0 | t: 0.744025 | r:  -515.000000 | e:   1.000000 | Q:        nan | won: False 
#  118 | steps:  1326 | steps_t:     0 | t: 0.748014 | r:  -506.000000 | e:   1.000000 | Q:        nan | won: False 
#  119 | steps:  1342 | steps_t:     0 | t: 0.754995 | r:  -515.000000 | e:   1.000000 | Q:        nan | won: False 
#  120 | steps:  1349 | steps_t:     0 | t: 0.757988 | r:  -506.000000 | e:   1.000000 | Q:        nan | won: False 
#  121 | steps:  1359 | steps_t:     0 | t: 0.762975 | r:  -509.000000 | e:   1.000000 | Q:        nan | won: False 
#  122 | steps:  1373 | steps_t:     0 | t: 0.769955 | r:  -513.000000 | e:   1.000000 | Q:        nan | won: False 
#  123 | steps:  1384 | steps_t:     0 | t: 0.774942 | r:  -510.000000 | e:   1.000000 | Q:        nan | won: False 
#  124 | steps:  1393 | steps_t:     0 | t: 0.779929 | r:  -508.000000 | e:   1.000000 | Q:        nan | won: False 
#  125 | steps:  1398 | steps_t:     0 | t: 0.782921 | r:  -504.000000 | e:   1.000000 | Q:        nan | won: False 
#  126 | steps:  1421 | steps_t:     0 | t: 0.794890 | r:  -522.000000 | e:   1.000000 | Q:        nan | won: False 
#  127 | steps:  1448 | steps_t:     0 | t: 0.806857 | r:  -515.000000 | e:   1.000000 | Q:        nan | won: False 
#  128 | steps:  1464 | steps_t:     0 | t: 0.814837 | r:  -515.000000 | e:   1.000000 | Q:        nan | won: False 
#  129 | steps:  1474 | steps_t:     0 | t: 0.819823 | r:  -509.000000 | e:   1.000000 | Q:        nan | won: False 
#  130 | steps:  1484 | steps_t:     0 | t: 0.823812 | r:  -509.000000 | e:   1.000000 | Q:        nan | won: False 
#  131 | steps:  1505 | steps_t:     0 | t: 0.833786 | r:  -520.000000 | e:   1.000000 | Q:        nan | won: False 
#  132 | steps:  1512 | steps_t:     0 | t: 0.840768 | r:  -506.000000 | e:   1.000000 | Q:        nan | won: False 
#  133 | steps:  1521 | steps_t:     0 | t: 0.845755 | r:  -508.000000 | e:   1.000000 | Q:        nan | won: False 
#  134 | steps:  1528 | steps_t:     0 | t: 0.849744 | r:  -506.000000 | e:   1.000000 | Q:        nan | won: False 
#  135 | steps:  1534 | steps_t:     0 | t: 0.853735 | r:  -505.000000 | e:   1.000000 | Q:        nan | won: False 
#  136 | steps:  1547 | steps_t:     0 | t: 0.862710 | r:  -512.000000 | e:   1.000000 | Q:        nan | won: False 
#  137 | steps:  1553 | steps_t:     0 | t: 0.866699 | r:  -505.000000 | e:   1.000000 | Q:        nan | won: False 
#  138 | steps:  1560 | steps_t:     0 | t: 0.870688 | r:  -506.000000 | e:   1.000000 | Q:        nan | won: False 
#  139 | steps:  1566 | steps_t:     0 | t: 0.875675 | r:  -505.000000 | e:   1.000000 | Q:        nan | won: False 
#  140 | steps:  1576 | steps_t:     0 | t: 0.893628 | r:  -509.000000 | e:   1.000000 | Q:        nan | won: False 
#  141 | steps:  1585 | steps_t:     0 | t: 0.899612 | r:  -508.000000 | e:   1.000000 | Q:        nan | won: False 
#  142 | steps:  1592 | steps_t:     0 | t: 0.903600 | r:  -506.000000 | e:   1.000000 | Q:        nan | won: False 
#  143 | steps:  1633 | steps_t:     0 | t: 0.923548 | r:  -529.000000 | e:   1.000000 | Q:        nan | won: False 
#  144 | steps:  1641 | steps_t:     0 | t: 0.928534 | r:  -507.000000 | e:   1.000000 | Q:        nan | won: False 
#  145 | steps:  1652 | steps_t:     0 | t: 0.937511 | r:  -510.000000 | e:   1.000000 | Q:        nan | won: False 
#  146 | steps:  1661 | steps_t:     0 | t: 0.942498 | r:  -508.000000 | e:   1.000000 | Q:        nan | won: False 
#  147 | steps:  1670 | steps_t:     0 | t: 0.947484 | r:  -508.000000 | e:   1.000000 | Q:        nan | won: False 
#  148 | steps:  1691 | steps_t:     0 | t: 0.957458 | r:  -520.000000 | e:   1.000000 | Q:        nan | won: False 
#  149 | steps:  1710 | steps_t:     0 | t: 0.969426 | r:  -518.000000 | e:   1.000000 | Q:        nan | won: False 
#  150 | steps:  1718 | steps_t:     0 | t: 0.982392 | r:  -507.000000 | e:   1.000000 | Q:        nan | won: False 
